#
# A fatal error has been detected by the Java Runtime Environment:
#
#  SIGSEGV (0xb) at pc=0x00007f97f4dd8e57, pid=11092, tid=0x00007f981c717700
#
# JRE version: OpenJDK Runtime Environment (8.0_131-b11) (build 1.8.0_131-8u131-b11-2ubuntu1.16.04.3-b11)
# Java VM: OpenJDK 64-Bit Server VM (25.131-b11 mixed mode linux-amd64 compressed oops)
# Problematic frame:
# C  [liblwjgl_opengl.so+0x45e57]  Java_org_lwjgl_opengl_GL20_glCreateProgram+0x7
#
# Failed to write core dump. Core dumps have been disabled. To enable core dumping, try "ulimit -c unlimited" before starting Java again
#
# If you would like to submit a bug report, please visit:
#   http://bugreport.java.com/bugreport/crash.jsp
# The crash happened outside the Java Virtual Machine in native code.
# See problematic frame for where to report the bug.
#

---------------  T H R E A D  ---------------

Current thread (0x00007f981400b000):  JavaThread "main" [_thread_in_native, id=11096, stack(0x00007f981c617000,0x00007f981c718000)]

siginfo: si_signo: 11 (SIGSEGV), si_code: 1 (SEGV_MAPERR), si_addr: 0x0000000000000878

Registers:
RAX=0x0000000000000000, RBX=0x00007f9804c06058, RCX=0x0000000000000003, RDX=0x00007f981b8e55d8
RSP=0x00007f981c716868, RBP=0x00007f981c7168b8, RSI=0x00007f981c7168c8, RDI=0x00007f981400b1e0
R8 =0x00007f9804c06058, R9 =0x0000000000000004, R10=0x00007f9805017748, R11=0x00007f981b324520
R12=0x0000000000000000, R13=0x00007f9804c06050, R14=0x00007f981c7168d0, R15=0x00007f981400b000
RIP=0x00007f97f4dd8e57, EFLAGS=0x0000000000010287, CSGSFS=0x002b000000000033, ERR=0x0000000000000004
  TRAPNO=0x000000000000000e

Top of Stack: (sp=0x00007f981c716868)
0x00007f981c716868:   00007f9805017774 00007f98050174c2
0x00007f981c716878:   00007f981c716878 00007f9804c06050
0x00007f981c716888:   00007f981c7168d0 00007f9804c19110
0x00007f981c716898:   0000000000000000 00007f9804c06058
0x00007f981c7168a8:   0000000000000000 00007f981c7168d8
0x00007f981c7168b8:   00007f981c716920 00007f9805007a40
0x00007f981c7168c8:   00000000eba720c8 00007f9805011276
0x00007f981c7168d8:   00000000eba489c0 00007f981c7168e0
0x00007f981c7168e8:   00007f9804c01f35 00007f981c716930
0x00007f981c7168f8:   00007f9804c02620 0000000000000000
0x00007f981c716908:   00007f9804c01f50 00007f981c7168d8
0x00007f981c716918:   00007f981c716930 00007f981c716988
0x00007f981c716928:   00007f9805007ffd 00000000eba489c0
0x00007f981c716938:   00000000eba489c0 00000000eba3f880
0x00007f981c716948:   00007f981c716948 00007f9804c00968
0x00007f981c716958:   00007f981c7169b8 00007f9804c00c28
0x00007f981c716968:   0000000000000000 00007f9804c00a60
0x00007f981c716978:   00007f981c716930 00007f981c7169b8
0x00007f981c716988:   00007f981c716a00 00007f9805007ffd
0x00007f981c716998:   0000000000000000 0000000000000000
0x00007f981c7169a8:   0000000000000000 0000000000000000
0x00007f981c7169b8:   00000000eba3f880 00007f981c7169c0
0x00007f981c7169c8:   00007f9804c00311 00007f981c716a18
0x00007f981c7169d8:   00007f9804c00390 0000000000000000
0x00007f981c7169e8:   00007f9804c00338 00007f981c7169b8
0x00007f981c7169f8:   00007f981c716a18 00007f981c716a80
0x00007f981c716a08:   00007f98050004e7 00000000eba3f880
0x00007f981c716a18:   00000000eba3bde8 0000000000001fa0
0x00007f981c716a28:   00007f9804c00338 00007f981c716c70
0x00007f981c716a38:   00007f981c716b20 00007f981400b000
0x00007f981c716a48:   00007f981400b000 00007f981c716b20
0x00007f981c716a58:   00007f981c716d38 00007f980000000a 

Instructions: (pc=0x00007f97f4dd8e57)
0x00007f97f4dd8e37:   40 18 48 8b 80 b0 09 00 00 ff e0 66 66 66 66 66
0x00007f97f4dd8e47:   2e 0f 1f 84 00 00 00 00 00 48 8b 07 48 8b 40 18
0x00007f97f4dd8e57:   ff a0 78 08 00 00 0f 1f 00 48 8b 07 41 89 d1 89
0x00007f97f4dd8e67:   ce 4c 89 c2 44 89 cf 48 8b 40 18 48 8b 80 b8 15 

Register to memory mapping:

RAX=0x0000000000000000 is an unknown value
RBX={method} {0x00007f9804c06058} 'glCreateProgram' '()I' in 'org/lwjgl/opengl/GL20'
RCX=0x0000000000000003 is an unknown value
RDX=0x00007f981b8e55d8: <offset 0xf1f5d8> in /usr/lib/jvm/java-8-openjdk-amd64/jre/lib/amd64/server/libjvm.so at 0x00007f981a9c6000
RSP=0x00007f981c716868 is pointing into the stack for thread: 0x00007f981400b000
RBP=0x00007f981c7168b8 is pointing into the stack for thread: 0x00007f981400b000
RSI=0x00007f981c7168c8 is pointing into the stack for thread: 0x00007f981400b000
RDI=0x00007f981400b1e0 is an unknown value
R8 ={method} {0x00007f9804c06058} 'glCreateProgram' '()I' in 'org/lwjgl/opengl/GL20'
R9 =0x0000000000000004 is an unknown value
R10=0x00007f9805017748 is at code_begin+808 in an Interpreter codelet
method entry point (kind = native)  [0x00007f9805017420, 0x00007f9805017d20]  2304 bytes
R11=0x00007f981b324520: <offset 0x95e520> in /usr/lib/jvm/java-8-openjdk-amd64/jre/lib/amd64/server/libjvm.so at 0x00007f981a9c6000
R12=0x0000000000000000 is an unknown value
R13=0x00007f9804c06050 is pointing into metadata
R14=0x00007f981c7168d0 is pointing into the stack for thread: 0x00007f981400b000
R15=0x00007f981400b000 is a thread


Stack: [0x00007f981c617000,0x00007f981c718000],  sp=0x00007f981c716868,  free space=1022k
Native frames: (J=compiled Java code, j=interpreted, Vv=VM code, C=native code)
C  [liblwjgl_opengl.so+0x45e57]  Java_org_lwjgl_opengl_GL20_glCreateProgram+0x7
j  ShaderProgram.<init>()V+5
j  Game.start()V+16
j  Main.main([Ljava/lang/String;)V+17
v  ~StubRoutines::call_stub
V  [libjvm.so+0x66415b]
V  [libjvm.so+0x685e9e]
V  [libjvm.so+0x6887cf]
C  [libjli.so+0x3552]
C  [libjli.so+0x73dd]
C  [libpthread.so.0+0x76ba]  start_thread+0xca

Java frames: (J=compiled Java code, j=interpreted, Vv=VM code)
j  org.lwjgl.opengl.GL20.glCreateProgram()I+0
j  ShaderProgram.<init>()V+5
j  Game.start()V+16
j  Main.main([Ljava/lang/String;)V+17
v  ~StubRoutines::call_stub

---------------  P R O C E S S  ---------------

Java Threads: ( => current thread )
  0x00007f98140c3800 JavaThread "Service Thread" daemon [_thread_blocked, id=11109, stack(0x00007f97fc881000,0x00007f97fc982000)]
  0x00007f98140b3800 JavaThread "C1 CompilerThread2" daemon [_thread_blocked, id=11108, stack(0x00007f97fc982000,0x00007f97fca83000)]
  0x00007f98140b2000 JavaThread "C2 CompilerThread1" daemon [_thread_blocked, id=11107, stack(0x00007f97fca83000,0x00007f97fcb84000)]
  0x00007f98140af000 JavaThread "C2 CompilerThread0" daemon [_thread_blocked, id=11106, stack(0x00007f97fcb84000,0x00007f97fcc85000)]
  0x00007f98140ad000 JavaThread "Signal Dispatcher" daemon [_thread_blocked, id=11105, stack(0x00007f97fcc85000,0x00007f97fcd86000)]
  0x00007f9814084800 JavaThread "Finalizer" daemon [_thread_blocked, id=11104, stack(0x00007f97fd746000,0x00007f97fd847000)]
  0x00007f9814080000 JavaThread "Reference Handler" daemon [_thread_blocked, id=11103, stack(0x00007f97fd847000,0x00007f97fd948000)]
=>0x00007f981400b000 JavaThread "main" [_thread_in_native, id=11096, stack(0x00007f981c617000,0x00007f981c718000)]

Other Threads:
  0x00007f9814078000 VMThread [stack: 0x00007f97fd948000,0x00007f97fda49000] [id=11102]
  0x00007f98140c6000 WatcherThread [stack: 0x00007f97fc780000,0x00007f97fc881000] [id=11110]

VM state:not at safepoint (normal execution)

VM Mutex/Monitor currently owned by a thread: None

Heap:
 PSYoungGen      total 18432K, used 4783K [0x00000000eb900000, 0x00000000ecd80000, 0x0000000100000000)
  eden space 15872K, 30% used [0x00000000eb900000,0x00000000ebdabf78,0x00000000ec880000)
  from space 2560K, 0% used [0x00000000ecb00000,0x00000000ecb00000,0x00000000ecd80000)
  to   space 2560K, 0% used [0x00000000ec880000,0x00000000ec880000,0x00000000ecb00000)
 ParOldGen       total 42496K, used 0K [0x00000000c2a00000, 0x00000000c5380000, 0x00000000eb900000)
  object space 42496K, 0% used [0x00000000c2a00000,0x00000000c2a00000,0x00000000c5380000)
 Metaspace       used 5037K, capacity 5334K, committed 5632K, reserved 1056768K
  class space    used 550K, capacity 641K, committed 768K, reserved 1048576K

Card table byte_map: [0x00007f9818ae8000,0x00007f9818cd4000] byte_map_base: 0x00007f98184d3000

Marking Bits: (ParMarkBitMap*) 0x00007f981b8e92c0
 Begin Bits: [0x00007f97fe150000, 0x00007f97ff0a8000)
 End Bits:   [0x00007f97ff0a8000, 0x00007f9800000000)

Polling page: 0x00007f981c73c000

CodeCache: size=245760Kb used=1853Kb max_used=1853Kb free=243906Kb
 bounds [0x00007f9805000000, 0x00007f9805270000, 0x00007f9814000000]
 total_blobs=696 nmethods=382 adapters=229
 compilation: enabled

Compilation events (10 events):
Event: 0,214 Thread 0x00007f98140b3800  378       3       jdk.internal.org.objectweb.asm.ByteVector::enlarge (51 bytes)
Event: 0,214 Thread 0x00007f98140b3800 nmethod 378 0x00007f98051ce290 code [0x00007f98051ce400, 0x00007f98051ce708]
Event: 0,215 Thread 0x00007f98140b3800  379       1       java.util.zip.ZipCoder::isUTF8 (5 bytes)
Event: 0,215 Thread 0x00007f98140b3800 nmethod 379 0x00007f98051ce810 code [0x00007f98051ce960, 0x00007f98051cea70]
Event: 0,217 Thread 0x00007f98140b3800  380       1       sun.misc.URLClassPath$JarLoader::access$700 (5 bytes)
Event: 0,217 Thread 0x00007f98140b3800 nmethod 380 0x00007f98051cead0 code [0x00007f98051cec20, 0x00007f98051ced10]
Event: 0,223 Thread 0x00007f98140b3800  381       3       java.lang.Character::toUpperCase (6 bytes)
Event: 0,223 Thread 0x00007f98140b3800 nmethod 381 0x00007f98051cef90 code [0x00007f98051cf120, 0x00007f98051cf3b8]
Event: 0,223 Thread 0x00007f98140b3800  382       3       java.lang.Character::toUpperCase (9 bytes)
Event: 0,223 Thread 0x00007f98140b3800 nmethod 382 0x00007f98051cf4d0 code [0x00007f98051cf640, 0x00007f98051cf878]

GC Heap History (0 events):
No events

Deoptimization events (0 events):
No events

Internal exceptions (10 events):
Event: 0,138 Thread 0x00007f981400b000 Exception <a 'java/lang/NoSuchFieldError': method resolution failed> (0x00000000ebb8f070) thrown at [/build/openjdk-8-pZyJp3/openjdk-8-8u131-b11/src/hotspot/src/share/vm/prims/methodHandles.cpp, line 1146]
Event: 0,140 Thread 0x00007f981400b000 Exception <a 'java/lang/NoSuchFieldError': method resolution failed> (0x00000000ebb9c530) thrown at [/build/openjdk-8-pZyJp3/openjdk-8-8u131-b11/src/hotspot/src/share/vm/prims/methodHandles.cpp, line 1146]
Event: 0,178 Thread 0x00007f981400b000 Exception <a 'java/lang/NoSuchMethodError': java.lang.Object.lambda$static$0(Ljava/lang/String;)Ljava/lang/Boolean;> (0x00000000ebca6920) thrown at [/build/openjdk-8-pZyJp3/openjdk-8-8u131-b11/src/hotspot/src/share/vm/interpreter/linkResolver.cpp, line 58
Event: 0,188 Thread 0x00007f981400b000 Exception <a 'java/security/PrivilegedActionException'> (0x00000000ebcd54b0) thrown at [/build/openjdk-8-pZyJp3/openjdk-8-8u131-b11/src/hotspot/src/share/vm/prims/jvm.cpp, line 1390]
Event: 0,188 Thread 0x00007f981400b000 Exception <a 'java/security/PrivilegedActionException'> (0x00000000ebcd56c0) thrown at [/build/openjdk-8-pZyJp3/openjdk-8-8u131-b11/src/hotspot/src/share/vm/prims/jvm.cpp, line 1390]
Event: 0,188 Thread 0x00007f981400b000 Exception <a 'java/security/PrivilegedActionException'> (0x00000000ebcd7748) thrown at [/build/openjdk-8-pZyJp3/openjdk-8-8u131-b11/src/hotspot/src/share/vm/prims/jvm.cpp, line 1390]
Event: 0,188 Thread 0x00007f981400b000 Exception <a 'java/security/PrivilegedActionException'> (0x00000000ebcd7958) thrown at [/build/openjdk-8-pZyJp3/openjdk-8-8u131-b11/src/hotspot/src/share/vm/prims/jvm.cpp, line 1390]
Event: 0,188 Thread 0x00007f981400b000 Exception <a 'java/security/PrivilegedActionException'> (0x00000000ebcd8430) thrown at [/build/openjdk-8-pZyJp3/openjdk-8-8u131-b11/src/hotspot/src/share/vm/prims/jvm.cpp, line 1390]
Event: 0,188 Thread 0x00007f981400b000 Exception <a 'java/security/PrivilegedActionException'> (0x00000000ebcd8640) thrown at [/build/openjdk-8-pZyJp3/openjdk-8-8u131-b11/src/hotspot/src/share/vm/prims/jvm.cpp, line 1390]
Event: 0,210 Thread 0x00007f981400b000 Exception <a 'sun/nio/fs/UnixException'> (0x00000000ebd26560) thrown at [/build/openjdk-8-pZyJp3/openjdk-8-8u131-b11/src/hotspot/src/share/vm/prims/jni.cpp, line 709]

Events (10 events):
Event: 0,220 loading class org/lwjgl/system/jni/JNINativeInterface
Event: 0,220 loading class org/lwjgl/system/jni/JNINativeInterface done
Event: 0,221 loading class org/lwjgl/system/linux/DynamicLinkLoader
Event: 0,221 loading class org/lwjgl/system/linux/DynamicLinkLoader done
Event: 0,222 loading class org/lwjgl/opengl/GL$2
Event: 0,222 loading class org/lwjgl/opengl/GL$2 done
Event: 0,222 loading class org/lwjgl/opengl/GL$SharedLibraryGL
Event: 0,222 loading class org/lwjgl/opengl/GL$SharedLibraryGL done
Event: 0,223 loading class org/lwjgl/system/SharedLibrary$Delegate
Event: 0,223 loading class org/lwjgl/system/SharedLibrary$Delegate done


Dynamic libraries:
00400000-00401000 r-xp 00000000 fd:01 20187746                           /usr/lib/jvm/java-8-openjdk-amd64/jre/bin/java
00600000-00601000 r--p 00000000 fd:01 20187746                           /usr/lib/jvm/java-8-openjdk-amd64/jre/bin/java
00601000-00602000 rw-p 00001000 fd:01 20187746                           /usr/lib/jvm/java-8-openjdk-amd64/jre/bin/java
0239d000-023be000 rw-p 00000000 00:00 0                                  [heap]
c2a00000-c5380000 rw-p 00000000 00:00 0 
c5380000-eb900000 ---p 00000000 00:00 0 
eb900000-ecd80000 rw-p 00000000 00:00 0 
ecd80000-100000000 ---p 00000000 00:00 0 
100000000-1000c0000 rw-p 00000000 00:00 0 
1000c0000-140000000 ---p 00000000 00:00 0 
7f97c6419000-7f97c641e000 r-xp 00000000 fd:01 20061955                   /usr/lib/x86_64-linux-gnu/libXdmcp.so.6.0.0
7f97c641e000-7f97c661d000 ---p 00005000 fd:01 20061955                   /usr/lib/x86_64-linux-gnu/libXdmcp.so.6.0.0
7f97c661d000-7f97c661e000 r--p 00004000 fd:01 20061955                   /usr/lib/x86_64-linux-gnu/libXdmcp.so.6.0.0
7f97c661e000-7f97c661f000 rw-p 00005000 fd:01 20061955                   /usr/lib/x86_64-linux-gnu/libXdmcp.so.6.0.0
7f97c661f000-7f97c6621000 r-xp 00000000 fd:01 20061944                   /usr/lib/x86_64-linux-gnu/libXau.so.6.0.0
7f97c6621000-7f97c6821000 ---p 00002000 fd:01 20061944                   /usr/lib/x86_64-linux-gnu/libXau.so.6.0.0
7f97c6821000-7f97c6822000 r--p 00002000 fd:01 20061944                   /usr/lib/x86_64-linux-gnu/libXau.so.6.0.0
7f97c6822000-7f97c6823000 rw-p 00003000 fd:01 20061944                   /usr/lib/x86_64-linux-gnu/libXau.so.6.0.0
7f97c6823000-7f97c6833000 r-xp 00000000 fd:01 20062256                   /usr/lib/x86_64-linux-gnu/libdrm.so.2.4.0
7f97c6833000-7f97c6a32000 ---p 00010000 fd:01 20062256                   /usr/lib/x86_64-linux-gnu/libdrm.so.2.4.0
7f97c6a32000-7f97c6a33000 r--p 0000f000 fd:01 20062256                   /usr/lib/x86_64-linux-gnu/libdrm.so.2.4.0
7f97c6a33000-7f97c6a34000 rw-p 00010000 fd:01 20062256                   /usr/lib/x86_64-linux-gnu/libdrm.so.2.4.0
7f97c6a34000-7f97c6a39000 r-xp 00000000 fd:01 20061995                   /usr/lib/x86_64-linux-gnu/libXxf86vm.so.1.0.0
7f97c6a39000-7f97c6c38000 ---p 00005000 fd:01 20061995                   /usr/lib/x86_64-linux-gnu/libXxf86vm.so.1.0.0
7f97c6c38000-7f97c6c39000 r--p 00004000 fd:01 20061995                   /usr/lib/x86_64-linux-gnu/libXxf86vm.so.1.0.0
7f97c6c39000-7f97c6c3a000 rw-p 00005000 fd:01 20061995                   /usr/lib/x86_64-linux-gnu/libXxf86vm.so.1.0.0
7f97c6c3a000-7f97c6c5b000 r-xp 00000000 fd:01 20063362                   /usr/lib/x86_64-linux-gnu/libxcb.so.1.1.0
7f97c6c5b000-7f97c6e5a000 ---p 00021000 fd:01 20063362                   /usr/lib/x86_64-linux-gnu/libxcb.so.1.1.0
7f97c6e5a000-7f97c6e5b000 r--p 00020000 fd:01 20063362                   /usr/lib/x86_64-linux-gnu/libxcb.so.1.1.0
7f97c6e5b000-7f97c6e5c000 rw-p 00021000 fd:01 20063362                   /usr/lib/x86_64-linux-gnu/libxcb.so.1.1.0
7f97c6e5c000-7f97c6e60000 r-xp 00000000 fd:01 20063330                   /usr/lib/x86_64-linux-gnu/libxcb-dri2.so.0.0.0
7f97c6e60000-7f97c705f000 ---p 00004000 fd:01 20063330                   /usr/lib/x86_64-linux-gnu/libxcb-dri2.so.0.0.0
7f97c705f000-7f97c7060000 r--p 00003000 fd:01 20063330                   /usr/lib/x86_64-linux-gnu/libxcb-dri2.so.0.0.0
7f97c7060000-7f97c7061000 rw-p 00004000 fd:01 20063330                   /usr/lib/x86_64-linux-gnu/libxcb-dri2.so.0.0.0
7f97c7061000-7f97c7078000 r-xp 00000000 fd:01 20063334                   /usr/lib/x86_64-linux-gnu/libxcb-glx.so.0.0.0
7f97c7078000-7f97c7277000 ---p 00017000 fd:01 20063334                   /usr/lib/x86_64-linux-gnu/libxcb-glx.so.0.0.0
7f97c7277000-7f97c7279000 r--p 00016000 fd:01 20063334                   /usr/lib/x86_64-linux-gnu/libxcb-glx.so.0.0.0
7f97c7279000-7f97c727a000 rw-p 00018000 fd:01 20063334                   /usr/lib/x86_64-linux-gnu/libxcb-glx.so.0.0.0
7f97c727a000-7f97c73af000 r-xp 00000000 fd:01 20061940                   /usr/lib/x86_64-linux-gnu/libX11.so.6.3.0
7f97c73af000-7f97c75af000 ---p 00135000 fd:01 20061940                   /usr/lib/x86_64-linux-gnu/libX11.so.6.3.0
7f97c75af000-7f97c75b0000 r--p 00135000 fd:01 20061940                   /usr/lib/x86_64-linux-gnu/libX11.so.6.3.0
7f97c75b0000-7f97c75b4000 rw-p 00136000 fd:01 20061940                   /usr/lib/x86_64-linux-gnu/libX11.so.6.3.0
7f97c75b4000-7f97c75b5000 r-xp 00000000 fd:01 20061938                   /usr/lib/x86_64-linux-gnu/libX11-xcb.so.1.0.0
7f97c75b5000-7f97c77b4000 ---p 00001000 fd:01 20061938                   /usr/lib/x86_64-linux-gnu/libX11-xcb.so.1.0.0
7f97c77b4000-7f97c77b5000 r--p 00000000 fd:01 20061938                   /usr/lib/x86_64-linux-gnu/libX11-xcb.so.1.0.0
7f97c77b5000-7f97c77b6000 rw-p 00001000 fd:01 20061938                   /usr/lib/x86_64-linux-gnu/libX11-xcb.so.1.0.0
7f97c77b6000-7f97c77bb000 r-xp 00000000 fd:01 20061959                   /usr/lib/x86_64-linux-gnu/libXfixes.so.3.1.0
7f97c77bb000-7f97c79ba000 ---p 00005000 fd:01 20061959                   /usr/lib/x86_64-linux-gnu/libXfixes.so.3.1.0
7f97c79ba000-7f97c79bb000 r--p 00004000 fd:01 20061959                   /usr/lib/x86_64-linux-gnu/libXfixes.so.3.1.0
7f97c79bb000-7f97c79bc000 rw-p 00005000 fd:01 20061959                   /usr/lib/x86_64-linux-gnu/libXfixes.so.3.1.0
7f97c79bc000-7f97c79be000 r-xp 00000000 fd:01 20061953                   /usr/lib/x86_64-linux-gnu/libXdamage.so.1.1.0
7f97c79be000-7f97c7bbd000 ---p 00002000 fd:01 20061953                   /usr/lib/x86_64-linux-gnu/libXdamage.so.1.1.0
7f97c7bbd000-7f97c7bbe000 r--p 00001000 fd:01 20061953                   /usr/lib/x86_64-linux-gnu/libXdamage.so.1.1.0
7f97c7bbe000-7f97c7bbf000 rw-p 00002000 fd:01 20061953                   /usr/lib/x86_64-linux-gnu/libXdamage.so.1.1.0
7f97c7bbf000-7f97c7bd0000 r-xp 00000000 fd:01 20061957                   /usr/lib/x86_64-linux-gnu/libXext.so.6.4.0
7f97c7bd0000-7f97c7dcf000 ---p 00011000 fd:01 20061957                   /usr/lib/x86_64-linux-gnu/libXext.so.6.4.0
7f97c7dcf000-7f97c7dd0000 r--p 00010000 fd:01 20061957                   /usr/lib/x86_64-linux-gnu/libXext.so.6.4.0
7f97c7dd0000-7f97c7dd1000 rw-p 00011000 fd:01 20061957                   /usr/lib/x86_64-linux-gnu/libXext.so.6.4.0
7f97c7dd1000-7f97c7dfb000 r-xp 00000000 fd:01 20062457                   /usr/lib/x86_64-linux-gnu/libglapi.so.0.0.0
7f97c7dfb000-7f97c7ffa000 ---p 0002a000 fd:01 20062457                   /usr/lib/x86_64-linux-gnu/libglapi.so.0.0.0
7f97c7ffa000-7f97c7ffe000 r--p 00029000 fd:01 20062457                   /usr/lib/x86_64-linux-gnu/libglapi.so.0.0.0
7f97c7ffe000-7f97c7fff000 rw-p 0002d000 fd:01 20062457                   /usr/lib/x86_64-linux-gnu/libglapi.so.0.0.0
7f97c7fff000-7f97c8000000 rw-p 00000000 00:00 0 
7f97c8000000-7f97c8021000 rw-p 00000000 00:00 0 
7f97c8021000-7f97cc000000 ---p 00000000 00:00 0 
7f97cc000000-7f97cc021000 rw-p 00000000 00:00 0 
7f97cc021000-7f97d0000000 ---p 00000000 00:00 0 
7f97d0000000-7f97d006d000 rw-p 00000000 00:00 0 
7f97d006d000-7f97d4000000 ---p 00000000 00:00 0 
7f97d4000000-7f97d41ca000 rw-p 00000000 00:00 0 
7f97d41ca000-7f97d8000000 ---p 00000000 00:00 0 
7f97d8000000-7f97d8021000 rw-p 00000000 00:00 0 
7f97d8021000-7f97dc000000 ---p 00000000 00:00 0 
7f97dc000000-7f97dc0a1000 rw-p 00000000 00:00 0 
7f97dc0a1000-7f97e0000000 ---p 00000000 00:00 0 
7f97e0000000-7f97e0021000 rw-p 00000000 00:00 0 
7f97e0021000-7f97e4000000 ---p 00000000 00:00 0 
7f97e4000000-7f97e4021000 rw-p 00000000 00:00 0 
7f97e4021000-7f97e8000000 ---p 00000000 00:00 0 
7f97e8000000-7f97e8021000 rw-p 00000000 00:00 0 
7f97e8021000-7f97ec000000 ---p 00000000 00:00 0 
7f97ec000000-7f97ec021000 rw-p 00000000 00:00 0 
7f97ec021000-7f97f0000000 ---p 00000000 00:00 0 
7f97f0000000-7f97f0021000 rw-p 00000000 00:00 0 
7f97f0021000-7f97f4000000 ---p 00000000 00:00 0 
7f97f40e8000-7f97f40e9000 r-xp 00000000 fd:01 20063374                   /usr/lib/x86_64-linux-gnu/libxshmfence.so.1.0.0
7f97f40e9000-7f97f42e9000 ---p 00001000 fd:01 20063374                   /usr/lib/x86_64-linux-gnu/libxshmfence.so.1.0.0
7f97f42e9000-7f97f42ea000 r--p 00001000 fd:01 20063374                   /usr/lib/x86_64-linux-gnu/libxshmfence.so.1.0.0
7f97f42ea000-7f97f42eb000 rw-p 00002000 fd:01 20063374                   /usr/lib/x86_64-linux-gnu/libxshmfence.so.1.0.0
7f97f42eb000-7f97f42f0000 r-xp 00000000 fd:01 20063354                   /usr/lib/x86_64-linux-gnu/libxcb-sync.so.1.0.0
7f97f42f0000-7f97f44f0000 ---p 00005000 fd:01 20063354                   /usr/lib/x86_64-linux-gnu/libxcb-sync.so.1.0.0
7f97f44f0000-7f97f44f1000 r--p 00005000 fd:01 20063354                   /usr/lib/x86_64-linux-gnu/libxcb-sync.so.1.0.0
7f97f44f1000-7f97f44f2000 rw-p 00006000 fd:01 20063354                   /usr/lib/x86_64-linux-gnu/libxcb-sync.so.1.0.0
7f97f44f2000-7f97f44f4000 r-xp 00000000 fd:01 20063342                   /usr/lib/x86_64-linux-gnu/libxcb-present.so.0.0.0
7f97f44f4000-7f97f46f3000 ---p 00002000 fd:01 20063342                   /usr/lib/x86_64-linux-gnu/libxcb-present.so.0.0.0
7f97f46f3000-7f97f46f4000 r--p 00001000 fd:01 20063342                   /usr/lib/x86_64-linux-gnu/libxcb-present.so.0.0.0
7f97f46f4000-7f97f46f5000 rw-p 00002000 fd:01 20063342                   /usr/lib/x86_64-linux-gnu/libxcb-present.so.0.0.0
7f97f46f5000-7f97f46f7000 r-xp 00000000 fd:01 20063332                   /usr/lib/x86_64-linux-gnu/libxcb-dri3.so.0.0.0
7f97f46f7000-7f97f48f6000 ---p 00002000 fd:01 20063332                   /usr/lib/x86_64-linux-gnu/libxcb-dri3.so.0.0.0
7f97f48f6000-7f97f48f7000 r--p 00001000 fd:01 20063332                   /usr/lib/x86_64-linux-gnu/libxcb-dri3.so.0.0.0
7f97f48f7000-7f97f48f8000 rw-p 00002000 fd:01 20063332                   /usr/lib/x86_64-linux-gnu/libxcb-dri3.so.0.0.0
7f97f48f8000-7f97f491e000 r-xp 00000000 fd:01 14946789                   /lib/x86_64-linux-gnu/libexpat.so.1.6.0
7f97f491e000-7f97f4b1e000 ---p 00026000 fd:01 14946789                   /lib/x86_64-linux-gnu/libexpat.so.1.6.0
7f97f4b1e000-7f97f4b20000 r--p 00026000 fd:01 14946789                   /lib/x86_64-linux-gnu/libexpat.so.1.6.0
7f97f4b20000-7f97f4b21000 rw-p 00028000 fd:01 14946789                   /lib/x86_64-linux-gnu/libexpat.so.1.6.0
7f97f4b21000-7f97f4b8f000 r-xp 00000000 fd:01 20319117                   /usr/lib/x86_64-linux-gnu/mesa/libGL.so.1.2.0
7f97f4b8f000-7f97f4d8e000 ---p 0006e000 fd:01 20319117                   /usr/lib/x86_64-linux-gnu/mesa/libGL.so.1.2.0
7f97f4d8e000-7f97f4d91000 r--p 0006d000 fd:01 20319117                   /usr/lib/x86_64-linux-gnu/mesa/libGL.so.1.2.0
7f97f4d91000-7f97f4d92000 rw-p 00070000 fd:01 20319117                   /usr/lib/x86_64-linux-gnu/mesa/libGL.so.1.2.0
7f97f4d92000-7f97f4d93000 rw-p 00000000 00:00 0 
7f97f4d93000-7f97f4dfe000 r-xp 00000000 fd:01 7602205                    /tmp/lwjglroot/3.1.3-SNAPSHOT/liblwjgl_opengl.so
7f97f4dfe000-7f97f4ffd000 ---p 0006b000 fd:01 7602205                    /tmp/lwjglroot/3.1.3-SNAPSHOT/liblwjgl_opengl.so
7f97f4ffd000-7f97f4ffe000 r--p 0006a000 fd:01 7602205                    /tmp/lwjglroot/3.1.3-SNAPSHOT/liblwjgl_opengl.so
7f97f4ffe000-7f97f4fff000 rw-p 0006b000 fd:01 7602205                    /tmp/lwjglroot/3.1.3-SNAPSHOT/liblwjgl_opengl.so
7f97f4fff000-7f97f8000000 rw-p 00000000 00:00 0 
7f97f8000000-7f97f8021000 rw-p 00000000 00:00 0 
7f97f8021000-7f97fc000000 ---p 00000000 00:00 0 
7f97fc103000-7f97fc154000 r-xp 00000000 fd:01 7602203                    /tmp/lwjglroot/3.1.3-SNAPSHOT/liblwjgl.so
7f97fc154000-7f97fc353000 ---p 00051000 fd:01 7602203                    /tmp/lwjglroot/3.1.3-SNAPSHOT/liblwjgl.so
7f97fc353000-7f97fc354000 r--p 00050000 fd:01 7602203                    /tmp/lwjglroot/3.1.3-SNAPSHOT/liblwjgl.so
7f97fc354000-7f97fc355000 rw-p 00051000 fd:01 7602203                    /tmp/lwjglroot/3.1.3-SNAPSHOT/liblwjgl.so
7f97fc355000-7f97fc36c000 r-xp 00000000 fd:01 20187689                   /usr/lib/jvm/java-8-openjdk-amd64/jre/lib/amd64/libnet.so
7f97fc36c000-7f97fc56b000 ---p 00017000 fd:01 20187689                   /usr/lib/jvm/java-8-openjdk-amd64/jre/lib/amd64/libnet.so
7f97fc56b000-7f97fc56c000 r--p 00016000 fd:01 20187689                   /usr/lib/jvm/java-8-openjdk-amd64/jre/lib/amd64/libnet.so
7f97fc56c000-7f97fc56d000 rw-p 00017000 fd:01 20187689                   /usr/lib/jvm/java-8-openjdk-amd64/jre/lib/amd64/libnet.so
7f97fc56d000-7f97fc57e000 r-xp 00000000 fd:01 20187199                   /usr/lib/jvm/java-8-openjdk-amd64/jre/lib/amd64/libnio.so
7f97fc57e000-7f97fc77e000 ---p 00011000 fd:01 20187199                   /usr/lib/jvm/java-8-openjdk-amd64/jre/lib/amd64/libnio.so
7f97fc77e000-7f97fc77f000 r--p 00011000 fd:01 20187199                   /usr/lib/jvm/java-8-openjdk-amd64/jre/lib/amd64/libnio.so
7f97fc77f000-7f97fc780000 rw-p 00012000 fd:01 20187199                   /usr/lib/jvm/java-8-openjdk-amd64/jre/lib/amd64/libnio.so
7f97fc780000-7f97fc781000 ---p 00000000 00:00 0 
7f97fc781000-7f97fc881000 rw-p 00000000 00:00 0 
7f97fc881000-7f97fc884000 ---p 00000000 00:00 0 
7f97fc884000-7f97fc982000 rw-p 00000000 00:00 0 
7f97fc982000-7f97fc985000 ---p 00000000 00:00 0 
7f97fc985000-7f97fca83000 rw-p 00000000 00:00 0 
7f97fca83000-7f97fca86000 ---p 00000000 00:00 0 
7f97fca86000-7f97fcb84000 rw-p 00000000 00:00 0 
7f97fcb84000-7f97fcb87000 ---p 00000000 00:00 0 
7f97fcb87000-7f97fcc85000 rw-p 00000000 00:00 0 
7f97fcc85000-7f97fcc88000 ---p 00000000 00:00 0 
7f97fcc88000-7f97fcd86000 rw-p 00000000 00:00 0 
7f97fcd86000-7f97fd746000 r--p 00000000 fd:01 20060977                   /usr/lib/locale/locale-archive
7f97fd746000-7f97fd749000 ---p 00000000 00:00 0 
7f97fd749000-7f97fd847000 rw-p 00000000 00:00 0 
7f97fd847000-7f97fd84a000 ---p 00000000 00:00 0 
7f97fd84a000-7f97fd948000 rw-p 00000000 00:00 0 
7f97fd948000-7f97fd949000 ---p 00000000 00:00 0 
7f97fd949000-7f9800000000 rw-p 00000000 00:00 0 
7f9800000000-7f9800021000 rw-p 00000000 00:00 0 
7f9800021000-7f9804000000 ---p 00000000 00:00 0 
7f980400c000-7f980401f000 r--s 00346000 fd:01 20187705                   /usr/lib/jvm/java-8-openjdk-amd64/jre/lib/resources.jar
7f980401f000-7f9804031000 r--s 00139000 00:2d 24906636                   /home/daan/lwjgl3/lwjgl-vulkan.jar
7f9804031000-7f9804032000 r--s 00030000 00:2d 24906645                   /home/daan/lwjgl3/lwjgl-tinyfd-natives-windows.jar
7f9804032000-7f9804033000 r--s 00007000 00:2d 24906627                   /home/daan/lwjgl3/lwjgl-tinyfd-natives-macos.jar
7f9804033000-7f9804034000 r--s 00007000 00:2d 24906625                   /home/daan/lwjgl3/lwjgl-tinyfd-natives-linux.jar
7f9804034000-7f9804035000 r--s 00001000 00:2d 24906629                   /home/daan/lwjgl3/lwjgl-tinyfd.jar
7f9804035000-7f9804036000 r--s 00074000 00:2d 24906642                   /home/daan/lwjgl3/lwjgl-stb-natives-windows.jar
7f9804036000-7f9804037000 r--s 0002a000 00:2d 24906643                   /home/daan/lwjgl3/lwjgl-stb-natives-macos.jar
7f9804037000-7f9804038000 r--s 00030000 00:2d 24906621                   /home/daan/lwjgl3/lwjgl-stb-natives-linux.jar
7f9804038000-7f980403a000 r--s 00015000 00:2d 24906623                   /home/daan/lwjgl3/lwjgl-stb.jar
7f980403a000-7f980403b000 r--s 00031000 00:2d 24906633                   /home/daan/lwjgl3/lwjgl-par-natives-windows.jar
7f980403b000-7f980403c000 r--s 00004000 00:2d 24906618                   /home/daan/lwjgl3/lwjgl-par-natives-macos.jar
7f980403c000-7f980403d000 r--s 00005000 00:2d 24905606                   /home/daan/lwjgl3/lwjgl-par-natives-linux.jar
7f980403d000-7f980403e000 r--s 00002000 00:2d 24906617                   /home/daan/lwjgl3/lwjgl-par.jar
7f980403e000-7f980403f000 r--s 0002a000 00:2d 24906632                   /home/daan/lwjgl3/lwjgl-opengl-natives-windows.jar
7f980403f000-7f9804040000 r--s 0000b000 00:2d 24905605                   /home/daan/lwjgl3/lwjgl-opengl-natives-macos.jar
7f9804040000-7f9804041000 r--s 00016000 00:2d 24905578                   /home/daan/lwjgl3/lwjgl-opengl-natives-linux.jar
7f9804041000-7f980404b000 r--s 000be000 00:2d 24905603                   /home/daan/lwjgl3/lwjgl-opengl.jar
7f980404b000-7f980404c000 r--s 00104000 00:2d 24906646                   /home/daan/lwjgl3/lwjgl-openal-natives-windows.jar
7f980404c000-7f980404e000 r--s 00063000 00:2d 24906626                   /home/daan/lwjgl3/lwjgl-openal-natives-macos.jar
7f980404e000-7f980404f000 r--s 00077000 00:2d 24905570                   /home/daan/lwjgl3/lwjgl-openal-natives-linux.jar
7f980404f000-7f9804051000 r--s 00011000 00:2d 24905573                   /home/daan/lwjgl3/lwjgl-openal.jar
7f9804051000-7f9804052000 r--s 00040000 00:2d 24906630                   /home/daan/lwjgl3/lwjgl-nuklear-natives-windows.jar
7f9804052000-7f9804053000 r--s 0002d000 00:2d 24906620                   /home/daan/lwjgl3/lwjgl-nuklear-natives-macos.jar
7f9804053000-7f9804054000 r--s 00021000 00:2d 24905562                   /home/daan/lwjgl3/lwjgl-nuklear-natives-linux.jar
7f9804054000-7f980405a000 r--s 0005a000 00:2d 24905568                   /home/daan/lwjgl3/lwjgl-nuklear.jar
7f980405a000-7f980405b000 r--s 0001f000 00:2d 24905565                   /home/daan/lwjgl3/lwjgl-nfd-natives-windows.jar
7f980405b000-7f980405c000 r--s 00001000 00:2d 24905555                   /home/daan/lwjgl3/lwjgl-nfd-natives-macos.jar
7f980405c000-7f980405d000 r--s 00001000 00:2d 24905554                   /home/daan/lwjgl3/lwjgl-nfd-natives-linux.jar
7f980405d000-7f980405e000 r--s 00001000 00:2d 24905557                   /home/daan/lwjgl3/lwjgl-nfd.jar
7f980405e000-7f9804060000 r--s 00037000 00:2d 24906647                   /home/daan/lwjgl3/lwjgl-natives-windows.jar
7f9804060000-7f9804061000 r--s 00008000 00:2d 24906644                   /home/daan/lwjgl3/lwjgl-natives-macos.jar
7f9804061000-7f9804062000 r--s 00012000 00:2d 24906639                   /home/daan/lwjgl3/lwjgl-natives-linux.jar
7f9804062000-7f9804063000 r--s 0005d000 00:2d 24906597                   /home/daan/lwjgl3/lwjgl-nanovg-natives-windows.jar
7f9804063000-7f9804064000 r--s 0001d000 00:2d 24905564                   /home/daan/lwjgl3/lwjgl-nanovg-natives-macos.jar
7f9804064000-7f9804065000 r--s 00021000 00:2d 24905549                   /home/daan/lwjgl3/lwjgl-nanovg-natives-linux.jar
7f9804065000-7f9804066000 r--s 00009000 00:2d 24905551                   /home/daan/lwjgl3/lwjgl-nanovg.jar
7f9804066000-7f9804067000 r--s 00030000 00:2d 24905577                   /home/daan/lwjgl3/lwjgl-jemalloc-natives-windows.jar
7f9804067000-7f9804068000 r--s 00017000 00:2d 24905569                   /home/daan/lwjgl3/lwjgl-jemalloc-natives-macos.jar
7f9804068000-7f980406a000 r--s 00008000 00:2d 24905545                   /home/daan/lwjgl3/lwjgl-jemalloc.jar
7f980406a000-7f980406e000 r--s 00017000 00:2d 24905540                   /home/daan/lwjgl3/lwjgl-glfw.jar
7f980406e000-7f9804072000 r--s 00042000 00:2d 24906641                   /home/daan/lwjgl3/lwjgl.jar
7f9804072000-7f9804077000 r--s 0003b000 fd:01 20186076                   /usr/lib/jvm/java-8-openjdk-amd64/jre/lib/ext/sunjce_provider.jar
7f9804077000-7f9804081000 r--s 00116000 fd:01 20185952                   /usr/lib/jvm/java-8-openjdk-amd64/jre/lib/ext/localedata.jar
7f9804081000-7f980409c000 r--s 001d6000 fd:01 20185732                   /usr/lib/jvm/java-8-openjdk-amd64/jre/lib/ext/nashorn.jar
7f980409c000-7f98040b7000 r--s 00394000 fd:01 20185556                   /usr/lib/jvm/java-8-openjdk-amd64/jre/lib/ext/cldrdata.jar
7f98040b7000-7f9804cc0000 rw-p 00000000 00:00 0 
7f9804cc0000-7f9805000000 ---p 00000000 00:00 0 
7f9805000000-7f9805270000 rwxp 00000000 00:00 0 
7f9805270000-7f9814000000 ---p 00000000 00:00 0 
7f9814000000-7f98142f3000 rw-p 00000000 00:00 0 
7f98142f3000-7f9818000000 ---p 00000000 00:00 0 
7f9818000000-7f9818001000 r--s 0001f000 00:2d 24905543                   /home/daan/lwjgl3/lwjgl-jemalloc-natives-linux.jar
7f9818001000-7f9818002000 r--s 0003c000 00:2d 24905576                   /home/daan/lwjgl3/lwjgl-glfw-natives-windows.jar
7f9818002000-7f9818003000 r--s 0000d000 00:2d 24905563                   /home/daan/lwjgl3/lwjgl-glfw-natives-macos.jar
7f9818003000-7f9818005000 r--s 00001000 fd:01 20186002                   /usr/lib/jvm/java-8-openjdk-amd64/jre/lib/ext/dnsns.jar
7f9818005000-7f9818009000 r--s 00037000 fd:01 20185991                   /usr/lib/jvm/java-8-openjdk-amd64/jre/lib/ext/sunpkcs11.jar
7f9818009000-7f981816d000 rw-p 00000000 00:00 0 
7f981816d000-7f981833b000 r--s 03c13000 fd:01 20185503                   /usr/lib/jvm/java-8-openjdk-amd64/jre/lib/rt.jar
7f981833b000-7f981859c000 rw-p 00000000 00:00 0 
7f981859c000-7f981859d000 ---p 00000000 00:00 0 
7f981859d000-7f981869d000 rw-p 00000000 00:00 0 
7f981869d000-7f981869e000 ---p 00000000 00:00 0 
7f981869e000-7f981879e000 rw-p 00000000 00:00 0 
7f981879e000-7f981879f000 ---p 00000000 00:00 0 
7f981879f000-7f981889f000 rw-p 00000000 00:00 0 
7f981889f000-7f98188a0000 ---p 00000000 00:00 0 
7f98188a0000-7f98189b5000 rw-p 00000000 00:00 0 
7f98189b5000-7f9818ae8000 ---p 00000000 00:00 0 
7f9818ae8000-7f9818afd000 rw-p 00000000 00:00 0 
7f9818afd000-7f9818c2f000 ---p 00000000 00:00 0 
7f9818c2f000-7f9818c3a000 rw-p 00000000 00:00 0 
7f9818c3a000-7f9818cd3000 ---p 00000000 00:00 0 
7f9818cd3000-7f9818cde000 rw-p 00000000 00:00 0 
7f9818cde000-7f9819094000 ---p 00000000 00:00 0 
7f9819094000-7f981909c000 r-xp 00000000 fd:01 20187678                   /usr/lib/jvm/java-8-openjdk-amd64/jre/lib/amd64/libzip.so
7f981909c000-7f981929b000 ---p 00008000 fd:01 20187678                   /usr/lib/jvm/java-8-openjdk-amd64/jre/lib/amd64/libzip.so
7f981929b000-7f981929c000 r--p 00007000 fd:01 20187678                   /usr/lib/jvm/java-8-openjdk-amd64/jre/lib/amd64/libzip.so
7f981929c000-7f981929d000 rw-p 00008000 fd:01 20187678                   /usr/lib/jvm/java-8-openjdk-amd64/jre/lib/amd64/libzip.so
7f981929d000-7f98192a8000 r-xp 00000000 fd:01 14946857                   /lib/x86_64-linux-gnu/libnss_files-2.23.so
7f98192a8000-7f98194a7000 ---p 0000b000 fd:01 14946857                   /lib/x86_64-linux-gnu/libnss_files-2.23.so
7f98194a7000-7f98194a8000 r--p 0000a000 fd:01 14946857                   /lib/x86_64-linux-gnu/libnss_files-2.23.so
7f98194a8000-7f98194a9000 rw-p 0000b000 fd:01 14946857                   /lib/x86_64-linux-gnu/libnss_files-2.23.so
7f98194a9000-7f98194af000 rw-p 00000000 00:00 0 
7f98194af000-7f98194ba000 r-xp 00000000 fd:01 14946867                   /lib/x86_64-linux-gnu/libnss_nis-2.23.so
7f98194ba000-7f98196b9000 ---p 0000b000 fd:01 14946867                   /lib/x86_64-linux-gnu/libnss_nis-2.23.so
7f98196b9000-7f98196ba000 r--p 0000a000 fd:01 14946867                   /lib/x86_64-linux-gnu/libnss_nis-2.23.so
7f98196ba000-7f98196bb000 rw-p 0000b000 fd:01 14946867                   /lib/x86_64-linux-gnu/libnss_nis-2.23.so
7f98196bb000-7f98196d1000 r-xp 00000000 fd:01 14946851                   /lib/x86_64-linux-gnu/libnsl-2.23.so
7f98196d1000-7f98198d0000 ---p 00016000 fd:01 14946851                   /lib/x86_64-linux-gnu/libnsl-2.23.so
7f98198d0000-7f98198d1000 r--p 00015000 fd:01 14946851                   /lib/x86_64-linux-gnu/libnsl-2.23.so
7f98198d1000-7f98198d2000 rw-p 00016000 fd:01 14946851                   /lib/x86_64-linux-gnu/libnsl-2.23.so
7f98198d2000-7f98198d4000 rw-p 00000000 00:00 0 
7f98198d4000-7f98198dc000 r-xp 00000000 fd:01 14946853                   /lib/x86_64-linux-gnu/libnss_compat-2.23.so
7f98198dc000-7f9819adb000 ---p 00008000 fd:01 14946853                   /lib/x86_64-linux-gnu/libnss_compat-2.23.so
7f9819adb000-7f9819adc000 r--p 00007000 fd:01 14946853                   /lib/x86_64-linux-gnu/libnss_compat-2.23.so
7f9819adc000-7f9819add000 rw-p 00008000 fd:01 14946853                   /lib/x86_64-linux-gnu/libnss_compat-2.23.so
7f9819add000-7f9819b0a000 r-xp 00000000 fd:01 20187695                   /usr/lib/jvm/java-8-openjdk-amd64/jre/lib/amd64/libjava.so
7f9819b0a000-7f9819d09000 ---p 0002d000 fd:01 20187695                   /usr/lib/jvm/java-8-openjdk-amd64/jre/lib/amd64/libjava.so
7f9819d09000-7f9819d0a000 r--p 0002c000 fd:01 20187695                   /usr/lib/jvm/java-8-openjdk-amd64/jre/lib/amd64/libjava.so
7f9819d0a000-7f9819d0c000 rw-p 0002d000 fd:01 20187695                   /usr/lib/jvm/java-8-openjdk-amd64/jre/lib/amd64/libjava.so
7f9819d0c000-7f9819d1b000 r-xp 00000000 fd:01 20187203                   /usr/lib/jvm/java-8-openjdk-amd64/jre/lib/amd64/libverify.so
7f9819d1b000-7f9819f1a000 ---p 0000f000 fd:01 20187203                   /usr/lib/jvm/java-8-openjdk-amd64/jre/lib/amd64/libverify.so
7f9819f1a000-7f9819f1c000 r--p 0000e000 fd:01 20187203                   /usr/lib/jvm/java-8-openjdk-amd64/jre/lib/amd64/libverify.so
7f9819f1c000-7f9819f1d000 rw-p 00010000 fd:01 20187203                   /usr/lib/jvm/java-8-openjdk-amd64/jre/lib/amd64/libverify.so
7f9819f1d000-7f9819f24000 r-xp 00000000 fd:01 14946912                   /lib/x86_64-linux-gnu/librt-2.23.so
7f9819f24000-7f981a123000 ---p 00007000 fd:01 14946912                   /lib/x86_64-linux-gnu/librt-2.23.so
7f981a123000-7f981a124000 r--p 00006000 fd:01 14946912                   /lib/x86_64-linux-gnu/librt-2.23.so
7f981a124000-7f981a125000 rw-p 00007000 fd:01 14946912                   /lib/x86_64-linux-gnu/librt-2.23.so
7f981a125000-7f981a13b000 r-xp 00000000 fd:01 14946796                   /lib/x86_64-linux-gnu/libgcc_s.so.1
7f981a13b000-7f981a33a000 ---p 00016000 fd:01 14946796                   /lib/x86_64-linux-gnu/libgcc_s.so.1
7f981a33a000-7f981a33b000 rw-p 00015000 fd:01 14946796                   /lib/x86_64-linux-gnu/libgcc_s.so.1
7f981a33b000-7f981a443000 r-xp 00000000 fd:01 14946828                   /lib/x86_64-linux-gnu/libm-2.23.so
7f981a443000-7f981a642000 ---p 00108000 fd:01 14946828                   /lib/x86_64-linux-gnu/libm-2.23.so
7f981a642000-7f981a643000 r--p 00107000 fd:01 14946828                   /lib/x86_64-linux-gnu/libm-2.23.so
7f981a643000-7f981a644000 rw-p 00108000 fd:01 14946828                   /lib/x86_64-linux-gnu/libm-2.23.so
7f981a644000-7f981a7b6000 r-xp 00000000 fd:01 20055626                   /usr/lib/x86_64-linux-gnu/libstdc++.so.6.0.21
7f981a7b6000-7f981a9b6000 ---p 00172000 fd:01 20055626                   /usr/lib/x86_64-linux-gnu/libstdc++.so.6.0.21
7f981a9b6000-7f981a9c0000 r--p 00172000 fd:01 20055626                   /usr/lib/x86_64-linux-gnu/libstdc++.so.6.0.21
7f981a9c0000-7f981a9c2000 rw-p 0017c000 fd:01 20055626                   /usr/lib/x86_64-linux-gnu/libstdc++.so.6.0.21
7f981a9c2000-7f981a9c6000 rw-p 00000000 00:00 0 
7f981a9c6000-7f981b61a000 r-xp 00000000 fd:01 20187676                   /usr/lib/jvm/java-8-openjdk-amd64/jre/lib/amd64/server/libjvm.so
7f981b61a000-7f981b81a000 ---p 00c54000 fd:01 20187676                   /usr/lib/jvm/java-8-openjdk-amd64/jre/lib/amd64/server/libjvm.so
7f981b81a000-7f981b8ad000 r--p 00c54000 fd:01 20187676                   /usr/lib/jvm/java-8-openjdk-amd64/jre/lib/amd64/server/libjvm.so
7f981b8ad000-7f981b8d6000 rw-p 00ce7000 fd:01 20187676                   /usr/lib/jvm/java-8-openjdk-amd64/jre/lib/amd64/server/libjvm.so
7f981b8d6000-7f981b906000 rw-p 00000000 00:00 0 
7f981b906000-7f981b91e000 r-xp 00000000 fd:01 14946904                   /lib/x86_64-linux-gnu/libpthread-2.23.so
7f981b91e000-7f981bb1d000 ---p 00018000 fd:01 14946904                   /lib/x86_64-linux-gnu/libpthread-2.23.so
7f981bb1d000-7f981bb1e000 r--p 00017000 fd:01 14946904                   /lib/x86_64-linux-gnu/libpthread-2.23.so
7f981bb1e000-7f981bb1f000 rw-p 00018000 fd:01 14946904                   /lib/x86_64-linux-gnu/libpthread-2.23.so
7f981bb1f000-7f981bb23000 rw-p 00000000 00:00 0 
7f981bb23000-7f981bb26000 r-xp 00000000 fd:01 14946782                   /lib/x86_64-linux-gnu/libdl-2.23.so
7f981bb26000-7f981bd25000 ---p 00003000 fd:01 14946782                   /lib/x86_64-linux-gnu/libdl-2.23.so
7f981bd25000-7f981bd26000 r--p 00002000 fd:01 14946782                   /lib/x86_64-linux-gnu/libdl-2.23.so
7f981bd26000-7f981bd27000 rw-p 00003000 fd:01 14946782                   /lib/x86_64-linux-gnu/libdl-2.23.so
7f981bd27000-7f981bd40000 r-xp 00000000 fd:01 14946949                   /lib/x86_64-linux-gnu/libz.so.1.2.8
7f981bd40000-7f981bf3f000 ---p 00019000 fd:01 14946949                   /lib/x86_64-linux-gnu/libz.so.1.2.8
7f981bf3f000-7f981bf40000 r--p 00018000 fd:01 14946949                   /lib/x86_64-linux-gnu/libz.so.1.2.8
7f981bf40000-7f981bf41000 rw-p 00019000 fd:01 14946949                   /lib/x86_64-linux-gnu/libz.so.1.2.8
7f981bf41000-7f981c101000 r-xp 00000000 fd:01 14946758                   /lib/x86_64-linux-gnu/libc-2.23.so
7f981c101000-7f981c301000 ---p 001c0000 fd:01 14946758                   /lib/x86_64-linux-gnu/libc-2.23.so
7f981c301000-7f981c305000 r--p 001c0000 fd:01 14946758                   /lib/x86_64-linux-gnu/libc-2.23.so
7f981c305000-7f981c307000 rw-p 001c4000 fd:01 14946758                   /lib/x86_64-linux-gnu/libc-2.23.so
7f981c307000-7f981c30b000 rw-p 00000000 00:00 0 
7f981c30b000-7f981c318000 r-xp 00000000 fd:01 20187201                   /usr/lib/jvm/java-8-openjdk-amd64/jre/lib/amd64/jli/libjli.so
7f981c318000-7f981c518000 ---p 0000d000 fd:01 20187201                   /usr/lib/jvm/java-8-openjdk-amd64/jre/lib/amd64/jli/libjli.so
7f981c518000-7f981c519000 r--p 0000d000 fd:01 20187201                   /usr/lib/jvm/java-8-openjdk-amd64/jre/lib/amd64/jli/libjli.so
7f981c519000-7f981c51a000 rw-p 0000e000 fd:01 20187201                   /usr/lib/jvm/java-8-openjdk-amd64/jre/lib/amd64/jli/libjli.so
7f981c51a000-7f981c540000 r-xp 00000000 fd:01 14946730                   /lib/x86_64-linux-gnu/ld-2.23.so
7f981c540000-7f981c541000 r--s 00011000 00:2d 24905538                   /home/daan/lwjgl3/lwjgl-glfw-natives-linux.jar
7f981c541000-7f981c543000 r--s 00008000 fd:01 20186090                   /usr/lib/jvm/java-8-openjdk-amd64/jre/lib/ext/sunec.jar
7f981c543000-7f981c546000 r--s 0000f000 fd:01 20186087                   /usr/lib/jvm/java-8-openjdk-amd64/jre/lib/ext/icedtea-sound.jar
7f981c546000-7f981c617000 rw-p 00000000 00:00 0 
7f981c617000-7f981c61a000 ---p 00000000 00:00 0 
7f981c61a000-7f981c71d000 rw-p 00000000 00:00 0 
7f981c71d000-7f981c71e000 r--s 0000a000 fd:01 20186064                   /usr/lib/jvm/java-8-openjdk-amd64/jre/lib/ext/jaccess.jar
7f981c71e000-7f981c71f000 r--s 00010000 fd:01 20187194                   /usr/lib/jvm/java-8-openjdk-amd64/jre/lib/ext/zipfs.jar
7f981c71f000-7f981c733000 rw-p 00000000 00:00 0 
7f981c733000-7f981c73b000 rw-s 00000000 fd:01 7602214                    /tmp/hsperfdata_root/11092
7f981c73b000-7f981c73c000 rw-p 00000000 00:00 0 
7f981c73c000-7f981c73d000 r--p 00000000 00:00 0 
7f981c73d000-7f981c73f000 rw-p 00000000 00:00 0 
7f981c73f000-7f981c740000 r--p 00025000 fd:01 14946730                   /lib/x86_64-linux-gnu/ld-2.23.so
7f981c740000-7f981c741000 rw-p 00026000 fd:01 14946730                   /lib/x86_64-linux-gnu/ld-2.23.so
7f981c741000-7f981c742000 rw-p 00000000 00:00 0 
7ffe93e71000-7ffe93e93000 rw-p 00000000 00:00 0                          [stack]
7ffe93ed2000-7ffe93ed4000 r--p 00000000 00:00 0                          [vvar]
7ffe93ed4000-7ffe93ed6000 r-xp 00000000 00:00 0                          [vdso]
ffffffffff600000-ffffffffff601000 r-xp 00000000 00:00 0                  [vsyscall]

VM Arguments:
jvm_args: -Dfile.encoding=UTF-8 
java_command: Main
java_class_path (initial): /home/daan/lwjgl3/lwjgl.jar:/home/daan/lwjgl3/lwjgl-glfw.jar:/home/daan/lwjgl3/lwjgl-glfw-natives-linux.jar:/home/daan/lwjgl3/lwjgl-glfw-natives-macos.jar:/home/daan/lwjgl3/lwjgl-glfw-natives-windows.jar:/home/daan/lwjgl3/lwjgl-jemalloc.jar:/home/daan/lwjgl3/lwjgl-jemalloc-natives-linux.jar:/home/daan/lwjgl3/lwjgl-jemalloc-natives-macos.jar:/home/daan/lwjgl3/lwjgl-jemalloc-natives-windows.jar:/home/daan/lwjgl3/lwjgl-nanovg.jar:/home/daan/lwjgl3/lwjgl-nanovg-natives-linux.jar:/home/daan/lwjgl3/lwjgl-nanovg-natives-macos.jar:/home/daan/lwjgl3/lwjgl-nanovg-natives-windows.jar:/home/daan/lwjgl3/lwjgl-natives-linux.jar:/home/daan/lwjgl3/lwjgl-natives-macos.jar:/home/daan/lwjgl3/lwjgl-natives-windows.jar:/home/daan/lwjgl3/lwjgl-nfd.jar:/home/daan/lwjgl3/lwjgl-nfd-natives-linux.jar:/home/daan/lwjgl3/lwjgl-nfd-natives-macos.jar:/home/daan/lwjgl3/lwjgl-nfd-natives-windows.jar:/home/daan/lwjgl3/lwjgl-nuklear.jar:/home/daan/lwjgl3/lwjgl-nuklear-natives-linux.jar:/home/daan/lwjgl3/lwjgl-nuklear-natives-macos.jar:/home/daan/lwjgl3/lwjgl-nuklear-natives-windows.jar:/home/daan/lwjgl3/lwjgl-openal.jar:/home/daan/lwjgl3/lwjgl-openal-natives-linux.jar:/home/daan/lwjgl3/lwjgl-openal-natives-macos.jar:/home/daan/lwjgl3/lwjgl-openal-natives-windows.jar:/home/daan/lwjgl3/lwjgl-opengl.jar:/home/daan/lwjgl3/lwjgl-opengl-natives-linux.jar:/home/daan/lwjgl3/lwjgl-opengl-natives-macos.jar:/home/daan/lwjgl3/lwjgl-opengl-natives-windows.jar:/home/daan/lwjgl3/lwjgl-par.jar:/home/daan/lwjgl3/lwjgl-par-natives-linux.jar:/home/daan/lwjgl3/lwjgl-par-natives-macos.jar:/home/daan/lwjgl3/lwjgl-par-natives-windows.jar:/home/daan/lwjgl3/lwjgl-stb.jar:/home/daan/lwjgl3/lwjgl-stb-natives-linux.jar:/home/daan/lwjgl3/lwjgl-stb-natives-macos.jar:/home/daan/lwjgl3/lwjgl-stb-natives-windows.jar:/home/daan/lwjgl3/lwjgl-tinyfd.jar:/home/daan/lwjgl3/lwjgl-tinyfd-natives-linux.jar:/home/daan/lwjgl3/lwjgl-tinyfd-natives-macos.jar:/home/daan/lwjgl3/lwjgl-tinyfd-natives-windows.jar:/home/d
Launcher Type: SUN_STANDARD

Environment Variables:
PATH=/usr/local/sbin:/usr/local/bin:/usr/sbin:/usr/bin:/sbin:/bin:/snap/bin
USERNAME=root
SHELL=/bin/bash
DISPLAY=:1

Signal Handlers:
SIGSEGV: [libjvm.so+0xa6ad10], sa_mask[0]=11111111011111111101111111111110, sa_flags=SA_RESTART|SA_SIGINFO
SIGBUS: [libjvm.so+0xa6ad10], sa_mask[0]=11111111011111111101111111111110, sa_flags=SA_RESTART|SA_SIGINFO
SIGFPE: [libjvm.so+0x8b3bc0], sa_mask[0]=11111111011111111101111111111110, sa_flags=SA_RESTART|SA_SIGINFO
SIGPIPE: [libjvm.so+0x8b3bc0], sa_mask[0]=11111111011111111101111111111110, sa_flags=SA_RESTART|SA_SIGINFO
SIGXFSZ: [libjvm.so+0x8b3bc0], sa_mask[0]=11111111011111111101111111111110, sa_flags=SA_RESTART|SA_SIGINFO
SIGILL: [libjvm.so+0x8b3bc0], sa_mask[0]=11111111011111111101111111111110, sa_flags=SA_RESTART|SA_SIGINFO
SIGUSR1: SIG_DFL, sa_mask[0]=00000000000000000000000000000000, sa_flags=none
SIGUSR2: [libjvm.so+0x8b3a70], sa_mask[0]=00100000000000000000000000000000, sa_flags=SA_RESTART|SA_SIGINFO
SIGHUP: [libjvm.so+0x8b3f40], sa_mask[0]=11111111011111111101111111111110, sa_flags=SA_RESTART|SA_SIGINFO
SIGINT: [libjvm.so+0x8b3f40], sa_mask[0]=11111111011111111101111111111110, sa_flags=SA_RESTART|SA_SIGINFO
SIGTERM: [libjvm.so+0x8b3f40], sa_mask[0]=11111111011111111101111111111110, sa_flags=SA_RESTART|SA_SIGINFO
SIGQUIT: [libjvm.so+0x8b3f40], sa_mask[0]=11111111011111111101111111111110, sa_flags=SA_RESTART|SA_SIGINFO


---------------  S Y S T E M  ---------------

OS:DISTRIB_ID=Ubuntu
DISTRIB_RELEASE=16.04
DISTRIB_CODENAME=xenial
DISTRIB_DESCRIPTION="Ubuntu 16.04.3 LTS"

uname:Linux 4.10.0-37-generic #41~16.04.1-Ubuntu SMP Fri Oct 6 22:42:59 UTC 2017 x86_64
libc:glibc 2.23 NPTL 2.23 
rlimit: STACK 8192k, CORE 0k, NPROC 15312, NOFILE 1048576, AS infinity
load average:0,44 0,44 0,53

/proc/meminfo:
MemTotal:        4021440 kB
MemFree:          143184 kB
MemAvailable:    1084736 kB
Buffers:           93256 kB
Cached:          1027112 kB
SwapCached:          180 kB
Active:          2792620 kB
Inactive:         759968 kB
Active(anon):    1976408 kB
Inactive(anon):   489396 kB
Active(file):     816212 kB
Inactive(file):   270572 kB
Unevictable:          16 kB
Mlocked:              16 kB
SwapTotal:       4173308 kB
SwapFree:        4171844 kB
Dirty:               348 kB
Writeback:             0 kB
AnonPages:       2216960 kB
Mapped:           420272 kB
Shmem:             33584 kB
Slab:             173776 kB
SReclaimable:     124952 kB
SUnreclaim:        48824 kB
KernelStack:       10672 kB
PageTables:        39836 kB
NFS_Unstable:          0 kB
Bounce:                0 kB
WritebackTmp:          0 kB
CommitLimit:     6184028 kB
Committed_AS:    6033716 kB
VmallocTotal:   34359738367 kB
VmallocUsed:           0 kB
VmallocChunk:          0 kB
HardwareCorrupted:     0 kB
AnonHugePages:    819200 kB
ShmemHugePages:        0 kB
ShmemPmdMapped:        0 kB
CmaTotal:              0 kB
CmaFree:               0 kB
HugePages_Total:       0
HugePages_Free:        0
HugePages_Rsvd:        0
HugePages_Surp:        0
Hugepagesize:       2048 kB
DirectMap4k:      368640 kB
DirectMap2M:     3803136 kB


CPU:total 4 (initial active 4) (4 cores per cpu, 1 threads per core) family 6 model 42 stepping 7, cmov, cx8, fxsr, mmx, sse, sse2, sse3, ssse3, sse4.1, sse4.2, popcnt, avx, aes, clmul, tsc, tscinvbit

/proc/cpuinfo:
processor	: 0
vendor_id	: GenuineIntel
cpu family	: 6
model		: 42
model name	: Intel(R) Core(TM) i5-2400S CPU @ 2.50GHz
stepping	: 7
microcode	: 0x1a
cpu MHz		: 2666.625
cache size	: 6144 KB
physical id	: 0
siblings	: 4
core id		: 0
cpu cores	: 4
apicid		: 0
initial apicid	: 0
fpu		: yes
fpu_exception	: yes
cpuid level	: 13
wp		: yes
flags		: fpu vme de pse tsc msr pae mce cx8 apic sep mtrr pge mca cmov pat pse36 clflush dts acpi mmx fxsr sse sse2 ss ht tm pbe syscall nx rdtscp lm constant_tsc arch_perfmon pebs bts rep_good nopl xtopology nonstop_tsc aperfmperf pni pclmulqdq dtes64 monitor ds_cpl vmx smx est tm2 ssse3 cx16 xtpr pdcm pcid sse4_1 sse4_2 x2apic popcnt tsc_deadline_timer aes xsave avx lahf_lm tpr_shadow vnmi flexpriority ept vpid xsaveopt dtherm ida arat pln pts
bugs		:
bogomips	: 4988.99
clflush size	: 64
cache_alignment	: 64
address sizes	: 36 bits physical, 48 bits virtual
power management:

processor	: 1
vendor_id	: GenuineIntel
cpu family	: 6
model		: 42
model name	: Intel(R) Core(TM) i5-2400S CPU @ 2.50GHz
stepping	: 7
microcode	: 0x1a
cpu MHz		: 2618.865
cache size	: 6144 KB
physical id	: 0
siblings	: 4
core id		: 1
cpu cores	: 4
apicid		: 2
initial apicid	: 2
fpu		: yes
fpu_exception	: yes
cpuid level	: 13
wp		: yes
flags		: fpu vme de pse tsc msr pae mce cx8 apic sep mtrr pge mca cmov pat pse36 clflush dts acpi mmx fxsr sse sse2 ss ht tm pbe syscall nx rdtscp lm constant_tsc arch_perfmon pebs bts rep_good nopl xtopology nonstop_tsc aperfmperf pni pclmulqdq dtes64 monitor ds_cpl vmx smx est tm2 ssse3 cx16 xtpr pdcm pcid sse4_1 sse4_2 x2apic popcnt tsc_deadline_timer aes xsave avx lahf_lm tpr_shadow vnmi flexpriority ept vpid xsaveopt dtherm ida arat pln pts
bugs		:
bogomips	: 4988.99
clflush size	: 64
cache_alignment	: 64
address sizes	: 36 bits physical, 48 bits virtual
power management:

processor	: 2
vendor_id	: GenuineIntel
cpu family	: 6
model		: 42
model name	: Intel(R) Core(TM) i5-2400S CPU @ 2.50GHz
stepping	: 7
microcode	: 0x1a
cpu MHz		: 2620.849
cache size	: 6144 KB
physical id	: 0
siblings	: 4
core id		: 2
cpu cores	: 4
apicid		: 4
initial apicid	: 4
fpu		: yes
fpu_exception	: yes
cpuid level	: 13
wp		: yes
flags		: fpu vme de pse tsc msr pae mce cx8 apic sep mtrr pge mca cmov pat pse36 clflush dts acpi mmx fxsr sse sse2 ss ht tm pbe syscall nx rdtscp lm constant_tsc arch_perfmon pebs bts rep_good nopl xtopology nonstop_tsc aperfmperf pni pclmulqdq dtes64 monitor ds_cpl vmx smx est tm2 ssse3 cx16 xtpr pdcm pcid sse4_1 sse4_2 x2apic popcnt tsc_deadline_timer aes xsave avx lahf_lm tpr_shadow vnmi flexpriority ept vpid xsaveopt dtherm ida arat pln pts
bugs		:
bogomips	: 4988.99
clflush size	: 64
cache_alignment	: 64
address sizes	: 36 bits physical, 48 bits virtual
power management:

processor	: 3
vendor_id	: GenuineIntel
cpu family	: 6
model		: 42
model name	: Intel(R) Core(TM) i5-2400S CPU @ 2.50GHz
stepping	: 7
microcode	: 0x1a
cpu MHz		: 2665.100
cache size	: 6144 KB
physical id	: 0
siblings	: 4
core id		: 3
cpu cores	: 4
apicid		: 6
initial apicid	: 6
fpu		: yes
fpu_exception	: yes
cpuid level	: 13
wp		: yes
flags		: fpu vme de pse tsc msr pae mce cx8 apic sep mtrr pge mca cmov pat pse36 clflush dts acpi mmx fxsr sse sse2 ss ht tm pbe syscall nx rdtscp lm constant_tsc arch_perfmon pebs bts rep_good nopl xtopology nonstop_tsc aperfmperf pni pclmulqdq dtes64 monitor ds_cpl vmx smx est tm2 ssse3 cx16 xtpr pdcm pcid sse4_1 sse4_2 x2apic popcnt tsc_deadline_timer aes xsave avx lahf_lm tpr_shadow vnmi flexpriority ept vpid xsaveopt dtherm ida arat pln pts
bugs		:
bogomips	: 4988.99
clflush size	: 64
cache_alignment	: 64
address sizes	: 36 bits physical, 48 bits virtual
power management:



Memory: 4k page, physical 4021440k(143184k free), swap 4173308k(4171844k free)

vm_info: OpenJDK 64-Bit Server VM (25.131-b11) for linux-amd64 JRE (1.8.0_131-8u131-b11-2ubuntu1.16.04.3-b11), built on Jul 28 2017 01:23:32 by "buildd" with gcc 5.4.0 20160609

time: Wed Oct 11 14:54:51 2017
elapsed time: 0 seconds (0d 0h 0m 0s)

