#
# A fatal error has been detected by the Java Runtime Environment:
#
#  SIGSEGV (0xb) at pc=0x00007f773e493e57, pid=11612, tid=0x00007f7766cf8700
#
# JRE version: OpenJDK Runtime Environment (8.0_131-b11) (build 1.8.0_131-8u131-b11-2ubuntu1.16.04.3-b11)
# Java VM: OpenJDK 64-Bit Server VM (25.131-b11 mixed mode linux-amd64 compressed oops)
# Problematic frame:
# C  [liblwjgl_opengl.so+0x45e57]  Java_org_lwjgl_opengl_GL20_glCreateProgram+0x7
#
# Failed to write core dump. Core dumps have been disabled. To enable core dumping, try "ulimit -c unlimited" before starting Java again
#
# If you would like to submit a bug report, please visit:
#   http://bugreport.java.com/bugreport/crash.jsp
# The crash happened outside the Java Virtual Machine in native code.
# See problematic frame for where to report the bug.
#

---------------  T H R E A D  ---------------

Current thread (0x00007f776000b000):  JavaThread "main" [_thread_in_native, id=11614, stack(0x00007f7766bf8000,0x00007f7766cf9000)]

siginfo: si_signo: 11 (SIGSEGV), si_code: 1 (SEGV_MAPERR), si_addr: 0x0000000000000878

Registers:
RAX=0x0000000000000000, RBX=0x00007f774d62a058, RCX=0x0000000000000003, RDX=0x00007f7765ec65d8
RSP=0x00007f7766cf7868, RBP=0x00007f7766cf78b8, RSI=0x00007f7766cf78c8, RDI=0x00007f776000b1e0
R8 =0x00007f774d62a058, R9 =0x0000000000000004, R10=0x00007f77505ce748, R11=0x00007f7765905520
R12=0x0000000000000000, R13=0x00007f774d62a050, R14=0x00007f7766cf78d0, R15=0x00007f776000b000
RIP=0x00007f773e493e57, EFLAGS=0x0000000000010287, CSGSFS=0x002b000000000033, ERR=0x0000000000000004
  TRAPNO=0x000000000000000e

Top of Stack: (sp=0x00007f7766cf7868)
0x00007f7766cf7868:   00007f77505ce774 00007f77505ce4c2
0x00007f7766cf7878:   00007f7766cf7878 00007f774d62a050
0x00007f7766cf7888:   00007f7766cf78d0 00007f774d63d110
0x00007f7766cf7898:   0000000000000000 00007f774d62a058
0x00007f7766cf78a8:   0000000000000000 00007f7766cf78d8
0x00007f7766cf78b8:   00007f7766cf7920 00007f77505bea40
0x00007f7766cf78c8:   00000000eba72038 00007f77505c8276
0x00007f7766cf78d8:   00000000eba48930 00007f7766cf78e0
0x00007f7766cf78e8:   00007f774d625f35 00007f7766cf7930
0x00007f7766cf78f8:   00007f774d626620 0000000000000000
0x00007f7766cf7908:   00007f774d625f50 00007f7766cf78d8
0x00007f7766cf7918:   00007f7766cf7930 00007f7766cf7988
0x00007f7766cf7928:   00007f77505beffd 00000000eba48930
0x00007f7766cf7938:   00000000eba48930 00000000eba3f7f0
0x00007f7766cf7948:   00007f7766cf7948 00007f774d624918
0x00007f7766cf7958:   00007f7766cf79b8 00007f774d624bc8
0x00007f7766cf7968:   0000000000000000 00007f774d624a00
0x00007f7766cf7978:   00007f7766cf7930 00007f7766cf79b8
0x00007f7766cf7988:   00007f7766cf7a00 00007f77505beffd
0x00007f7766cf7998:   0000000000000000 0000000000000000
0x00007f7766cf79a8:   0000000000000000 0000000000000000
0x00007f7766cf79b8:   00000000eba3f7f0 00007f7766cf79c0
0x00007f7766cf79c8:   00007f774d624311 00007f7766cf7a18
0x00007f7766cf79d8:   00007f774d624390 0000000000000000
0x00007f7766cf79e8:   00007f774d624338 00007f7766cf79b8
0x00007f7766cf79f8:   00007f7766cf7a18 00007f7766cf7a80
0x00007f7766cf7a08:   00007f77505b74e7 00000000eba3f7f0
0x00007f7766cf7a18:   00000000eb9ec810 0000000000001fa0
0x00007f7766cf7a28:   00007f774d624338 00007f7766cf7c70
0x00007f7766cf7a38:   00007f7766cf7b20 00007f776000b000
0x00007f7766cf7a48:   00007f776000b000 00007f7766cf7b20
0x00007f7766cf7a58:   00007f7766cf7d38 00007f770000000a 

Instructions: (pc=0x00007f773e493e57)
0x00007f773e493e37:   40 18 48 8b 80 b0 09 00 00 ff e0 66 66 66 66 66
0x00007f773e493e47:   2e 0f 1f 84 00 00 00 00 00 48 8b 07 48 8b 40 18
0x00007f773e493e57:   ff a0 78 08 00 00 0f 1f 00 48 8b 07 41 89 d1 89
0x00007f773e493e67:   ce 4c 89 c2 44 89 cf 48 8b 40 18 48 8b 80 b8 15 

Register to memory mapping:

RAX=0x0000000000000000 is an unknown value
RBX={method} {0x00007f774d62a058} 'glCreateProgram' '()I' in 'org/lwjgl/opengl/GL20'
RCX=0x0000000000000003 is an unknown value
RDX=0x00007f7765ec65d8: <offset 0xf1f5d8> in /usr/lib/jvm/java-8-openjdk-amd64/jre/lib/amd64/server/libjvm.so at 0x00007f7764fa7000
RSP=0x00007f7766cf7868 is pointing into the stack for thread: 0x00007f776000b000
RBP=0x00007f7766cf78b8 is pointing into the stack for thread: 0x00007f776000b000
RSI=0x00007f7766cf78c8 is pointing into the stack for thread: 0x00007f776000b000
RDI=0x00007f776000b1e0 is an unknown value
R8 ={method} {0x00007f774d62a058} 'glCreateProgram' '()I' in 'org/lwjgl/opengl/GL20'
R9 =0x0000000000000004 is an unknown value
R10=0x00007f77505ce748 is at code_begin+808 in an Interpreter codelet
method entry point (kind = native)  [0x00007f77505ce420, 0x00007f77505ced20]  2304 bytes
R11=0x00007f7765905520: <offset 0x95e520> in /usr/lib/jvm/java-8-openjdk-amd64/jre/lib/amd64/server/libjvm.so at 0x00007f7764fa7000
R12=0x0000000000000000 is an unknown value
R13=0x00007f774d62a050 is pointing into metadata
R14=0x00007f7766cf78d0 is pointing into the stack for thread: 0x00007f776000b000
R15=0x00007f776000b000 is a thread


Stack: [0x00007f7766bf8000,0x00007f7766cf9000],  sp=0x00007f7766cf7868,  free space=1022k
Native frames: (J=compiled Java code, j=interpreted, Vv=VM code, C=native code)
C  [liblwjgl_opengl.so+0x45e57]  Java_org_lwjgl_opengl_GL20_glCreateProgram+0x7
j  ShaderProgram.<init>()V+5
j  Game.start()V+16
j  Main.main([Ljava/lang/String;)V+17
v  ~StubRoutines::call_stub
V  [libjvm.so+0x66415b]
V  [libjvm.so+0x685e9e]
V  [libjvm.so+0x6887cf]
C  [libjli.so+0x3552]
C  [libjli.so+0x73dd]
C  [libpthread.so.0+0x76ba]  start_thread+0xca

Java frames: (J=compiled Java code, j=interpreted, Vv=VM code)
j  org.lwjgl.opengl.GL20.glCreateProgram()I+0
j  ShaderProgram.<init>()V+5
j  Game.start()V+16
j  Main.main([Ljava/lang/String;)V+17
v  ~StubRoutines::call_stub

---------------  P R O C E S S  ---------------

Java Threads: ( => current thread )
  0x00007f77600c3800 JavaThread "Service Thread" daemon [_thread_blocked, id=11630, stack(0x00007f773ee38000,0x00007f773ef39000)]
  0x00007f77600b3800 JavaThread "C1 CompilerThread2" daemon [_thread_blocked, id=11629, stack(0x00007f773ef39000,0x00007f773f03a000)]
  0x00007f77600b2000 JavaThread "C2 CompilerThread1" daemon [_thread_blocked, id=11628, stack(0x00007f773f03a000,0x00007f773f13b000)]
  0x00007f77600af000 JavaThread "C2 CompilerThread0" daemon [_thread_blocked, id=11627, stack(0x00007f773f13b000,0x00007f773f23c000)]
  0x00007f77600ad000 JavaThread "Signal Dispatcher" daemon [_thread_blocked, id=11626, stack(0x00007f773f23c000,0x00007f773f33d000)]
  0x00007f7760084800 JavaThread "Finalizer" daemon [_thread_blocked, id=11625, stack(0x00007f773fcfd000,0x00007f773fdfe000)]
  0x00007f7760080000 JavaThread "Reference Handler" daemon [_thread_blocked, id=11623, stack(0x00007f773fdfe000,0x00007f773feff000)]
=>0x00007f776000b000 JavaThread "main" [_thread_in_native, id=11614, stack(0x00007f7766bf8000,0x00007f7766cf9000)]

Other Threads:
  0x00007f7760078000 VMThread [stack: 0x00007f773feff000,0x00007f7740000000] [id=11621]
  0x00007f77600c6000 WatcherThread [stack: 0x00007f773ed37000,0x00007f773ee38000] [id=11631]

VM state:not at safepoint (normal execution)

VM Mutex/Monitor currently owned by a thread: None

Heap:
 PSYoungGen      total 18432K, used 4783K [0x00000000eb900000, 0x00000000ecd80000, 0x0000000100000000)
  eden space 15872K, 30% used [0x00000000eb900000,0x00000000ebdabf20,0x00000000ec880000)
  from space 2560K, 0% used [0x00000000ecb00000,0x00000000ecb00000,0x00000000ecd80000)
  to   space 2560K, 0% used [0x00000000ec880000,0x00000000ec880000,0x00000000ecb00000)
 ParOldGen       total 42496K, used 0K [0x00000000c2a00000, 0x00000000c5380000, 0x00000000eb900000)
  object space 42496K, 0% used [0x00000000c2a00000,0x00000000c2a00000,0x00000000c5380000)
 Metaspace       used 5029K, capacity 5334K, committed 5632K, reserved 1056768K
  class space    used 550K, capacity 641K, committed 768K, reserved 1048576K

Card table byte_map: [0x00007f775000b000,0x00007f77501f7000] byte_map_base: 0x00007f774f9f6000

Marking Bits: (ParMarkBitMap*) 0x00007f7765eca2c0
 Begin Bits: [0x00007f774dc0f000, 0x00007f774eb67000)
 End Bits:   [0x00007f774eb67000, 0x00007f774fabf000)

Polling page: 0x00007f7766d1d000

CodeCache: size=245760Kb used=1846Kb max_used=1846Kb free=243913Kb
 bounds [0x00007f77505b7000, 0x00007f7750827000, 0x00007f775f5b7000]
 total_blobs=691 nmethods=377 adapters=229
 compilation: enabled

Compilation events (10 events):
Event: 0,253 Thread 0x00007f77600b3800  373       1       java.security.ProtectionDomain::getCodeSource (5 bytes)
Event: 0,253 Thread 0x00007f77600b3800 nmethod 373 0x00007f77507802d0 code [0x00007f7750780420, 0x00007f7750780530]
Event: 0,256 Thread 0x00007f77600b3800  374       1       java.util.zip.ZipCoder::isUTF8 (5 bytes)
Event: 0,256 Thread 0x00007f77600b3800 nmethod 374 0x00007f7750783950 code [0x00007f7750783aa0, 0x00007f7750783bb0]
Event: 0,258 Thread 0x00007f77600b3800  375       1       sun.misc.URLClassPath$JarLoader::access$700 (5 bytes)
Event: 0,258 Thread 0x00007f77600b3800 nmethod 375 0x00007f7750783c10 code [0x00007f7750783d60, 0x00007f7750783e50]
Event: 0,263 Thread 0x00007f77600b3800  376       3       java.lang.Character::toUpperCase (6 bytes)
Event: 0,264 Thread 0x00007f77600b3800 nmethod 376 0x00007f77507840d0 code [0x00007f7750784260, 0x00007f77507844f8]
Event: 0,264 Thread 0x00007f77600b3800  377       3       java.lang.Character::toUpperCase (9 bytes)
Event: 0,264 Thread 0x00007f77600b3800 nmethod 377 0x00007f7750784610 code [0x00007f7750784780, 0x00007f77507849b8]

GC Heap History (0 events):
No events

Deoptimization events (0 events):
No events

Internal exceptions (10 events):
Event: 0,152 Thread 0x00007f776000b000 Exception <a 'java/lang/NoSuchFieldError': method resolution failed> (0x00000000ebb8f090) thrown at [/build/openjdk-8-pZyJp3/openjdk-8-8u131-b11/src/hotspot/src/share/vm/prims/methodHandles.cpp, line 1146]
Event: 0,154 Thread 0x00007f776000b000 Exception <a 'java/lang/NoSuchFieldError': method resolution failed> (0x00000000ebb9c4c0) thrown at [/build/openjdk-8-pZyJp3/openjdk-8-8u131-b11/src/hotspot/src/share/vm/prims/methodHandles.cpp, line 1146]
Event: 0,215 Thread 0x00007f776000b000 Exception <a 'java/lang/NoSuchMethodError': java.lang.Object.lambda$static$0(Ljava/lang/String;)Ljava/lang/Boolean;> (0x00000000ebca6968) thrown at [/build/openjdk-8-pZyJp3/openjdk-8-8u131-b11/src/hotspot/src/share/vm/interpreter/linkResolver.cpp, line 58
Event: 0,224 Thread 0x00007f776000b000 Exception <a 'java/security/PrivilegedActionException'> (0x00000000ebcd5458) thrown at [/build/openjdk-8-pZyJp3/openjdk-8-8u131-b11/src/hotspot/src/share/vm/prims/jvm.cpp, line 1390]
Event: 0,224 Thread 0x00007f776000b000 Exception <a 'java/security/PrivilegedActionException'> (0x00000000ebcd5668) thrown at [/build/openjdk-8-pZyJp3/openjdk-8-8u131-b11/src/hotspot/src/share/vm/prims/jvm.cpp, line 1390]
Event: 0,225 Thread 0x00007f776000b000 Exception <a 'java/security/PrivilegedActionException'> (0x00000000ebcd76f0) thrown at [/build/openjdk-8-pZyJp3/openjdk-8-8u131-b11/src/hotspot/src/share/vm/prims/jvm.cpp, line 1390]
Event: 0,225 Thread 0x00007f776000b000 Exception <a 'java/security/PrivilegedActionException'> (0x00000000ebcd7900) thrown at [/build/openjdk-8-pZyJp3/openjdk-8-8u131-b11/src/hotspot/src/share/vm/prims/jvm.cpp, line 1390]
Event: 0,225 Thread 0x00007f776000b000 Exception <a 'java/security/PrivilegedActionException'> (0x00000000ebcd83d8) thrown at [/build/openjdk-8-pZyJp3/openjdk-8-8u131-b11/src/hotspot/src/share/vm/prims/jvm.cpp, line 1390]
Event: 0,225 Thread 0x00007f776000b000 Exception <a 'java/security/PrivilegedActionException'> (0x00000000ebcd85e8) thrown at [/build/openjdk-8-pZyJp3/openjdk-8-8u131-b11/src/hotspot/src/share/vm/prims/jvm.cpp, line 1390]
Event: 0,251 Thread 0x00007f776000b000 Exception <a 'sun/nio/fs/UnixException'> (0x00000000ebd26508) thrown at [/build/openjdk-8-pZyJp3/openjdk-8-8u131-b11/src/hotspot/src/share/vm/prims/jni.cpp, line 709]

Events (10 events):
Event: 0,260 loading class org/lwjgl/system/jni/JNINativeInterface
Event: 0,260 loading class org/lwjgl/system/jni/JNINativeInterface done
Event: 0,262 loading class org/lwjgl/system/linux/DynamicLinkLoader
Event: 0,262 loading class org/lwjgl/system/linux/DynamicLinkLoader done
Event: 0,263 loading class org/lwjgl/opengl/GL$2
Event: 0,263 loading class org/lwjgl/opengl/GL$2 done
Event: 0,263 loading class org/lwjgl/opengl/GL$SharedLibraryGL
Event: 0,263 loading class org/lwjgl/opengl/GL$SharedLibraryGL done
Event: 0,264 loading class org/lwjgl/system/SharedLibrary$Delegate
Event: 0,264 loading class org/lwjgl/system/SharedLibrary$Delegate done


Dynamic libraries:
00400000-00401000 r-xp 00000000 fd:01 20187746                           /usr/lib/jvm/java-8-openjdk-amd64/jre/bin/java
00600000-00601000 r--p 00000000 fd:01 20187746                           /usr/lib/jvm/java-8-openjdk-amd64/jre/bin/java
00601000-00602000 rw-p 00001000 fd:01 20187746                           /usr/lib/jvm/java-8-openjdk-amd64/jre/bin/java
01fa3000-01fc4000 rw-p 00000000 00:00 0                                  [heap]
c2a00000-c5380000 rw-p 00000000 00:00 0 
c5380000-eb900000 ---p 00000000 00:00 0 
eb900000-ecd80000 rw-p 00000000 00:00 0 
ecd80000-100000000 ---p 00000000 00:00 0 
100000000-1000c0000 rw-p 00000000 00:00 0 
1000c0000-140000000 ---p 00000000 00:00 0 
7f77109e4000-7f77109e9000 r-xp 00000000 fd:01 20061955                   /usr/lib/x86_64-linux-gnu/libXdmcp.so.6.0.0
7f77109e9000-7f7710be8000 ---p 00005000 fd:01 20061955                   /usr/lib/x86_64-linux-gnu/libXdmcp.so.6.0.0
7f7710be8000-7f7710be9000 r--p 00004000 fd:01 20061955                   /usr/lib/x86_64-linux-gnu/libXdmcp.so.6.0.0
7f7710be9000-7f7710bea000 rw-p 00005000 fd:01 20061955                   /usr/lib/x86_64-linux-gnu/libXdmcp.so.6.0.0
7f7710bea000-7f7710bec000 r-xp 00000000 fd:01 20061944                   /usr/lib/x86_64-linux-gnu/libXau.so.6.0.0
7f7710bec000-7f7710dec000 ---p 00002000 fd:01 20061944                   /usr/lib/x86_64-linux-gnu/libXau.so.6.0.0
7f7710dec000-7f7710ded000 r--p 00002000 fd:01 20061944                   /usr/lib/x86_64-linux-gnu/libXau.so.6.0.0
7f7710ded000-7f7710dee000 rw-p 00003000 fd:01 20061944                   /usr/lib/x86_64-linux-gnu/libXau.so.6.0.0
7f7710dee000-7f7710dfe000 r-xp 00000000 fd:01 20062256                   /usr/lib/x86_64-linux-gnu/libdrm.so.2.4.0
7f7710dfe000-7f7710ffd000 ---p 00010000 fd:01 20062256                   /usr/lib/x86_64-linux-gnu/libdrm.so.2.4.0
7f7710ffd000-7f7710ffe000 r--p 0000f000 fd:01 20062256                   /usr/lib/x86_64-linux-gnu/libdrm.so.2.4.0
7f7710ffe000-7f7710fff000 rw-p 00010000 fd:01 20062256                   /usr/lib/x86_64-linux-gnu/libdrm.so.2.4.0
7f7710fff000-7f7714000000 rw-p 00000000 00:00 0 
7f7714000000-7f7714021000 rw-p 00000000 00:00 0 
7f7714021000-7f7718000000 ---p 00000000 00:00 0 
7f7718000000-7f7718021000 rw-p 00000000 00:00 0 
7f7718021000-7f771c000000 ---p 00000000 00:00 0 
7f771c000000-7f771c054000 rw-p 00000000 00:00 0 
7f771c054000-7f7720000000 ---p 00000000 00:00 0 
7f7720000000-7f7720212000 rw-p 00000000 00:00 0 
7f7720212000-7f7724000000 ---p 00000000 00:00 0 
7f7724000000-7f7724021000 rw-p 00000000 00:00 0 
7f7724021000-7f7728000000 ---p 00000000 00:00 0 
7f7728000000-7f772809a000 rw-p 00000000 00:00 0 
7f772809a000-7f772c000000 ---p 00000000 00:00 0 
7f772c000000-7f772c021000 rw-p 00000000 00:00 0 
7f772c021000-7f7730000000 ---p 00000000 00:00 0 
7f7730000000-7f7730021000 rw-p 00000000 00:00 0 
7f7730021000-7f7734000000 ---p 00000000 00:00 0 
7f7734000000-7f7734021000 rw-p 00000000 00:00 0 
7f7734021000-7f7738000000 ---p 00000000 00:00 0 
7f7738000000-7f7738021000 rw-p 00000000 00:00 0 
7f7738021000-7f773c000000 ---p 00000000 00:00 0 
7f773c1d7000-7f773c1dc000 r-xp 00000000 fd:01 20061995                   /usr/lib/x86_64-linux-gnu/libXxf86vm.so.1.0.0
7f773c1dc000-7f773c3db000 ---p 00005000 fd:01 20061995                   /usr/lib/x86_64-linux-gnu/libXxf86vm.so.1.0.0
7f773c3db000-7f773c3dc000 r--p 00004000 fd:01 20061995                   /usr/lib/x86_64-linux-gnu/libXxf86vm.so.1.0.0
7f773c3dc000-7f773c3dd000 rw-p 00005000 fd:01 20061995                   /usr/lib/x86_64-linux-gnu/libXxf86vm.so.1.0.0
7f773c3dd000-7f773c3fe000 r-xp 00000000 fd:01 20063362                   /usr/lib/x86_64-linux-gnu/libxcb.so.1.1.0
7f773c3fe000-7f773c5fd000 ---p 00021000 fd:01 20063362                   /usr/lib/x86_64-linux-gnu/libxcb.so.1.1.0
7f773c5fd000-7f773c5fe000 r--p 00020000 fd:01 20063362                   /usr/lib/x86_64-linux-gnu/libxcb.so.1.1.0
7f773c5fe000-7f773c5ff000 rw-p 00021000 fd:01 20063362                   /usr/lib/x86_64-linux-gnu/libxcb.so.1.1.0
7f773c5ff000-7f773c603000 r-xp 00000000 fd:01 20063330                   /usr/lib/x86_64-linux-gnu/libxcb-dri2.so.0.0.0
7f773c603000-7f773c802000 ---p 00004000 fd:01 20063330                   /usr/lib/x86_64-linux-gnu/libxcb-dri2.so.0.0.0
7f773c802000-7f773c803000 r--p 00003000 fd:01 20063330                   /usr/lib/x86_64-linux-gnu/libxcb-dri2.so.0.0.0
7f773c803000-7f773c804000 rw-p 00004000 fd:01 20063330                   /usr/lib/x86_64-linux-gnu/libxcb-dri2.so.0.0.0
7f773c804000-7f773c81b000 r-xp 00000000 fd:01 20063334                   /usr/lib/x86_64-linux-gnu/libxcb-glx.so.0.0.0
7f773c81b000-7f773ca1a000 ---p 00017000 fd:01 20063334                   /usr/lib/x86_64-linux-gnu/libxcb-glx.so.0.0.0
7f773ca1a000-7f773ca1c000 r--p 00016000 fd:01 20063334                   /usr/lib/x86_64-linux-gnu/libxcb-glx.so.0.0.0
7f773ca1c000-7f773ca1d000 rw-p 00018000 fd:01 20063334                   /usr/lib/x86_64-linux-gnu/libxcb-glx.so.0.0.0
7f773ca1d000-7f773cb52000 r-xp 00000000 fd:01 20061940                   /usr/lib/x86_64-linux-gnu/libX11.so.6.3.0
7f773cb52000-7f773cd52000 ---p 00135000 fd:01 20061940                   /usr/lib/x86_64-linux-gnu/libX11.so.6.3.0
7f773cd52000-7f773cd53000 r--p 00135000 fd:01 20061940                   /usr/lib/x86_64-linux-gnu/libX11.so.6.3.0
7f773cd53000-7f773cd57000 rw-p 00136000 fd:01 20061940                   /usr/lib/x86_64-linux-gnu/libX11.so.6.3.0
7f773cd57000-7f773cd58000 r-xp 00000000 fd:01 20061938                   /usr/lib/x86_64-linux-gnu/libX11-xcb.so.1.0.0
7f773cd58000-7f773cf57000 ---p 00001000 fd:01 20061938                   /usr/lib/x86_64-linux-gnu/libX11-xcb.so.1.0.0
7f773cf57000-7f773cf58000 r--p 00000000 fd:01 20061938                   /usr/lib/x86_64-linux-gnu/libX11-xcb.so.1.0.0
7f773cf58000-7f773cf59000 rw-p 00001000 fd:01 20061938                   /usr/lib/x86_64-linux-gnu/libX11-xcb.so.1.0.0
7f773cf59000-7f773cf5e000 r-xp 00000000 fd:01 20061959                   /usr/lib/x86_64-linux-gnu/libXfixes.so.3.1.0
7f773cf5e000-7f773d15d000 ---p 00005000 fd:01 20061959                   /usr/lib/x86_64-linux-gnu/libXfixes.so.3.1.0
7f773d15d000-7f773d15e000 r--p 00004000 fd:01 20061959                   /usr/lib/x86_64-linux-gnu/libXfixes.so.3.1.0
7f773d15e000-7f773d15f000 rw-p 00005000 fd:01 20061959                   /usr/lib/x86_64-linux-gnu/libXfixes.so.3.1.0
7f773d15f000-7f773d161000 r-xp 00000000 fd:01 20061953                   /usr/lib/x86_64-linux-gnu/libXdamage.so.1.1.0
7f773d161000-7f773d360000 ---p 00002000 fd:01 20061953                   /usr/lib/x86_64-linux-gnu/libXdamage.so.1.1.0
7f773d360000-7f773d361000 r--p 00001000 fd:01 20061953                   /usr/lib/x86_64-linux-gnu/libXdamage.so.1.1.0
7f773d361000-7f773d362000 rw-p 00002000 fd:01 20061953                   /usr/lib/x86_64-linux-gnu/libXdamage.so.1.1.0
7f773d362000-7f773d373000 r-xp 00000000 fd:01 20061957                   /usr/lib/x86_64-linux-gnu/libXext.so.6.4.0
7f773d373000-7f773d572000 ---p 00011000 fd:01 20061957                   /usr/lib/x86_64-linux-gnu/libXext.so.6.4.0
7f773d572000-7f773d573000 r--p 00010000 fd:01 20061957                   /usr/lib/x86_64-linux-gnu/libXext.so.6.4.0
7f773d573000-7f773d574000 rw-p 00011000 fd:01 20061957                   /usr/lib/x86_64-linux-gnu/libXext.so.6.4.0
7f773d574000-7f773d59e000 r-xp 00000000 fd:01 20062457                   /usr/lib/x86_64-linux-gnu/libglapi.so.0.0.0
7f773d59e000-7f773d79d000 ---p 0002a000 fd:01 20062457                   /usr/lib/x86_64-linux-gnu/libglapi.so.0.0.0
7f773d79d000-7f773d7a1000 r--p 00029000 fd:01 20062457                   /usr/lib/x86_64-linux-gnu/libglapi.so.0.0.0
7f773d7a1000-7f773d7a2000 rw-p 0002d000 fd:01 20062457                   /usr/lib/x86_64-linux-gnu/libglapi.so.0.0.0
7f773d7a2000-7f773d7a3000 rw-p 00000000 00:00 0 
7f773d7a3000-7f773d7a4000 r-xp 00000000 fd:01 20063374                   /usr/lib/x86_64-linux-gnu/libxshmfence.so.1.0.0
7f773d7a4000-7f773d9a4000 ---p 00001000 fd:01 20063374                   /usr/lib/x86_64-linux-gnu/libxshmfence.so.1.0.0
7f773d9a4000-7f773d9a5000 r--p 00001000 fd:01 20063374                   /usr/lib/x86_64-linux-gnu/libxshmfence.so.1.0.0
7f773d9a5000-7f773d9a6000 rw-p 00002000 fd:01 20063374                   /usr/lib/x86_64-linux-gnu/libxshmfence.so.1.0.0
7f773d9a6000-7f773d9ab000 r-xp 00000000 fd:01 20063354                   /usr/lib/x86_64-linux-gnu/libxcb-sync.so.1.0.0
7f773d9ab000-7f773dbab000 ---p 00005000 fd:01 20063354                   /usr/lib/x86_64-linux-gnu/libxcb-sync.so.1.0.0
7f773dbab000-7f773dbac000 r--p 00005000 fd:01 20063354                   /usr/lib/x86_64-linux-gnu/libxcb-sync.so.1.0.0
7f773dbac000-7f773dbad000 rw-p 00006000 fd:01 20063354                   /usr/lib/x86_64-linux-gnu/libxcb-sync.so.1.0.0
7f773dbad000-7f773dbaf000 r-xp 00000000 fd:01 20063342                   /usr/lib/x86_64-linux-gnu/libxcb-present.so.0.0.0
7f773dbaf000-7f773ddae000 ---p 00002000 fd:01 20063342                   /usr/lib/x86_64-linux-gnu/libxcb-present.so.0.0.0
7f773ddae000-7f773ddaf000 r--p 00001000 fd:01 20063342                   /usr/lib/x86_64-linux-gnu/libxcb-present.so.0.0.0
7f773ddaf000-7f773ddb0000 rw-p 00002000 fd:01 20063342                   /usr/lib/x86_64-linux-gnu/libxcb-present.so.0.0.0
7f773ddb0000-7f773ddb2000 r-xp 00000000 fd:01 20063332                   /usr/lib/x86_64-linux-gnu/libxcb-dri3.so.0.0.0
7f773ddb2000-7f773dfb1000 ---p 00002000 fd:01 20063332                   /usr/lib/x86_64-linux-gnu/libxcb-dri3.so.0.0.0
7f773dfb1000-7f773dfb2000 r--p 00001000 fd:01 20063332                   /usr/lib/x86_64-linux-gnu/libxcb-dri3.so.0.0.0
7f773dfb2000-7f773dfb3000 rw-p 00002000 fd:01 20063332                   /usr/lib/x86_64-linux-gnu/libxcb-dri3.so.0.0.0
7f773dfb3000-7f773dfd9000 r-xp 00000000 fd:01 14946789                   /lib/x86_64-linux-gnu/libexpat.so.1.6.0
7f773dfd9000-7f773e1d9000 ---p 00026000 fd:01 14946789                   /lib/x86_64-linux-gnu/libexpat.so.1.6.0
7f773e1d9000-7f773e1db000 r--p 00026000 fd:01 14946789                   /lib/x86_64-linux-gnu/libexpat.so.1.6.0
7f773e1db000-7f773e1dc000 rw-p 00028000 fd:01 14946789                   /lib/x86_64-linux-gnu/libexpat.so.1.6.0
7f773e1dc000-7f773e24a000 r-xp 00000000 fd:01 20319117                   /usr/lib/x86_64-linux-gnu/mesa/libGL.so.1.2.0
7f773e24a000-7f773e449000 ---p 0006e000 fd:01 20319117                   /usr/lib/x86_64-linux-gnu/mesa/libGL.so.1.2.0
7f773e449000-7f773e44c000 r--p 0006d000 fd:01 20319117                   /usr/lib/x86_64-linux-gnu/mesa/libGL.so.1.2.0
7f773e44c000-7f773e44d000 rw-p 00070000 fd:01 20319117                   /usr/lib/x86_64-linux-gnu/mesa/libGL.so.1.2.0
7f773e44d000-7f773e44e000 rw-p 00000000 00:00 0 
7f773e44e000-7f773e4b9000 r-xp 00000000 fd:01 7602205                    /tmp/lwjglroot/3.1.3-SNAPSHOT/liblwjgl_opengl.so
7f773e4b9000-7f773e6b8000 ---p 0006b000 fd:01 7602205                    /tmp/lwjglroot/3.1.3-SNAPSHOT/liblwjgl_opengl.so
7f773e6b8000-7f773e6b9000 r--p 0006a000 fd:01 7602205                    /tmp/lwjglroot/3.1.3-SNAPSHOT/liblwjgl_opengl.so
7f773e6b9000-7f773e6ba000 rw-p 0006b000 fd:01 7602205                    /tmp/lwjglroot/3.1.3-SNAPSHOT/liblwjgl_opengl.so
7f773e6ba000-7f773e70b000 r-xp 00000000 fd:01 7602203                    /tmp/lwjglroot/3.1.3-SNAPSHOT/liblwjgl.so
7f773e70b000-7f773e90a000 ---p 00051000 fd:01 7602203                    /tmp/lwjglroot/3.1.3-SNAPSHOT/liblwjgl.so
7f773e90a000-7f773e90b000 r--p 00050000 fd:01 7602203                    /tmp/lwjglroot/3.1.3-SNAPSHOT/liblwjgl.so
7f773e90b000-7f773e90c000 rw-p 00051000 fd:01 7602203                    /tmp/lwjglroot/3.1.3-SNAPSHOT/liblwjgl.so
7f773e90c000-7f773e923000 r-xp 00000000 fd:01 20187689                   /usr/lib/jvm/java-8-openjdk-amd64/jre/lib/amd64/libnet.so
7f773e923000-7f773eb22000 ---p 00017000 fd:01 20187689                   /usr/lib/jvm/java-8-openjdk-amd64/jre/lib/amd64/libnet.so
7f773eb22000-7f773eb23000 r--p 00016000 fd:01 20187689                   /usr/lib/jvm/java-8-openjdk-amd64/jre/lib/amd64/libnet.so
7f773eb23000-7f773eb24000 rw-p 00017000 fd:01 20187689                   /usr/lib/jvm/java-8-openjdk-amd64/jre/lib/amd64/libnet.so
7f773eb24000-7f773eb35000 r-xp 00000000 fd:01 20187199                   /usr/lib/jvm/java-8-openjdk-amd64/jre/lib/amd64/libnio.so
7f773eb35000-7f773ed35000 ---p 00011000 fd:01 20187199                   /usr/lib/jvm/java-8-openjdk-amd64/jre/lib/amd64/libnio.so
7f773ed35000-7f773ed36000 r--p 00011000 fd:01 20187199                   /usr/lib/jvm/java-8-openjdk-amd64/jre/lib/amd64/libnio.so
7f773ed36000-7f773ed37000 rw-p 00012000 fd:01 20187199                   /usr/lib/jvm/java-8-openjdk-amd64/jre/lib/amd64/libnio.so
7f773ed37000-7f773ed38000 ---p 00000000 00:00 0 
7f773ed38000-7f773ee38000 rw-p 00000000 00:00 0 
7f773ee38000-7f773ee3b000 ---p 00000000 00:00 0 
7f773ee3b000-7f773ef39000 rw-p 00000000 00:00 0 
7f773ef39000-7f773ef3c000 ---p 00000000 00:00 0 
7f773ef3c000-7f773f03a000 rw-p 00000000 00:00 0 
7f773f03a000-7f773f03d000 ---p 00000000 00:00 0 
7f773f03d000-7f773f13b000 rw-p 00000000 00:00 0 
7f773f13b000-7f773f13e000 ---p 00000000 00:00 0 
7f773f13e000-7f773f23c000 rw-p 00000000 00:00 0 
7f773f23c000-7f773f23f000 ---p 00000000 00:00 0 
7f773f23f000-7f773f33d000 rw-p 00000000 00:00 0 
7f773f33d000-7f773fcfd000 r--p 00000000 fd:01 20060977                   /usr/lib/locale/locale-archive
7f773fcfd000-7f773fd00000 ---p 00000000 00:00 0 
7f773fd00000-7f773fdfe000 rw-p 00000000 00:00 0 
7f773fdfe000-7f773fe01000 ---p 00000000 00:00 0 
7f773fe01000-7f773feff000 rw-p 00000000 00:00 0 
7f773feff000-7f773ff00000 ---p 00000000 00:00 0 
7f773ff00000-7f7740000000 rw-p 00000000 00:00 0 
7f7740000000-7f7740021000 rw-p 00000000 00:00 0 
7f7740021000-7f7744000000 ---p 00000000 00:00 0 
7f7744000000-7f7744021000 rw-p 00000000 00:00 0 
7f7744021000-7f7748000000 ---p 00000000 00:00 0 
7f7748000000-7f7748021000 rw-p 00000000 00:00 0 
7f7748021000-7f774c000000 ---p 00000000 00:00 0 
7f774c036000-7f774c049000 r--s 00346000 fd:01 20187705                   /usr/lib/jvm/java-8-openjdk-amd64/jre/lib/resources.jar
7f774c049000-7f774c05b000 r--s 00139000 00:2d 24906636                   /home/daan/lwjgl3/lwjgl-vulkan.jar
7f774c05b000-7f774c05c000 r--s 00030000 00:2d 24906645                   /home/daan/lwjgl3/lwjgl-tinyfd-natives-windows.jar
7f774c05c000-7f774c05d000 r--s 00007000 00:2d 24906627                   /home/daan/lwjgl3/lwjgl-tinyfd-natives-macos.jar
7f774c05d000-7f774c05e000 r--s 00007000 00:2d 24906625                   /home/daan/lwjgl3/lwjgl-tinyfd-natives-linux.jar
7f774c05e000-7f774c05f000 r--s 00001000 00:2d 24906629                   /home/daan/lwjgl3/lwjgl-tinyfd.jar
7f774c05f000-7f774c060000 r--s 00074000 00:2d 24906642                   /home/daan/lwjgl3/lwjgl-stb-natives-windows.jar
7f774c060000-7f774c061000 r--s 0002a000 00:2d 24906643                   /home/daan/lwjgl3/lwjgl-stb-natives-macos.jar
7f774c061000-7f774c062000 r--s 00030000 00:2d 24906621                   /home/daan/lwjgl3/lwjgl-stb-natives-linux.jar
7f774c062000-7f774c064000 r--s 00015000 00:2d 24906623                   /home/daan/lwjgl3/lwjgl-stb.jar
7f774c064000-7f774c065000 r--s 00031000 00:2d 24906633                   /home/daan/lwjgl3/lwjgl-par-natives-windows.jar
7f774c065000-7f774c066000 r--s 00004000 00:2d 24906618                   /home/daan/lwjgl3/lwjgl-par-natives-macos.jar
7f774c066000-7f774c067000 r--s 00005000 00:2d 24905606                   /home/daan/lwjgl3/lwjgl-par-natives-linux.jar
7f774c067000-7f774c068000 r--s 00002000 00:2d 24906617                   /home/daan/lwjgl3/lwjgl-par.jar
7f774c068000-7f774c069000 r--s 0002a000 00:2d 24906632                   /home/daan/lwjgl3/lwjgl-opengl-natives-windows.jar
7f774c069000-7f774c06a000 r--s 0000b000 00:2d 24905605                   /home/daan/lwjgl3/lwjgl-opengl-natives-macos.jar
7f774c06a000-7f774c06b000 r--s 00016000 00:2d 24905578                   /home/daan/lwjgl3/lwjgl-opengl-natives-linux.jar
7f774c06b000-7f774c075000 r--s 000be000 00:2d 24905603                   /home/daan/lwjgl3/lwjgl-opengl.jar
7f774c075000-7f774c076000 r--s 00104000 00:2d 24906646                   /home/daan/lwjgl3/lwjgl-openal-natives-windows.jar
7f774c076000-7f774c078000 r--s 00063000 00:2d 24906626                   /home/daan/lwjgl3/lwjgl-openal-natives-macos.jar
7f774c078000-7f774c079000 r--s 00077000 00:2d 24905570                   /home/daan/lwjgl3/lwjgl-openal-natives-linux.jar
7f774c079000-7f774c07b000 r--s 00011000 00:2d 24905573                   /home/daan/lwjgl3/lwjgl-openal.jar
7f774c07b000-7f774c07c000 r--s 00040000 00:2d 24906630                   /home/daan/lwjgl3/lwjgl-nuklear-natives-windows.jar
7f774c07c000-7f774c07d000 r--s 0002d000 00:2d 24906620                   /home/daan/lwjgl3/lwjgl-nuklear-natives-macos.jar
7f774c07d000-7f774c07e000 r--s 00021000 00:2d 24905562                   /home/daan/lwjgl3/lwjgl-nuklear-natives-linux.jar
7f774c07e000-7f774c084000 r--s 0005a000 00:2d 24905568                   /home/daan/lwjgl3/lwjgl-nuklear.jar
7f774c084000-7f774c085000 r--s 0001f000 00:2d 24905565                   /home/daan/lwjgl3/lwjgl-nfd-natives-windows.jar
7f774c085000-7f774c086000 r--s 00001000 00:2d 24905555                   /home/daan/lwjgl3/lwjgl-nfd-natives-macos.jar
7f774c086000-7f774c087000 r--s 00001000 00:2d 24905554                   /home/daan/lwjgl3/lwjgl-nfd-natives-linux.jar
7f774c087000-7f774c088000 r--s 00001000 00:2d 24905557                   /home/daan/lwjgl3/lwjgl-nfd.jar
7f774c088000-7f774c08a000 r--s 00037000 00:2d 24906647                   /home/daan/lwjgl3/lwjgl-natives-windows.jar
7f774c08a000-7f774c08b000 r--s 00008000 00:2d 24906644                   /home/daan/lwjgl3/lwjgl-natives-macos.jar
7f774c08b000-7f774c08c000 r--s 00012000 00:2d 24906639                   /home/daan/lwjgl3/lwjgl-natives-linux.jar
7f774c08c000-7f774c08d000 r--s 0005d000 00:2d 24906597                   /home/daan/lwjgl3/lwjgl-nanovg-natives-windows.jar
7f774c08d000-7f774c08e000 r--s 0001d000 00:2d 24905564                   /home/daan/lwjgl3/lwjgl-nanovg-natives-macos.jar
7f774c08e000-7f774c08f000 r--s 00021000 00:2d 24905549                   /home/daan/lwjgl3/lwjgl-nanovg-natives-linux.jar
7f774c08f000-7f774c090000 r--s 00009000 00:2d 24905551                   /home/daan/lwjgl3/lwjgl-nanovg.jar
7f774c090000-7f774c091000 r--s 00030000 00:2d 24905577                   /home/daan/lwjgl3/lwjgl-jemalloc-natives-windows.jar
7f774c091000-7f774c092000 r--s 00017000 00:2d 24905569                   /home/daan/lwjgl3/lwjgl-jemalloc-natives-macos.jar
7f774c092000-7f774c093000 r--s 0001f000 00:2d 24905543                   /home/daan/lwjgl3/lwjgl-jemalloc-natives-linux.jar
7f774c093000-7f774c095000 r--s 00008000 00:2d 24905545                   /home/daan/lwjgl3/lwjgl-jemalloc.jar
7f774c095000-7f774c096000 r--s 0003c000 00:2d 24905576                   /home/daan/lwjgl3/lwjgl-glfw-natives-windows.jar
7f774c096000-7f774c097000 r--s 0000d000 00:2d 24905563                   /home/daan/lwjgl3/lwjgl-glfw-natives-macos.jar
7f774c097000-7f774c09b000 r--s 00017000 00:2d 24905540                   /home/daan/lwjgl3/lwjgl-glfw.jar
7f774c09b000-7f774c09f000 r--s 00042000 00:2d 24906641                   /home/daan/lwjgl3/lwjgl.jar
7f774c09f000-7f774c0a4000 r--s 0003b000 fd:01 20186076                   /usr/lib/jvm/java-8-openjdk-amd64/jre/lib/ext/sunjce_provider.jar
7f774c0a4000-7f774c0ae000 r--s 00116000 fd:01 20185952                   /usr/lib/jvm/java-8-openjdk-amd64/jre/lib/ext/localedata.jar
7f774c0ae000-7f774c0c9000 r--s 001d6000 fd:01 20185732                   /usr/lib/jvm/java-8-openjdk-amd64/jre/lib/ext/nashorn.jar
7f774c0c9000-7f774c0e4000 r--s 00394000 fd:01 20185556                   /usr/lib/jvm/java-8-openjdk-amd64/jre/lib/ext/cldrdata.jar
7f774c0e4000-7f774d056000 rw-p 00000000 00:00 0 
7f774d056000-7f774d224000 r--s 03c13000 fd:01 20185503                   /usr/lib/jvm/java-8-openjdk-amd64/jre/lib/rt.jar
7f774d224000-7f774d6e4000 rw-p 00000000 00:00 0 
7f774d6e4000-7f774da24000 ---p 00000000 00:00 0 
7f774da24000-7f774fabf000 rw-p 00000000 00:00 0 
7f774fabf000-7f774fac0000 ---p 00000000 00:00 0 
7f774fac0000-7f774fbc0000 rw-p 00000000 00:00 0 
7f774fbc0000-7f774fbc1000 ---p 00000000 00:00 0 
7f774fbc1000-7f774fcc1000 rw-p 00000000 00:00 0 
7f774fcc1000-7f774fcc2000 ---p 00000000 00:00 0 
7f774fcc2000-7f774fdc2000 rw-p 00000000 00:00 0 
7f774fdc2000-7f774fdc3000 ---p 00000000 00:00 0 
7f774fdc3000-7f774fed8000 rw-p 00000000 00:00 0 
7f774fed8000-7f775000b000 ---p 00000000 00:00 0 
7f775000b000-7f7750020000 rw-p 00000000 00:00 0 
7f7750020000-7f7750152000 ---p 00000000 00:00 0 
7f7750152000-7f775015d000 rw-p 00000000 00:00 0 
7f775015d000-7f77501f6000 ---p 00000000 00:00 0 
7f77501f6000-7f7750201000 rw-p 00000000 00:00 0 
7f7750201000-7f77505b7000 ---p 00000000 00:00 0 
7f77505b7000-7f7750827000 rwxp 00000000 00:00 0 
7f7750827000-7f775f5b7000 ---p 00000000 00:00 0 
7f775f5b7000-7f775f5bf000 r-xp 00000000 fd:01 20187678                   /usr/lib/jvm/java-8-openjdk-amd64/jre/lib/amd64/libzip.so
7f775f5bf000-7f775f7be000 ---p 00008000 fd:01 20187678                   /usr/lib/jvm/java-8-openjdk-amd64/jre/lib/amd64/libzip.so
7f775f7be000-7f775f7bf000 r--p 00007000 fd:01 20187678                   /usr/lib/jvm/java-8-openjdk-amd64/jre/lib/amd64/libzip.so
7f775f7bf000-7f775f7c0000 rw-p 00008000 fd:01 20187678                   /usr/lib/jvm/java-8-openjdk-amd64/jre/lib/amd64/libzip.so
7f775f7c0000-7f775f7cb000 r-xp 00000000 fd:01 14946857                   /lib/x86_64-linux-gnu/libnss_files-2.23.so
7f775f7cb000-7f775f9ca000 ---p 0000b000 fd:01 14946857                   /lib/x86_64-linux-gnu/libnss_files-2.23.so
7f775f9ca000-7f775f9cb000 r--p 0000a000 fd:01 14946857                   /lib/x86_64-linux-gnu/libnss_files-2.23.so
7f775f9cb000-7f775f9cc000 rw-p 0000b000 fd:01 14946857                   /lib/x86_64-linux-gnu/libnss_files-2.23.so
7f775f9cc000-7f775f9d2000 rw-p 00000000 00:00 0 
7f775f9d2000-7f775f9dd000 r-xp 00000000 fd:01 14946867                   /lib/x86_64-linux-gnu/libnss_nis-2.23.so
7f775f9dd000-7f775fbdc000 ---p 0000b000 fd:01 14946867                   /lib/x86_64-linux-gnu/libnss_nis-2.23.so
7f775fbdc000-7f775fbdd000 r--p 0000a000 fd:01 14946867                   /lib/x86_64-linux-gnu/libnss_nis-2.23.so
7f775fbdd000-7f775fbde000 rw-p 0000b000 fd:01 14946867                   /lib/x86_64-linux-gnu/libnss_nis-2.23.so
7f775fbde000-7f775fbf4000 r-xp 00000000 fd:01 14946851                   /lib/x86_64-linux-gnu/libnsl-2.23.so
7f775fbf4000-7f775fdf3000 ---p 00016000 fd:01 14946851                   /lib/x86_64-linux-gnu/libnsl-2.23.so
7f775fdf3000-7f775fdf4000 r--p 00015000 fd:01 14946851                   /lib/x86_64-linux-gnu/libnsl-2.23.so
7f775fdf4000-7f775fdf5000 rw-p 00016000 fd:01 14946851                   /lib/x86_64-linux-gnu/libnsl-2.23.so
7f775fdf5000-7f775fdf7000 rw-p 00000000 00:00 0 
7f775fdf7000-7f775fdff000 r-xp 00000000 fd:01 14946853                   /lib/x86_64-linux-gnu/libnss_compat-2.23.so
7f775fdff000-7f775fffe000 ---p 00008000 fd:01 14946853                   /lib/x86_64-linux-gnu/libnss_compat-2.23.so
7f775fffe000-7f775ffff000 r--p 00007000 fd:01 14946853                   /lib/x86_64-linux-gnu/libnss_compat-2.23.so
7f775ffff000-7f7760000000 rw-p 00008000 fd:01 14946853                   /lib/x86_64-linux-gnu/libnss_compat-2.23.so
7f7760000000-7f77602cb000 rw-p 00000000 00:00 0 
7f77602cb000-7f7764000000 ---p 00000000 00:00 0 
7f7764000000-7f7764002000 r--s 00001000 fd:01 20186002                   /usr/lib/jvm/java-8-openjdk-amd64/jre/lib/ext/dnsns.jar
7f7764002000-7f7764006000 r--s 00037000 fd:01 20185991                   /usr/lib/jvm/java-8-openjdk-amd64/jre/lib/ext/sunpkcs11.jar
7f7764006000-7f77640be000 rw-p 00000000 00:00 0 
7f77640be000-7f77640eb000 r-xp 00000000 fd:01 20187695                   /usr/lib/jvm/java-8-openjdk-amd64/jre/lib/amd64/libjava.so
7f77640eb000-7f77642ea000 ---p 0002d000 fd:01 20187695                   /usr/lib/jvm/java-8-openjdk-amd64/jre/lib/amd64/libjava.so
7f77642ea000-7f77642eb000 r--p 0002c000 fd:01 20187695                   /usr/lib/jvm/java-8-openjdk-amd64/jre/lib/amd64/libjava.so
7f77642eb000-7f77642ed000 rw-p 0002d000 fd:01 20187695                   /usr/lib/jvm/java-8-openjdk-amd64/jre/lib/amd64/libjava.so
7f77642ed000-7f77642fc000 r-xp 00000000 fd:01 20187203                   /usr/lib/jvm/java-8-openjdk-amd64/jre/lib/amd64/libverify.so
7f77642fc000-7f77644fb000 ---p 0000f000 fd:01 20187203                   /usr/lib/jvm/java-8-openjdk-amd64/jre/lib/amd64/libverify.so
7f77644fb000-7f77644fd000 r--p 0000e000 fd:01 20187203                   /usr/lib/jvm/java-8-openjdk-amd64/jre/lib/amd64/libverify.so
7f77644fd000-7f77644fe000 rw-p 00010000 fd:01 20187203                   /usr/lib/jvm/java-8-openjdk-amd64/jre/lib/amd64/libverify.so
7f77644fe000-7f7764505000 r-xp 00000000 fd:01 14946912                   /lib/x86_64-linux-gnu/librt-2.23.so
7f7764505000-7f7764704000 ---p 00007000 fd:01 14946912                   /lib/x86_64-linux-gnu/librt-2.23.so
7f7764704000-7f7764705000 r--p 00006000 fd:01 14946912                   /lib/x86_64-linux-gnu/librt-2.23.so
7f7764705000-7f7764706000 rw-p 00007000 fd:01 14946912                   /lib/x86_64-linux-gnu/librt-2.23.so
7f7764706000-7f776471c000 r-xp 00000000 fd:01 14946796                   /lib/x86_64-linux-gnu/libgcc_s.so.1
7f776471c000-7f776491b000 ---p 00016000 fd:01 14946796                   /lib/x86_64-linux-gnu/libgcc_s.so.1
7f776491b000-7f776491c000 rw-p 00015000 fd:01 14946796                   /lib/x86_64-linux-gnu/libgcc_s.so.1
7f776491c000-7f7764a24000 r-xp 00000000 fd:01 14946828                   /lib/x86_64-linux-gnu/libm-2.23.so
7f7764a24000-7f7764c23000 ---p 00108000 fd:01 14946828                   /lib/x86_64-linux-gnu/libm-2.23.so
7f7764c23000-7f7764c24000 r--p 00107000 fd:01 14946828                   /lib/x86_64-linux-gnu/libm-2.23.so
7f7764c24000-7f7764c25000 rw-p 00108000 fd:01 14946828                   /lib/x86_64-linux-gnu/libm-2.23.so
7f7764c25000-7f7764d97000 r-xp 00000000 fd:01 20055626                   /usr/lib/x86_64-linux-gnu/libstdc++.so.6.0.21
7f7764d97000-7f7764f97000 ---p 00172000 fd:01 20055626                   /usr/lib/x86_64-linux-gnu/libstdc++.so.6.0.21
7f7764f97000-7f7764fa1000 r--p 00172000 fd:01 20055626                   /usr/lib/x86_64-linux-gnu/libstdc++.so.6.0.21
7f7764fa1000-7f7764fa3000 rw-p 0017c000 fd:01 20055626                   /usr/lib/x86_64-linux-gnu/libstdc++.so.6.0.21
7f7764fa3000-7f7764fa7000 rw-p 00000000 00:00 0 
7f7764fa7000-7f7765bfb000 r-xp 00000000 fd:01 20187676                   /usr/lib/jvm/java-8-openjdk-amd64/jre/lib/amd64/server/libjvm.so
7f7765bfb000-7f7765dfb000 ---p 00c54000 fd:01 20187676                   /usr/lib/jvm/java-8-openjdk-amd64/jre/lib/amd64/server/libjvm.so
7f7765dfb000-7f7765e8e000 r--p 00c54000 fd:01 20187676                   /usr/lib/jvm/java-8-openjdk-amd64/jre/lib/amd64/server/libjvm.so
7f7765e8e000-7f7765eb7000 rw-p 00ce7000 fd:01 20187676                   /usr/lib/jvm/java-8-openjdk-amd64/jre/lib/amd64/server/libjvm.so
7f7765eb7000-7f7765ee7000 rw-p 00000000 00:00 0 
7f7765ee7000-7f7765eff000 r-xp 00000000 fd:01 14946904                   /lib/x86_64-linux-gnu/libpthread-2.23.so
7f7765eff000-7f77660fe000 ---p 00018000 fd:01 14946904                   /lib/x86_64-linux-gnu/libpthread-2.23.so
7f77660fe000-7f77660ff000 r--p 00017000 fd:01 14946904                   /lib/x86_64-linux-gnu/libpthread-2.23.so
7f77660ff000-7f7766100000 rw-p 00018000 fd:01 14946904                   /lib/x86_64-linux-gnu/libpthread-2.23.so
7f7766100000-7f7766104000 rw-p 00000000 00:00 0 
7f7766104000-7f7766107000 r-xp 00000000 fd:01 14946782                   /lib/x86_64-linux-gnu/libdl-2.23.so
7f7766107000-7f7766306000 ---p 00003000 fd:01 14946782                   /lib/x86_64-linux-gnu/libdl-2.23.so
7f7766306000-7f7766307000 r--p 00002000 fd:01 14946782                   /lib/x86_64-linux-gnu/libdl-2.23.so
7f7766307000-7f7766308000 rw-p 00003000 fd:01 14946782                   /lib/x86_64-linux-gnu/libdl-2.23.so
7f7766308000-7f7766321000 r-xp 00000000 fd:01 14946949                   /lib/x86_64-linux-gnu/libz.so.1.2.8
7f7766321000-7f7766520000 ---p 00019000 fd:01 14946949                   /lib/x86_64-linux-gnu/libz.so.1.2.8
7f7766520000-7f7766521000 r--p 00018000 fd:01 14946949                   /lib/x86_64-linux-gnu/libz.so.1.2.8
7f7766521000-7f7766522000 rw-p 00019000 fd:01 14946949                   /lib/x86_64-linux-gnu/libz.so.1.2.8
7f7766522000-7f77666e2000 r-xp 00000000 fd:01 14946758                   /lib/x86_64-linux-gnu/libc-2.23.so
7f77666e2000-7f77668e2000 ---p 001c0000 fd:01 14946758                   /lib/x86_64-linux-gnu/libc-2.23.so
7f77668e2000-7f77668e6000 r--p 001c0000 fd:01 14946758                   /lib/x86_64-linux-gnu/libc-2.23.so
7f77668e6000-7f77668e8000 rw-p 001c4000 fd:01 14946758                   /lib/x86_64-linux-gnu/libc-2.23.so
7f77668e8000-7f77668ec000 rw-p 00000000 00:00 0 
7f77668ec000-7f77668f9000 r-xp 00000000 fd:01 20187201                   /usr/lib/jvm/java-8-openjdk-amd64/jre/lib/amd64/jli/libjli.so
7f77668f9000-7f7766af9000 ---p 0000d000 fd:01 20187201                   /usr/lib/jvm/java-8-openjdk-amd64/jre/lib/amd64/jli/libjli.so
7f7766af9000-7f7766afa000 r--p 0000d000 fd:01 20187201                   /usr/lib/jvm/java-8-openjdk-amd64/jre/lib/amd64/jli/libjli.so
7f7766afa000-7f7766afb000 rw-p 0000e000 fd:01 20187201                   /usr/lib/jvm/java-8-openjdk-amd64/jre/lib/amd64/jli/libjli.so
7f7766afb000-7f7766b21000 r-xp 00000000 fd:01 14946730                   /lib/x86_64-linux-gnu/ld-2.23.so
7f7766b21000-7f7766b22000 r--s 00011000 00:2d 24905538                   /home/daan/lwjgl3/lwjgl-glfw-natives-linux.jar
7f7766b22000-7f7766b24000 r--s 00008000 fd:01 20186090                   /usr/lib/jvm/java-8-openjdk-amd64/jre/lib/ext/sunec.jar
7f7766b24000-7f7766b27000 r--s 0000f000 fd:01 20186087                   /usr/lib/jvm/java-8-openjdk-amd64/jre/lib/ext/icedtea-sound.jar
7f7766b27000-7f7766bf8000 rw-p 00000000 00:00 0 
7f7766bf8000-7f7766bfb000 ---p 00000000 00:00 0 
7f7766bfb000-7f7766cfe000 rw-p 00000000 00:00 0 
7f7766cfe000-7f7766cff000 r--s 0000a000 fd:01 20186064                   /usr/lib/jvm/java-8-openjdk-amd64/jre/lib/ext/jaccess.jar
7f7766cff000-7f7766d00000 r--s 00010000 fd:01 20187194                   /usr/lib/jvm/java-8-openjdk-amd64/jre/lib/ext/zipfs.jar
7f7766d00000-7f7766d14000 rw-p 00000000 00:00 0 
7f7766d14000-7f7766d1c000 rw-s 00000000 fd:01 7602214                    /tmp/hsperfdata_root/11612
7f7766d1c000-7f7766d1d000 rw-p 00000000 00:00 0 
7f7766d1d000-7f7766d1e000 r--p 00000000 00:00 0 
7f7766d1e000-7f7766d20000 rw-p 00000000 00:00 0 
7f7766d20000-7f7766d21000 r--p 00025000 fd:01 14946730                   /lib/x86_64-linux-gnu/ld-2.23.so
7f7766d21000-7f7766d22000 rw-p 00026000 fd:01 14946730                   /lib/x86_64-linux-gnu/ld-2.23.so
7f7766d22000-7f7766d23000 rw-p 00000000 00:00 0 
7ffcc5817000-7ffcc5839000 rw-p 00000000 00:00 0                          [stack]
7ffcc583b000-7ffcc583d000 r--p 00000000 00:00 0                          [vvar]
7ffcc583d000-7ffcc583f000 r-xp 00000000 00:00 0                          [vdso]
ffffffffff600000-ffffffffff601000 r-xp 00000000 00:00 0                  [vsyscall]

VM Arguments:
jvm_args: -Dfile.encoding=UTF-8 
java_command: Main
java_class_path (initial): /home/daan/lwjgl3/lwjgl.jar:/home/daan/lwjgl3/lwjgl-glfw.jar:/home/daan/lwjgl3/lwjgl-glfw-natives-linux.jar:/home/daan/lwjgl3/lwjgl-glfw-natives-macos.jar:/home/daan/lwjgl3/lwjgl-glfw-natives-windows.jar:/home/daan/lwjgl3/lwjgl-jemalloc.jar:/home/daan/lwjgl3/lwjgl-jemalloc-natives-linux.jar:/home/daan/lwjgl3/lwjgl-jemalloc-natives-macos.jar:/home/daan/lwjgl3/lwjgl-jemalloc-natives-windows.jar:/home/daan/lwjgl3/lwjgl-nanovg.jar:/home/daan/lwjgl3/lwjgl-nanovg-natives-linux.jar:/home/daan/lwjgl3/lwjgl-nanovg-natives-macos.jar:/home/daan/lwjgl3/lwjgl-nanovg-natives-windows.jar:/home/daan/lwjgl3/lwjgl-natives-linux.jar:/home/daan/lwjgl3/lwjgl-natives-macos.jar:/home/daan/lwjgl3/lwjgl-natives-windows.jar:/home/daan/lwjgl3/lwjgl-nfd.jar:/home/daan/lwjgl3/lwjgl-nfd-natives-linux.jar:/home/daan/lwjgl3/lwjgl-nfd-natives-macos.jar:/home/daan/lwjgl3/lwjgl-nfd-natives-windows.jar:/home/daan/lwjgl3/lwjgl-nuklear.jar:/home/daan/lwjgl3/lwjgl-nuklear-natives-linux.jar:/home/daan/lwjgl3/lwjgl-nuklear-natives-macos.jar:/home/daan/lwjgl3/lwjgl-nuklear-natives-windows.jar:/home/daan/lwjgl3/lwjgl-openal.jar:/home/daan/lwjgl3/lwjgl-openal-natives-linux.jar:/home/daan/lwjgl3/lwjgl-openal-natives-macos.jar:/home/daan/lwjgl3/lwjgl-openal-natives-windows.jar:/home/daan/lwjgl3/lwjgl-opengl.jar:/home/daan/lwjgl3/lwjgl-opengl-natives-linux.jar:/home/daan/lwjgl3/lwjgl-opengl-natives-macos.jar:/home/daan/lwjgl3/lwjgl-opengl-natives-windows.jar:/home/daan/lwjgl3/lwjgl-par.jar:/home/daan/lwjgl3/lwjgl-par-natives-linux.jar:/home/daan/lwjgl3/lwjgl-par-natives-macos.jar:/home/daan/lwjgl3/lwjgl-par-natives-windows.jar:/home/daan/lwjgl3/lwjgl-stb.jar:/home/daan/lwjgl3/lwjgl-stb-natives-linux.jar:/home/daan/lwjgl3/lwjgl-stb-natives-macos.jar:/home/daan/lwjgl3/lwjgl-stb-natives-windows.jar:/home/daan/lwjgl3/lwjgl-tinyfd.jar:/home/daan/lwjgl3/lwjgl-tinyfd-natives-linux.jar:/home/daan/lwjgl3/lwjgl-tinyfd-natives-macos.jar:/home/daan/lwjgl3/lwjgl-tinyfd-natives-windows.jar:/home/d
Launcher Type: SUN_STANDARD

Environment Variables:
PATH=/usr/local/sbin:/usr/local/bin:/usr/sbin:/usr/bin:/sbin:/bin:/snap/bin
USERNAME=root
SHELL=/bin/bash
DISPLAY=:1

Signal Handlers:
SIGSEGV: [libjvm.so+0xa6ad10], sa_mask[0]=11111111011111111101111111111110, sa_flags=SA_RESTART|SA_SIGINFO
SIGBUS: [libjvm.so+0xa6ad10], sa_mask[0]=11111111011111111101111111111110, sa_flags=SA_RESTART|SA_SIGINFO
SIGFPE: [libjvm.so+0x8b3bc0], sa_mask[0]=11111111011111111101111111111110, sa_flags=SA_RESTART|SA_SIGINFO
SIGPIPE: [libjvm.so+0x8b3bc0], sa_mask[0]=11111111011111111101111111111110, sa_flags=SA_RESTART|SA_SIGINFO
SIGXFSZ: [libjvm.so+0x8b3bc0], sa_mask[0]=11111111011111111101111111111110, sa_flags=SA_RESTART|SA_SIGINFO
SIGILL: [libjvm.so+0x8b3bc0], sa_mask[0]=11111111011111111101111111111110, sa_flags=SA_RESTART|SA_SIGINFO
SIGUSR1: SIG_DFL, sa_mask[0]=00000000000000000000000000000000, sa_flags=none
SIGUSR2: [libjvm.so+0x8b3a70], sa_mask[0]=00100000000000000000000000000000, sa_flags=SA_RESTART|SA_SIGINFO
SIGHUP: [libjvm.so+0x8b3f40], sa_mask[0]=11111111011111111101111111111110, sa_flags=SA_RESTART|SA_SIGINFO
SIGINT: [libjvm.so+0x8b3f40], sa_mask[0]=11111111011111111101111111111110, sa_flags=SA_RESTART|SA_SIGINFO
SIGTERM: [libjvm.so+0x8b3f40], sa_mask[0]=11111111011111111101111111111110, sa_flags=SA_RESTART|SA_SIGINFO
SIGQUIT: [libjvm.so+0x8b3f40], sa_mask[0]=11111111011111111101111111111110, sa_flags=SA_RESTART|SA_SIGINFO


---------------  S Y S T E M  ---------------

OS:DISTRIB_ID=Ubuntu
DISTRIB_RELEASE=16.04
DISTRIB_CODENAME=xenial
DISTRIB_DESCRIPTION="Ubuntu 16.04.3 LTS"

uname:Linux 4.10.0-37-generic #41~16.04.1-Ubuntu SMP Fri Oct 6 22:42:59 UTC 2017 x86_64
libc:glibc 2.23 NPTL 2.23 
rlimit: STACK 8192k, CORE 0k, NPROC 15312, NOFILE 1048576, AS infinity
load average:0,48 0,48 0,49

/proc/meminfo:
MemTotal:        4021440 kB
MemFree:          162012 kB
MemAvailable:    1001588 kB
Buffers:           63000 kB
Cached:           958816 kB
SwapCached:          232 kB
Active:          2660172 kB
Inactive:         847528 kB
Active(anon):    2019276 kB
Inactive(anon):   501064 kB
Active(file):     640896 kB
Inactive(file):   346464 kB
Unevictable:          16 kB
Mlocked:              16 kB
SwapTotal:       4173308 kB
SwapFree:        4171128 kB
Dirty:              1000 kB
Writeback:             0 kB
AnonPages:       2265872 kB
Mapped:           428496 kB
Shmem:             34456 kB
Slab:             169168 kB
SReclaimable:     119844 kB
SUnreclaim:        49324 kB
KernelStack:       10832 kB
PageTables:        40120 kB
NFS_Unstable:          0 kB
Bounce:                0 kB
WritebackTmp:          0 kB
CommitLimit:     6184028 kB
Committed_AS:    6057644 kB
VmallocTotal:   34359738367 kB
VmallocUsed:           0 kB
VmallocChunk:          0 kB
HardwareCorrupted:     0 kB
AnonHugePages:    987136 kB
ShmemHugePages:        0 kB
ShmemPmdMapped:        0 kB
CmaTotal:              0 kB
CmaFree:               0 kB
HugePages_Total:       0
HugePages_Free:        0
HugePages_Rsvd:        0
HugePages_Surp:        0
Hugepagesize:       2048 kB
DirectMap4k:      397312 kB
DirectMap2M:     3774464 kB


CPU:total 4 (initial active 4) (4 cores per cpu, 1 threads per core) family 6 model 42 stepping 7, cmov, cx8, fxsr, mmx, sse, sse2, sse3, ssse3, sse4.1, sse4.2, popcnt, avx, aes, clmul, tsc, tscinvbit

/proc/cpuinfo:
processor	: 0
vendor_id	: GenuineIntel
cpu family	: 6
model		: 42
model name	: Intel(R) Core(TM) i5-2400S CPU @ 2.50GHz
stepping	: 7
microcode	: 0x1a
cpu MHz		: 2643.890
cache size	: 6144 KB
physical id	: 0
siblings	: 4
core id		: 0
cpu cores	: 4
apicid		: 0
initial apicid	: 0
fpu		: yes
fpu_exception	: yes
cpuid level	: 13
wp		: yes
flags		: fpu vme de pse tsc msr pae mce cx8 apic sep mtrr pge mca cmov pat pse36 clflush dts acpi mmx fxsr sse sse2 ss ht tm pbe syscall nx rdtscp lm constant_tsc arch_perfmon pebs bts rep_good nopl xtopology nonstop_tsc aperfmperf pni pclmulqdq dtes64 monitor ds_cpl vmx smx est tm2 ssse3 cx16 xtpr pdcm pcid sse4_1 sse4_2 x2apic popcnt tsc_deadline_timer aes xsave avx lahf_lm tpr_shadow vnmi flexpriority ept vpid xsaveopt dtherm ida arat pln pts
bugs		:
bogomips	: 4988.99
clflush size	: 64
cache_alignment	: 64
address sizes	: 36 bits physical, 48 bits virtual
power management:

processor	: 1
vendor_id	: GenuineIntel
cpu family	: 6
model		: 42
model name	: Intel(R) Core(TM) i5-2400S CPU @ 2.50GHz
stepping	: 7
microcode	: 0x1a
cpu MHz		: 2701.873
cache size	: 6144 KB
physical id	: 0
siblings	: 4
core id		: 1
cpu cores	: 4
apicid		: 2
initial apicid	: 2
fpu		: yes
fpu_exception	: yes
cpuid level	: 13
wp		: yes
flags		: fpu vme de pse tsc msr pae mce cx8 apic sep mtrr pge mca cmov pat pse36 clflush dts acpi mmx fxsr sse sse2 ss ht tm pbe syscall nx rdtscp lm constant_tsc arch_perfmon pebs bts rep_good nopl xtopology nonstop_tsc aperfmperf pni pclmulqdq dtes64 monitor ds_cpl vmx smx est tm2 ssse3 cx16 xtpr pdcm pcid sse4_1 sse4_2 x2apic popcnt tsc_deadline_timer aes xsave avx lahf_lm tpr_shadow vnmi flexpriority ept vpid xsaveopt dtherm ida arat pln pts
bugs		:
bogomips	: 4988.99
clflush size	: 64
cache_alignment	: 64
address sizes	: 36 bits physical, 48 bits virtual
power management:

processor	: 2
vendor_id	: GenuineIntel
cpu family	: 6
model		: 42
model name	: Intel(R) Core(TM) i5-2400S CPU @ 2.50GHz
stepping	: 7
microcode	: 0x1a
cpu MHz		: 2677.917
cache size	: 6144 KB
physical id	: 0
siblings	: 4
core id		: 2
cpu cores	: 4
apicid		: 4
initial apicid	: 4
fpu		: yes
fpu_exception	: yes
cpuid level	: 13
wp		: yes
flags		: fpu vme de pse tsc msr pae mce cx8 apic sep mtrr pge mca cmov pat pse36 clflush dts acpi mmx fxsr sse sse2 ss ht tm pbe syscall nx rdtscp lm constant_tsc arch_perfmon pebs bts rep_good nopl xtopology nonstop_tsc aperfmperf pni pclmulqdq dtes64 monitor ds_cpl vmx smx est tm2 ssse3 cx16 xtpr pdcm pcid sse4_1 sse4_2 x2apic popcnt tsc_deadline_timer aes xsave avx lahf_lm tpr_shadow vnmi flexpriority ept vpid xsaveopt dtherm ida arat pln pts
bugs		:
bogomips	: 4988.99
clflush size	: 64
cache_alignment	: 64
address sizes	: 36 bits physical, 48 bits virtual
power management:

processor	: 3
vendor_id	: GenuineIntel
cpu family	: 6
model		: 42
model name	: Intel(R) Core(TM) i5-2400S CPU @ 2.50GHz
stepping	: 7
microcode	: 0x1a
cpu MHz		: 2689.514
cache size	: 6144 KB
physical id	: 0
siblings	: 4
core id		: 3
cpu cores	: 4
apicid		: 6
initial apicid	: 6
fpu		: yes
fpu_exception	: yes
cpuid level	: 13
wp		: yes
flags		: fpu vme de pse tsc msr pae mce cx8 apic sep mtrr pge mca cmov pat pse36 clflush dts acpi mmx fxsr sse sse2 ss ht tm pbe syscall nx rdtscp lm constant_tsc arch_perfmon pebs bts rep_good nopl xtopology nonstop_tsc aperfmperf pni pclmulqdq dtes64 monitor ds_cpl vmx smx est tm2 ssse3 cx16 xtpr pdcm pcid sse4_1 sse4_2 x2apic popcnt tsc_deadline_timer aes xsave avx lahf_lm tpr_shadow vnmi flexpriority ept vpid xsaveopt dtherm ida arat pln pts
bugs		:
bogomips	: 4988.99
clflush size	: 64
cache_alignment	: 64
address sizes	: 36 bits physical, 48 bits virtual
power management:



Memory: 4k page, physical 4021440k(162012k free), swap 4173308k(4171128k free)

vm_info: OpenJDK 64-Bit Server VM (25.131-b11) for linux-amd64 JRE (1.8.0_131-8u131-b11-2ubuntu1.16.04.3-b11), built on Jul 28 2017 01:23:32 by "buildd" with gcc 5.4.0 20160609

time: Wed Oct 11 15:05:47 2017
elapsed time: 0 seconds (0d 0h 0m 0s)

