#
# A fatal error has been detected by the Java Runtime Environment:
#
#  SIGSEGV (0xb) at pc=0x00007f557c61de57, pid=11459, tid=0x00007f5598e4c700
#
# JRE version: OpenJDK Runtime Environment (8.0_131-b11) (build 1.8.0_131-8u131-b11-2ubuntu1.16.04.3-b11)
# Java VM: OpenJDK 64-Bit Server VM (25.131-b11 mixed mode linux-amd64 compressed oops)
# Problematic frame:
# C  [liblwjgl_opengl.so+0x45e57]  Java_org_lwjgl_opengl_GL20_glCreateProgram+0x7
#
# Failed to write core dump. Core dumps have been disabled. To enable core dumping, try "ulimit -c unlimited" before starting Java again
#
# If you would like to submit a bug report, please visit:
#   http://bugreport.java.com/bugreport/crash.jsp
# The crash happened outside the Java Virtual Machine in native code.
# See problematic frame for where to report the bug.
#

---------------  T H R E A D  ---------------

Current thread (0x00007f559000b000):  JavaThread "main" [_thread_in_native, id=11465, stack(0x00007f5598d4c000,0x00007f5598e4d000)]

siginfo: si_signo: 11 (SIGSEGV), si_code: 1 (SEGV_MAPERR), si_addr: 0x0000000000000878

Registers:
RAX=0x0000000000000000, RBX=0x00007f55946ec058, RCX=0x0000000000000003, RDX=0x00007f559801a5d8
RSP=0x00007f5598e4b868, RBP=0x00007f5598e4b8b8, RSI=0x00007f5598e4b8c8, RDI=0x00007f559000b1e0
R8 =0x00007f55946ec058, R9 =0x0000000000000004, R10=0x00007f5581017748, R11=0x00007f5597a59520
R12=0x0000000000000000, R13=0x00007f55946ec050, R14=0x00007f5598e4b8d0, R15=0x00007f559000b000
RIP=0x00007f557c61de57, EFLAGS=0x0000000000010287, CSGSFS=0x002b000000000033, ERR=0x0000000000000004
  TRAPNO=0x000000000000000e

Top of Stack: (sp=0x00007f5598e4b868)
0x00007f5598e4b868:   00007f5581017774 00007f55810174c2
0x00007f5598e4b878:   00007f5598e4b878 00007f55946ec050
0x00007f5598e4b888:   00007f5598e4b8d0 00007f55946ff110
0x00007f5598e4b898:   0000000000000000 00007f55946ec058
0x00007f5598e4b8a8:   0000000000000000 00007f5598e4b8d8
0x00007f5598e4b8b8:   00007f5598e4b920 00007f5581007a40
0x00007f5598e4b8c8:   00000000eba6d9b0 00007f5581011276
0x00007f5598e4b8d8:   00000000eba44500 00007f5598e4b8e0
0x00007f5598e4b8e8:   00007f55946e74fd 00007f5598e4b930
0x00007f5598e4b8f8:   00007f55946e7b68 0000000000000000
0x00007f5598e4b908:   00007f55946e7518 00007f5598e4b8d8
0x00007f5598e4b918:   00007f5598e4b930 00007f5598e4b988
0x00007f5598e4b928:   00007f5581007ffd 00000000eba44500
0x00007f5598e4b938:   00000000eba44500 00000000eba3f898
0x00007f5598e4b948:   00007f5598e4b948 00007f55946e6975
0x00007f5598e4b958:   00007f5598e4b9b8 00007f55946e6c48
0x00007f5598e4b968:   0000000000000000 00007f55946e6a80
0x00007f5598e4b978:   00007f5598e4b930 00007f5598e4b9b8
0x00007f5598e4b988:   00007f5598e4ba00 00007f5581007ffd
0x00007f5598e4b998:   0000000000000000 0000000000000000
0x00007f5598e4b9a8:   0000000000000000 0000000000000000
0x00007f5598e4b9b8:   00000000eba3f898 00007f5598e4b9c0
0x00007f5598e4b9c8:   00007f55946e6311 00007f5598e4ba18
0x00007f5598e4b9d8:   00007f55946e6390 0000000000000000
0x00007f5598e4b9e8:   00007f55946e6338 00007f5598e4b9b8
0x00007f5598e4b9f8:   00007f5598e4ba18 00007f5598e4ba80
0x00007f5598e4ba08:   00007f55810004e7 00000000eba3f898
0x00007f5598e4ba18:   00000000eb9ec810 0000000000001fa0
0x00007f5598e4ba28:   00007f55946e6338 00007f5598e4bc70
0x00007f5598e4ba38:   00007f5598e4bb20 00007f559000b000
0x00007f5598e4ba48:   00007f559000b000 00007f5598e4bb20
0x00007f5598e4ba58:   00007f5598e4bd38 00007f550000000a 

Instructions: (pc=0x00007f557c61de57)
0x00007f557c61de37:   40 18 48 8b 80 b0 09 00 00 ff e0 66 66 66 66 66
0x00007f557c61de47:   2e 0f 1f 84 00 00 00 00 00 48 8b 07 48 8b 40 18
0x00007f557c61de57:   ff a0 78 08 00 00 0f 1f 00 48 8b 07 41 89 d1 89
0x00007f557c61de67:   ce 4c 89 c2 44 89 cf 48 8b 40 18 48 8b 80 b8 15 

Register to memory mapping:

RAX=0x0000000000000000 is an unknown value
RBX={method} {0x00007f55946ec058} 'glCreateProgram' '()I' in 'org/lwjgl/opengl/GL20'
RCX=0x0000000000000003 is an unknown value
RDX=0x00007f559801a5d8: <offset 0xf1f5d8> in /usr/lib/jvm/java-8-openjdk-amd64/jre/lib/amd64/server/libjvm.so at 0x00007f55970fb000
RSP=0x00007f5598e4b868 is pointing into the stack for thread: 0x00007f559000b000
RBP=0x00007f5598e4b8b8 is pointing into the stack for thread: 0x00007f559000b000
RSI=0x00007f5598e4b8c8 is pointing into the stack for thread: 0x00007f559000b000
RDI=0x00007f559000b1e0 is an unknown value
R8 ={method} {0x00007f55946ec058} 'glCreateProgram' '()I' in 'org/lwjgl/opengl/GL20'
R9 =0x0000000000000004 is an unknown value
R10=0x00007f5581017748 is at code_begin+808 in an Interpreter codelet
method entry point (kind = native)  [0x00007f5581017420, 0x00007f5581017d20]  2304 bytes
R11=0x00007f5597a59520: <offset 0x95e520> in /usr/lib/jvm/java-8-openjdk-amd64/jre/lib/amd64/server/libjvm.so at 0x00007f55970fb000
R12=0x0000000000000000 is an unknown value
R13=0x00007f55946ec050 is pointing into metadata
R14=0x00007f5598e4b8d0 is pointing into the stack for thread: 0x00007f559000b000
R15=0x00007f559000b000 is a thread


Stack: [0x00007f5598d4c000,0x00007f5598e4d000],  sp=0x00007f5598e4b868,  free space=1022k
Native frames: (J=compiled Java code, j=interpreted, Vv=VM code, C=native code)
C  [liblwjgl_opengl.so+0x45e57]  Java_org_lwjgl_opengl_GL20_glCreateProgram+0x7
j  ShaderProgram.<init>()V+5
j  Game.start()V+5
j  Main.main([Ljava/lang/String;)V+17
v  ~StubRoutines::call_stub
V  [libjvm.so+0x66415b]
V  [libjvm.so+0x685e9e]
V  [libjvm.so+0x6887cf]
C  [libjli.so+0x3552]
C  [libjli.so+0x73dd]
C  [libpthread.so.0+0x76ba]  start_thread+0xca

Java frames: (J=compiled Java code, j=interpreted, Vv=VM code)
j  org.lwjgl.opengl.GL20.glCreateProgram()I+0
j  ShaderProgram.<init>()V+5
j  Game.start()V+5
j  Main.main([Ljava/lang/String;)V+17
v  ~StubRoutines::call_stub

---------------  P R O C E S S  ---------------

Java Threads: ( => current thread )
  0x00007f55900bb800 JavaThread "Service Thread" daemon [_thread_blocked, id=11477, stack(0x00007f557d058000,0x00007f557d159000)]
  0x00007f55900b3800 JavaThread "C1 CompilerThread2" daemon [_thread_blocked, id=11476, stack(0x00007f557d159000,0x00007f557d25a000)]
  0x00007f55900b2000 JavaThread "C2 CompilerThread1" daemon [_thread_blocked, id=11475, stack(0x00007f557d25a000,0x00007f557d35b000)]
  0x00007f55900af000 JavaThread "C2 CompilerThread0" daemon [_thread_blocked, id=11474, stack(0x00007f557d35b000,0x00007f557d45c000)]
  0x00007f55900ad000 JavaThread "Signal Dispatcher" daemon [_thread_blocked, id=11473, stack(0x00007f557d45c000,0x00007f557d55d000)]
  0x00007f5590084800 JavaThread "Finalizer" daemon [_thread_blocked, id=11472, stack(0x00007f557df1d000,0x00007f557e01e000)]
  0x00007f5590080000 JavaThread "Reference Handler" daemon [_thread_blocked, id=11471, stack(0x00007f557e01e000,0x00007f557e11f000)]
=>0x00007f559000b000 JavaThread "main" [_thread_in_native, id=11465, stack(0x00007f5598d4c000,0x00007f5598e4d000)]

Other Threads:
  0x00007f5590078000 VMThread [stack: 0x00007f557e11f000,0x00007f557e220000] [id=11470]
  0x00007f55900be000 WatcherThread [stack: 0x00007f557cf57000,0x00007f557d058000] [id=11478]

VM state:not at safepoint (normal execution)

VM Mutex/Monitor currently owned by a thread: None

Heap:
 PSYoungGen      total 18432K, used 4766K [0x00000000eb900000, 0x00000000ecd80000, 0x0000000100000000)
  eden space 15872K, 30% used [0x00000000eb900000,0x00000000ebda7bc8,0x00000000ec880000)
  from space 2560K, 0% used [0x00000000ecb00000,0x00000000ecb00000,0x00000000ecd80000)
  to   space 2560K, 0% used [0x00000000ec880000,0x00000000ec880000,0x00000000ecb00000)
 ParOldGen       total 42496K, used 0K [0x00000000c2a00000, 0x00000000c5380000, 0x00000000eb900000)
  object space 42496K, 0% used [0x00000000c2a00000,0x00000000c2a00000,0x00000000c5380000)
 Metaspace       used 5014K, capacity 5334K, committed 5632K, reserved 1056768K
  class space    used 550K, capacity 641K, committed 768K, reserved 1048576K

Card table byte_map: [0x00007f559521d000,0x00007f5595409000] byte_map_base: 0x00007f5594c08000

Marking Bits: (ParMarkBitMap*) 0x00007f559801e2c0
 Begin Bits: [0x00007f557f150000, 0x00007f55800a8000)
 End Bits:   [0x00007f55800a8000, 0x00007f5581000000)

Polling page: 0x00007f5598e71000

CodeCache: size=245760Kb used=1812Kb max_used=1812Kb free=243947Kb
 bounds [0x00007f5581000000, 0x00007f5581270000, 0x00007f5590000000]
 total_blobs=684 nmethods=370 adapters=229
 compilation: enabled

Compilation events (10 events):
Event: 0,221 Thread 0x00007f55900b3800  366       3       jdk.internal.org.objectweb.asm.ByteVector::enlarge (51 bytes)
Event: 0,221 Thread 0x00007f55900b3800 nmethod 366 0x00007f55811c3110 code [0x00007f55811c3280, 0x00007f55811c3588]
Event: 0,222 Thread 0x00007f55900b3800  367       1       java.util.zip.ZipCoder::isUTF8 (5 bytes)
Event: 0,222 Thread 0x00007f55900b3800 nmethod 367 0x00007f55811c2e50 code [0x00007f55811c2fa0, 0x00007f55811c30b0]
Event: 0,224 Thread 0x00007f55900b3800  368       1       sun.misc.URLClassPath$JarLoader::access$700 (5 bytes)
Event: 0,225 Thread 0x00007f55900b3800 nmethod 368 0x00007f55811c2b90 code [0x00007f55811c2ce0, 0x00007f55811c2dd0]
Event: 0,230 Thread 0x00007f55900b3800  369       3       java.lang.Character::toUpperCase (6 bytes)
Event: 0,230 Thread 0x00007f55900b3800 nmethod 369 0x00007f55811c5290 code [0x00007f55811c5420, 0x00007f55811c56b8]
Event: 0,230 Thread 0x00007f55900b3800  370       3       java.lang.Character::toUpperCase (9 bytes)
Event: 0,230 Thread 0x00007f55900b3800 nmethod 370 0x00007f55811c57d0 code [0x00007f55811c5940, 0x00007f55811c5b78]

GC Heap History (0 events):
No events

Deoptimization events (0 events):
No events

Internal exceptions (10 events):
Event: 0,137 Thread 0x00007f559000b000 Exception <a 'java/lang/NoSuchFieldError': method resolution failed> (0x00000000ebb8ad48) thrown at [/build/openjdk-8-pZyJp3/openjdk-8-8u131-b11/src/hotspot/src/share/vm/prims/methodHandles.cpp, line 1146]
Event: 0,139 Thread 0x00007f559000b000 Exception <a 'java/lang/NoSuchFieldError': method resolution failed> (0x00000000ebb98178) thrown at [/build/openjdk-8-pZyJp3/openjdk-8-8u131-b11/src/hotspot/src/share/vm/prims/methodHandles.cpp, line 1146]
Event: 0,181 Thread 0x00007f559000b000 Exception <a 'java/lang/NoSuchMethodError': java.lang.Object.lambda$static$0(Ljava/lang/String;)Ljava/lang/Boolean;> (0x00000000ebca2570) thrown at [/build/openjdk-8-pZyJp3/openjdk-8-8u131-b11/src/hotspot/src/share/vm/interpreter/linkResolver.cpp, line 58
Event: 0,194 Thread 0x00007f559000b000 Exception <a 'java/security/PrivilegedActionException'> (0x00000000ebcd1100) thrown at [/build/openjdk-8-pZyJp3/openjdk-8-8u131-b11/src/hotspot/src/share/vm/prims/jvm.cpp, line 1390]
Event: 0,194 Thread 0x00007f559000b000 Exception <a 'java/security/PrivilegedActionException'> (0x00000000ebcd1310) thrown at [/build/openjdk-8-pZyJp3/openjdk-8-8u131-b11/src/hotspot/src/share/vm/prims/jvm.cpp, line 1390]
Event: 0,195 Thread 0x00007f559000b000 Exception <a 'java/security/PrivilegedActionException'> (0x00000000ebcd3398) thrown at [/build/openjdk-8-pZyJp3/openjdk-8-8u131-b11/src/hotspot/src/share/vm/prims/jvm.cpp, line 1390]
Event: 0,195 Thread 0x00007f559000b000 Exception <a 'java/security/PrivilegedActionException'> (0x00000000ebcd35a8) thrown at [/build/openjdk-8-pZyJp3/openjdk-8-8u131-b11/src/hotspot/src/share/vm/prims/jvm.cpp, line 1390]
Event: 0,195 Thread 0x00007f559000b000 Exception <a 'java/security/PrivilegedActionException'> (0x00000000ebcd4080) thrown at [/build/openjdk-8-pZyJp3/openjdk-8-8u131-b11/src/hotspot/src/share/vm/prims/jvm.cpp, line 1390]
Event: 0,195 Thread 0x00007f559000b000 Exception <a 'java/security/PrivilegedActionException'> (0x00000000ebcd4290) thrown at [/build/openjdk-8-pZyJp3/openjdk-8-8u131-b11/src/hotspot/src/share/vm/prims/jvm.cpp, line 1390]
Event: 0,218 Thread 0x00007f559000b000 Exception <a 'sun/nio/fs/UnixException'> (0x00000000ebd221b0) thrown at [/build/openjdk-8-pZyJp3/openjdk-8-8u131-b11/src/hotspot/src/share/vm/prims/jni.cpp, line 709]

Events (10 events):
Event: 0,227 loading class org/lwjgl/system/jni/JNINativeInterface
Event: 0,227 loading class org/lwjgl/system/jni/JNINativeInterface done
Event: 0,228 loading class org/lwjgl/system/linux/DynamicLinkLoader
Event: 0,228 loading class org/lwjgl/system/linux/DynamicLinkLoader done
Event: 0,229 loading class org/lwjgl/opengl/GL$2
Event: 0,229 loading class org/lwjgl/opengl/GL$2 done
Event: 0,230 loading class org/lwjgl/opengl/GL$SharedLibraryGL
Event: 0,230 loading class org/lwjgl/opengl/GL$SharedLibraryGL done
Event: 0,230 loading class org/lwjgl/system/SharedLibrary$Delegate
Event: 0,230 loading class org/lwjgl/system/SharedLibrary$Delegate done


Dynamic libraries:
00400000-00401000 r-xp 00000000 fd:01 20187746                           /usr/lib/jvm/java-8-openjdk-amd64/jre/bin/java
00600000-00601000 r--p 00000000 fd:01 20187746                           /usr/lib/jvm/java-8-openjdk-amd64/jre/bin/java
00601000-00602000 rw-p 00001000 fd:01 20187746                           /usr/lib/jvm/java-8-openjdk-amd64/jre/bin/java
0170a000-0172b000 rw-p 00000000 00:00 0                                  [heap]
c2a00000-c5380000 rw-p 00000000 00:00 0 
c5380000-eb900000 ---p 00000000 00:00 0 
eb900000-ecd80000 rw-p 00000000 00:00 0 
ecd80000-100000000 ---p 00000000 00:00 0 
100000000-1000c0000 rw-p 00000000 00:00 0 
1000c0000-140000000 ---p 00000000 00:00 0 
7f5540000000-7f5540021000 rw-p 00000000 00:00 0 
7f5540021000-7f5544000000 ---p 00000000 00:00 0 
7f5544000000-7f5544021000 rw-p 00000000 00:00 0 
7f5544021000-7f5548000000 ---p 00000000 00:00 0 
7f5548000000-7f5548045000 rw-p 00000000 00:00 0 
7f5548045000-7f554c000000 ---p 00000000 00:00 0 
7f554c000000-7f554c1b8000 rw-p 00000000 00:00 0 
7f554c1b8000-7f5550000000 ---p 00000000 00:00 0 
7f5550000000-7f5550021000 rw-p 00000000 00:00 0 
7f5550021000-7f5554000000 ---p 00000000 00:00 0 
7f5554000000-7f5554099000 rw-p 00000000 00:00 0 
7f5554099000-7f5558000000 ---p 00000000 00:00 0 
7f5558000000-7f5558021000 rw-p 00000000 00:00 0 
7f5558021000-7f555c000000 ---p 00000000 00:00 0 
7f555c000000-7f555c021000 rw-p 00000000 00:00 0 
7f555c021000-7f5560000000 ---p 00000000 00:00 0 
7f5560000000-7f5560021000 rw-p 00000000 00:00 0 
7f5560021000-7f5564000000 ---p 00000000 00:00 0 
7f5564000000-7f5564021000 rw-p 00000000 00:00 0 
7f5564021000-7f5568000000 ---p 00000000 00:00 0 
7f5568000000-7f5568021000 rw-p 00000000 00:00 0 
7f5568021000-7f556c000000 ---p 00000000 00:00 0 
7f556ea5d000-7f556ea62000 r-xp 00000000 fd:01 20061955                   /usr/lib/x86_64-linux-gnu/libXdmcp.so.6.0.0
7f556ea62000-7f556ec61000 ---p 00005000 fd:01 20061955                   /usr/lib/x86_64-linux-gnu/libXdmcp.so.6.0.0
7f556ec61000-7f556ec62000 r--p 00004000 fd:01 20061955                   /usr/lib/x86_64-linux-gnu/libXdmcp.so.6.0.0
7f556ec62000-7f556ec63000 rw-p 00005000 fd:01 20061955                   /usr/lib/x86_64-linux-gnu/libXdmcp.so.6.0.0
7f556ec63000-7f556ec65000 r-xp 00000000 fd:01 20061944                   /usr/lib/x86_64-linux-gnu/libXau.so.6.0.0
7f556ec65000-7f556ee65000 ---p 00002000 fd:01 20061944                   /usr/lib/x86_64-linux-gnu/libXau.so.6.0.0
7f556ee65000-7f556ee66000 r--p 00002000 fd:01 20061944                   /usr/lib/x86_64-linux-gnu/libXau.so.6.0.0
7f556ee66000-7f556ee67000 rw-p 00003000 fd:01 20061944                   /usr/lib/x86_64-linux-gnu/libXau.so.6.0.0
7f556ee67000-7f556ee77000 r-xp 00000000 fd:01 20062256                   /usr/lib/x86_64-linux-gnu/libdrm.so.2.4.0
7f556ee77000-7f556f076000 ---p 00010000 fd:01 20062256                   /usr/lib/x86_64-linux-gnu/libdrm.so.2.4.0
7f556f076000-7f556f077000 r--p 0000f000 fd:01 20062256                   /usr/lib/x86_64-linux-gnu/libdrm.so.2.4.0
7f556f077000-7f556f078000 rw-p 00010000 fd:01 20062256                   /usr/lib/x86_64-linux-gnu/libdrm.so.2.4.0
7f556f078000-7f556f07d000 r-xp 00000000 fd:01 20061995                   /usr/lib/x86_64-linux-gnu/libXxf86vm.so.1.0.0
7f556f07d000-7f556f27c000 ---p 00005000 fd:01 20061995                   /usr/lib/x86_64-linux-gnu/libXxf86vm.so.1.0.0
7f556f27c000-7f556f27d000 r--p 00004000 fd:01 20061995                   /usr/lib/x86_64-linux-gnu/libXxf86vm.so.1.0.0
7f556f27d000-7f556f27e000 rw-p 00005000 fd:01 20061995                   /usr/lib/x86_64-linux-gnu/libXxf86vm.so.1.0.0
7f556f27e000-7f556f29f000 r-xp 00000000 fd:01 20063362                   /usr/lib/x86_64-linux-gnu/libxcb.so.1.1.0
7f556f29f000-7f556f49e000 ---p 00021000 fd:01 20063362                   /usr/lib/x86_64-linux-gnu/libxcb.so.1.1.0
7f556f49e000-7f556f49f000 r--p 00020000 fd:01 20063362                   /usr/lib/x86_64-linux-gnu/libxcb.so.1.1.0
7f556f49f000-7f556f4a0000 rw-p 00021000 fd:01 20063362                   /usr/lib/x86_64-linux-gnu/libxcb.so.1.1.0
7f556f4a0000-7f556f4a4000 r-xp 00000000 fd:01 20063330                   /usr/lib/x86_64-linux-gnu/libxcb-dri2.so.0.0.0
7f556f4a4000-7f556f6a3000 ---p 00004000 fd:01 20063330                   /usr/lib/x86_64-linux-gnu/libxcb-dri2.so.0.0.0
7f556f6a3000-7f556f6a4000 r--p 00003000 fd:01 20063330                   /usr/lib/x86_64-linux-gnu/libxcb-dri2.so.0.0.0
7f556f6a4000-7f556f6a5000 rw-p 00004000 fd:01 20063330                   /usr/lib/x86_64-linux-gnu/libxcb-dri2.so.0.0.0
7f556f6a5000-7f556f6bc000 r-xp 00000000 fd:01 20063334                   /usr/lib/x86_64-linux-gnu/libxcb-glx.so.0.0.0
7f556f6bc000-7f556f8bb000 ---p 00017000 fd:01 20063334                   /usr/lib/x86_64-linux-gnu/libxcb-glx.so.0.0.0
7f556f8bb000-7f556f8bd000 r--p 00016000 fd:01 20063334                   /usr/lib/x86_64-linux-gnu/libxcb-glx.so.0.0.0
7f556f8bd000-7f556f8be000 rw-p 00018000 fd:01 20063334                   /usr/lib/x86_64-linux-gnu/libxcb-glx.so.0.0.0
7f556f8be000-7f556f9f3000 r-xp 00000000 fd:01 20061940                   /usr/lib/x86_64-linux-gnu/libX11.so.6.3.0
7f556f9f3000-7f556fbf3000 ---p 00135000 fd:01 20061940                   /usr/lib/x86_64-linux-gnu/libX11.so.6.3.0
7f556fbf3000-7f556fbf4000 r--p 00135000 fd:01 20061940                   /usr/lib/x86_64-linux-gnu/libX11.so.6.3.0
7f556fbf4000-7f556fbf8000 rw-p 00136000 fd:01 20061940                   /usr/lib/x86_64-linux-gnu/libX11.so.6.3.0
7f556fbf8000-7f556fbf9000 r-xp 00000000 fd:01 20061938                   /usr/lib/x86_64-linux-gnu/libX11-xcb.so.1.0.0
7f556fbf9000-7f556fdf8000 ---p 00001000 fd:01 20061938                   /usr/lib/x86_64-linux-gnu/libX11-xcb.so.1.0.0
7f556fdf8000-7f556fdf9000 r--p 00000000 fd:01 20061938                   /usr/lib/x86_64-linux-gnu/libX11-xcb.so.1.0.0
7f556fdf9000-7f556fdfa000 rw-p 00001000 fd:01 20061938                   /usr/lib/x86_64-linux-gnu/libX11-xcb.so.1.0.0
7f556fdfa000-7f556fdff000 r-xp 00000000 fd:01 20061959                   /usr/lib/x86_64-linux-gnu/libXfixes.so.3.1.0
7f556fdff000-7f556fffe000 ---p 00005000 fd:01 20061959                   /usr/lib/x86_64-linux-gnu/libXfixes.so.3.1.0
7f556fffe000-7f556ffff000 r--p 00004000 fd:01 20061959                   /usr/lib/x86_64-linux-gnu/libXfixes.so.3.1.0
7f556ffff000-7f5570000000 rw-p 00005000 fd:01 20061959                   /usr/lib/x86_64-linux-gnu/libXfixes.so.3.1.0
7f5570000000-7f5570021000 rw-p 00000000 00:00 0 
7f5570021000-7f5574000000 ---p 00000000 00:00 0 
7f55741ab000-7f55741ad000 r-xp 00000000 fd:01 20061953                   /usr/lib/x86_64-linux-gnu/libXdamage.so.1.1.0
7f55741ad000-7f55743ac000 ---p 00002000 fd:01 20061953                   /usr/lib/x86_64-linux-gnu/libXdamage.so.1.1.0
7f55743ac000-7f55743ad000 r--p 00001000 fd:01 20061953                   /usr/lib/x86_64-linux-gnu/libXdamage.so.1.1.0
7f55743ad000-7f55743ae000 rw-p 00002000 fd:01 20061953                   /usr/lib/x86_64-linux-gnu/libXdamage.so.1.1.0
7f55743ae000-7f55743bf000 r-xp 00000000 fd:01 20061957                   /usr/lib/x86_64-linux-gnu/libXext.so.6.4.0
7f55743bf000-7f55745be000 ---p 00011000 fd:01 20061957                   /usr/lib/x86_64-linux-gnu/libXext.so.6.4.0
7f55745be000-7f55745bf000 r--p 00010000 fd:01 20061957                   /usr/lib/x86_64-linux-gnu/libXext.so.6.4.0
7f55745bf000-7f55745c0000 rw-p 00011000 fd:01 20061957                   /usr/lib/x86_64-linux-gnu/libXext.so.6.4.0
7f55745c0000-7f55745ea000 r-xp 00000000 fd:01 20062457                   /usr/lib/x86_64-linux-gnu/libglapi.so.0.0.0
7f55745ea000-7f55747e9000 ---p 0002a000 fd:01 20062457                   /usr/lib/x86_64-linux-gnu/libglapi.so.0.0.0
7f55747e9000-7f55747ed000 r--p 00029000 fd:01 20062457                   /usr/lib/x86_64-linux-gnu/libglapi.so.0.0.0
7f55747ed000-7f55747ee000 rw-p 0002d000 fd:01 20062457                   /usr/lib/x86_64-linux-gnu/libglapi.so.0.0.0
7f55747ee000-7f55747ef000 rw-p 00000000 00:00 0 
7f55747ef000-7f55747f0000 r-xp 00000000 fd:01 20063374                   /usr/lib/x86_64-linux-gnu/libxshmfence.so.1.0.0
7f55747f0000-7f55749f0000 ---p 00001000 fd:01 20063374                   /usr/lib/x86_64-linux-gnu/libxshmfence.so.1.0.0
7f55749f0000-7f55749f1000 r--p 00001000 fd:01 20063374                   /usr/lib/x86_64-linux-gnu/libxshmfence.so.1.0.0
7f55749f1000-7f55749f2000 rw-p 00002000 fd:01 20063374                   /usr/lib/x86_64-linux-gnu/libxshmfence.so.1.0.0
7f55749f2000-7f55749f7000 r-xp 00000000 fd:01 20063354                   /usr/lib/x86_64-linux-gnu/libxcb-sync.so.1.0.0
7f55749f7000-7f5574bf7000 ---p 00005000 fd:01 20063354                   /usr/lib/x86_64-linux-gnu/libxcb-sync.so.1.0.0
7f5574bf7000-7f5574bf8000 r--p 00005000 fd:01 20063354                   /usr/lib/x86_64-linux-gnu/libxcb-sync.so.1.0.0
7f5574bf8000-7f5574bf9000 rw-p 00006000 fd:01 20063354                   /usr/lib/x86_64-linux-gnu/libxcb-sync.so.1.0.0
7f5574bf9000-7f5574bfb000 r-xp 00000000 fd:01 20063342                   /usr/lib/x86_64-linux-gnu/libxcb-present.so.0.0.0
7f5574bfb000-7f5574dfa000 ---p 00002000 fd:01 20063342                   /usr/lib/x86_64-linux-gnu/libxcb-present.so.0.0.0
7f5574dfa000-7f5574dfb000 r--p 00001000 fd:01 20063342                   /usr/lib/x86_64-linux-gnu/libxcb-present.so.0.0.0
7f5574dfb000-7f5574dfc000 rw-p 00002000 fd:01 20063342                   /usr/lib/x86_64-linux-gnu/libxcb-present.so.0.0.0
7f5574dfc000-7f5574dfe000 r-xp 00000000 fd:01 20063332                   /usr/lib/x86_64-linux-gnu/libxcb-dri3.so.0.0.0
7f5574dfe000-7f5574ffd000 ---p 00002000 fd:01 20063332                   /usr/lib/x86_64-linux-gnu/libxcb-dri3.so.0.0.0
7f5574ffd000-7f5574ffe000 r--p 00001000 fd:01 20063332                   /usr/lib/x86_64-linux-gnu/libxcb-dri3.so.0.0.0
7f5574ffe000-7f5574fff000 rw-p 00002000 fd:01 20063332                   /usr/lib/x86_64-linux-gnu/libxcb-dri3.so.0.0.0
7f5574fff000-7f5578000000 rw-p 00000000 00:00 0 
7f5578000000-7f5578021000 rw-p 00000000 00:00 0 
7f5578021000-7f557c000000 ---p 00000000 00:00 0 
7f557c11d000-7f557c143000 r-xp 00000000 fd:01 14946789                   /lib/x86_64-linux-gnu/libexpat.so.1.6.0
7f557c143000-7f557c343000 ---p 00026000 fd:01 14946789                   /lib/x86_64-linux-gnu/libexpat.so.1.6.0
7f557c343000-7f557c345000 r--p 00026000 fd:01 14946789                   /lib/x86_64-linux-gnu/libexpat.so.1.6.0
7f557c345000-7f557c346000 rw-p 00028000 fd:01 14946789                   /lib/x86_64-linux-gnu/libexpat.so.1.6.0
7f557c346000-7f557c3b4000 r-xp 00000000 fd:01 20319117                   /usr/lib/x86_64-linux-gnu/mesa/libGL.so.1.2.0
7f557c3b4000-7f557c5b3000 ---p 0006e000 fd:01 20319117                   /usr/lib/x86_64-linux-gnu/mesa/libGL.so.1.2.0
7f557c5b3000-7f557c5b6000 r--p 0006d000 fd:01 20319117                   /usr/lib/x86_64-linux-gnu/mesa/libGL.so.1.2.0
7f557c5b6000-7f557c5b7000 rw-p 00070000 fd:01 20319117                   /usr/lib/x86_64-linux-gnu/mesa/libGL.so.1.2.0
7f557c5b7000-7f557c5b8000 rw-p 00000000 00:00 0 
7f557c5d8000-7f557c643000 r-xp 00000000 fd:01 7602205                    /tmp/lwjglroot/3.1.3-SNAPSHOT/liblwjgl_opengl.so
7f557c643000-7f557c842000 ---p 0006b000 fd:01 7602205                    /tmp/lwjglroot/3.1.3-SNAPSHOT/liblwjgl_opengl.so
7f557c842000-7f557c843000 r--p 0006a000 fd:01 7602205                    /tmp/lwjglroot/3.1.3-SNAPSHOT/liblwjgl_opengl.so
7f557c843000-7f557c844000 rw-p 0006b000 fd:01 7602205                    /tmp/lwjglroot/3.1.3-SNAPSHOT/liblwjgl_opengl.so
7f557c844000-7f557c895000 r-xp 00000000 fd:01 7602203                    /tmp/lwjglroot/3.1.3-SNAPSHOT/liblwjgl.so
7f557c895000-7f557ca94000 ---p 00051000 fd:01 7602203                    /tmp/lwjglroot/3.1.3-SNAPSHOT/liblwjgl.so
7f557ca94000-7f557ca95000 r--p 00050000 fd:01 7602203                    /tmp/lwjglroot/3.1.3-SNAPSHOT/liblwjgl.so
7f557ca95000-7f557ca96000 rw-p 00051000 fd:01 7602203                    /tmp/lwjglroot/3.1.3-SNAPSHOT/liblwjgl.so
7f557ca96000-7f557caad000 r-xp 00000000 fd:01 20187689                   /usr/lib/jvm/java-8-openjdk-amd64/jre/lib/amd64/libnet.so
7f557caad000-7f557ccac000 ---p 00017000 fd:01 20187689                   /usr/lib/jvm/java-8-openjdk-amd64/jre/lib/amd64/libnet.so
7f557ccac000-7f557ccad000 r--p 00016000 fd:01 20187689                   /usr/lib/jvm/java-8-openjdk-amd64/jre/lib/amd64/libnet.so
7f557ccad000-7f557ccae000 rw-p 00017000 fd:01 20187689                   /usr/lib/jvm/java-8-openjdk-amd64/jre/lib/amd64/libnet.so
7f557ccae000-7f557ccbf000 r-xp 00000000 fd:01 20187199                   /usr/lib/jvm/java-8-openjdk-amd64/jre/lib/amd64/libnio.so
7f557ccbf000-7f557cebf000 ---p 00011000 fd:01 20187199                   /usr/lib/jvm/java-8-openjdk-amd64/jre/lib/amd64/libnio.so
7f557cebf000-7f557cec0000 r--p 00011000 fd:01 20187199                   /usr/lib/jvm/java-8-openjdk-amd64/jre/lib/amd64/libnio.so
7f557cec0000-7f557cec1000 rw-p 00012000 fd:01 20187199                   /usr/lib/jvm/java-8-openjdk-amd64/jre/lib/amd64/libnio.so
7f557cec1000-7f557ced4000 r--s 00346000 fd:01 20187705                   /usr/lib/jvm/java-8-openjdk-amd64/jre/lib/resources.jar
7f557ced4000-7f557cee6000 r--s 00139000 00:2d 24906636                   /home/daan/lwjgl3/lwjgl-vulkan.jar
7f557cee6000-7f557cee7000 r--s 00030000 00:2d 24906645                   /home/daan/lwjgl3/lwjgl-tinyfd-natives-windows.jar
7f557cee7000-7f557cee8000 r--s 00007000 00:2d 24906627                   /home/daan/lwjgl3/lwjgl-tinyfd-natives-macos.jar
7f557cee8000-7f557cee9000 r--s 00007000 00:2d 24906625                   /home/daan/lwjgl3/lwjgl-tinyfd-natives-linux.jar
7f557cee9000-7f557ceea000 r--s 00001000 00:2d 24906629                   /home/daan/lwjgl3/lwjgl-tinyfd.jar
7f557ceea000-7f557ceeb000 r--s 00074000 00:2d 24906642                   /home/daan/lwjgl3/lwjgl-stb-natives-windows.jar
7f557ceeb000-7f557ceec000 r--s 0002a000 00:2d 24906643                   /home/daan/lwjgl3/lwjgl-stb-natives-macos.jar
7f557ceec000-7f557ceed000 r--s 00030000 00:2d 24906621                   /home/daan/lwjgl3/lwjgl-stb-natives-linux.jar
7f557ceed000-7f557ceef000 r--s 00015000 00:2d 24906623                   /home/daan/lwjgl3/lwjgl-stb.jar
7f557ceef000-7f557cef0000 r--s 00031000 00:2d 24906633                   /home/daan/lwjgl3/lwjgl-par-natives-windows.jar
7f557cef0000-7f557cef1000 r--s 00004000 00:2d 24906618                   /home/daan/lwjgl3/lwjgl-par-natives-macos.jar
7f557cef1000-7f557cef2000 r--s 00005000 00:2d 24905606                   /home/daan/lwjgl3/lwjgl-par-natives-linux.jar
7f557cef2000-7f557cef3000 r--s 00002000 00:2d 24906617                   /home/daan/lwjgl3/lwjgl-par.jar
7f557cef3000-7f557cef4000 r--s 0002a000 00:2d 24906632                   /home/daan/lwjgl3/lwjgl-opengl-natives-windows.jar
7f557cef4000-7f557cef5000 r--s 0000b000 00:2d 24905605                   /home/daan/lwjgl3/lwjgl-opengl-natives-macos.jar
7f557cef5000-7f557cef6000 r--s 00016000 00:2d 24905578                   /home/daan/lwjgl3/lwjgl-opengl-natives-linux.jar
7f557cef6000-7f557cf00000 r--s 000be000 00:2d 24905603                   /home/daan/lwjgl3/lwjgl-opengl.jar
7f557cf00000-7f557cf01000 r--s 00104000 00:2d 24906646                   /home/daan/lwjgl3/lwjgl-openal-natives-windows.jar
7f557cf01000-7f557cf03000 r--s 00063000 00:2d 24906626                   /home/daan/lwjgl3/lwjgl-openal-natives-macos.jar
7f557cf03000-7f557cf04000 r--s 00077000 00:2d 24905570                   /home/daan/lwjgl3/lwjgl-openal-natives-linux.jar
7f557cf04000-7f557cf06000 r--s 00011000 00:2d 24905573                   /home/daan/lwjgl3/lwjgl-openal.jar
7f557cf06000-7f557cf07000 r--s 00040000 00:2d 24906630                   /home/daan/lwjgl3/lwjgl-nuklear-natives-windows.jar
7f557cf07000-7f557cf08000 r--s 0002d000 00:2d 24906620                   /home/daan/lwjgl3/lwjgl-nuklear-natives-macos.jar
7f557cf08000-7f557cf09000 r--s 00021000 00:2d 24905562                   /home/daan/lwjgl3/lwjgl-nuklear-natives-linux.jar
7f557cf09000-7f557cf0f000 r--s 0005a000 00:2d 24905568                   /home/daan/lwjgl3/lwjgl-nuklear.jar
7f557cf0f000-7f557cf10000 r--s 0001f000 00:2d 24905565                   /home/daan/lwjgl3/lwjgl-nfd-natives-windows.jar
7f557cf10000-7f557cf11000 r--s 00001000 00:2d 24905555                   /home/daan/lwjgl3/lwjgl-nfd-natives-macos.jar
7f557cf11000-7f557cf12000 r--s 00001000 00:2d 24905554                   /home/daan/lwjgl3/lwjgl-nfd-natives-linux.jar
7f557cf12000-7f557cf13000 r--s 00001000 00:2d 24905557                   /home/daan/lwjgl3/lwjgl-nfd.jar
7f557cf13000-7f557cf15000 r--s 00037000 00:2d 24906647                   /home/daan/lwjgl3/lwjgl-natives-windows.jar
7f557cf15000-7f557cf16000 r--s 00008000 00:2d 24906644                   /home/daan/lwjgl3/lwjgl-natives-macos.jar
7f557cf16000-7f557cf17000 r--s 00012000 00:2d 24906639                   /home/daan/lwjgl3/lwjgl-natives-linux.jar
7f557cf17000-7f557cf18000 r--s 0005d000 00:2d 24906597                   /home/daan/lwjgl3/lwjgl-nanovg-natives-windows.jar
7f557cf18000-7f557cf19000 r--s 0001d000 00:2d 24905564                   /home/daan/lwjgl3/lwjgl-nanovg-natives-macos.jar
7f557cf19000-7f557cf1a000 r--s 00021000 00:2d 24905549                   /home/daan/lwjgl3/lwjgl-nanovg-natives-linux.jar
7f557cf1a000-7f557cf1b000 r--s 00009000 00:2d 24905551                   /home/daan/lwjgl3/lwjgl-nanovg.jar
7f557cf1b000-7f557cf1c000 r--s 00030000 00:2d 24905577                   /home/daan/lwjgl3/lwjgl-jemalloc-natives-windows.jar
7f557cf1c000-7f557cf1d000 r--s 00017000 00:2d 24905569                   /home/daan/lwjgl3/lwjgl-jemalloc-natives-macos.jar
7f557cf1d000-7f557cf1e000 r--s 0001f000 00:2d 24905543                   /home/daan/lwjgl3/lwjgl-jemalloc-natives-linux.jar
7f557cf1e000-7f557cf20000 r--s 00008000 00:2d 24905545                   /home/daan/lwjgl3/lwjgl-jemalloc.jar
7f557cf20000-7f557cf21000 r--s 0003c000 00:2d 24905576                   /home/daan/lwjgl3/lwjgl-glfw-natives-windows.jar
7f557cf21000-7f557cf25000 r--s 00017000 00:2d 24905540                   /home/daan/lwjgl3/lwjgl-glfw.jar
7f557cf25000-7f557cf29000 r--s 00042000 00:2d 24906641                   /home/daan/lwjgl3/lwjgl.jar
7f557cf29000-7f557cf2e000 r--s 0003b000 fd:01 20186076                   /usr/lib/jvm/java-8-openjdk-amd64/jre/lib/ext/sunjce_provider.jar
7f557cf2e000-7f557cf38000 r--s 00116000 fd:01 20185952                   /usr/lib/jvm/java-8-openjdk-amd64/jre/lib/ext/localedata.jar
7f557cf38000-7f557cf53000 r--s 001d6000 fd:01 20185732                   /usr/lib/jvm/java-8-openjdk-amd64/jre/lib/ext/nashorn.jar
7f557cf53000-7f557cf57000 r--s 00037000 fd:01 20185991                   /usr/lib/jvm/java-8-openjdk-amd64/jre/lib/ext/sunpkcs11.jar
7f557cf57000-7f557cf58000 ---p 00000000 00:00 0 
7f557cf58000-7f557d058000 rw-p 00000000 00:00 0 
7f557d058000-7f557d05b000 ---p 00000000 00:00 0 
7f557d05b000-7f557d159000 rw-p 00000000 00:00 0 
7f557d159000-7f557d15c000 ---p 00000000 00:00 0 
7f557d15c000-7f557d25a000 rw-p 00000000 00:00 0 
7f557d25a000-7f557d25d000 ---p 00000000 00:00 0 
7f557d25d000-7f557d35b000 rw-p 00000000 00:00 0 
7f557d35b000-7f557d35e000 ---p 00000000 00:00 0 
7f557d35e000-7f557d45c000 rw-p 00000000 00:00 0 
7f557d45c000-7f557d45f000 ---p 00000000 00:00 0 
7f557d45f000-7f557d55d000 rw-p 00000000 00:00 0 
7f557d55d000-7f557df1d000 r--p 00000000 fd:01 20060977                   /usr/lib/locale/locale-archive
7f557df1d000-7f557df20000 ---p 00000000 00:00 0 
7f557df20000-7f557e01e000 rw-p 00000000 00:00 0 
7f557e01e000-7f557e021000 ---p 00000000 00:00 0 
7f557e021000-7f557e11f000 rw-p 00000000 00:00 0 
7f557e11f000-7f557e120000 ---p 00000000 00:00 0 
7f557e120000-7f5581000000 rw-p 00000000 00:00 0 
7f5581000000-7f5581270000 rwxp 00000000 00:00 0 
7f5581270000-7f5590000000 ---p 00000000 00:00 0 
7f5590000000-7f55902f3000 rw-p 00000000 00:00 0 
7f55902f3000-7f5594000000 ---p 00000000 00:00 0 
7f5594000000-7f5594001000 r--s 0000d000 00:2d 24905563                   /home/daan/lwjgl3/lwjgl-glfw-natives-macos.jar
7f5594001000-7f5594003000 r--s 00001000 fd:01 20186002                   /usr/lib/jvm/java-8-openjdk-amd64/jre/lib/ext/dnsns.jar
7f5594003000-7f559401e000 r--s 00394000 fd:01 20185556                   /usr/lib/jvm/java-8-openjdk-amd64/jre/lib/ext/cldrdata.jar
7f559401e000-7f55940a2000 rw-p 00000000 00:00 0 
7f55940a2000-7f5594270000 r--s 03c13000 fd:01 20185503                   /usr/lib/jvm/java-8-openjdk-amd64/jre/lib/rt.jar
7f5594270000-7f55947a6000 rw-p 00000000 00:00 0 
7f55947a6000-7f5594ae6000 ---p 00000000 00:00 0 
7f5594ae6000-7f5594cd1000 rw-p 00000000 00:00 0 
7f5594cd1000-7f5594cd2000 ---p 00000000 00:00 0 
7f5594cd2000-7f5594dd2000 rw-p 00000000 00:00 0 
7f5594dd2000-7f5594dd3000 ---p 00000000 00:00 0 
7f5594dd3000-7f5594ed3000 rw-p 00000000 00:00 0 
7f5594ed3000-7f5594ed4000 ---p 00000000 00:00 0 
7f5594ed4000-7f5594fd4000 rw-p 00000000 00:00 0 
7f5594fd4000-7f5594fd5000 ---p 00000000 00:00 0 
7f5594fd5000-7f55950ea000 rw-p 00000000 00:00 0 
7f55950ea000-7f559521d000 ---p 00000000 00:00 0 
7f559521d000-7f5595232000 rw-p 00000000 00:00 0 
7f5595232000-7f5595364000 ---p 00000000 00:00 0 
7f5595364000-7f559536f000 rw-p 00000000 00:00 0 
7f559536f000-7f5595408000 ---p 00000000 00:00 0 
7f5595408000-7f5595413000 rw-p 00000000 00:00 0 
7f5595413000-7f55957c9000 ---p 00000000 00:00 0 
7f55957c9000-7f55957d1000 r-xp 00000000 fd:01 20187678                   /usr/lib/jvm/java-8-openjdk-amd64/jre/lib/amd64/libzip.so
7f55957d1000-7f55959d0000 ---p 00008000 fd:01 20187678                   /usr/lib/jvm/java-8-openjdk-amd64/jre/lib/amd64/libzip.so
7f55959d0000-7f55959d1000 r--p 00007000 fd:01 20187678                   /usr/lib/jvm/java-8-openjdk-amd64/jre/lib/amd64/libzip.so
7f55959d1000-7f55959d2000 rw-p 00008000 fd:01 20187678                   /usr/lib/jvm/java-8-openjdk-amd64/jre/lib/amd64/libzip.so
7f55959d2000-7f55959dd000 r-xp 00000000 fd:01 14946857                   /lib/x86_64-linux-gnu/libnss_files-2.23.so
7f55959dd000-7f5595bdc000 ---p 0000b000 fd:01 14946857                   /lib/x86_64-linux-gnu/libnss_files-2.23.so
7f5595bdc000-7f5595bdd000 r--p 0000a000 fd:01 14946857                   /lib/x86_64-linux-gnu/libnss_files-2.23.so
7f5595bdd000-7f5595bde000 rw-p 0000b000 fd:01 14946857                   /lib/x86_64-linux-gnu/libnss_files-2.23.so
7f5595bde000-7f5595be4000 rw-p 00000000 00:00 0 
7f5595be4000-7f5595bef000 r-xp 00000000 fd:01 14946867                   /lib/x86_64-linux-gnu/libnss_nis-2.23.so
7f5595bef000-7f5595dee000 ---p 0000b000 fd:01 14946867                   /lib/x86_64-linux-gnu/libnss_nis-2.23.so
7f5595dee000-7f5595def000 r--p 0000a000 fd:01 14946867                   /lib/x86_64-linux-gnu/libnss_nis-2.23.so
7f5595def000-7f5595df0000 rw-p 0000b000 fd:01 14946867                   /lib/x86_64-linux-gnu/libnss_nis-2.23.so
7f5595df0000-7f5595e06000 r-xp 00000000 fd:01 14946851                   /lib/x86_64-linux-gnu/libnsl-2.23.so
7f5595e06000-7f5596005000 ---p 00016000 fd:01 14946851                   /lib/x86_64-linux-gnu/libnsl-2.23.so
7f5596005000-7f5596006000 r--p 00015000 fd:01 14946851                   /lib/x86_64-linux-gnu/libnsl-2.23.so
7f5596006000-7f5596007000 rw-p 00016000 fd:01 14946851                   /lib/x86_64-linux-gnu/libnsl-2.23.so
7f5596007000-7f5596009000 rw-p 00000000 00:00 0 
7f5596009000-7f5596011000 r-xp 00000000 fd:01 14946853                   /lib/x86_64-linux-gnu/libnss_compat-2.23.so
7f5596011000-7f5596210000 ---p 00008000 fd:01 14946853                   /lib/x86_64-linux-gnu/libnss_compat-2.23.so
7f5596210000-7f5596211000 r--p 00007000 fd:01 14946853                   /lib/x86_64-linux-gnu/libnss_compat-2.23.so
7f5596211000-7f5596212000 rw-p 00008000 fd:01 14946853                   /lib/x86_64-linux-gnu/libnss_compat-2.23.so
7f5596212000-7f559623f000 r-xp 00000000 fd:01 20187695                   /usr/lib/jvm/java-8-openjdk-amd64/jre/lib/amd64/libjava.so
7f559623f000-7f559643e000 ---p 0002d000 fd:01 20187695                   /usr/lib/jvm/java-8-openjdk-amd64/jre/lib/amd64/libjava.so
7f559643e000-7f559643f000 r--p 0002c000 fd:01 20187695                   /usr/lib/jvm/java-8-openjdk-amd64/jre/lib/amd64/libjava.so
7f559643f000-7f5596441000 rw-p 0002d000 fd:01 20187695                   /usr/lib/jvm/java-8-openjdk-amd64/jre/lib/amd64/libjava.so
7f5596441000-7f5596450000 r-xp 00000000 fd:01 20187203                   /usr/lib/jvm/java-8-openjdk-amd64/jre/lib/amd64/libverify.so
7f5596450000-7f559664f000 ---p 0000f000 fd:01 20187203                   /usr/lib/jvm/java-8-openjdk-amd64/jre/lib/amd64/libverify.so
7f559664f000-7f5596651000 r--p 0000e000 fd:01 20187203                   /usr/lib/jvm/java-8-openjdk-amd64/jre/lib/amd64/libverify.so
7f5596651000-7f5596652000 rw-p 00010000 fd:01 20187203                   /usr/lib/jvm/java-8-openjdk-amd64/jre/lib/amd64/libverify.so
7f5596652000-7f5596659000 r-xp 00000000 fd:01 14946912                   /lib/x86_64-linux-gnu/librt-2.23.so
7f5596659000-7f5596858000 ---p 00007000 fd:01 14946912                   /lib/x86_64-linux-gnu/librt-2.23.so
7f5596858000-7f5596859000 r--p 00006000 fd:01 14946912                   /lib/x86_64-linux-gnu/librt-2.23.so
7f5596859000-7f559685a000 rw-p 00007000 fd:01 14946912                   /lib/x86_64-linux-gnu/librt-2.23.so
7f559685a000-7f5596870000 r-xp 00000000 fd:01 14946796                   /lib/x86_64-linux-gnu/libgcc_s.so.1
7f5596870000-7f5596a6f000 ---p 00016000 fd:01 14946796                   /lib/x86_64-linux-gnu/libgcc_s.so.1
7f5596a6f000-7f5596a70000 rw-p 00015000 fd:01 14946796                   /lib/x86_64-linux-gnu/libgcc_s.so.1
7f5596a70000-7f5596b78000 r-xp 00000000 fd:01 14946828                   /lib/x86_64-linux-gnu/libm-2.23.so
7f5596b78000-7f5596d77000 ---p 00108000 fd:01 14946828                   /lib/x86_64-linux-gnu/libm-2.23.so
7f5596d77000-7f5596d78000 r--p 00107000 fd:01 14946828                   /lib/x86_64-linux-gnu/libm-2.23.so
7f5596d78000-7f5596d79000 rw-p 00108000 fd:01 14946828                   /lib/x86_64-linux-gnu/libm-2.23.so
7f5596d79000-7f5596eeb000 r-xp 00000000 fd:01 20055626                   /usr/lib/x86_64-linux-gnu/libstdc++.so.6.0.21
7f5596eeb000-7f55970eb000 ---p 00172000 fd:01 20055626                   /usr/lib/x86_64-linux-gnu/libstdc++.so.6.0.21
7f55970eb000-7f55970f5000 r--p 00172000 fd:01 20055626                   /usr/lib/x86_64-linux-gnu/libstdc++.so.6.0.21
7f55970f5000-7f55970f7000 rw-p 0017c000 fd:01 20055626                   /usr/lib/x86_64-linux-gnu/libstdc++.so.6.0.21
7f55970f7000-7f55970fb000 rw-p 00000000 00:00 0 
7f55970fb000-7f5597d4f000 r-xp 00000000 fd:01 20187676                   /usr/lib/jvm/java-8-openjdk-amd64/jre/lib/amd64/server/libjvm.so
7f5597d4f000-7f5597f4f000 ---p 00c54000 fd:01 20187676                   /usr/lib/jvm/java-8-openjdk-amd64/jre/lib/amd64/server/libjvm.so
7f5597f4f000-7f5597fe2000 r--p 00c54000 fd:01 20187676                   /usr/lib/jvm/java-8-openjdk-amd64/jre/lib/amd64/server/libjvm.so
7f5597fe2000-7f559800b000 rw-p 00ce7000 fd:01 20187676                   /usr/lib/jvm/java-8-openjdk-amd64/jre/lib/amd64/server/libjvm.so
7f559800b000-7f559803b000 rw-p 00000000 00:00 0 
7f559803b000-7f5598053000 r-xp 00000000 fd:01 14946904                   /lib/x86_64-linux-gnu/libpthread-2.23.so
7f5598053000-7f5598252000 ---p 00018000 fd:01 14946904                   /lib/x86_64-linux-gnu/libpthread-2.23.so
7f5598252000-7f5598253000 r--p 00017000 fd:01 14946904                   /lib/x86_64-linux-gnu/libpthread-2.23.so
7f5598253000-7f5598254000 rw-p 00018000 fd:01 14946904                   /lib/x86_64-linux-gnu/libpthread-2.23.so
7f5598254000-7f5598258000 rw-p 00000000 00:00 0 
7f5598258000-7f559825b000 r-xp 00000000 fd:01 14946782                   /lib/x86_64-linux-gnu/libdl-2.23.so
7f559825b000-7f559845a000 ---p 00003000 fd:01 14946782                   /lib/x86_64-linux-gnu/libdl-2.23.so
7f559845a000-7f559845b000 r--p 00002000 fd:01 14946782                   /lib/x86_64-linux-gnu/libdl-2.23.so
7f559845b000-7f559845c000 rw-p 00003000 fd:01 14946782                   /lib/x86_64-linux-gnu/libdl-2.23.so
7f559845c000-7f5598475000 r-xp 00000000 fd:01 14946949                   /lib/x86_64-linux-gnu/libz.so.1.2.8
7f5598475000-7f5598674000 ---p 00019000 fd:01 14946949                   /lib/x86_64-linux-gnu/libz.so.1.2.8
7f5598674000-7f5598675000 r--p 00018000 fd:01 14946949                   /lib/x86_64-linux-gnu/libz.so.1.2.8
7f5598675000-7f5598676000 rw-p 00019000 fd:01 14946949                   /lib/x86_64-linux-gnu/libz.so.1.2.8
7f5598676000-7f5598836000 r-xp 00000000 fd:01 14946758                   /lib/x86_64-linux-gnu/libc-2.23.so
7f5598836000-7f5598a36000 ---p 001c0000 fd:01 14946758                   /lib/x86_64-linux-gnu/libc-2.23.so
7f5598a36000-7f5598a3a000 r--p 001c0000 fd:01 14946758                   /lib/x86_64-linux-gnu/libc-2.23.so
7f5598a3a000-7f5598a3c000 rw-p 001c4000 fd:01 14946758                   /lib/x86_64-linux-gnu/libc-2.23.so
7f5598a3c000-7f5598a40000 rw-p 00000000 00:00 0 
7f5598a40000-7f5598a4d000 r-xp 00000000 fd:01 20187201                   /usr/lib/jvm/java-8-openjdk-amd64/jre/lib/amd64/jli/libjli.so
7f5598a4d000-7f5598c4d000 ---p 0000d000 fd:01 20187201                   /usr/lib/jvm/java-8-openjdk-amd64/jre/lib/amd64/jli/libjli.so
7f5598c4d000-7f5598c4e000 r--p 0000d000 fd:01 20187201                   /usr/lib/jvm/java-8-openjdk-amd64/jre/lib/amd64/jli/libjli.so
7f5598c4e000-7f5598c4f000 rw-p 0000e000 fd:01 20187201                   /usr/lib/jvm/java-8-openjdk-amd64/jre/lib/amd64/jli/libjli.so
7f5598c4f000-7f5598c75000 r-xp 00000000 fd:01 14946730                   /lib/x86_64-linux-gnu/ld-2.23.so
7f5598c75000-7f5598c76000 r--s 00011000 00:2d 24905538                   /home/daan/lwjgl3/lwjgl-glfw-natives-linux.jar
7f5598c76000-7f5598c78000 r--s 00008000 fd:01 20186090                   /usr/lib/jvm/java-8-openjdk-amd64/jre/lib/ext/sunec.jar
7f5598c78000-7f5598c7b000 r--s 0000f000 fd:01 20186087                   /usr/lib/jvm/java-8-openjdk-amd64/jre/lib/ext/icedtea-sound.jar
7f5598c7b000-7f5598d4c000 rw-p 00000000 00:00 0 
7f5598d4c000-7f5598d4f000 ---p 00000000 00:00 0 
7f5598d4f000-7f5598e52000 rw-p 00000000 00:00 0 
7f5598e52000-7f5598e53000 r--s 0000a000 fd:01 20186064                   /usr/lib/jvm/java-8-openjdk-amd64/jre/lib/ext/jaccess.jar
7f5598e53000-7f5598e54000 r--s 00010000 fd:01 20187194                   /usr/lib/jvm/java-8-openjdk-amd64/jre/lib/ext/zipfs.jar
7f5598e54000-7f5598e68000 rw-p 00000000 00:00 0 
7f5598e68000-7f5598e70000 rw-s 00000000 fd:01 7602214                    /tmp/hsperfdata_root/11459
7f5598e70000-7f5598e71000 rw-p 00000000 00:00 0 
7f5598e71000-7f5598e72000 r--p 00000000 00:00 0 
7f5598e72000-7f5598e74000 rw-p 00000000 00:00 0 
7f5598e74000-7f5598e75000 r--p 00025000 fd:01 14946730                   /lib/x86_64-linux-gnu/ld-2.23.so
7f5598e75000-7f5598e76000 rw-p 00026000 fd:01 14946730                   /lib/x86_64-linux-gnu/ld-2.23.so
7f5598e76000-7f5598e77000 rw-p 00000000 00:00 0 
7fff02987000-7fff029a9000 rw-p 00000000 00:00 0                          [stack]
7fff029df000-7fff029e1000 r--p 00000000 00:00 0                          [vvar]
7fff029e1000-7fff029e3000 r-xp 00000000 00:00 0                          [vdso]
ffffffffff600000-ffffffffff601000 r-xp 00000000 00:00 0                  [vsyscall]

VM Arguments:
jvm_args: -Dfile.encoding=UTF-8 
java_command: Main
java_class_path (initial): /home/daan/lwjgl3/lwjgl.jar:/home/daan/lwjgl3/lwjgl-glfw.jar:/home/daan/lwjgl3/lwjgl-glfw-natives-linux.jar:/home/daan/lwjgl3/lwjgl-glfw-natives-macos.jar:/home/daan/lwjgl3/lwjgl-glfw-natives-windows.jar:/home/daan/lwjgl3/lwjgl-jemalloc.jar:/home/daan/lwjgl3/lwjgl-jemalloc-natives-linux.jar:/home/daan/lwjgl3/lwjgl-jemalloc-natives-macos.jar:/home/daan/lwjgl3/lwjgl-jemalloc-natives-windows.jar:/home/daan/lwjgl3/lwjgl-nanovg.jar:/home/daan/lwjgl3/lwjgl-nanovg-natives-linux.jar:/home/daan/lwjgl3/lwjgl-nanovg-natives-macos.jar:/home/daan/lwjgl3/lwjgl-nanovg-natives-windows.jar:/home/daan/lwjgl3/lwjgl-natives-linux.jar:/home/daan/lwjgl3/lwjgl-natives-macos.jar:/home/daan/lwjgl3/lwjgl-natives-windows.jar:/home/daan/lwjgl3/lwjgl-nfd.jar:/home/daan/lwjgl3/lwjgl-nfd-natives-linux.jar:/home/daan/lwjgl3/lwjgl-nfd-natives-macos.jar:/home/daan/lwjgl3/lwjgl-nfd-natives-windows.jar:/home/daan/lwjgl3/lwjgl-nuklear.jar:/home/daan/lwjgl3/lwjgl-nuklear-natives-linux.jar:/home/daan/lwjgl3/lwjgl-nuklear-natives-macos.jar:/home/daan/lwjgl3/lwjgl-nuklear-natives-windows.jar:/home/daan/lwjgl3/lwjgl-openal.jar:/home/daan/lwjgl3/lwjgl-openal-natives-linux.jar:/home/daan/lwjgl3/lwjgl-openal-natives-macos.jar:/home/daan/lwjgl3/lwjgl-openal-natives-windows.jar:/home/daan/lwjgl3/lwjgl-opengl.jar:/home/daan/lwjgl3/lwjgl-opengl-natives-linux.jar:/home/daan/lwjgl3/lwjgl-opengl-natives-macos.jar:/home/daan/lwjgl3/lwjgl-opengl-natives-windows.jar:/home/daan/lwjgl3/lwjgl-par.jar:/home/daan/lwjgl3/lwjgl-par-natives-linux.jar:/home/daan/lwjgl3/lwjgl-par-natives-macos.jar:/home/daan/lwjgl3/lwjgl-par-natives-windows.jar:/home/daan/lwjgl3/lwjgl-stb.jar:/home/daan/lwjgl3/lwjgl-stb-natives-linux.jar:/home/daan/lwjgl3/lwjgl-stb-natives-macos.jar:/home/daan/lwjgl3/lwjgl-stb-natives-windows.jar:/home/daan/lwjgl3/lwjgl-tinyfd.jar:/home/daan/lwjgl3/lwjgl-tinyfd-natives-linux.jar:/home/daan/lwjgl3/lwjgl-tinyfd-natives-macos.jar:/home/daan/lwjgl3/lwjgl-tinyfd-natives-windows.jar:/home/d
Launcher Type: SUN_STANDARD

Environment Variables:
PATH=/usr/local/sbin:/usr/local/bin:/usr/sbin:/usr/bin:/sbin:/bin:/snap/bin
USERNAME=root
SHELL=/bin/bash
DISPLAY=:1

Signal Handlers:
SIGSEGV: [libjvm.so+0xa6ad10], sa_mask[0]=11111111011111111101111111111110, sa_flags=SA_RESTART|SA_SIGINFO
SIGBUS: [libjvm.so+0xa6ad10], sa_mask[0]=11111111011111111101111111111110, sa_flags=SA_RESTART|SA_SIGINFO
SIGFPE: [libjvm.so+0x8b3bc0], sa_mask[0]=11111111011111111101111111111110, sa_flags=SA_RESTART|SA_SIGINFO
SIGPIPE: [libjvm.so+0x8b3bc0], sa_mask[0]=11111111011111111101111111111110, sa_flags=SA_RESTART|SA_SIGINFO
SIGXFSZ: [libjvm.so+0x8b3bc0], sa_mask[0]=11111111011111111101111111111110, sa_flags=SA_RESTART|SA_SIGINFO
SIGILL: [libjvm.so+0x8b3bc0], sa_mask[0]=11111111011111111101111111111110, sa_flags=SA_RESTART|SA_SIGINFO
SIGUSR1: SIG_DFL, sa_mask[0]=00000000000000000000000000000000, sa_flags=none
SIGUSR2: [libjvm.so+0x8b3a70], sa_mask[0]=00100000000000000000000000000000, sa_flags=SA_RESTART|SA_SIGINFO
SIGHUP: [libjvm.so+0x8b3f40], sa_mask[0]=11111111011111111101111111111110, sa_flags=SA_RESTART|SA_SIGINFO
SIGINT: [libjvm.so+0x8b3f40], sa_mask[0]=11111111011111111101111111111110, sa_flags=SA_RESTART|SA_SIGINFO
SIGTERM: [libjvm.so+0x8b3f40], sa_mask[0]=11111111011111111101111111111110, sa_flags=SA_RESTART|SA_SIGINFO
SIGQUIT: [libjvm.so+0x8b3f40], sa_mask[0]=11111111011111111101111111111110, sa_flags=SA_RESTART|SA_SIGINFO


---------------  S Y S T E M  ---------------

OS:DISTRIB_ID=Ubuntu
DISTRIB_RELEASE=16.04
DISTRIB_CODENAME=xenial
DISTRIB_DESCRIPTION="Ubuntu 16.04.3 LTS"

uname:Linux 4.10.0-37-generic #41~16.04.1-Ubuntu SMP Fri Oct 6 22:42:59 UTC 2017 x86_64
libc:glibc 2.23 NPTL 2.23 
rlimit: STACK 8192k, CORE 0k, NPROC 15312, NOFILE 1048576, AS infinity
load average:0,30 0,43 0,48

/proc/meminfo:
MemTotal:        4021440 kB
MemFree:          211792 kB
MemAvailable:    1052764 kB
Buffers:           78072 kB
Cached:           943788 kB
SwapCached:          152 kB
Active:          2621804 kB
Inactive:         847420 kB
Active(anon):    1978144 kB
Inactive(anon):   502796 kB
Active(file):     643660 kB
Inactive(file):   344624 kB
Unevictable:          16 kB
Mlocked:              16 kB
SwapTotal:       4173308 kB
SwapFree:        4171004 kB
Dirty:              1068 kB
Writeback:             0 kB
AnonPages:       2226764 kB
Mapped:           426820 kB
Shmem:             33576 kB
Slab:             170056 kB
SReclaimable:     120792 kB
SUnreclaim:        49264 kB
KernelStack:       10672 kB
PageTables:        39960 kB
NFS_Unstable:          0 kB
Bounce:                0 kB
WritebackTmp:          0 kB
CommitLimit:     6184028 kB
Committed_AS:    6047088 kB
VmallocTotal:   34359738367 kB
VmallocUsed:           0 kB
VmallocChunk:          0 kB
HardwareCorrupted:     0 kB
AnonHugePages:    985088 kB
ShmemHugePages:        0 kB
ShmemPmdMapped:        0 kB
CmaTotal:              0 kB
CmaFree:               0 kB
HugePages_Total:       0
HugePages_Free:        0
HugePages_Rsvd:        0
HugePages_Surp:        0
Hugepagesize:       2048 kB
DirectMap4k:      397312 kB
DirectMap2M:     3774464 kB


CPU:total 4 (initial active 4) (4 cores per cpu, 1 threads per core) family 6 model 42 stepping 7, cmov, cx8, fxsr, mmx, sse, sse2, sse3, ssse3, sse4.1, sse4.2, popcnt, avx, aes, clmul, tsc, tscinvbit

/proc/cpuinfo:
processor	: 0
vendor_id	: GenuineIntel
cpu family	: 6
model		: 42
model name	: Intel(R) Core(TM) i5-2400S CPU @ 2.50GHz
stepping	: 7
microcode	: 0x1a
cpu MHz		: 2814.788
cache size	: 6144 KB
physical id	: 0
siblings	: 4
core id		: 0
cpu cores	: 4
apicid		: 0
initial apicid	: 0
fpu		: yes
fpu_exception	: yes
cpuid level	: 13
wp		: yes
flags		: fpu vme de pse tsc msr pae mce cx8 apic sep mtrr pge mca cmov pat pse36 clflush dts acpi mmx fxsr sse sse2 ss ht tm pbe syscall nx rdtscp lm constant_tsc arch_perfmon pebs bts rep_good nopl xtopology nonstop_tsc aperfmperf pni pclmulqdq dtes64 monitor ds_cpl vmx smx est tm2 ssse3 cx16 xtpr pdcm pcid sse4_1 sse4_2 x2apic popcnt tsc_deadline_timer aes xsave avx lahf_lm tpr_shadow vnmi flexpriority ept vpid xsaveopt dtherm ida arat pln pts
bugs		:
bogomips	: 4988.99
clflush size	: 64
cache_alignment	: 64
address sizes	: 36 bits physical, 48 bits virtual
power management:

processor	: 1
vendor_id	: GenuineIntel
cpu family	: 6
model		: 42
model name	: Intel(R) Core(TM) i5-2400S CPU @ 2.50GHz
stepping	: 7
microcode	: 0x1a
cpu MHz		: 2797.698
cache size	: 6144 KB
physical id	: 0
siblings	: 4
core id		: 1
cpu cores	: 4
apicid		: 2
initial apicid	: 2
fpu		: yes
fpu_exception	: yes
cpuid level	: 13
wp		: yes
flags		: fpu vme de pse tsc msr pae mce cx8 apic sep mtrr pge mca cmov pat pse36 clflush dts acpi mmx fxsr sse sse2 ss ht tm pbe syscall nx rdtscp lm constant_tsc arch_perfmon pebs bts rep_good nopl xtopology nonstop_tsc aperfmperf pni pclmulqdq dtes64 monitor ds_cpl vmx smx est tm2 ssse3 cx16 xtpr pdcm pcid sse4_1 sse4_2 x2apic popcnt tsc_deadline_timer aes xsave avx lahf_lm tpr_shadow vnmi flexpriority ept vpid xsaveopt dtherm ida arat pln pts
bugs		:
bogomips	: 4988.99
clflush size	: 64
cache_alignment	: 64
address sizes	: 36 bits physical, 48 bits virtual
power management:

processor	: 2
vendor_id	: GenuineIntel
cpu family	: 6
model		: 42
model name	: Intel(R) Core(TM) i5-2400S CPU @ 2.50GHz
stepping	: 7
microcode	: 0x1a
cpu MHz		: 2782.287
cache size	: 6144 KB
physical id	: 0
siblings	: 4
core id		: 2
cpu cores	: 4
apicid		: 4
initial apicid	: 4
fpu		: yes
fpu_exception	: yes
cpuid level	: 13
wp		: yes
flags		: fpu vme de pse tsc msr pae mce cx8 apic sep mtrr pge mca cmov pat pse36 clflush dts acpi mmx fxsr sse sse2 ss ht tm pbe syscall nx rdtscp lm constant_tsc arch_perfmon pebs bts rep_good nopl xtopology nonstop_tsc aperfmperf pni pclmulqdq dtes64 monitor ds_cpl vmx smx est tm2 ssse3 cx16 xtpr pdcm pcid sse4_1 sse4_2 x2apic popcnt tsc_deadline_timer aes xsave avx lahf_lm tpr_shadow vnmi flexpriority ept vpid xsaveopt dtherm ida arat pln pts
bugs		:
bogomips	: 4988.99
clflush size	: 64
cache_alignment	: 64
address sizes	: 36 bits physical, 48 bits virtual
power management:

processor	: 3
vendor_id	: GenuineIntel
cpu family	: 6
model		: 42
model name	: Intel(R) Core(TM) i5-2400S CPU @ 2.50GHz
stepping	: 7
microcode	: 0x1a
cpu MHz		: 2809.600
cache size	: 6144 KB
physical id	: 0
siblings	: 4
core id		: 3
cpu cores	: 4
apicid		: 6
initial apicid	: 6
fpu		: yes
fpu_exception	: yes
cpuid level	: 13
wp		: yes
flags		: fpu vme de pse tsc msr pae mce cx8 apic sep mtrr pge mca cmov pat pse36 clflush dts acpi mmx fxsr sse sse2 ss ht tm pbe syscall nx rdtscp lm constant_tsc arch_perfmon pebs bts rep_good nopl xtopology nonstop_tsc aperfmperf pni pclmulqdq dtes64 monitor ds_cpl vmx smx est tm2 ssse3 cx16 xtpr pdcm pcid sse4_1 sse4_2 x2apic popcnt tsc_deadline_timer aes xsave avx lahf_lm tpr_shadow vnmi flexpriority ept vpid xsaveopt dtherm ida arat pln pts
bugs		:
bogomips	: 4988.99
clflush size	: 64
cache_alignment	: 64
address sizes	: 36 bits physical, 48 bits virtual
power management:



Memory: 4k page, physical 4021440k(211792k free), swap 4173308k(4171004k free)

vm_info: OpenJDK 64-Bit Server VM (25.131-b11) for linux-amd64 JRE (1.8.0_131-8u131-b11-2ubuntu1.16.04.3-b11), built on Jul 28 2017 01:23:32 by "buildd" with gcc 5.4.0 20160609

time: Wed Oct 11 15:03:50 2017
elapsed time: 0 seconds (0d 0h 0m 0s)

