#
# A fatal error has been detected by the Java Runtime Environment:
#
#  SIGSEGV (0xb) at pc=0x00007f8c2e594df9, pid=11177, tid=0x00007f8c5ade5700
#
# JRE version: OpenJDK Runtime Environment (8.0_131-b11) (build 1.8.0_131-8u131-b11-2ubuntu1.16.04.3-b11)
# Java VM: OpenJDK 64-Bit Server VM (25.131-b11 mixed mode linux-amd64 compressed oops)
# Problematic frame:
# C  [liblwjgl_opengl.so+0x45df9]  Java_org_lwjgl_opengl_GL20_glCreateShader+0x9
#
# Failed to write core dump. Core dumps have been disabled. To enable core dumping, try "ulimit -c unlimited" before starting Java again
#
# If you would like to submit a bug report, please visit:
#   http://bugreport.java.com/bugreport/crash.jsp
# The crash happened outside the Java Virtual Machine in native code.
# See problematic frame for where to report the bug.
#

---------------  T H R E A D  ---------------

Current thread (0x00007f8c5400b000):  JavaThread "main" [_thread_in_native, id=11182, stack(0x00007f8c5ace5000,0x00007f8c5ade6000)]

siginfo: si_signo: 11 (SIGSEGV), si_code: 1 (SEGV_MAPERR), si_addr: 0x00000000000008a8

Registers:
RAX=0x0000000000000000, RBX=0x00007f8c417732a8, RCX=0x0000000000000003, RDX=0x0000000000008b30
RSP=0x00007f8c5ade4858, RBP=0x00007f8c5ade48b0, RSI=0x00007f8c5ade48c0, RDI=0x0000000000008b30
R8 =0x00007f8c417732a8, R9 =0x0000000000000004, R10=0x00007f8c445ce748, R11=0x00007f8c599f2520
R12=0x0000000000000000, R13=0x00007f8c41773298, R14=0x00007f8c5ade48d0, R15=0x00007f8c5400b000
RIP=0x00007f8c2e594df9, EFLAGS=0x0000000000010283, CSGSFS=0x002b000000000033, ERR=0x0000000000000004
  TRAPNO=0x000000000000000e

Top of Stack: (sp=0x00007f8c5ade4858)
0x00007f8c5ade4858:   00007f8c445ce774 fffffffe00000000
0x00007f8c5ade4868:   00007f8c445ce4c2 00007f8c5ade4870
0x00007f8c5ade4878:   00007f8c41773298 00007f8c5ade48d0
0x00007f8c5ade4888:   00007f8c41786110 0000000000000000
0x00007f8c5ade4898:   00007f8c417732a8 0000000000000000
0x00007f8c5ade48a8:   00007f8c5ade48d0 00007f8c5ade4920
0x00007f8c5ade48b8:   00007f8c445bea40 00000000eba96bf0
0x00007f8c5ade48c8:   00007f8c445c8276 0000000000008b30
0x00007f8c5ade48d8:   00000000eba489b0 00007f8c5ade48e0
0x00007f8c5ade48e8:   00007f8c4176e198 00007f8c5ade4940
0x00007f8c5ade48f8:   00007f8c4176e620 0000000000000000
0x00007f8c5ade4908:   00007f8c4176e228 00007f8c5ade48d0
0x00007f8c5ade4918:   00007f8c5ade4938 00007f8c5ade4988
0x00007f8c5ade4928:   00007f8c445beffd 00000000eba6d0e8
0x00007f8c5ade4938:   00000000eba489c8 00000000eba489b0
0x00007f8c5ade4948:   00007f8c5ade4948 00007f8c4176c98c
0x00007f8c5ade4958:   00007f8c5ade49b8 00007f8c4176cc48
0x00007f8c5ade4968:   0000000000000000 00007f8c4176ca80
0x00007f8c5ade4978:   00007f8c5ade4938 00007f8c5ade49b8
0x00007f8c5ade4988:   00007f8c5ade4a00 00007f8c445beffd
0x00007f8c5ade4998:   0000000000000000 0000000000000000
0x00007f8c5ade49a8:   0000000000000000 0000000000000000
0x00007f8c5ade49b8:   00000000eba3f898 00007f8c5ade49c0
0x00007f8c5ade49c8:   00007f8c4176c311 00007f8c5ade4a18
0x00007f8c5ade49d8:   00007f8c4176c390 0000000000000000
0x00007f8c5ade49e8:   00007f8c4176c338 00007f8c5ade49b8
0x00007f8c5ade49f8:   00007f8c5ade4a18 00007f8c5ade4a80
0x00007f8c5ade4a08:   00007f8c445b74e7 00000000eba3f898
0x00007f8c5ade4a18:   00000000eba3bde8 0000000000001fa0
0x00007f8c5ade4a28:   00007f8c4176c338 00007f8c5ade4c70
0x00007f8c5ade4a38:   00007f8c5ade4b20 00007f8c5400b000
0x00007f8c5ade4a48:   00007f8c5400b000 00007f8c5ade4b20 

Instructions: (pc=0x00007f8c2e594df9)
0x00007f8c2e594dd9:   48 8b 80 00 0a 00 00 ff e0 66 66 66 66 66 2e 0f
0x00007f8c2e594de9:   1f 84 00 00 00 00 00 48 8b 07 89 d7 48 8b 40 18
0x00007f8c2e594df9:   48 8b 80 a8 08 00 00 ff e0 66 66 66 66 66 2e 0f
0x00007f8c2e594e09:   1f 84 00 00 00 00 00 48 8b 07 89 d7 48 8b 40 18 

Register to memory mapping:

RAX=0x0000000000000000 is an unknown value
RBX={method} {0x00007f8c417732a8} 'glCreateShader' '(I)I' in 'org/lwjgl/opengl/GL20'
RCX=0x0000000000000003 is an unknown value
RDX=0x0000000000008b30 is an unknown value
RSP=0x00007f8c5ade4858 is pointing into the stack for thread: 0x00007f8c5400b000
RBP=0x00007f8c5ade48b0 is pointing into the stack for thread: 0x00007f8c5400b000
RSI=0x00007f8c5ade48c0 is pointing into the stack for thread: 0x00007f8c5400b000
RDI=0x0000000000008b30 is an unknown value
R8 ={method} {0x00007f8c417732a8} 'glCreateShader' '(I)I' in 'org/lwjgl/opengl/GL20'
R9 =0x0000000000000004 is an unknown value
R10=0x00007f8c445ce748 is at code_begin+808 in an Interpreter codelet
method entry point (kind = native)  [0x00007f8c445ce420, 0x00007f8c445ced20]  2304 bytes
R11=0x00007f8c599f2520: <offset 0x95e520> in /usr/lib/jvm/java-8-openjdk-amd64/jre/lib/amd64/server/libjvm.so at 0x00007f8c59094000
R12=0x0000000000000000 is an unknown value
R13=0x00007f8c41773298 is pointing into metadata
R14=0x00007f8c5ade48d0 is pointing into the stack for thread: 0x00007f8c5400b000
R15=0x00007f8c5400b000 is a thread


Stack: [0x00007f8c5ace5000,0x00007f8c5ade6000],  sp=0x00007f8c5ade4858,  free space=1022k
Native frames: (J=compiled Java code, j=interpreted, Vv=VM code, C=native code)
C  [liblwjgl_opengl.so+0x45df9]  Java_org_lwjgl_opengl_GL20_glCreateShader+0x9
j  ShaderProgram.attachFragmentShader(Ljava/lang/String;)V+8
j  Game.start()V+28
j  Main.main([Ljava/lang/String;)V+17
v  ~StubRoutines::call_stub
V  [libjvm.so+0x66415b]
V  [libjvm.so+0x685e9e]
V  [libjvm.so+0x6887cf]
C  [libjli.so+0x3552]
C  [libjli.so+0x73dd]
C  [libpthread.so.0+0x76ba]  start_thread+0xca

Java frames: (J=compiled Java code, j=interpreted, Vv=VM code)
j  org.lwjgl.opengl.GL20.glCreateShader(I)I+0
j  ShaderProgram.attachFragmentShader(Ljava/lang/String;)V+8
j  Game.start()V+28
j  Main.main([Ljava/lang/String;)V+17
v  ~StubRoutines::call_stub

---------------  P R O C E S S  ---------------

Java Threads: ( => current thread )
  0x00007f8c540eb800 JavaThread "Service Thread" daemon [_thread_blocked, id=11194, stack(0x00007f8c2ef39000,0x00007f8c2f03a000)]
  0x00007f8c540b3800 JavaThread "C1 CompilerThread2" daemon [_thread_blocked, id=11193, stack(0x00007f8c2f03a000,0x00007f8c2f13b000)]
  0x00007f8c540b2000 JavaThread "C2 CompilerThread1" daemon [_thread_blocked, id=11192, stack(0x00007f8c2f13b000,0x00007f8c2f23c000)]
  0x00007f8c540af000 JavaThread "C2 CompilerThread0" daemon [_thread_blocked, id=11191, stack(0x00007f8c2f23c000,0x00007f8c2f33d000)]
  0x00007f8c540ad000 JavaThread "Signal Dispatcher" daemon [_thread_blocked, id=11190, stack(0x00007f8c2f33d000,0x00007f8c2f43e000)]
  0x00007f8c54084800 JavaThread "Finalizer" daemon [_thread_blocked, id=11189, stack(0x00007f8c2fdfe000,0x00007f8c2feff000)]
  0x00007f8c54080000 JavaThread "Reference Handler" daemon [_thread_blocked, id=11188, stack(0x00007f8c2feff000,0x00007f8c30000000)]
=>0x00007f8c5400b000 JavaThread "main" [_thread_in_native, id=11182, stack(0x00007f8c5ace5000,0x00007f8c5ade6000)]

Other Threads:
  0x00007f8c54078000 VMThread [stack: 0x00007f8c400d6000,0x00007f8c401d7000] [id=11187]
  0x00007f8c540ee000 WatcherThread [stack: 0x00007f8c2ee38000,0x00007f8c2ef39000] [id=11195]

VM state:not at safepoint (normal execution)

VM Mutex/Monitor currently owned by a thread: None

Heap:
 PSYoungGen      total 18432K, used 5094K [0x00000000eb900000, 0x00000000ecd80000, 0x0000000100000000)
  eden space 15872K, 32% used [0x00000000eb900000,0x00000000ebdf99e0,0x00000000ec880000)
  from space 2560K, 0% used [0x00000000ecb00000,0x00000000ecb00000,0x00000000ecd80000)
  to   space 2560K, 0% used [0x00000000ec880000,0x00000000ec880000,0x00000000ecb00000)
 ParOldGen       total 42496K, used 0K [0x00000000c2a00000, 0x00000000c5380000, 0x00000000eb900000)
  object space 42496K, 0% used [0x00000000c2a00000,0x00000000c2a00000,0x00000000c5380000)
 Metaspace       used 5044K, capacity 5338K, committed 5632K, reserved 1056768K
  class space    used 551K, capacity 641K, committed 768K, reserved 1048576K

Card table byte_map: [0x00007f8c4400b000,0x00007f8c441f7000] byte_map_base: 0x00007f8c439f6000

Marking Bits: (ParMarkBitMap*) 0x00007f8c59fb72c0
 Begin Bits: [0x00007f8c41d57000, 0x00007f8c42caf000)
 End Bits:   [0x00007f8c42caf000, 0x00007f8c43c07000)

Polling page: 0x00007f8c5ae0a000

CodeCache: size=245760Kb used=1830Kb max_used=1830Kb free=243929Kb
 bounds [0x00007f8c445b7000, 0x00007f8c44827000, 0x00007f8c535b7000]
 total_blobs=691 nmethods=377 adapters=229
 compilation: enabled

Compilation events (10 events):
Event: 0,221 Thread 0x00007f8c540b3800  372       3       java.nio.DirectLongBufferU::put (18 bytes)
Event: 0,221 Thread 0x00007f8c540b3800 nmethod 372 0x00007f8c4477e050 code [0x00007f8c4477e1c0, 0x00007f8c4477e430]
Event: 0,223 Thread 0x00007f8c540b3800  373       1       java.util.zip.ZipCoder::isUTF8 (5 bytes)
Event: 0,224 Thread 0x00007f8c540b3800 nmethod 373 0x00007f8c4477f950 code [0x00007f8c4477faa0, 0x00007f8c4477fbb0]
Event: 0,226 Thread 0x00007f8c540b3800  374       1       sun.misc.URLClassPath$JarLoader::access$700 (5 bytes)
Event: 0,226 Thread 0x00007f8c540b3800 nmethod 374 0x00007f8c4477fc10 code [0x00007f8c4477fd60, 0x00007f8c4477fe50]
Event: 0,231 Thread 0x00007f8c540b3800  376       3       java.lang.Character::toUpperCase (6 bytes)
Event: 0,231 Thread 0x00007f8c540b3800 nmethod 376 0x00007f8c44780450 code [0x00007f8c447805e0, 0x00007f8c44780878]
Event: 0,231 Thread 0x00007f8c540b3800  377       3       java.lang.Character::toUpperCase (9 bytes)
Event: 0,231 Thread 0x00007f8c540b3800 nmethod 377 0x00007f8c44780990 code [0x00007f8c44780b00, 0x00007f8c44780d38]

GC Heap History (0 events):
No events

Deoptimization events (0 events):
No events

Internal exceptions (10 events):
Event: 0,093 Thread 0x00007f8c5400b000 Exception <a 'java/security/PrivilegedActionException'> (0x00000000eba5eaf0) thrown at [/build/openjdk-8-pZyJp3/openjdk-8-8u131-b11/src/hotspot/src/share/vm/prims/jvm.cpp, line 1390]
Event: 0,093 Thread 0x00007f8c5400b000 Exception <a 'java/security/PrivilegedActionException'> (0x00000000eba5ed00) thrown at [/build/openjdk-8-pZyJp3/openjdk-8-8u131-b11/src/hotspot/src/share/vm/prims/jvm.cpp, line 1390]
Event: 0,093 Thread 0x00007f8c5400b000 Exception <a 'java/security/PrivilegedActionException'> (0x00000000eba60d88) thrown at [/build/openjdk-8-pZyJp3/openjdk-8-8u131-b11/src/hotspot/src/share/vm/prims/jvm.cpp, line 1390]
Event: 0,093 Thread 0x00007f8c5400b000 Exception <a 'java/security/PrivilegedActionException'> (0x00000000eba60f98) thrown at [/build/openjdk-8-pZyJp3/openjdk-8-8u131-b11/src/hotspot/src/share/vm/prims/jvm.cpp, line 1390]
Event: 0,093 Thread 0x00007f8c5400b000 Exception <a 'java/security/PrivilegedActionException'> (0x00000000eba61a70) thrown at [/build/openjdk-8-pZyJp3/openjdk-8-8u131-b11/src/hotspot/src/share/vm/prims/jvm.cpp, line 1390]
Event: 0,093 Thread 0x00007f8c5400b000 Exception <a 'java/security/PrivilegedActionException'> (0x00000000eba61c80) thrown at [/build/openjdk-8-pZyJp3/openjdk-8-8u131-b11/src/hotspot/src/share/vm/prims/jvm.cpp, line 1390]
Event: 0,149 Thread 0x00007f8c5400b000 Exception <a 'java/lang/NoSuchFieldError': method resolution failed> (0x00000000ebba2ad0) thrown at [/build/openjdk-8-pZyJp3/openjdk-8-8u131-b11/src/hotspot/src/share/vm/prims/methodHandles.cpp, line 1146]
Event: 0,151 Thread 0x00007f8c5400b000 Exception <a 'java/lang/NoSuchFieldError': method resolution failed> (0x00000000ebbaff00) thrown at [/build/openjdk-8-pZyJp3/openjdk-8-8u131-b11/src/hotspot/src/share/vm/prims/methodHandles.cpp, line 1146]
Event: 0,189 Thread 0x00007f8c5400b000 Exception <a 'java/lang/NoSuchMethodError': java.lang.Object.lambda$static$0(Ljava/lang/String;)Ljava/lang/Boolean;> (0x00000000ebcb9b88) thrown at [/build/openjdk-8-pZyJp3/openjdk-8-8u131-b11/src/hotspot/src/share/vm/interpreter/linkResolver.cpp, line 58
Event: 0,219 Thread 0x00007f8c5400b000 Exception <a 'sun/nio/fs/UnixException'> (0x00000000ebd35b20) thrown at [/build/openjdk-8-pZyJp3/openjdk-8-8u131-b11/src/hotspot/src/share/vm/prims/jni.cpp, line 709]

Events (10 events):
Event: 0,228 loading class org/lwjgl/system/jni/JNINativeInterface
Event: 0,228 loading class org/lwjgl/system/jni/JNINativeInterface done
Event: 0,229 loading class org/lwjgl/system/linux/DynamicLinkLoader
Event: 0,229 loading class org/lwjgl/system/linux/DynamicLinkLoader done
Event: 0,230 loading class org/lwjgl/opengl/GL$2
Event: 0,230 loading class org/lwjgl/opengl/GL$2 done
Event: 0,231 loading class org/lwjgl/opengl/GL$SharedLibraryGL
Event: 0,231 loading class org/lwjgl/opengl/GL$SharedLibraryGL done
Event: 0,231 loading class org/lwjgl/system/SharedLibrary$Delegate
Event: 0,231 loading class org/lwjgl/system/SharedLibrary$Delegate done


Dynamic libraries:
00400000-00401000 r-xp 00000000 fd:01 20187746                           /usr/lib/jvm/java-8-openjdk-amd64/jre/bin/java
00600000-00601000 r--p 00000000 fd:01 20187746                           /usr/lib/jvm/java-8-openjdk-amd64/jre/bin/java
00601000-00602000 rw-p 00001000 fd:01 20187746                           /usr/lib/jvm/java-8-openjdk-amd64/jre/bin/java
01418000-01439000 rw-p 00000000 00:00 0                                  [heap]
c2a00000-c5380000 rw-p 00000000 00:00 0 
c5380000-eb900000 ---p 00000000 00:00 0 
eb900000-ecd80000 rw-p 00000000 00:00 0 
ecd80000-100000000 ---p 00000000 00:00 0 
100000000-1000c0000 rw-p 00000000 00:00 0 
1000c0000-140000000 ---p 00000000 00:00 0 
7f8c04000000-7f8c04021000 rw-p 00000000 00:00 0 
7f8c04021000-7f8c08000000 ---p 00000000 00:00 0 
7f8c08bf5000-7f8c08bfa000 r-xp 00000000 fd:01 20061955                   /usr/lib/x86_64-linux-gnu/libXdmcp.so.6.0.0
7f8c08bfa000-7f8c08df9000 ---p 00005000 fd:01 20061955                   /usr/lib/x86_64-linux-gnu/libXdmcp.so.6.0.0
7f8c08df9000-7f8c08dfa000 r--p 00004000 fd:01 20061955                   /usr/lib/x86_64-linux-gnu/libXdmcp.so.6.0.0
7f8c08dfa000-7f8c08dfb000 rw-p 00005000 fd:01 20061955                   /usr/lib/x86_64-linux-gnu/libXdmcp.so.6.0.0
7f8c08dfb000-7f8c08dfd000 r-xp 00000000 fd:01 20061944                   /usr/lib/x86_64-linux-gnu/libXau.so.6.0.0
7f8c08dfd000-7f8c08ffd000 ---p 00002000 fd:01 20061944                   /usr/lib/x86_64-linux-gnu/libXau.so.6.0.0
7f8c08ffd000-7f8c08ffe000 r--p 00002000 fd:01 20061944                   /usr/lib/x86_64-linux-gnu/libXau.so.6.0.0
7f8c08ffe000-7f8c08fff000 rw-p 00003000 fd:01 20061944                   /usr/lib/x86_64-linux-gnu/libXau.so.6.0.0
7f8c08fff000-7f8c0c000000 rw-p 00000000 00:00 0 
7f8c0c000000-7f8c0c1f9000 rw-p 00000000 00:00 0 
7f8c0c1f9000-7f8c10000000 ---p 00000000 00:00 0 
7f8c10000000-7f8c10021000 rw-p 00000000 00:00 0 
7f8c10021000-7f8c14000000 ---p 00000000 00:00 0 
7f8c14000000-7f8c14062000 rw-p 00000000 00:00 0 
7f8c14062000-7f8c18000000 ---p 00000000 00:00 0 
7f8c18000000-7f8c180a4000 rw-p 00000000 00:00 0 
7f8c180a4000-7f8c1c000000 ---p 00000000 00:00 0 
7f8c1c000000-7f8c1c021000 rw-p 00000000 00:00 0 
7f8c1c021000-7f8c20000000 ---p 00000000 00:00 0 
7f8c20000000-7f8c20021000 rw-p 00000000 00:00 0 
7f8c20021000-7f8c24000000 ---p 00000000 00:00 0 
7f8c24000000-7f8c24021000 rw-p 00000000 00:00 0 
7f8c24021000-7f8c28000000 ---p 00000000 00:00 0 
7f8c28000000-7f8c28021000 rw-p 00000000 00:00 0 
7f8c28021000-7f8c2c000000 ---p 00000000 00:00 0 
7f8c2c0c7000-7f8c2c0d7000 r-xp 00000000 fd:01 20062256                   /usr/lib/x86_64-linux-gnu/libdrm.so.2.4.0
7f8c2c0d7000-7f8c2c2d6000 ---p 00010000 fd:01 20062256                   /usr/lib/x86_64-linux-gnu/libdrm.so.2.4.0
7f8c2c2d6000-7f8c2c2d7000 r--p 0000f000 fd:01 20062256                   /usr/lib/x86_64-linux-gnu/libdrm.so.2.4.0
7f8c2c2d7000-7f8c2c2d8000 rw-p 00010000 fd:01 20062256                   /usr/lib/x86_64-linux-gnu/libdrm.so.2.4.0
7f8c2c2d8000-7f8c2c2dd000 r-xp 00000000 fd:01 20061995                   /usr/lib/x86_64-linux-gnu/libXxf86vm.so.1.0.0
7f8c2c2dd000-7f8c2c4dc000 ---p 00005000 fd:01 20061995                   /usr/lib/x86_64-linux-gnu/libXxf86vm.so.1.0.0
7f8c2c4dc000-7f8c2c4dd000 r--p 00004000 fd:01 20061995                   /usr/lib/x86_64-linux-gnu/libXxf86vm.so.1.0.0
7f8c2c4dd000-7f8c2c4de000 rw-p 00005000 fd:01 20061995                   /usr/lib/x86_64-linux-gnu/libXxf86vm.so.1.0.0
7f8c2c4de000-7f8c2c4ff000 r-xp 00000000 fd:01 20063362                   /usr/lib/x86_64-linux-gnu/libxcb.so.1.1.0
7f8c2c4ff000-7f8c2c6fe000 ---p 00021000 fd:01 20063362                   /usr/lib/x86_64-linux-gnu/libxcb.so.1.1.0
7f8c2c6fe000-7f8c2c6ff000 r--p 00020000 fd:01 20063362                   /usr/lib/x86_64-linux-gnu/libxcb.so.1.1.0
7f8c2c6ff000-7f8c2c700000 rw-p 00021000 fd:01 20063362                   /usr/lib/x86_64-linux-gnu/libxcb.so.1.1.0
7f8c2c700000-7f8c2c704000 r-xp 00000000 fd:01 20063330                   /usr/lib/x86_64-linux-gnu/libxcb-dri2.so.0.0.0
7f8c2c704000-7f8c2c903000 ---p 00004000 fd:01 20063330                   /usr/lib/x86_64-linux-gnu/libxcb-dri2.so.0.0.0
7f8c2c903000-7f8c2c904000 r--p 00003000 fd:01 20063330                   /usr/lib/x86_64-linux-gnu/libxcb-dri2.so.0.0.0
7f8c2c904000-7f8c2c905000 rw-p 00004000 fd:01 20063330                   /usr/lib/x86_64-linux-gnu/libxcb-dri2.so.0.0.0
7f8c2c905000-7f8c2c91c000 r-xp 00000000 fd:01 20063334                   /usr/lib/x86_64-linux-gnu/libxcb-glx.so.0.0.0
7f8c2c91c000-7f8c2cb1b000 ---p 00017000 fd:01 20063334                   /usr/lib/x86_64-linux-gnu/libxcb-glx.so.0.0.0
7f8c2cb1b000-7f8c2cb1d000 r--p 00016000 fd:01 20063334                   /usr/lib/x86_64-linux-gnu/libxcb-glx.so.0.0.0
7f8c2cb1d000-7f8c2cb1e000 rw-p 00018000 fd:01 20063334                   /usr/lib/x86_64-linux-gnu/libxcb-glx.so.0.0.0
7f8c2cb1e000-7f8c2cc53000 r-xp 00000000 fd:01 20061940                   /usr/lib/x86_64-linux-gnu/libX11.so.6.3.0
7f8c2cc53000-7f8c2ce53000 ---p 00135000 fd:01 20061940                   /usr/lib/x86_64-linux-gnu/libX11.so.6.3.0
7f8c2ce53000-7f8c2ce54000 r--p 00135000 fd:01 20061940                   /usr/lib/x86_64-linux-gnu/libX11.so.6.3.0
7f8c2ce54000-7f8c2ce58000 rw-p 00136000 fd:01 20061940                   /usr/lib/x86_64-linux-gnu/libX11.so.6.3.0
7f8c2ce58000-7f8c2ce59000 r-xp 00000000 fd:01 20061938                   /usr/lib/x86_64-linux-gnu/libX11-xcb.so.1.0.0
7f8c2ce59000-7f8c2d058000 ---p 00001000 fd:01 20061938                   /usr/lib/x86_64-linux-gnu/libX11-xcb.so.1.0.0
7f8c2d058000-7f8c2d059000 r--p 00000000 fd:01 20061938                   /usr/lib/x86_64-linux-gnu/libX11-xcb.so.1.0.0
7f8c2d059000-7f8c2d05a000 rw-p 00001000 fd:01 20061938                   /usr/lib/x86_64-linux-gnu/libX11-xcb.so.1.0.0
7f8c2d05a000-7f8c2d05f000 r-xp 00000000 fd:01 20061959                   /usr/lib/x86_64-linux-gnu/libXfixes.so.3.1.0
7f8c2d05f000-7f8c2d25e000 ---p 00005000 fd:01 20061959                   /usr/lib/x86_64-linux-gnu/libXfixes.so.3.1.0
7f8c2d25e000-7f8c2d25f000 r--p 00004000 fd:01 20061959                   /usr/lib/x86_64-linux-gnu/libXfixes.so.3.1.0
7f8c2d25f000-7f8c2d260000 rw-p 00005000 fd:01 20061959                   /usr/lib/x86_64-linux-gnu/libXfixes.so.3.1.0
7f8c2d260000-7f8c2d262000 r-xp 00000000 fd:01 20061953                   /usr/lib/x86_64-linux-gnu/libXdamage.so.1.1.0
7f8c2d262000-7f8c2d461000 ---p 00002000 fd:01 20061953                   /usr/lib/x86_64-linux-gnu/libXdamage.so.1.1.0
7f8c2d461000-7f8c2d462000 r--p 00001000 fd:01 20061953                   /usr/lib/x86_64-linux-gnu/libXdamage.so.1.1.0
7f8c2d462000-7f8c2d463000 rw-p 00002000 fd:01 20061953                   /usr/lib/x86_64-linux-gnu/libXdamage.so.1.1.0
7f8c2d463000-7f8c2d474000 r-xp 00000000 fd:01 20061957                   /usr/lib/x86_64-linux-gnu/libXext.so.6.4.0
7f8c2d474000-7f8c2d673000 ---p 00011000 fd:01 20061957                   /usr/lib/x86_64-linux-gnu/libXext.so.6.4.0
7f8c2d673000-7f8c2d674000 r--p 00010000 fd:01 20061957                   /usr/lib/x86_64-linux-gnu/libXext.so.6.4.0
7f8c2d674000-7f8c2d675000 rw-p 00011000 fd:01 20061957                   /usr/lib/x86_64-linux-gnu/libXext.so.6.4.0
7f8c2d675000-7f8c2d69f000 r-xp 00000000 fd:01 20062457                   /usr/lib/x86_64-linux-gnu/libglapi.so.0.0.0
7f8c2d69f000-7f8c2d89e000 ---p 0002a000 fd:01 20062457                   /usr/lib/x86_64-linux-gnu/libglapi.so.0.0.0
7f8c2d89e000-7f8c2d8a2000 r--p 00029000 fd:01 20062457                   /usr/lib/x86_64-linux-gnu/libglapi.so.0.0.0
7f8c2d8a2000-7f8c2d8a3000 rw-p 0002d000 fd:01 20062457                   /usr/lib/x86_64-linux-gnu/libglapi.so.0.0.0
7f8c2d8a3000-7f8c2d8a4000 rw-p 00000000 00:00 0 
7f8c2d8a4000-7f8c2d8a5000 r-xp 00000000 fd:01 20063374                   /usr/lib/x86_64-linux-gnu/libxshmfence.so.1.0.0
7f8c2d8a5000-7f8c2daa5000 ---p 00001000 fd:01 20063374                   /usr/lib/x86_64-linux-gnu/libxshmfence.so.1.0.0
7f8c2daa5000-7f8c2daa6000 r--p 00001000 fd:01 20063374                   /usr/lib/x86_64-linux-gnu/libxshmfence.so.1.0.0
7f8c2daa6000-7f8c2daa7000 rw-p 00002000 fd:01 20063374                   /usr/lib/x86_64-linux-gnu/libxshmfence.so.1.0.0
7f8c2daa7000-7f8c2daac000 r-xp 00000000 fd:01 20063354                   /usr/lib/x86_64-linux-gnu/libxcb-sync.so.1.0.0
7f8c2daac000-7f8c2dcac000 ---p 00005000 fd:01 20063354                   /usr/lib/x86_64-linux-gnu/libxcb-sync.so.1.0.0
7f8c2dcac000-7f8c2dcad000 r--p 00005000 fd:01 20063354                   /usr/lib/x86_64-linux-gnu/libxcb-sync.so.1.0.0
7f8c2dcad000-7f8c2dcae000 rw-p 00006000 fd:01 20063354                   /usr/lib/x86_64-linux-gnu/libxcb-sync.so.1.0.0
7f8c2dcae000-7f8c2dcb0000 r-xp 00000000 fd:01 20063342                   /usr/lib/x86_64-linux-gnu/libxcb-present.so.0.0.0
7f8c2dcb0000-7f8c2deaf000 ---p 00002000 fd:01 20063342                   /usr/lib/x86_64-linux-gnu/libxcb-present.so.0.0.0
7f8c2deaf000-7f8c2deb0000 r--p 00001000 fd:01 20063342                   /usr/lib/x86_64-linux-gnu/libxcb-present.so.0.0.0
7f8c2deb0000-7f8c2deb1000 rw-p 00002000 fd:01 20063342                   /usr/lib/x86_64-linux-gnu/libxcb-present.so.0.0.0
7f8c2deb1000-7f8c2deb3000 r-xp 00000000 fd:01 20063332                   /usr/lib/x86_64-linux-gnu/libxcb-dri3.so.0.0.0
7f8c2deb3000-7f8c2e0b2000 ---p 00002000 fd:01 20063332                   /usr/lib/x86_64-linux-gnu/libxcb-dri3.so.0.0.0
7f8c2e0b2000-7f8c2e0b3000 r--p 00001000 fd:01 20063332                   /usr/lib/x86_64-linux-gnu/libxcb-dri3.so.0.0.0
7f8c2e0b3000-7f8c2e0b4000 rw-p 00002000 fd:01 20063332                   /usr/lib/x86_64-linux-gnu/libxcb-dri3.so.0.0.0
7f8c2e0b4000-7f8c2e0da000 r-xp 00000000 fd:01 14946789                   /lib/x86_64-linux-gnu/libexpat.so.1.6.0
7f8c2e0da000-7f8c2e2da000 ---p 00026000 fd:01 14946789                   /lib/x86_64-linux-gnu/libexpat.so.1.6.0
7f8c2e2da000-7f8c2e2dc000 r--p 00026000 fd:01 14946789                   /lib/x86_64-linux-gnu/libexpat.so.1.6.0
7f8c2e2dc000-7f8c2e2dd000 rw-p 00028000 fd:01 14946789                   /lib/x86_64-linux-gnu/libexpat.so.1.6.0
7f8c2e2dd000-7f8c2e34b000 r-xp 00000000 fd:01 20319117                   /usr/lib/x86_64-linux-gnu/mesa/libGL.so.1.2.0
7f8c2e34b000-7f8c2e54a000 ---p 0006e000 fd:01 20319117                   /usr/lib/x86_64-linux-gnu/mesa/libGL.so.1.2.0
7f8c2e54a000-7f8c2e54d000 r--p 0006d000 fd:01 20319117                   /usr/lib/x86_64-linux-gnu/mesa/libGL.so.1.2.0
7f8c2e54d000-7f8c2e54e000 rw-p 00070000 fd:01 20319117                   /usr/lib/x86_64-linux-gnu/mesa/libGL.so.1.2.0
7f8c2e54e000-7f8c2e54f000 rw-p 00000000 00:00 0 
7f8c2e54f000-7f8c2e5ba000 r-xp 00000000 fd:01 7602205                    /tmp/lwjglroot/3.1.3-SNAPSHOT/liblwjgl_opengl.so
7f8c2e5ba000-7f8c2e7b9000 ---p 0006b000 fd:01 7602205                    /tmp/lwjglroot/3.1.3-SNAPSHOT/liblwjgl_opengl.so
7f8c2e7b9000-7f8c2e7ba000 r--p 0006a000 fd:01 7602205                    /tmp/lwjglroot/3.1.3-SNAPSHOT/liblwjgl_opengl.so
7f8c2e7ba000-7f8c2e7bb000 rw-p 0006b000 fd:01 7602205                    /tmp/lwjglroot/3.1.3-SNAPSHOT/liblwjgl_opengl.so
7f8c2e7bb000-7f8c2e80c000 r-xp 00000000 fd:01 7602203                    /tmp/lwjglroot/3.1.3-SNAPSHOT/liblwjgl.so
7f8c2e80c000-7f8c2ea0b000 ---p 00051000 fd:01 7602203                    /tmp/lwjglroot/3.1.3-SNAPSHOT/liblwjgl.so
7f8c2ea0b000-7f8c2ea0c000 r--p 00050000 fd:01 7602203                    /tmp/lwjglroot/3.1.3-SNAPSHOT/liblwjgl.so
7f8c2ea0c000-7f8c2ea0d000 rw-p 00051000 fd:01 7602203                    /tmp/lwjglroot/3.1.3-SNAPSHOT/liblwjgl.so
7f8c2ea0d000-7f8c2ea24000 r-xp 00000000 fd:01 20187689                   /usr/lib/jvm/java-8-openjdk-amd64/jre/lib/amd64/libnet.so
7f8c2ea24000-7f8c2ec23000 ---p 00017000 fd:01 20187689                   /usr/lib/jvm/java-8-openjdk-amd64/jre/lib/amd64/libnet.so
7f8c2ec23000-7f8c2ec24000 r--p 00016000 fd:01 20187689                   /usr/lib/jvm/java-8-openjdk-amd64/jre/lib/amd64/libnet.so
7f8c2ec24000-7f8c2ec25000 rw-p 00017000 fd:01 20187689                   /usr/lib/jvm/java-8-openjdk-amd64/jre/lib/amd64/libnet.so
7f8c2ec25000-7f8c2ec36000 r-xp 00000000 fd:01 20187199                   /usr/lib/jvm/java-8-openjdk-amd64/jre/lib/amd64/libnio.so
7f8c2ec36000-7f8c2ee36000 ---p 00011000 fd:01 20187199                   /usr/lib/jvm/java-8-openjdk-amd64/jre/lib/amd64/libnio.so
7f8c2ee36000-7f8c2ee37000 r--p 00011000 fd:01 20187199                   /usr/lib/jvm/java-8-openjdk-amd64/jre/lib/amd64/libnio.so
7f8c2ee37000-7f8c2ee38000 rw-p 00012000 fd:01 20187199                   /usr/lib/jvm/java-8-openjdk-amd64/jre/lib/amd64/libnio.so
7f8c2ee38000-7f8c2ee39000 ---p 00000000 00:00 0 
7f8c2ee39000-7f8c2ef39000 rw-p 00000000 00:00 0 
7f8c2ef39000-7f8c2ef3c000 ---p 00000000 00:00 0 
7f8c2ef3c000-7f8c2f03a000 rw-p 00000000 00:00 0 
7f8c2f03a000-7f8c2f03d000 ---p 00000000 00:00 0 
7f8c2f03d000-7f8c2f13b000 rw-p 00000000 00:00 0 
7f8c2f13b000-7f8c2f13e000 ---p 00000000 00:00 0 
7f8c2f13e000-7f8c2f23c000 rw-p 00000000 00:00 0 
7f8c2f23c000-7f8c2f23f000 ---p 00000000 00:00 0 
7f8c2f23f000-7f8c2f33d000 rw-p 00000000 00:00 0 
7f8c2f33d000-7f8c2f340000 ---p 00000000 00:00 0 
7f8c2f340000-7f8c2f43e000 rw-p 00000000 00:00 0 
7f8c2f43e000-7f8c2fdfe000 r--p 00000000 fd:01 20060977                   /usr/lib/locale/locale-archive
7f8c2fdfe000-7f8c2fe01000 ---p 00000000 00:00 0 
7f8c2fe01000-7f8c2feff000 rw-p 00000000 00:00 0 
7f8c2feff000-7f8c2ff02000 ---p 00000000 00:00 0 
7f8c2ff02000-7f8c30000000 rw-p 00000000 00:00 0 
7f8c30000000-7f8c30021000 rw-p 00000000 00:00 0 
7f8c30021000-7f8c34000000 ---p 00000000 00:00 0 
7f8c34000000-7f8c34021000 rw-p 00000000 00:00 0 
7f8c34021000-7f8c38000000 ---p 00000000 00:00 0 
7f8c38000000-7f8c38021000 rw-p 00000000 00:00 0 
7f8c38021000-7f8c3c000000 ---p 00000000 00:00 0 
7f8c3c000000-7f8c3c021000 rw-p 00000000 00:00 0 
7f8c3c021000-7f8c40000000 ---p 00000000 00:00 0 
7f8c40022000-7f8c40035000 r--s 00346000 fd:01 20187705                   /usr/lib/jvm/java-8-openjdk-amd64/jre/lib/resources.jar
7f8c40035000-7f8c40047000 r--s 00139000 00:2d 24906636                   /home/daan/lwjgl3/lwjgl-vulkan.jar
7f8c40047000-7f8c40048000 r--s 00030000 00:2d 24906645                   /home/daan/lwjgl3/lwjgl-tinyfd-natives-windows.jar
7f8c40048000-7f8c40049000 r--s 00007000 00:2d 24906627                   /home/daan/lwjgl3/lwjgl-tinyfd-natives-macos.jar
7f8c40049000-7f8c4004a000 r--s 00007000 00:2d 24906625                   /home/daan/lwjgl3/lwjgl-tinyfd-natives-linux.jar
7f8c4004a000-7f8c4004b000 r--s 00001000 00:2d 24906629                   /home/daan/lwjgl3/lwjgl-tinyfd.jar
7f8c4004b000-7f8c4004c000 r--s 00074000 00:2d 24906642                   /home/daan/lwjgl3/lwjgl-stb-natives-windows.jar
7f8c4004c000-7f8c4004d000 r--s 0002a000 00:2d 24906643                   /home/daan/lwjgl3/lwjgl-stb-natives-macos.jar
7f8c4004d000-7f8c4004e000 r--s 00030000 00:2d 24906621                   /home/daan/lwjgl3/lwjgl-stb-natives-linux.jar
7f8c4004e000-7f8c40050000 r--s 00015000 00:2d 24906623                   /home/daan/lwjgl3/lwjgl-stb.jar
7f8c40050000-7f8c40051000 r--s 00031000 00:2d 24906633                   /home/daan/lwjgl3/lwjgl-par-natives-windows.jar
7f8c40051000-7f8c40052000 r--s 00004000 00:2d 24906618                   /home/daan/lwjgl3/lwjgl-par-natives-macos.jar
7f8c40052000-7f8c40053000 r--s 00005000 00:2d 24905606                   /home/daan/lwjgl3/lwjgl-par-natives-linux.jar
7f8c40053000-7f8c40054000 r--s 00002000 00:2d 24906617                   /home/daan/lwjgl3/lwjgl-par.jar
7f8c40054000-7f8c40055000 r--s 0002a000 00:2d 24906632                   /home/daan/lwjgl3/lwjgl-opengl-natives-windows.jar
7f8c40055000-7f8c40056000 r--s 0000b000 00:2d 24905605                   /home/daan/lwjgl3/lwjgl-opengl-natives-macos.jar
7f8c40056000-7f8c40057000 r--s 00016000 00:2d 24905578                   /home/daan/lwjgl3/lwjgl-opengl-natives-linux.jar
7f8c40057000-7f8c40061000 r--s 000be000 00:2d 24905603                   /home/daan/lwjgl3/lwjgl-opengl.jar
7f8c40061000-7f8c40062000 r--s 00104000 00:2d 24906646                   /home/daan/lwjgl3/lwjgl-openal-natives-windows.jar
7f8c40062000-7f8c40064000 r--s 00063000 00:2d 24906626                   /home/daan/lwjgl3/lwjgl-openal-natives-macos.jar
7f8c40064000-7f8c40065000 r--s 00077000 00:2d 24905570                   /home/daan/lwjgl3/lwjgl-openal-natives-linux.jar
7f8c40065000-7f8c40067000 r--s 00011000 00:2d 24905573                   /home/daan/lwjgl3/lwjgl-openal.jar
7f8c40067000-7f8c40068000 r--s 00040000 00:2d 24906630                   /home/daan/lwjgl3/lwjgl-nuklear-natives-windows.jar
7f8c40068000-7f8c40069000 r--s 0002d000 00:2d 24906620                   /home/daan/lwjgl3/lwjgl-nuklear-natives-macos.jar
7f8c40069000-7f8c4006a000 r--s 00021000 00:2d 24905562                   /home/daan/lwjgl3/lwjgl-nuklear-natives-linux.jar
7f8c4006a000-7f8c40070000 r--s 0005a000 00:2d 24905568                   /home/daan/lwjgl3/lwjgl-nuklear.jar
7f8c40070000-7f8c40071000 r--s 0001f000 00:2d 24905565                   /home/daan/lwjgl3/lwjgl-nfd-natives-windows.jar
7f8c40071000-7f8c40072000 r--s 00001000 00:2d 24905555                   /home/daan/lwjgl3/lwjgl-nfd-natives-macos.jar
7f8c40072000-7f8c40073000 r--s 00001000 00:2d 24905554                   /home/daan/lwjgl3/lwjgl-nfd-natives-linux.jar
7f8c40073000-7f8c40074000 r--s 00001000 00:2d 24905557                   /home/daan/lwjgl3/lwjgl-nfd.jar
7f8c40074000-7f8c40076000 r--s 00037000 00:2d 24906647                   /home/daan/lwjgl3/lwjgl-natives-windows.jar
7f8c40076000-7f8c40077000 r--s 00008000 00:2d 24906644                   /home/daan/lwjgl3/lwjgl-natives-macos.jar
7f8c40077000-7f8c40078000 r--s 00012000 00:2d 24906639                   /home/daan/lwjgl3/lwjgl-natives-linux.jar
7f8c40078000-7f8c40079000 r--s 0005d000 00:2d 24906597                   /home/daan/lwjgl3/lwjgl-nanovg-natives-windows.jar
7f8c40079000-7f8c4007a000 r--s 0001d000 00:2d 24905564                   /home/daan/lwjgl3/lwjgl-nanovg-natives-macos.jar
7f8c4007a000-7f8c4007b000 r--s 00021000 00:2d 24905549                   /home/daan/lwjgl3/lwjgl-nanovg-natives-linux.jar
7f8c4007b000-7f8c4007c000 r--s 00009000 00:2d 24905551                   /home/daan/lwjgl3/lwjgl-nanovg.jar
7f8c4007c000-7f8c4007d000 r--s 00030000 00:2d 24905577                   /home/daan/lwjgl3/lwjgl-jemalloc-natives-windows.jar
7f8c4007d000-7f8c4007e000 r--s 00017000 00:2d 24905569                   /home/daan/lwjgl3/lwjgl-jemalloc-natives-macos.jar
7f8c4007e000-7f8c4007f000 r--s 0001f000 00:2d 24905543                   /home/daan/lwjgl3/lwjgl-jemalloc-natives-linux.jar
7f8c4007f000-7f8c40081000 r--s 00008000 00:2d 24905545                   /home/daan/lwjgl3/lwjgl-jemalloc.jar
7f8c40081000-7f8c40082000 r--s 0003c000 00:2d 24905576                   /home/daan/lwjgl3/lwjgl-glfw-natives-windows.jar
7f8c40082000-7f8c40083000 r--s 0000d000 00:2d 24905563                   /home/daan/lwjgl3/lwjgl-glfw-natives-macos.jar
7f8c40083000-7f8c40087000 r--s 00017000 00:2d 24905540                   /home/daan/lwjgl3/lwjgl-glfw.jar
7f8c40087000-7f8c4008b000 r--s 00042000 00:2d 24906641                   /home/daan/lwjgl3/lwjgl.jar
7f8c4008b000-7f8c40090000 r--s 0003b000 fd:01 20186076                   /usr/lib/jvm/java-8-openjdk-amd64/jre/lib/ext/sunjce_provider.jar
7f8c40090000-7f8c4009a000 r--s 00116000 fd:01 20185952                   /usr/lib/jvm/java-8-openjdk-amd64/jre/lib/ext/localedata.jar
7f8c4009a000-7f8c4009c000 r--s 00001000 fd:01 20186002                   /usr/lib/jvm/java-8-openjdk-amd64/jre/lib/ext/dnsns.jar
7f8c4009c000-7f8c400b7000 r--s 001d6000 fd:01 20185732                   /usr/lib/jvm/java-8-openjdk-amd64/jre/lib/ext/nashorn.jar
7f8c400b7000-7f8c400bb000 r--s 00037000 fd:01 20185991                   /usr/lib/jvm/java-8-openjdk-amd64/jre/lib/ext/sunpkcs11.jar
7f8c400bb000-7f8c400d6000 r--s 00394000 fd:01 20185556                   /usr/lib/jvm/java-8-openjdk-amd64/jre/lib/ext/cldrdata.jar
7f8c400d6000-7f8c400d7000 ---p 00000000 00:00 0 
7f8c400d7000-7f8c41128000 rw-p 00000000 00:00 0 
7f8c41128000-7f8c412f6000 r--s 03c13000 fd:01 20185503                   /usr/lib/jvm/java-8-openjdk-amd64/jre/lib/rt.jar
7f8c412f6000-7f8c4182c000 rw-p 00000000 00:00 0 
7f8c4182c000-7f8c41b6c000 ---p 00000000 00:00 0 
7f8c41b6c000-7f8c43c07000 rw-p 00000000 00:00 0 
7f8c43c07000-7f8c43c08000 ---p 00000000 00:00 0 
7f8c43c08000-7f8c43d08000 rw-p 00000000 00:00 0 
7f8c43d08000-7f8c43d09000 ---p 00000000 00:00 0 
7f8c43d09000-7f8c43e09000 rw-p 00000000 00:00 0 
7f8c43e09000-7f8c43e0a000 ---p 00000000 00:00 0 
7f8c43e0a000-7f8c43f0a000 rw-p 00000000 00:00 0 
7f8c43f0a000-7f8c43f0b000 ---p 00000000 00:00 0 
7f8c43f0b000-7f8c44020000 rw-p 00000000 00:00 0 
7f8c44020000-7f8c44152000 ---p 00000000 00:00 0 
7f8c44152000-7f8c4415d000 rw-p 00000000 00:00 0 
7f8c4415d000-7f8c441f6000 ---p 00000000 00:00 0 
7f8c441f6000-7f8c44201000 rw-p 00000000 00:00 0 
7f8c44201000-7f8c445b7000 ---p 00000000 00:00 0 
7f8c445b7000-7f8c44827000 rwxp 00000000 00:00 0 
7f8c44827000-7f8c535b7000 ---p 00000000 00:00 0 
7f8c535b7000-7f8c535bf000 r-xp 00000000 fd:01 20187678                   /usr/lib/jvm/java-8-openjdk-amd64/jre/lib/amd64/libzip.so
7f8c535bf000-7f8c537be000 ---p 00008000 fd:01 20187678                   /usr/lib/jvm/java-8-openjdk-amd64/jre/lib/amd64/libzip.so
7f8c537be000-7f8c537bf000 r--p 00007000 fd:01 20187678                   /usr/lib/jvm/java-8-openjdk-amd64/jre/lib/amd64/libzip.so
7f8c537bf000-7f8c537c0000 rw-p 00008000 fd:01 20187678                   /usr/lib/jvm/java-8-openjdk-amd64/jre/lib/amd64/libzip.so
7f8c537c0000-7f8c537cb000 r-xp 00000000 fd:01 14946857                   /lib/x86_64-linux-gnu/libnss_files-2.23.so
7f8c537cb000-7f8c539ca000 ---p 0000b000 fd:01 14946857                   /lib/x86_64-linux-gnu/libnss_files-2.23.so
7f8c539ca000-7f8c539cb000 r--p 0000a000 fd:01 14946857                   /lib/x86_64-linux-gnu/libnss_files-2.23.so
7f8c539cb000-7f8c539cc000 rw-p 0000b000 fd:01 14946857                   /lib/x86_64-linux-gnu/libnss_files-2.23.so
7f8c539cc000-7f8c539d2000 rw-p 00000000 00:00 0 
7f8c539d2000-7f8c539dd000 r-xp 00000000 fd:01 14946867                   /lib/x86_64-linux-gnu/libnss_nis-2.23.so
7f8c539dd000-7f8c53bdc000 ---p 0000b000 fd:01 14946867                   /lib/x86_64-linux-gnu/libnss_nis-2.23.so
7f8c53bdc000-7f8c53bdd000 r--p 0000a000 fd:01 14946867                   /lib/x86_64-linux-gnu/libnss_nis-2.23.so
7f8c53bdd000-7f8c53bde000 rw-p 0000b000 fd:01 14946867                   /lib/x86_64-linux-gnu/libnss_nis-2.23.so
7f8c53bde000-7f8c53bf4000 r-xp 00000000 fd:01 14946851                   /lib/x86_64-linux-gnu/libnsl-2.23.so
7f8c53bf4000-7f8c53df3000 ---p 00016000 fd:01 14946851                   /lib/x86_64-linux-gnu/libnsl-2.23.so
7f8c53df3000-7f8c53df4000 r--p 00015000 fd:01 14946851                   /lib/x86_64-linux-gnu/libnsl-2.23.so
7f8c53df4000-7f8c53df5000 rw-p 00016000 fd:01 14946851                   /lib/x86_64-linux-gnu/libnsl-2.23.so
7f8c53df5000-7f8c53df7000 rw-p 00000000 00:00 0 
7f8c53df7000-7f8c53dff000 r-xp 00000000 fd:01 14946853                   /lib/x86_64-linux-gnu/libnss_compat-2.23.so
7f8c53dff000-7f8c53ffe000 ---p 00008000 fd:01 14946853                   /lib/x86_64-linux-gnu/libnss_compat-2.23.so
7f8c53ffe000-7f8c53fff000 r--p 00007000 fd:01 14946853                   /lib/x86_64-linux-gnu/libnss_compat-2.23.so
7f8c53fff000-7f8c54000000 rw-p 00008000 fd:01 14946853                   /lib/x86_64-linux-gnu/libnss_compat-2.23.so
7f8c54000000-7f8c5431d000 rw-p 00000000 00:00 0 
7f8c5431d000-7f8c58000000 ---p 00000000 00:00 0 
7f8c58000000-7f8c58078000 rw-p 00000000 00:00 0 
7f8c58078000-7f8c581ab000 ---p 00000000 00:00 0 
7f8c581ab000-7f8c581d8000 r-xp 00000000 fd:01 20187695                   /usr/lib/jvm/java-8-openjdk-amd64/jre/lib/amd64/libjava.so
7f8c581d8000-7f8c583d7000 ---p 0002d000 fd:01 20187695                   /usr/lib/jvm/java-8-openjdk-amd64/jre/lib/amd64/libjava.so
7f8c583d7000-7f8c583d8000 r--p 0002c000 fd:01 20187695                   /usr/lib/jvm/java-8-openjdk-amd64/jre/lib/amd64/libjava.so
7f8c583d8000-7f8c583da000 rw-p 0002d000 fd:01 20187695                   /usr/lib/jvm/java-8-openjdk-amd64/jre/lib/amd64/libjava.so
7f8c583da000-7f8c583e9000 r-xp 00000000 fd:01 20187203                   /usr/lib/jvm/java-8-openjdk-amd64/jre/lib/amd64/libverify.so
7f8c583e9000-7f8c585e8000 ---p 0000f000 fd:01 20187203                   /usr/lib/jvm/java-8-openjdk-amd64/jre/lib/amd64/libverify.so
7f8c585e8000-7f8c585ea000 r--p 0000e000 fd:01 20187203                   /usr/lib/jvm/java-8-openjdk-amd64/jre/lib/amd64/libverify.so
7f8c585ea000-7f8c585eb000 rw-p 00010000 fd:01 20187203                   /usr/lib/jvm/java-8-openjdk-amd64/jre/lib/amd64/libverify.so
7f8c585eb000-7f8c585f2000 r-xp 00000000 fd:01 14946912                   /lib/x86_64-linux-gnu/librt-2.23.so
7f8c585f2000-7f8c587f1000 ---p 00007000 fd:01 14946912                   /lib/x86_64-linux-gnu/librt-2.23.so
7f8c587f1000-7f8c587f2000 r--p 00006000 fd:01 14946912                   /lib/x86_64-linux-gnu/librt-2.23.so
7f8c587f2000-7f8c587f3000 rw-p 00007000 fd:01 14946912                   /lib/x86_64-linux-gnu/librt-2.23.so
7f8c587f3000-7f8c58809000 r-xp 00000000 fd:01 14946796                   /lib/x86_64-linux-gnu/libgcc_s.so.1
7f8c58809000-7f8c58a08000 ---p 00016000 fd:01 14946796                   /lib/x86_64-linux-gnu/libgcc_s.so.1
7f8c58a08000-7f8c58a09000 rw-p 00015000 fd:01 14946796                   /lib/x86_64-linux-gnu/libgcc_s.so.1
7f8c58a09000-7f8c58b11000 r-xp 00000000 fd:01 14946828                   /lib/x86_64-linux-gnu/libm-2.23.so
7f8c58b11000-7f8c58d10000 ---p 00108000 fd:01 14946828                   /lib/x86_64-linux-gnu/libm-2.23.so
7f8c58d10000-7f8c58d11000 r--p 00107000 fd:01 14946828                   /lib/x86_64-linux-gnu/libm-2.23.so
7f8c58d11000-7f8c58d12000 rw-p 00108000 fd:01 14946828                   /lib/x86_64-linux-gnu/libm-2.23.so
7f8c58d12000-7f8c58e84000 r-xp 00000000 fd:01 20055626                   /usr/lib/x86_64-linux-gnu/libstdc++.so.6.0.21
7f8c58e84000-7f8c59084000 ---p 00172000 fd:01 20055626                   /usr/lib/x86_64-linux-gnu/libstdc++.so.6.0.21
7f8c59084000-7f8c5908e000 r--p 00172000 fd:01 20055626                   /usr/lib/x86_64-linux-gnu/libstdc++.so.6.0.21
7f8c5908e000-7f8c59090000 rw-p 0017c000 fd:01 20055626                   /usr/lib/x86_64-linux-gnu/libstdc++.so.6.0.21
7f8c59090000-7f8c59094000 rw-p 00000000 00:00 0 
7f8c59094000-7f8c59ce8000 r-xp 00000000 fd:01 20187676                   /usr/lib/jvm/java-8-openjdk-amd64/jre/lib/amd64/server/libjvm.so
7f8c59ce8000-7f8c59ee8000 ---p 00c54000 fd:01 20187676                   /usr/lib/jvm/java-8-openjdk-amd64/jre/lib/amd64/server/libjvm.so
7f8c59ee8000-7f8c59f7b000 r--p 00c54000 fd:01 20187676                   /usr/lib/jvm/java-8-openjdk-amd64/jre/lib/amd64/server/libjvm.so
7f8c59f7b000-7f8c59fa4000 rw-p 00ce7000 fd:01 20187676                   /usr/lib/jvm/java-8-openjdk-amd64/jre/lib/amd64/server/libjvm.so
7f8c59fa4000-7f8c59fd4000 rw-p 00000000 00:00 0 
7f8c59fd4000-7f8c59fec000 r-xp 00000000 fd:01 14946904                   /lib/x86_64-linux-gnu/libpthread-2.23.so
7f8c59fec000-7f8c5a1eb000 ---p 00018000 fd:01 14946904                   /lib/x86_64-linux-gnu/libpthread-2.23.so
7f8c5a1eb000-7f8c5a1ec000 r--p 00017000 fd:01 14946904                   /lib/x86_64-linux-gnu/libpthread-2.23.so
7f8c5a1ec000-7f8c5a1ed000 rw-p 00018000 fd:01 14946904                   /lib/x86_64-linux-gnu/libpthread-2.23.so
7f8c5a1ed000-7f8c5a1f1000 rw-p 00000000 00:00 0 
7f8c5a1f1000-7f8c5a1f4000 r-xp 00000000 fd:01 14946782                   /lib/x86_64-linux-gnu/libdl-2.23.so
7f8c5a1f4000-7f8c5a3f3000 ---p 00003000 fd:01 14946782                   /lib/x86_64-linux-gnu/libdl-2.23.so
7f8c5a3f3000-7f8c5a3f4000 r--p 00002000 fd:01 14946782                   /lib/x86_64-linux-gnu/libdl-2.23.so
7f8c5a3f4000-7f8c5a3f5000 rw-p 00003000 fd:01 14946782                   /lib/x86_64-linux-gnu/libdl-2.23.so
7f8c5a3f5000-7f8c5a40e000 r-xp 00000000 fd:01 14946949                   /lib/x86_64-linux-gnu/libz.so.1.2.8
7f8c5a40e000-7f8c5a60d000 ---p 00019000 fd:01 14946949                   /lib/x86_64-linux-gnu/libz.so.1.2.8
7f8c5a60d000-7f8c5a60e000 r--p 00018000 fd:01 14946949                   /lib/x86_64-linux-gnu/libz.so.1.2.8
7f8c5a60e000-7f8c5a60f000 rw-p 00019000 fd:01 14946949                   /lib/x86_64-linux-gnu/libz.so.1.2.8
7f8c5a60f000-7f8c5a7cf000 r-xp 00000000 fd:01 14946758                   /lib/x86_64-linux-gnu/libc-2.23.so
7f8c5a7cf000-7f8c5a9cf000 ---p 001c0000 fd:01 14946758                   /lib/x86_64-linux-gnu/libc-2.23.so
7f8c5a9cf000-7f8c5a9d3000 r--p 001c0000 fd:01 14946758                   /lib/x86_64-linux-gnu/libc-2.23.so
7f8c5a9d3000-7f8c5a9d5000 rw-p 001c4000 fd:01 14946758                   /lib/x86_64-linux-gnu/libc-2.23.so
7f8c5a9d5000-7f8c5a9d9000 rw-p 00000000 00:00 0 
7f8c5a9d9000-7f8c5a9e6000 r-xp 00000000 fd:01 20187201                   /usr/lib/jvm/java-8-openjdk-amd64/jre/lib/amd64/jli/libjli.so
7f8c5a9e6000-7f8c5abe6000 ---p 0000d000 fd:01 20187201                   /usr/lib/jvm/java-8-openjdk-amd64/jre/lib/amd64/jli/libjli.so
7f8c5abe6000-7f8c5abe7000 r--p 0000d000 fd:01 20187201                   /usr/lib/jvm/java-8-openjdk-amd64/jre/lib/amd64/jli/libjli.so
7f8c5abe7000-7f8c5abe8000 rw-p 0000e000 fd:01 20187201                   /usr/lib/jvm/java-8-openjdk-amd64/jre/lib/amd64/jli/libjli.so
7f8c5abe8000-7f8c5ac0e000 r-xp 00000000 fd:01 14946730                   /lib/x86_64-linux-gnu/ld-2.23.so
7f8c5ac0e000-7f8c5ac0f000 r--s 00011000 00:2d 24905538                   /home/daan/lwjgl3/lwjgl-glfw-natives-linux.jar
7f8c5ac0f000-7f8c5ac11000 r--s 00008000 fd:01 20186090                   /usr/lib/jvm/java-8-openjdk-amd64/jre/lib/ext/sunec.jar
7f8c5ac11000-7f8c5ac14000 r--s 0000f000 fd:01 20186087                   /usr/lib/jvm/java-8-openjdk-amd64/jre/lib/ext/icedtea-sound.jar
7f8c5ac14000-7f8c5ace5000 rw-p 00000000 00:00 0 
7f8c5ace5000-7f8c5ace8000 ---p 00000000 00:00 0 
7f8c5ace8000-7f8c5adeb000 rw-p 00000000 00:00 0 
7f8c5adeb000-7f8c5adec000 r--s 0000a000 fd:01 20186064                   /usr/lib/jvm/java-8-openjdk-amd64/jre/lib/ext/jaccess.jar
7f8c5adec000-7f8c5aded000 r--s 00010000 fd:01 20187194                   /usr/lib/jvm/java-8-openjdk-amd64/jre/lib/ext/zipfs.jar
7f8c5aded000-7f8c5ae01000 rw-p 00000000 00:00 0 
7f8c5ae01000-7f8c5ae09000 rw-s 00000000 fd:01 7602214                    /tmp/hsperfdata_root/11177
7f8c5ae09000-7f8c5ae0a000 rw-p 00000000 00:00 0 
7f8c5ae0a000-7f8c5ae0b000 r--p 00000000 00:00 0 
7f8c5ae0b000-7f8c5ae0d000 rw-p 00000000 00:00 0 
7f8c5ae0d000-7f8c5ae0e000 r--p 00025000 fd:01 14946730                   /lib/x86_64-linux-gnu/ld-2.23.so
7f8c5ae0e000-7f8c5ae0f000 rw-p 00026000 fd:01 14946730                   /lib/x86_64-linux-gnu/ld-2.23.so
7f8c5ae0f000-7f8c5ae10000 rw-p 00000000 00:00 0 
7fff01cea000-7fff01d0c000 rw-p 00000000 00:00 0                          [stack]
7fff01df6000-7fff01df8000 r--p 00000000 00:00 0                          [vvar]
7fff01df8000-7fff01dfa000 r-xp 00000000 00:00 0                          [vdso]
ffffffffff600000-ffffffffff601000 r-xp 00000000 00:00 0                  [vsyscall]

VM Arguments:
jvm_args: -Dfile.encoding=UTF-8 
java_command: Main
java_class_path (initial): /home/daan/lwjgl3/lwjgl.jar:/home/daan/lwjgl3/lwjgl-glfw.jar:/home/daan/lwjgl3/lwjgl-glfw-natives-linux.jar:/home/daan/lwjgl3/lwjgl-glfw-natives-macos.jar:/home/daan/lwjgl3/lwjgl-glfw-natives-windows.jar:/home/daan/lwjgl3/lwjgl-jemalloc.jar:/home/daan/lwjgl3/lwjgl-jemalloc-natives-linux.jar:/home/daan/lwjgl3/lwjgl-jemalloc-natives-macos.jar:/home/daan/lwjgl3/lwjgl-jemalloc-natives-windows.jar:/home/daan/lwjgl3/lwjgl-nanovg.jar:/home/daan/lwjgl3/lwjgl-nanovg-natives-linux.jar:/home/daan/lwjgl3/lwjgl-nanovg-natives-macos.jar:/home/daan/lwjgl3/lwjgl-nanovg-natives-windows.jar:/home/daan/lwjgl3/lwjgl-natives-linux.jar:/home/daan/lwjgl3/lwjgl-natives-macos.jar:/home/daan/lwjgl3/lwjgl-natives-windows.jar:/home/daan/lwjgl3/lwjgl-nfd.jar:/home/daan/lwjgl3/lwjgl-nfd-natives-linux.jar:/home/daan/lwjgl3/lwjgl-nfd-natives-macos.jar:/home/daan/lwjgl3/lwjgl-nfd-natives-windows.jar:/home/daan/lwjgl3/lwjgl-nuklear.jar:/home/daan/lwjgl3/lwjgl-nuklear-natives-linux.jar:/home/daan/lwjgl3/lwjgl-nuklear-natives-macos.jar:/home/daan/lwjgl3/lwjgl-nuklear-natives-windows.jar:/home/daan/lwjgl3/lwjgl-openal.jar:/home/daan/lwjgl3/lwjgl-openal-natives-linux.jar:/home/daan/lwjgl3/lwjgl-openal-natives-macos.jar:/home/daan/lwjgl3/lwjgl-openal-natives-windows.jar:/home/daan/lwjgl3/lwjgl-opengl.jar:/home/daan/lwjgl3/lwjgl-opengl-natives-linux.jar:/home/daan/lwjgl3/lwjgl-opengl-natives-macos.jar:/home/daan/lwjgl3/lwjgl-opengl-natives-windows.jar:/home/daan/lwjgl3/lwjgl-par.jar:/home/daan/lwjgl3/lwjgl-par-natives-linux.jar:/home/daan/lwjgl3/lwjgl-par-natives-macos.jar:/home/daan/lwjgl3/lwjgl-par-natives-windows.jar:/home/daan/lwjgl3/lwjgl-stb.jar:/home/daan/lwjgl3/lwjgl-stb-natives-linux.jar:/home/daan/lwjgl3/lwjgl-stb-natives-macos.jar:/home/daan/lwjgl3/lwjgl-stb-natives-windows.jar:/home/daan/lwjgl3/lwjgl-tinyfd.jar:/home/daan/lwjgl3/lwjgl-tinyfd-natives-linux.jar:/home/daan/lwjgl3/lwjgl-tinyfd-natives-macos.jar:/home/daan/lwjgl3/lwjgl-tinyfd-natives-windows.jar:/home/d
Launcher Type: SUN_STANDARD

Environment Variables:
PATH=/usr/local/sbin:/usr/local/bin:/usr/sbin:/usr/bin:/sbin:/bin:/snap/bin
USERNAME=root
SHELL=/bin/bash
DISPLAY=:1

Signal Handlers:
SIGSEGV: [libjvm.so+0xa6ad10], sa_mask[0]=11111111011111111101111111111110, sa_flags=SA_RESTART|SA_SIGINFO
SIGBUS: [libjvm.so+0xa6ad10], sa_mask[0]=11111111011111111101111111111110, sa_flags=SA_RESTART|SA_SIGINFO
SIGFPE: [libjvm.so+0x8b3bc0], sa_mask[0]=11111111011111111101111111111110, sa_flags=SA_RESTART|SA_SIGINFO
SIGPIPE: [libjvm.so+0x8b3bc0], sa_mask[0]=11111111011111111101111111111110, sa_flags=SA_RESTART|SA_SIGINFO
SIGXFSZ: [libjvm.so+0x8b3bc0], sa_mask[0]=11111111011111111101111111111110, sa_flags=SA_RESTART|SA_SIGINFO
SIGILL: [libjvm.so+0x8b3bc0], sa_mask[0]=11111111011111111101111111111110, sa_flags=SA_RESTART|SA_SIGINFO
SIGUSR1: SIG_DFL, sa_mask[0]=00000000000000000000000000000000, sa_flags=none
SIGUSR2: [libjvm.so+0x8b3a70], sa_mask[0]=00100000000000000000000000000000, sa_flags=SA_RESTART|SA_SIGINFO
SIGHUP: [libjvm.so+0x8b3f40], sa_mask[0]=11111111011111111101111111111110, sa_flags=SA_RESTART|SA_SIGINFO
SIGINT: [libjvm.so+0x8b3f40], sa_mask[0]=11111111011111111101111111111110, sa_flags=SA_RESTART|SA_SIGINFO
SIGTERM: [libjvm.so+0x8b3f40], sa_mask[0]=11111111011111111101111111111110, sa_flags=SA_RESTART|SA_SIGINFO
SIGQUIT: [libjvm.so+0x8b3f40], sa_mask[0]=11111111011111111101111111111110, sa_flags=SA_RESTART|SA_SIGINFO


---------------  S Y S T E M  ---------------

OS:DISTRIB_ID=Ubuntu
DISTRIB_RELEASE=16.04
DISTRIB_CODENAME=xenial
DISTRIB_DESCRIPTION="Ubuntu 16.04.3 LTS"

uname:Linux 4.10.0-37-generic #41~16.04.1-Ubuntu SMP Fri Oct 6 22:42:59 UTC 2017 x86_64
libc:glibc 2.23 NPTL 2.23 
rlimit: STACK 8192k, CORE 0k, NPROC 15312, NOFILE 1048576, AS infinity
load average:0,51 0,46 0,54

/proc/meminfo:
MemTotal:        4021440 kB
MemFree:          139412 kB
MemAvailable:    1077008 kB
Buffers:           93284 kB
Cached:          1023084 kB
SwapCached:          348 kB
Active:          2795888 kB
Inactive:         762260 kB
Active(anon):    1983752 kB
Inactive(anon):   491488 kB
Active(file):     812136 kB
Inactive(file):   270772 kB
Unevictable:          16 kB
Mlocked:              16 kB
SwapTotal:       4173308 kB
SwapFree:        4171720 kB
Dirty:               264 kB
Writeback:             0 kB
AnonPages:       2226192 kB
Mapped:           420044 kB
Shmem:             33460 kB
Slab:             173636 kB
SReclaimable:     124792 kB
SUnreclaim:        48844 kB
KernelStack:       10680 kB
PageTables:        39824 kB
NFS_Unstable:          0 kB
Bounce:                0 kB
WritebackTmp:          0 kB
CommitLimit:     6184028 kB
Committed_AS:    6030520 kB
VmallocTotal:   34359738367 kB
VmallocUsed:           0 kB
VmallocChunk:          0 kB
HardwareCorrupted:     0 kB
AnonHugePages:    819200 kB
ShmemHugePages:        0 kB
ShmemPmdMapped:        0 kB
CmaTotal:              0 kB
CmaFree:               0 kB
HugePages_Total:       0
HugePages_Free:        0
HugePages_Rsvd:        0
HugePages_Surp:        0
Hugepagesize:       2048 kB
DirectMap4k:      368640 kB
DirectMap2M:     3803136 kB


CPU:total 4 (initial active 4) (4 cores per cpu, 1 threads per core) family 6 model 42 stepping 7, cmov, cx8, fxsr, mmx, sse, sse2, sse3, ssse3, sse4.1, sse4.2, popcnt, avx, aes, clmul, tsc, tscinvbit

/proc/cpuinfo:
processor	: 0
vendor_id	: GenuineIntel
cpu family	: 6
model		: 42
model name	: Intel(R) Core(TM) i5-2400S CPU @ 2.50GHz
stepping	: 7
microcode	: 0x1a
cpu MHz		: 2796.020
cache size	: 6144 KB
physical id	: 0
siblings	: 4
core id		: 0
cpu cores	: 4
apicid		: 0
initial apicid	: 0
fpu		: yes
fpu_exception	: yes
cpuid level	: 13
wp		: yes
flags		: fpu vme de pse tsc msr pae mce cx8 apic sep mtrr pge mca cmov pat pse36 clflush dts acpi mmx fxsr sse sse2 ss ht tm pbe syscall nx rdtscp lm constant_tsc arch_perfmon pebs bts rep_good nopl xtopology nonstop_tsc aperfmperf pni pclmulqdq dtes64 monitor ds_cpl vmx smx est tm2 ssse3 cx16 xtpr pdcm pcid sse4_1 sse4_2 x2apic popcnt tsc_deadline_timer aes xsave avx lahf_lm tpr_shadow vnmi flexpriority ept vpid xsaveopt dtherm ida arat pln pts
bugs		:
bogomips	: 4988.99
clflush size	: 64
cache_alignment	: 64
address sizes	: 36 bits physical, 48 bits virtual
power management:

processor	: 1
vendor_id	: GenuineIntel
cpu family	: 6
model		: 42
model name	: Intel(R) Core(TM) i5-2400S CPU @ 2.50GHz
stepping	: 7
microcode	: 0x1a
cpu MHz		: 2766.265
cache size	: 6144 KB
physical id	: 0
siblings	: 4
core id		: 1
cpu cores	: 4
apicid		: 2
initial apicid	: 2
fpu		: yes
fpu_exception	: yes
cpuid level	: 13
wp		: yes
flags		: fpu vme de pse tsc msr pae mce cx8 apic sep mtrr pge mca cmov pat pse36 clflush dts acpi mmx fxsr sse sse2 ss ht tm pbe syscall nx rdtscp lm constant_tsc arch_perfmon pebs bts rep_good nopl xtopology nonstop_tsc aperfmperf pni pclmulqdq dtes64 monitor ds_cpl vmx smx est tm2 ssse3 cx16 xtpr pdcm pcid sse4_1 sse4_2 x2apic popcnt tsc_deadline_timer aes xsave avx lahf_lm tpr_shadow vnmi flexpriority ept vpid xsaveopt dtherm ida arat pln pts
bugs		:
bogomips	: 4988.99
clflush size	: 64
cache_alignment	: 64
address sizes	: 36 bits physical, 48 bits virtual
power management:

processor	: 2
vendor_id	: GenuineIntel
cpu family	: 6
model		: 42
model name	: Intel(R) Core(TM) i5-2400S CPU @ 2.50GHz
stepping	: 7
microcode	: 0x1a
cpu MHz		: 2756.347
cache size	: 6144 KB
physical id	: 0
siblings	: 4
core id		: 2
cpu cores	: 4
apicid		: 4
initial apicid	: 4
fpu		: yes
fpu_exception	: yes
cpuid level	: 13
wp		: yes
flags		: fpu vme de pse tsc msr pae mce cx8 apic sep mtrr pge mca cmov pat pse36 clflush dts acpi mmx fxsr sse sse2 ss ht tm pbe syscall nx rdtscp lm constant_tsc arch_perfmon pebs bts rep_good nopl xtopology nonstop_tsc aperfmperf pni pclmulqdq dtes64 monitor ds_cpl vmx smx est tm2 ssse3 cx16 xtpr pdcm pcid sse4_1 sse4_2 x2apic popcnt tsc_deadline_timer aes xsave avx lahf_lm tpr_shadow vnmi flexpriority ept vpid xsaveopt dtherm ida arat pln pts
bugs		:
bogomips	: 4988.99
clflush size	: 64
cache_alignment	: 64
address sizes	: 36 bits physical, 48 bits virtual
power management:

processor	: 3
vendor_id	: GenuineIntel
cpu family	: 6
model		: 42
model name	: Intel(R) Core(TM) i5-2400S CPU @ 2.50GHz
stepping	: 7
microcode	: 0x1a
cpu MHz		: 2747.650
cache size	: 6144 KB
physical id	: 0
siblings	: 4
core id		: 3
cpu cores	: 4
apicid		: 6
initial apicid	: 6
fpu		: yes
fpu_exception	: yes
cpuid level	: 13
wp		: yes
flags		: fpu vme de pse tsc msr pae mce cx8 apic sep mtrr pge mca cmov pat pse36 clflush dts acpi mmx fxsr sse sse2 ss ht tm pbe syscall nx rdtscp lm constant_tsc arch_perfmon pebs bts rep_good nopl xtopology nonstop_tsc aperfmperf pni pclmulqdq dtes64 monitor ds_cpl vmx smx est tm2 ssse3 cx16 xtpr pdcm pcid sse4_1 sse4_2 x2apic popcnt tsc_deadline_timer aes xsave avx lahf_lm tpr_shadow vnmi flexpriority ept vpid xsaveopt dtherm ida arat pln pts
bugs		:
bogomips	: 4988.99
clflush size	: 64
cache_alignment	: 64
address sizes	: 36 bits physical, 48 bits virtual
power management:



Memory: 4k page, physical 4021440k(139412k free), swap 4173308k(4171720k free)

vm_info: OpenJDK 64-Bit Server VM (25.131-b11) for linux-amd64 JRE (1.8.0_131-8u131-b11-2ubuntu1.16.04.3-b11), built on Jul 28 2017 01:23:32 by "buildd" with gcc 5.4.0 20160609

time: Wed Oct 11 14:55:27 2017
elapsed time: 0 seconds (0d 0h 0m 0s)

