#
# A fatal error has been detected by the Java Runtime Environment:
#
#  SIGSEGV (0xb) at pc=0x00007f831a39164c, pid=12255, tid=0x00007f833ac05700
#
# JRE version: OpenJDK Runtime Environment (8.0_131-b11) (build 1.8.0_131-8u131-b11-2ubuntu1.16.04.3-b11)
# Java VM: OpenJDK 64-Bit Server VM (25.131-b11 mixed mode linux-amd64 compressed oops)
# Problematic frame:
# C  [liblwjgl_opengl.so+0x4464c]  Java_org_lwjgl_opengl_GL30_nglGenVertexArrays__IJ+0xc
#
# Failed to write core dump. Core dumps have been disabled. To enable core dumping, try "ulimit -c unlimited" before starting Java again
#
# If you would like to submit a bug report, please visit:
#   http://bugreport.java.com/bugreport/crash.jsp
# The crash happened outside the Java Virtual Machine in native code.
# See problematic frame for where to report the bug.
#

---------------  T H R E A D  ---------------

Current thread (0x00007f833400b000):  JavaThread "main" [_thread_in_native, id=12259, stack(0x00007f833ab05000,0x00007f833ac06000)]

siginfo: si_signo: 11 (SIGSEGV), si_code: 1 (SEGV_MAPERR), si_addr: 0x0000000000000f70

Registers:
RAX=0x0000000000000000, RBX=0x00007f83215f0690, RCX=0x00007f83342e376c, RDX=0x0000000000000001
RSP=0x00007f833ac047b8, RBP=0x00007f833ac04818, RSI=0x00007f83342e376c, RDI=0x0000000000000001
R8 =0x00007f83215f0690, R9 =0x0000000000000004, R10=0x00007f832439f748, R11=0x00007f8339812520
R12=0x0000000000000000, R13=0x00007f83215f0690, R14=0x00007f833ac04848, R15=0x00007f833400b000
RIP=0x00007f831a39164c, EFLAGS=0x0000000000010283, CSGSFS=0x002b000000000033, ERR=0x0000000000000004
  TRAPNO=0x000000000000000e

Top of Stack: (sp=0x00007f833ac047b8)
0x00007f833ac047b8:   00007f832439f774 00007f833ac04818
0x00007f833ac047c8:   00007f832439f507 00007f832439f4c2
0x00007f833ac047d8:   00007f833ac047d8 00007f83215f0690
0x00007f833ac047e8:   00007f833ac04848 00007f83215f90f8
0x00007f833ac047f8:   0000000000000000 00007f83215f0690
0x00007f833ac04808:   0000000000000000 00007f833ac04838
0x00007f833ac04818:   00007f833ac04890 00007f832438fffd
0x00007f833ac04828:   00000000eba72040 00007f8324399278
0x00007f833ac04838:   00007f83342e376c 00000000ebdabae8
0x00007f833ac04848:   0000000000000001 00007f833ac04850
0x00007f833ac04858:   00007f83215f0804 00007f833ac048c0
0x00007f833ac04868:   00007f83215f90f8 0000000000000000
0x00007f833ac04878:   00007f83215f0870 00007f833ac04838
0x00007f833ac04888:   00007f833ac048c8 00007f833ac04910
0x00007f833ac04898:   00007f832438fa40 0000000000000000
0x00007f833ac048a8:   0000000000000000 00000000ebdabae8
0x00007f833ac048b8:   0000000000010000 00000000ebd4f868
0x00007f833ac048c8:   00000000eba47558 00007f833ac048d0
0x00007f833ac048d8:   00007f83215e2db5 00007f833ac04930
0x00007f833ac048e8:   00007f83215e3028 0000000000000000
0x00007f833ac048f8:   00007f83215e2e40 00007f833ac048c8
0x00007f833ac04908:   00007f833ac04928 00007f833ac04988
0x00007f833ac04918:   00007f832438fffd 0000000000000000
0x00007f833ac04928:   00000000eba43f78 00000000eba47558
0x00007f833ac04938:   00000000eba47558 00000000eba3f8c8
0x00007f833ac04948:   00007f833ac04948 00007f83215e19ee
0x00007f833ac04958:   00007f833ac049b8 00007f83215e1c88
0x00007f833ac04968:   0000000000000000 00007f83215e1ac0
0x00007f833ac04978:   00007f833ac04928 00007f833ac049b8
0x00007f833ac04988:   00007f833ac04a00 00007f832438fffd
0x00007f833ac04998:   00000000eba43f78 0000000000000000
0x00007f833ac049a8:   0000000000000000 0000000000000000 

Instructions: (pc=0x00007f831a39164c)
0x00007f831a39162c:   78 1c 00 00 ff e0 66 66 66 66 66 2e 0f 1f 84 00
0x00007f831a39163c:   00 00 00 00 48 8b 07 48 89 ce 89 d7 48 8b 40 18
0x00007f831a39164c:   48 8b 80 70 0f 00 00 ff e0 66 66 2e 0f 1f 84 00
0x00007f831a39165c:   00 00 00 00 48 8b 07 48 89 ce 89 d7 48 8b 40 18 

Register to memory mapping:

RAX=0x0000000000000000 is an unknown value
RBX={method} {0x00007f83215f0690} 'nglGenVertexArrays' '(IJ)V' in 'org/lwjgl/opengl/GL30'
RCX=0x00007f83342e376c is an unknown value
RDX=0x0000000000000001 is an unknown value
RSP=0x00007f833ac047b8 is pointing into the stack for thread: 0x00007f833400b000
RBP=0x00007f833ac04818 is pointing into the stack for thread: 0x00007f833400b000
RSI=0x00007f83342e376c is an unknown value
RDI=0x0000000000000001 is an unknown value
R8 ={method} {0x00007f83215f0690} 'nglGenVertexArrays' '(IJ)V' in 'org/lwjgl/opengl/GL30'
R9 =0x0000000000000004 is an unknown value
R10=0x00007f832439f748 is at code_begin+808 in an Interpreter codelet
method entry point (kind = native)  [0x00007f832439f420, 0x00007f832439fd20]  2304 bytes
R11=0x00007f8339812520: <offset 0x95e520> in /usr/lib/jvm/java-8-openjdk-amd64/jre/lib/amd64/server/libjvm.so at 0x00007f8338eb4000
R12=0x0000000000000000 is an unknown value
R13={method} {0x00007f83215f0690} 'nglGenVertexArrays' '(IJ)V' in 'org/lwjgl/opengl/GL30'
R14=0x00007f833ac04848 is pointing into the stack for thread: 0x00007f833400b000
R15=0x00007f833400b000 is a thread


Stack: [0x00007f833ab05000,0x00007f833ac06000],  sp=0x00007f833ac047b8,  free space=1021k
Native frames: (J=compiled Java code, j=interpreted, Vv=VM code, C=native code)
C  [liblwjgl_opengl.so+0x4464c]  Java_org_lwjgl_opengl_GL30_nglGenVertexArrays__IJ+0xc
j  org.lwjgl.opengl.GL30.glGenVertexArrays()I+20
j  Mesh.<init>([F)V+5
j  Game.start()V+70
j  Main.main([Ljava/lang/String;)V+17
v  ~StubRoutines::call_stub
V  [libjvm.so+0x66415b]
V  [libjvm.so+0x685e9e]
V  [libjvm.so+0x6887cf]
C  [libjli.so+0x3552]
C  [libjli.so+0x73dd]
C  [libpthread.so.0+0x76ba]  start_thread+0xca

Java frames: (J=compiled Java code, j=interpreted, Vv=VM code)
j  org.lwjgl.opengl.GL30.nglGenVertexArrays(IJ)V+0
j  org.lwjgl.opengl.GL30.glGenVertexArrays()I+20
j  Mesh.<init>([F)V+5
j  Game.start()V+70
j  Main.main([Ljava/lang/String;)V+17
v  ~StubRoutines::call_stub

---------------  P R O C E S S  ---------------

Java Threads: ( => current thread )
  0x00007f83340bb800 JavaThread "Service Thread" daemon [_thread_blocked, id=12273, stack(0x00007f831ad37000,0x00007f831ae38000)]
  0x00007f83340b3800 JavaThread "C1 CompilerThread2" daemon [_thread_blocked, id=12272, stack(0x00007f831ae38000,0x00007f831af39000)]
  0x00007f83340b2000 JavaThread "C2 CompilerThread1" daemon [_thread_blocked, id=12271, stack(0x00007f831af39000,0x00007f831b03a000)]
  0x00007f83340af000 JavaThread "C2 CompilerThread0" daemon [_thread_blocked, id=12270, stack(0x00007f831b03a000,0x00007f831b13b000)]
  0x00007f83340ad000 JavaThread "Signal Dispatcher" daemon [_thread_blocked, id=12269, stack(0x00007f831b13b000,0x00007f831b23c000)]
  0x00007f8334084800 JavaThread "Finalizer" daemon [_thread_blocked, id=12268, stack(0x00007f831bbfc000,0x00007f831bcfd000)]
  0x00007f8334080000 JavaThread "Reference Handler" daemon [_thread_blocked, id=12267, stack(0x00007f831bcfd000,0x00007f831bdfe000)]
=>0x00007f833400b000 JavaThread "main" [_thread_in_native, id=12259, stack(0x00007f833ab05000,0x00007f833ac06000)]

Other Threads:
  0x00007f8334078000 VMThread [stack: 0x00007f831bdfe000,0x00007f831beff000] [id=12266]
  0x00007f83340be000 WatcherThread [stack: 0x00007f831ac36000,0x00007f831ad37000] [id=12274]

VM state:not at safepoint (normal execution)

VM Mutex/Monitor currently owned by a thread: None

Heap:
 PSYoungGen      total 18432K, used 4847K [0x00000000eb900000, 0x00000000ecd80000, 0x0000000100000000)
  eden space 15872K, 30% used [0x00000000eb900000,0x00000000ebdbbef8,0x00000000ec880000)
  from space 2560K, 0% used [0x00000000ecb00000,0x00000000ecb00000,0x00000000ecd80000)
  to   space 2560K, 0% used [0x00000000ec880000,0x00000000ec880000,0x00000000ecb00000)
 ParOldGen       total 42496K, used 0K [0x00000000c2a00000, 0x00000000c5380000, 0x00000000eb900000)
  object space 42496K, 0% used [0x00000000c2a00000,0x00000000c2a00000,0x00000000c5380000)
 Metaspace       used 5008K, capacity 5334K, committed 5632K, reserved 1056768K
  class space    used 550K, capacity 641K, committed 768K, reserved 1048576K

Card table byte_map: [0x00007f833800e000,0x00007f83381fa000] byte_map_base: 0x00007f83379f9000

Marking Bits: (ParMarkBitMap*) 0x00007f8339dd72c0
 Begin Bits: [0x00007f8321bcc000, 0x00007f8322b24000)
 End Bits:   [0x00007f8322b24000, 0x00007f8323a7c000)

Polling page: 0x00007f833ac2a000

CodeCache: size=245760Kb used=1837Kb max_used=1837Kb free=243922Kb
 bounds [0x00007f8324388000, 0x00007f83245f8000, 0x00007f8333388000]
 total_blobs=688 nmethods=374 adapters=229
 compilation: enabled

Compilation events (10 events):
Event: 0,212 Thread 0x00007f83340b3800  370       3       java.nio.DirectLongBufferU::put (18 bytes)
Event: 0,212 Thread 0x00007f83340b3800 nmethod 370 0x00007f8324550fd0 code [0x00007f8324551140, 0x00007f83245513b0]
Event: 0,215 Thread 0x00007f83340b3800  371       1       java.util.zip.ZipCoder::isUTF8 (5 bytes)
Event: 0,215 Thread 0x00007f83340b3800 nmethod 371 0x00007f8324552b10 code [0x00007f8324552c60, 0x00007f8324552d70]
Event: 0,218 Thread 0x00007f83340b3800  372       1       sun.misc.URLClassPath$JarLoader::access$700 (5 bytes)
Event: 0,218 Thread 0x00007f83340b3800 nmethod 372 0x00007f8324552dd0 code [0x00007f8324552f20, 0x00007f8324553010]
Event: 0,223 Thread 0x00007f83340b3800  373       3       java.lang.Character::toUpperCase (6 bytes)
Event: 0,224 Thread 0x00007f83340b3800 nmethod 373 0x00007f8324553290 code [0x00007f8324553420, 0x00007f83245536b8]
Event: 0,224 Thread 0x00007f83340b3800  374       3       java.lang.Character::toUpperCase (9 bytes)
Event: 0,224 Thread 0x00007f83340b3800 nmethod 374 0x00007f83245537d0 code [0x00007f8324553940, 0x00007f8324553b78]

GC Heap History (0 events):
No events

Deoptimization events (0 events):
No events

Internal exceptions (10 events):
Event: 0,136 Thread 0x00007f833400b000 Exception <a 'java/lang/NoSuchFieldError': method resolution failed> (0x00000000ebb8f428) thrown at [/build/openjdk-8-pZyJp3/openjdk-8-8u131-b11/src/hotspot/src/share/vm/prims/methodHandles.cpp, line 1146]
Event: 0,138 Thread 0x00007f833400b000 Exception <a 'java/lang/NoSuchFieldError': method resolution failed> (0x00000000ebb9c858) thrown at [/build/openjdk-8-pZyJp3/openjdk-8-8u131-b11/src/hotspot/src/share/vm/prims/methodHandles.cpp, line 1146]
Event: 0,179 Thread 0x00007f833400b000 Exception <a 'java/lang/NoSuchMethodError': java.lang.Object.lambda$static$0(Ljava/lang/String;)Ljava/lang/Boolean;> (0x00000000ebca6d00) thrown at [/build/openjdk-8-pZyJp3/openjdk-8-8u131-b11/src/hotspot/src/share/vm/interpreter/linkResolver.cpp, line 58
Event: 0,189 Thread 0x00007f833400b000 Exception <a 'java/security/PrivilegedActionException'> (0x00000000ebcd53d0) thrown at [/build/openjdk-8-pZyJp3/openjdk-8-8u131-b11/src/hotspot/src/share/vm/prims/jvm.cpp, line 1390]
Event: 0,189 Thread 0x00007f833400b000 Exception <a 'java/security/PrivilegedActionException'> (0x00000000ebcd55e0) thrown at [/build/openjdk-8-pZyJp3/openjdk-8-8u131-b11/src/hotspot/src/share/vm/prims/jvm.cpp, line 1390]
Event: 0,189 Thread 0x00007f833400b000 Exception <a 'java/security/PrivilegedActionException'> (0x00000000ebcd7668) thrown at [/build/openjdk-8-pZyJp3/openjdk-8-8u131-b11/src/hotspot/src/share/vm/prims/jvm.cpp, line 1390]
Event: 0,189 Thread 0x00007f833400b000 Exception <a 'java/security/PrivilegedActionException'> (0x00000000ebcd7878) thrown at [/build/openjdk-8-pZyJp3/openjdk-8-8u131-b11/src/hotspot/src/share/vm/prims/jvm.cpp, line 1390]
Event: 0,189 Thread 0x00007f833400b000 Exception <a 'java/security/PrivilegedActionException'> (0x00000000ebcd8350) thrown at [/build/openjdk-8-pZyJp3/openjdk-8-8u131-b11/src/hotspot/src/share/vm/prims/jvm.cpp, line 1390]
Event: 0,189 Thread 0x00007f833400b000 Exception <a 'java/security/PrivilegedActionException'> (0x00000000ebcd8560) thrown at [/build/openjdk-8-pZyJp3/openjdk-8-8u131-b11/src/hotspot/src/share/vm/prims/jvm.cpp, line 1390]
Event: 0,210 Thread 0x00007f833400b000 Exception <a 'sun/nio/fs/UnixException'> (0x00000000ebd264d8) thrown at [/build/openjdk-8-pZyJp3/openjdk-8-8u131-b11/src/hotspot/src/share/vm/prims/jni.cpp, line 709]

Events (10 events):
Event: 0,220 loading class org/lwjgl/system/jni/JNINativeInterface
Event: 0,220 loading class org/lwjgl/system/jni/JNINativeInterface done
Event: 0,222 loading class org/lwjgl/system/linux/DynamicLinkLoader
Event: 0,222 loading class org/lwjgl/system/linux/DynamicLinkLoader done
Event: 0,223 loading class org/lwjgl/opengl/GL$2
Event: 0,223 loading class org/lwjgl/opengl/GL$2 done
Event: 0,223 loading class org/lwjgl/opengl/GL$SharedLibraryGL
Event: 0,223 loading class org/lwjgl/opengl/GL$SharedLibraryGL done
Event: 0,224 loading class org/lwjgl/system/SharedLibrary$Delegate
Event: 0,224 loading class org/lwjgl/system/SharedLibrary$Delegate done


Dynamic libraries:
00400000-00401000 r-xp 00000000 fd:01 20187746                           /usr/lib/jvm/java-8-openjdk-amd64/jre/bin/java
00600000-00601000 r--p 00000000 fd:01 20187746                           /usr/lib/jvm/java-8-openjdk-amd64/jre/bin/java
00601000-00602000 rw-p 00001000 fd:01 20187746                           /usr/lib/jvm/java-8-openjdk-amd64/jre/bin/java
020c0000-020e1000 rw-p 00000000 00:00 0                                  [heap]
c2a00000-c5380000 rw-p 00000000 00:00 0 
c5380000-eb900000 ---p 00000000 00:00 0 
eb900000-ecd80000 rw-p 00000000 00:00 0 
ecd80000-100000000 ---p 00000000 00:00 0 
100000000-1000c0000 rw-p 00000000 00:00 0 
1000c0000-140000000 ---p 00000000 00:00 0 
7f82e4000000-7f82e4021000 rw-p 00000000 00:00 0 
7f82e4021000-7f82e8000000 ---p 00000000 00:00 0 
7f82e8000000-7f82e8021000 rw-p 00000000 00:00 0 
7f82e8021000-7f82ec000000 ---p 00000000 00:00 0 
7f82ec000000-7f82ec021000 rw-p 00000000 00:00 0 
7f82ec021000-7f82f0000000 ---p 00000000 00:00 0 
7f82f0000000-7f82f01e9000 rw-p 00000000 00:00 0 
7f82f01e9000-7f82f4000000 ---p 00000000 00:00 0 
7f82f4000000-7f82f4021000 rw-p 00000000 00:00 0 
7f82f4021000-7f82f8000000 ---p 00000000 00:00 0 
7f82f8000000-7f82f809a000 rw-p 00000000 00:00 0 
7f82f809a000-7f82fc000000 ---p 00000000 00:00 0 
7f82fc000000-7f82fc021000 rw-p 00000000 00:00 0 
7f82fc021000-7f8300000000 ---p 00000000 00:00 0 
7f8300000000-7f8300021000 rw-p 00000000 00:00 0 
7f8300021000-7f8304000000 ---p 00000000 00:00 0 
7f8304000000-7f8304021000 rw-p 00000000 00:00 0 
7f8304021000-7f8308000000 ---p 00000000 00:00 0 
7f83089e4000-7f83089e9000 r-xp 00000000 fd:01 20061955                   /usr/lib/x86_64-linux-gnu/libXdmcp.so.6.0.0
7f83089e9000-7f8308be8000 ---p 00005000 fd:01 20061955                   /usr/lib/x86_64-linux-gnu/libXdmcp.so.6.0.0
7f8308be8000-7f8308be9000 r--p 00004000 fd:01 20061955                   /usr/lib/x86_64-linux-gnu/libXdmcp.so.6.0.0
7f8308be9000-7f8308bea000 rw-p 00005000 fd:01 20061955                   /usr/lib/x86_64-linux-gnu/libXdmcp.so.6.0.0
7f8308bea000-7f8308bec000 r-xp 00000000 fd:01 20061944                   /usr/lib/x86_64-linux-gnu/libXau.so.6.0.0
7f8308bec000-7f8308dec000 ---p 00002000 fd:01 20061944                   /usr/lib/x86_64-linux-gnu/libXau.so.6.0.0
7f8308dec000-7f8308ded000 r--p 00002000 fd:01 20061944                   /usr/lib/x86_64-linux-gnu/libXau.so.6.0.0
7f8308ded000-7f8308dee000 rw-p 00003000 fd:01 20061944                   /usr/lib/x86_64-linux-gnu/libXau.so.6.0.0
7f8308dee000-7f8308dfe000 r-xp 00000000 fd:01 20062256                   /usr/lib/x86_64-linux-gnu/libdrm.so.2.4.0
7f8308dfe000-7f8308ffd000 ---p 00010000 fd:01 20062256                   /usr/lib/x86_64-linux-gnu/libdrm.so.2.4.0
7f8308ffd000-7f8308ffe000 r--p 0000f000 fd:01 20062256                   /usr/lib/x86_64-linux-gnu/libdrm.so.2.4.0
7f8308ffe000-7f8308fff000 rw-p 00010000 fd:01 20062256                   /usr/lib/x86_64-linux-gnu/libdrm.so.2.4.0
7f8308fff000-7f830c000000 rw-p 00000000 00:00 0 
7f830c000000-7f830c021000 rw-p 00000000 00:00 0 
7f830c021000-7f8310000000 ---p 00000000 00:00 0 
7f8310000000-7f8310021000 rw-p 00000000 00:00 0 
7f8310021000-7f8314000000 ---p 00000000 00:00 0 
7f8314000000-7f8314021000 rw-p 00000000 00:00 0 
7f8314021000-7f8318000000 ---p 00000000 00:00 0 
7f83180d6000-7f83180db000 r-xp 00000000 fd:01 20061995                   /usr/lib/x86_64-linux-gnu/libXxf86vm.so.1.0.0
7f83180db000-7f83182da000 ---p 00005000 fd:01 20061995                   /usr/lib/x86_64-linux-gnu/libXxf86vm.so.1.0.0
7f83182da000-7f83182db000 r--p 00004000 fd:01 20061995                   /usr/lib/x86_64-linux-gnu/libXxf86vm.so.1.0.0
7f83182db000-7f83182dc000 rw-p 00005000 fd:01 20061995                   /usr/lib/x86_64-linux-gnu/libXxf86vm.so.1.0.0
7f83182dc000-7f83182fd000 r-xp 00000000 fd:01 20063362                   /usr/lib/x86_64-linux-gnu/libxcb.so.1.1.0
7f83182fd000-7f83184fc000 ---p 00021000 fd:01 20063362                   /usr/lib/x86_64-linux-gnu/libxcb.so.1.1.0
7f83184fc000-7f83184fd000 r--p 00020000 fd:01 20063362                   /usr/lib/x86_64-linux-gnu/libxcb.so.1.1.0
7f83184fd000-7f83184fe000 rw-p 00021000 fd:01 20063362                   /usr/lib/x86_64-linux-gnu/libxcb.so.1.1.0
7f83184fe000-7f8318502000 r-xp 00000000 fd:01 20063330                   /usr/lib/x86_64-linux-gnu/libxcb-dri2.so.0.0.0
7f8318502000-7f8318701000 ---p 00004000 fd:01 20063330                   /usr/lib/x86_64-linux-gnu/libxcb-dri2.so.0.0.0
7f8318701000-7f8318702000 r--p 00003000 fd:01 20063330                   /usr/lib/x86_64-linux-gnu/libxcb-dri2.so.0.0.0
7f8318702000-7f8318703000 rw-p 00004000 fd:01 20063330                   /usr/lib/x86_64-linux-gnu/libxcb-dri2.so.0.0.0
7f8318703000-7f831871a000 r-xp 00000000 fd:01 20063334                   /usr/lib/x86_64-linux-gnu/libxcb-glx.so.0.0.0
7f831871a000-7f8318919000 ---p 00017000 fd:01 20063334                   /usr/lib/x86_64-linux-gnu/libxcb-glx.so.0.0.0
7f8318919000-7f831891b000 r--p 00016000 fd:01 20063334                   /usr/lib/x86_64-linux-gnu/libxcb-glx.so.0.0.0
7f831891b000-7f831891c000 rw-p 00018000 fd:01 20063334                   /usr/lib/x86_64-linux-gnu/libxcb-glx.so.0.0.0
7f831891c000-7f8318a51000 r-xp 00000000 fd:01 20061940                   /usr/lib/x86_64-linux-gnu/libX11.so.6.3.0
7f8318a51000-7f8318c51000 ---p 00135000 fd:01 20061940                   /usr/lib/x86_64-linux-gnu/libX11.so.6.3.0
7f8318c51000-7f8318c52000 r--p 00135000 fd:01 20061940                   /usr/lib/x86_64-linux-gnu/libX11.so.6.3.0
7f8318c52000-7f8318c56000 rw-p 00136000 fd:01 20061940                   /usr/lib/x86_64-linux-gnu/libX11.so.6.3.0
7f8318c56000-7f8318c57000 r-xp 00000000 fd:01 20061938                   /usr/lib/x86_64-linux-gnu/libX11-xcb.so.1.0.0
7f8318c57000-7f8318e56000 ---p 00001000 fd:01 20061938                   /usr/lib/x86_64-linux-gnu/libX11-xcb.so.1.0.0
7f8318e56000-7f8318e57000 r--p 00000000 fd:01 20061938                   /usr/lib/x86_64-linux-gnu/libX11-xcb.so.1.0.0
7f8318e57000-7f8318e58000 rw-p 00001000 fd:01 20061938                   /usr/lib/x86_64-linux-gnu/libX11-xcb.so.1.0.0
7f8318e58000-7f8318e5d000 r-xp 00000000 fd:01 20061959                   /usr/lib/x86_64-linux-gnu/libXfixes.so.3.1.0
7f8318e5d000-7f831905c000 ---p 00005000 fd:01 20061959                   /usr/lib/x86_64-linux-gnu/libXfixes.so.3.1.0
7f831905c000-7f831905d000 r--p 00004000 fd:01 20061959                   /usr/lib/x86_64-linux-gnu/libXfixes.so.3.1.0
7f831905d000-7f831905e000 rw-p 00005000 fd:01 20061959                   /usr/lib/x86_64-linux-gnu/libXfixes.so.3.1.0
7f831905e000-7f8319060000 r-xp 00000000 fd:01 20061953                   /usr/lib/x86_64-linux-gnu/libXdamage.so.1.1.0
7f8319060000-7f831925f000 ---p 00002000 fd:01 20061953                   /usr/lib/x86_64-linux-gnu/libXdamage.so.1.1.0
7f831925f000-7f8319260000 r--p 00001000 fd:01 20061953                   /usr/lib/x86_64-linux-gnu/libXdamage.so.1.1.0
7f8319260000-7f8319261000 rw-p 00002000 fd:01 20061953                   /usr/lib/x86_64-linux-gnu/libXdamage.so.1.1.0
7f8319261000-7f8319272000 r-xp 00000000 fd:01 20061957                   /usr/lib/x86_64-linux-gnu/libXext.so.6.4.0
7f8319272000-7f8319471000 ---p 00011000 fd:01 20061957                   /usr/lib/x86_64-linux-gnu/libXext.so.6.4.0
7f8319471000-7f8319472000 r--p 00010000 fd:01 20061957                   /usr/lib/x86_64-linux-gnu/libXext.so.6.4.0
7f8319472000-7f8319473000 rw-p 00011000 fd:01 20061957                   /usr/lib/x86_64-linux-gnu/libXext.so.6.4.0
7f8319473000-7f831949d000 r-xp 00000000 fd:01 20062457                   /usr/lib/x86_64-linux-gnu/libglapi.so.0.0.0
7f831949d000-7f831969c000 ---p 0002a000 fd:01 20062457                   /usr/lib/x86_64-linux-gnu/libglapi.so.0.0.0
7f831969c000-7f83196a0000 r--p 00029000 fd:01 20062457                   /usr/lib/x86_64-linux-gnu/libglapi.so.0.0.0
7f83196a0000-7f83196a1000 rw-p 0002d000 fd:01 20062457                   /usr/lib/x86_64-linux-gnu/libglapi.so.0.0.0
7f83196a1000-7f83196a2000 rw-p 00000000 00:00 0 
7f83196a2000-7f83196a3000 r-xp 00000000 fd:01 20063374                   /usr/lib/x86_64-linux-gnu/libxshmfence.so.1.0.0
7f83196a3000-7f83198a3000 ---p 00001000 fd:01 20063374                   /usr/lib/x86_64-linux-gnu/libxshmfence.so.1.0.0
7f83198a3000-7f83198a4000 r--p 00001000 fd:01 20063374                   /usr/lib/x86_64-linux-gnu/libxshmfence.so.1.0.0
7f83198a4000-7f83198a5000 rw-p 00002000 fd:01 20063374                   /usr/lib/x86_64-linux-gnu/libxshmfence.so.1.0.0
7f83198a5000-7f83198aa000 r-xp 00000000 fd:01 20063354                   /usr/lib/x86_64-linux-gnu/libxcb-sync.so.1.0.0
7f83198aa000-7f8319aaa000 ---p 00005000 fd:01 20063354                   /usr/lib/x86_64-linux-gnu/libxcb-sync.so.1.0.0
7f8319aaa000-7f8319aab000 r--p 00005000 fd:01 20063354                   /usr/lib/x86_64-linux-gnu/libxcb-sync.so.1.0.0
7f8319aab000-7f8319aac000 rw-p 00006000 fd:01 20063354                   /usr/lib/x86_64-linux-gnu/libxcb-sync.so.1.0.0
7f8319aac000-7f8319aae000 r-xp 00000000 fd:01 20063342                   /usr/lib/x86_64-linux-gnu/libxcb-present.so.0.0.0
7f8319aae000-7f8319cad000 ---p 00002000 fd:01 20063342                   /usr/lib/x86_64-linux-gnu/libxcb-present.so.0.0.0
7f8319cad000-7f8319cae000 r--p 00001000 fd:01 20063342                   /usr/lib/x86_64-linux-gnu/libxcb-present.so.0.0.0
7f8319cae000-7f8319caf000 rw-p 00002000 fd:01 20063342                   /usr/lib/x86_64-linux-gnu/libxcb-present.so.0.0.0
7f8319caf000-7f8319cb1000 r-xp 00000000 fd:01 20063332                   /usr/lib/x86_64-linux-gnu/libxcb-dri3.so.0.0.0
7f8319cb1000-7f8319eb0000 ---p 00002000 fd:01 20063332                   /usr/lib/x86_64-linux-gnu/libxcb-dri3.so.0.0.0
7f8319eb0000-7f8319eb1000 r--p 00001000 fd:01 20063332                   /usr/lib/x86_64-linux-gnu/libxcb-dri3.so.0.0.0
7f8319eb1000-7f8319eb2000 rw-p 00002000 fd:01 20063332                   /usr/lib/x86_64-linux-gnu/libxcb-dri3.so.0.0.0
7f8319eb2000-7f8319ed8000 r-xp 00000000 fd:01 14946789                   /lib/x86_64-linux-gnu/libexpat.so.1.6.0
7f8319ed8000-7f831a0d8000 ---p 00026000 fd:01 14946789                   /lib/x86_64-linux-gnu/libexpat.so.1.6.0
7f831a0d8000-7f831a0da000 r--p 00026000 fd:01 14946789                   /lib/x86_64-linux-gnu/libexpat.so.1.6.0
7f831a0da000-7f831a0db000 rw-p 00028000 fd:01 14946789                   /lib/x86_64-linux-gnu/libexpat.so.1.6.0
7f831a0db000-7f831a149000 r-xp 00000000 fd:01 20319117                   /usr/lib/x86_64-linux-gnu/mesa/libGL.so.1.2.0
7f831a149000-7f831a348000 ---p 0006e000 fd:01 20319117                   /usr/lib/x86_64-linux-gnu/mesa/libGL.so.1.2.0
7f831a348000-7f831a34b000 r--p 0006d000 fd:01 20319117                   /usr/lib/x86_64-linux-gnu/mesa/libGL.so.1.2.0
7f831a34b000-7f831a34c000 rw-p 00070000 fd:01 20319117                   /usr/lib/x86_64-linux-gnu/mesa/libGL.so.1.2.0
7f831a34c000-7f831a34d000 rw-p 00000000 00:00 0 
7f831a34d000-7f831a3b8000 r-xp 00000000 fd:01 7602205                    /tmp/lwjglroot/3.1.3-SNAPSHOT/liblwjgl_opengl.so
7f831a3b8000-7f831a5b7000 ---p 0006b000 fd:01 7602205                    /tmp/lwjglroot/3.1.3-SNAPSHOT/liblwjgl_opengl.so
7f831a5b7000-7f831a5b8000 r--p 0006a000 fd:01 7602205                    /tmp/lwjglroot/3.1.3-SNAPSHOT/liblwjgl_opengl.so
7f831a5b8000-7f831a5b9000 rw-p 0006b000 fd:01 7602205                    /tmp/lwjglroot/3.1.3-SNAPSHOT/liblwjgl_opengl.so
7f831a5b9000-7f831a60a000 r-xp 00000000 fd:01 7602203                    /tmp/lwjglroot/3.1.3-SNAPSHOT/liblwjgl.so
7f831a60a000-7f831a809000 ---p 00051000 fd:01 7602203                    /tmp/lwjglroot/3.1.3-SNAPSHOT/liblwjgl.so
7f831a809000-7f831a80a000 r--p 00050000 fd:01 7602203                    /tmp/lwjglroot/3.1.3-SNAPSHOT/liblwjgl.so
7f831a80a000-7f831a80b000 rw-p 00051000 fd:01 7602203                    /tmp/lwjglroot/3.1.3-SNAPSHOT/liblwjgl.so
7f831a80b000-7f831a822000 r-xp 00000000 fd:01 20187689                   /usr/lib/jvm/java-8-openjdk-amd64/jre/lib/amd64/libnet.so
7f831a822000-7f831aa21000 ---p 00017000 fd:01 20187689                   /usr/lib/jvm/java-8-openjdk-amd64/jre/lib/amd64/libnet.so
7f831aa21000-7f831aa22000 r--p 00016000 fd:01 20187689                   /usr/lib/jvm/java-8-openjdk-amd64/jre/lib/amd64/libnet.so
7f831aa22000-7f831aa23000 rw-p 00017000 fd:01 20187689                   /usr/lib/jvm/java-8-openjdk-amd64/jre/lib/amd64/libnet.so
7f831aa23000-7f831aa34000 r-xp 00000000 fd:01 20187199                   /usr/lib/jvm/java-8-openjdk-amd64/jre/lib/amd64/libnio.so
7f831aa34000-7f831ac34000 ---p 00011000 fd:01 20187199                   /usr/lib/jvm/java-8-openjdk-amd64/jre/lib/amd64/libnio.so
7f831ac34000-7f831ac35000 r--p 00011000 fd:01 20187199                   /usr/lib/jvm/java-8-openjdk-amd64/jre/lib/amd64/libnio.so
7f831ac35000-7f831ac36000 rw-p 00012000 fd:01 20187199                   /usr/lib/jvm/java-8-openjdk-amd64/jre/lib/amd64/libnio.so
7f831ac36000-7f831ac37000 ---p 00000000 00:00 0 
7f831ac37000-7f831ad37000 rw-p 00000000 00:00 0 
7f831ad37000-7f831ad3a000 ---p 00000000 00:00 0 
7f831ad3a000-7f831ae38000 rw-p 00000000 00:00 0 
7f831ae38000-7f831ae3b000 ---p 00000000 00:00 0 
7f831ae3b000-7f831af39000 rw-p 00000000 00:00 0 
7f831af39000-7f831af3c000 ---p 00000000 00:00 0 
7f831af3c000-7f831b03a000 rw-p 00000000 00:00 0 
7f831b03a000-7f831b03d000 ---p 00000000 00:00 0 
7f831b03d000-7f831b13b000 rw-p 00000000 00:00 0 
7f831b13b000-7f831b13e000 ---p 00000000 00:00 0 
7f831b13e000-7f831b23c000 rw-p 00000000 00:00 0 
7f831b23c000-7f831bbfc000 r--p 00000000 fd:01 20060977                   /usr/lib/locale/locale-archive
7f831bbfc000-7f831bbff000 ---p 00000000 00:00 0 
7f831bbff000-7f831bcfd000 rw-p 00000000 00:00 0 
7f831bcfd000-7f831bd00000 ---p 00000000 00:00 0 
7f831bd00000-7f831bdfe000 rw-p 00000000 00:00 0 
7f831bdfe000-7f831bdff000 ---p 00000000 00:00 0 
7f831bdff000-7f831c000000 rw-p 00000000 00:00 0 
7f831c000000-7f831c021000 rw-p 00000000 00:00 0 
7f831c021000-7f8320000000 ---p 00000000 00:00 0 
7f8320044000-7f8320057000 r--s 00346000 fd:01 20187705                   /usr/lib/jvm/java-8-openjdk-amd64/jre/lib/resources.jar
7f8320057000-7f8320069000 r--s 00139000 00:2d 24906636                   /home/daan/lwjgl3/lwjgl-vulkan.jar
7f8320069000-7f832006a000 r--s 00030000 00:2d 24906645                   /home/daan/lwjgl3/lwjgl-tinyfd-natives-windows.jar
7f832006a000-7f832006b000 r--s 00007000 00:2d 24906627                   /home/daan/lwjgl3/lwjgl-tinyfd-natives-macos.jar
7f832006b000-7f832006c000 r--s 00007000 00:2d 24906625                   /home/daan/lwjgl3/lwjgl-tinyfd-natives-linux.jar
7f832006c000-7f832006d000 r--s 00001000 00:2d 24906629                   /home/daan/lwjgl3/lwjgl-tinyfd.jar
7f832006d000-7f832006e000 r--s 00074000 00:2d 24906642                   /home/daan/lwjgl3/lwjgl-stb-natives-windows.jar
7f832006e000-7f832006f000 r--s 0002a000 00:2d 24906643                   /home/daan/lwjgl3/lwjgl-stb-natives-macos.jar
7f832006f000-7f8320070000 r--s 00030000 00:2d 24906621                   /home/daan/lwjgl3/lwjgl-stb-natives-linux.jar
7f8320070000-7f8320072000 r--s 00015000 00:2d 24906623                   /home/daan/lwjgl3/lwjgl-stb.jar
7f8320072000-7f8320073000 r--s 00031000 00:2d 24906633                   /home/daan/lwjgl3/lwjgl-par-natives-windows.jar
7f8320073000-7f8320074000 r--s 00004000 00:2d 24906618                   /home/daan/lwjgl3/lwjgl-par-natives-macos.jar
7f8320074000-7f8320075000 r--s 00005000 00:2d 24905606                   /home/daan/lwjgl3/lwjgl-par-natives-linux.jar
7f8320075000-7f8320076000 r--s 00002000 00:2d 24906617                   /home/daan/lwjgl3/lwjgl-par.jar
7f8320076000-7f8320077000 r--s 0002a000 00:2d 24906632                   /home/daan/lwjgl3/lwjgl-opengl-natives-windows.jar
7f8320077000-7f8320078000 r--s 0000b000 00:2d 24905605                   /home/daan/lwjgl3/lwjgl-opengl-natives-macos.jar
7f8320078000-7f8320079000 r--s 00016000 00:2d 24905578                   /home/daan/lwjgl3/lwjgl-opengl-natives-linux.jar
7f8320079000-7f8320083000 r--s 000be000 00:2d 24905603                   /home/daan/lwjgl3/lwjgl-opengl.jar
7f8320083000-7f8320084000 r--s 00104000 00:2d 24906646                   /home/daan/lwjgl3/lwjgl-openal-natives-windows.jar
7f8320084000-7f8320086000 r--s 00063000 00:2d 24906626                   /home/daan/lwjgl3/lwjgl-openal-natives-macos.jar
7f8320086000-7f8320087000 r--s 00077000 00:2d 24905570                   /home/daan/lwjgl3/lwjgl-openal-natives-linux.jar
7f8320087000-7f8320089000 r--s 00011000 00:2d 24905573                   /home/daan/lwjgl3/lwjgl-openal.jar
7f8320089000-7f832008a000 r--s 00040000 00:2d 24906630                   /home/daan/lwjgl3/lwjgl-nuklear-natives-windows.jar
7f832008a000-7f832008b000 r--s 0002d000 00:2d 24906620                   /home/daan/lwjgl3/lwjgl-nuklear-natives-macos.jar
7f832008b000-7f832008c000 r--s 00021000 00:2d 24905562                   /home/daan/lwjgl3/lwjgl-nuklear-natives-linux.jar
7f832008c000-7f8320092000 r--s 0005a000 00:2d 24905568                   /home/daan/lwjgl3/lwjgl-nuklear.jar
7f8320092000-7f8320093000 r--s 0001f000 00:2d 24905565                   /home/daan/lwjgl3/lwjgl-nfd-natives-windows.jar
7f8320093000-7f8320094000 r--s 00001000 00:2d 24905555                   /home/daan/lwjgl3/lwjgl-nfd-natives-macos.jar
7f8320094000-7f8320095000 r--s 00001000 00:2d 24905554                   /home/daan/lwjgl3/lwjgl-nfd-natives-linux.jar
7f8320095000-7f8320096000 r--s 00001000 00:2d 24905557                   /home/daan/lwjgl3/lwjgl-nfd.jar
7f8320096000-7f8320098000 r--s 00037000 00:2d 24906647                   /home/daan/lwjgl3/lwjgl-natives-windows.jar
7f8320098000-7f8320099000 r--s 00008000 00:2d 24906644                   /home/daan/lwjgl3/lwjgl-natives-macos.jar
7f8320099000-7f832009a000 r--s 00012000 00:2d 24906639                   /home/daan/lwjgl3/lwjgl-natives-linux.jar
7f832009a000-7f832009b000 r--s 0005d000 00:2d 24906597                   /home/daan/lwjgl3/lwjgl-nanovg-natives-windows.jar
7f832009b000-7f832009c000 r--s 0001d000 00:2d 24905564                   /home/daan/lwjgl3/lwjgl-nanovg-natives-macos.jar
7f832009c000-7f832009d000 r--s 00021000 00:2d 24905549                   /home/daan/lwjgl3/lwjgl-nanovg-natives-linux.jar
7f832009d000-7f832009e000 r--s 00009000 00:2d 24905551                   /home/daan/lwjgl3/lwjgl-nanovg.jar
7f832009e000-7f832009f000 r--s 00030000 00:2d 24905577                   /home/daan/lwjgl3/lwjgl-jemalloc-natives-windows.jar
7f832009f000-7f83200a0000 r--s 00017000 00:2d 24905569                   /home/daan/lwjgl3/lwjgl-jemalloc-natives-macos.jar
7f83200a0000-7f83200a2000 r--s 00008000 00:2d 24905545                   /home/daan/lwjgl3/lwjgl-jemalloc.jar
7f83200a2000-7f83200a6000 r--s 00017000 00:2d 24905540                   /home/daan/lwjgl3/lwjgl-glfw.jar
7f83200a6000-7f83200aa000 r--s 00042000 00:2d 24906641                   /home/daan/lwjgl3/lwjgl.jar
7f83200aa000-7f83200b4000 r--s 00116000 fd:01 20185952                   /usr/lib/jvm/java-8-openjdk-amd64/jre/lib/ext/localedata.jar
7f83200b4000-7f83200cf000 r--s 001d6000 fd:01 20185732                   /usr/lib/jvm/java-8-openjdk-amd64/jre/lib/ext/nashorn.jar
7f83200cf000-7f83200ea000 r--s 00394000 fd:01 20185556                   /usr/lib/jvm/java-8-openjdk-amd64/jre/lib/ext/cldrdata.jar
7f83200ea000-7f8320f9d000 rw-p 00000000 00:00 0 
7f8320f9d000-7f832116b000 r--s 03c13000 fd:01 20185503                   /usr/lib/jvm/java-8-openjdk-amd64/jre/lib/rt.jar
7f832116b000-7f83216a1000 rw-p 00000000 00:00 0 
7f83216a1000-7f83219e1000 ---p 00000000 00:00 0 
7f83219e1000-7f8323a7c000 rw-p 00000000 00:00 0 
7f8323a7c000-7f8323a7d000 ---p 00000000 00:00 0 
7f8323a7d000-7f8323b7d000 rw-p 00000000 00:00 0 
7f8323b7d000-7f8323b7e000 ---p 00000000 00:00 0 
7f8323b7e000-7f8323c7e000 rw-p 00000000 00:00 0 
7f8323c7e000-7f8323c7f000 ---p 00000000 00:00 0 
7f8323c7f000-7f8323d7f000 rw-p 00000000 00:00 0 
7f8323d7f000-7f8323d80000 ---p 00000000 00:00 0 
7f8323d80000-7f8323e95000 rw-p 00000000 00:00 0 
7f8323e95000-7f8323fc8000 ---p 00000000 00:00 0 
7f8323fc8000-7f8323fd2000 rw-p 00000000 00:00 0 
7f8323fd2000-7f8324388000 ---p 00000000 00:00 0 
7f8324388000-7f83245f8000 rwxp 00000000 00:00 0 
7f83245f8000-7f8333388000 ---p 00000000 00:00 0 
7f8333388000-7f8333390000 r-xp 00000000 fd:01 20187678                   /usr/lib/jvm/java-8-openjdk-amd64/jre/lib/amd64/libzip.so
7f8333390000-7f833358f000 ---p 00008000 fd:01 20187678                   /usr/lib/jvm/java-8-openjdk-amd64/jre/lib/amd64/libzip.so
7f833358f000-7f8333590000 r--p 00007000 fd:01 20187678                   /usr/lib/jvm/java-8-openjdk-amd64/jre/lib/amd64/libzip.so
7f8333590000-7f8333591000 rw-p 00008000 fd:01 20187678                   /usr/lib/jvm/java-8-openjdk-amd64/jre/lib/amd64/libzip.so
7f8333591000-7f833359c000 r-xp 00000000 fd:01 14946857                   /lib/x86_64-linux-gnu/libnss_files-2.23.so
7f833359c000-7f833379b000 ---p 0000b000 fd:01 14946857                   /lib/x86_64-linux-gnu/libnss_files-2.23.so
7f833379b000-7f833379c000 r--p 0000a000 fd:01 14946857                   /lib/x86_64-linux-gnu/libnss_files-2.23.so
7f833379c000-7f833379d000 rw-p 0000b000 fd:01 14946857                   /lib/x86_64-linux-gnu/libnss_files-2.23.so
7f833379d000-7f83337a3000 rw-p 00000000 00:00 0 
7f83337a3000-7f83337ae000 r-xp 00000000 fd:01 14946867                   /lib/x86_64-linux-gnu/libnss_nis-2.23.so
7f83337ae000-7f83339ad000 ---p 0000b000 fd:01 14946867                   /lib/x86_64-linux-gnu/libnss_nis-2.23.so
7f83339ad000-7f83339ae000 r--p 0000a000 fd:01 14946867                   /lib/x86_64-linux-gnu/libnss_nis-2.23.so
7f83339ae000-7f83339af000 rw-p 0000b000 fd:01 14946867                   /lib/x86_64-linux-gnu/libnss_nis-2.23.so
7f83339af000-7f83339c5000 r-xp 00000000 fd:01 14946851                   /lib/x86_64-linux-gnu/libnsl-2.23.so
7f83339c5000-7f8333bc4000 ---p 00016000 fd:01 14946851                   /lib/x86_64-linux-gnu/libnsl-2.23.so
7f8333bc4000-7f8333bc5000 r--p 00015000 fd:01 14946851                   /lib/x86_64-linux-gnu/libnsl-2.23.so
7f8333bc5000-7f8333bc6000 rw-p 00016000 fd:01 14946851                   /lib/x86_64-linux-gnu/libnsl-2.23.so
7f8333bc6000-7f8333bc8000 rw-p 00000000 00:00 0 
7f8333bc8000-7f8333bd0000 r-xp 00000000 fd:01 14946853                   /lib/x86_64-linux-gnu/libnss_compat-2.23.so
7f8333bd0000-7f8333dcf000 ---p 00008000 fd:01 14946853                   /lib/x86_64-linux-gnu/libnss_compat-2.23.so
7f8333dcf000-7f8333dd0000 r--p 00007000 fd:01 14946853                   /lib/x86_64-linux-gnu/libnss_compat-2.23.so
7f8333dd0000-7f8333dd1000 rw-p 00008000 fd:01 14946853                   /lib/x86_64-linux-gnu/libnss_compat-2.23.so
7f8333dd1000-7f8333dfe000 r-xp 00000000 fd:01 20187695                   /usr/lib/jvm/java-8-openjdk-amd64/jre/lib/amd64/libjava.so
7f8333dfe000-7f8333ffd000 ---p 0002d000 fd:01 20187695                   /usr/lib/jvm/java-8-openjdk-amd64/jre/lib/amd64/libjava.so
7f8333ffd000-7f8333ffe000 r--p 0002c000 fd:01 20187695                   /usr/lib/jvm/java-8-openjdk-amd64/jre/lib/amd64/libjava.so
7f8333ffe000-7f8334000000 rw-p 0002d000 fd:01 20187695                   /usr/lib/jvm/java-8-openjdk-amd64/jre/lib/amd64/libjava.so
7f8334000000-7f8334307000 rw-p 00000000 00:00 0 
7f8334307000-7f8338000000 ---p 00000000 00:00 0 
7f8338000000-7f8338001000 r--s 0001f000 00:2d 24905543                   /home/daan/lwjgl3/lwjgl-jemalloc-natives-linux.jar
7f8338001000-7f8338002000 r--s 0003c000 00:2d 24905576                   /home/daan/lwjgl3/lwjgl-glfw-natives-windows.jar
7f8338002000-7f8338003000 r--s 0000d000 00:2d 24905563                   /home/daan/lwjgl3/lwjgl-glfw-natives-macos.jar
7f8338003000-7f8338008000 r--s 0003b000 fd:01 20186076                   /usr/lib/jvm/java-8-openjdk-amd64/jre/lib/ext/sunjce_provider.jar
7f8338008000-7f833800a000 r--s 00001000 fd:01 20186002                   /usr/lib/jvm/java-8-openjdk-amd64/jre/lib/ext/dnsns.jar
7f833800a000-7f833800e000 r--s 00037000 fd:01 20185991                   /usr/lib/jvm/java-8-openjdk-amd64/jre/lib/ext/sunpkcs11.jar
7f833800e000-7f8338023000 rw-p 00000000 00:00 0 
7f8338023000-7f8338155000 ---p 00000000 00:00 0 
7f8338155000-7f8338160000 rw-p 00000000 00:00 0 
7f8338160000-7f83381f9000 ---p 00000000 00:00 0 
7f83381f9000-7f83381fa000 rw-p 00000000 00:00 0 
7f83381fa000-7f8338209000 r-xp 00000000 fd:01 20187203                   /usr/lib/jvm/java-8-openjdk-amd64/jre/lib/amd64/libverify.so
7f8338209000-7f8338408000 ---p 0000f000 fd:01 20187203                   /usr/lib/jvm/java-8-openjdk-amd64/jre/lib/amd64/libverify.so
7f8338408000-7f833840a000 r--p 0000e000 fd:01 20187203                   /usr/lib/jvm/java-8-openjdk-amd64/jre/lib/amd64/libverify.so
7f833840a000-7f833840b000 rw-p 00010000 fd:01 20187203                   /usr/lib/jvm/java-8-openjdk-amd64/jre/lib/amd64/libverify.so
7f833840b000-7f8338412000 r-xp 00000000 fd:01 14946912                   /lib/x86_64-linux-gnu/librt-2.23.so
7f8338412000-7f8338611000 ---p 00007000 fd:01 14946912                   /lib/x86_64-linux-gnu/librt-2.23.so
7f8338611000-7f8338612000 r--p 00006000 fd:01 14946912                   /lib/x86_64-linux-gnu/librt-2.23.so
7f8338612000-7f8338613000 rw-p 00007000 fd:01 14946912                   /lib/x86_64-linux-gnu/librt-2.23.so
7f8338613000-7f8338629000 r-xp 00000000 fd:01 14946796                   /lib/x86_64-linux-gnu/libgcc_s.so.1
7f8338629000-7f8338828000 ---p 00016000 fd:01 14946796                   /lib/x86_64-linux-gnu/libgcc_s.so.1
7f8338828000-7f8338829000 rw-p 00015000 fd:01 14946796                   /lib/x86_64-linux-gnu/libgcc_s.so.1
7f8338829000-7f8338931000 r-xp 00000000 fd:01 14946828                   /lib/x86_64-linux-gnu/libm-2.23.so
7f8338931000-7f8338b30000 ---p 00108000 fd:01 14946828                   /lib/x86_64-linux-gnu/libm-2.23.so
7f8338b30000-7f8338b31000 r--p 00107000 fd:01 14946828                   /lib/x86_64-linux-gnu/libm-2.23.so
7f8338b31000-7f8338b32000 rw-p 00108000 fd:01 14946828                   /lib/x86_64-linux-gnu/libm-2.23.so
7f8338b32000-7f8338ca4000 r-xp 00000000 fd:01 20055626                   /usr/lib/x86_64-linux-gnu/libstdc++.so.6.0.21
7f8338ca4000-7f8338ea4000 ---p 00172000 fd:01 20055626                   /usr/lib/x86_64-linux-gnu/libstdc++.so.6.0.21
7f8338ea4000-7f8338eae000 r--p 00172000 fd:01 20055626                   /usr/lib/x86_64-linux-gnu/libstdc++.so.6.0.21
7f8338eae000-7f8338eb0000 rw-p 0017c000 fd:01 20055626                   /usr/lib/x86_64-linux-gnu/libstdc++.so.6.0.21
7f8338eb0000-7f8338eb4000 rw-p 00000000 00:00 0 
7f8338eb4000-7f8339b08000 r-xp 00000000 fd:01 20187676                   /usr/lib/jvm/java-8-openjdk-amd64/jre/lib/amd64/server/libjvm.so
7f8339b08000-7f8339d08000 ---p 00c54000 fd:01 20187676                   /usr/lib/jvm/java-8-openjdk-amd64/jre/lib/amd64/server/libjvm.so
7f8339d08000-7f8339d9b000 r--p 00c54000 fd:01 20187676                   /usr/lib/jvm/java-8-openjdk-amd64/jre/lib/amd64/server/libjvm.so
7f8339d9b000-7f8339dc4000 rw-p 00ce7000 fd:01 20187676                   /usr/lib/jvm/java-8-openjdk-amd64/jre/lib/amd64/server/libjvm.so
7f8339dc4000-7f8339df4000 rw-p 00000000 00:00 0 
7f8339df4000-7f8339e0c000 r-xp 00000000 fd:01 14946904                   /lib/x86_64-linux-gnu/libpthread-2.23.so
7f8339e0c000-7f833a00b000 ---p 00018000 fd:01 14946904                   /lib/x86_64-linux-gnu/libpthread-2.23.so
7f833a00b000-7f833a00c000 r--p 00017000 fd:01 14946904                   /lib/x86_64-linux-gnu/libpthread-2.23.so
7f833a00c000-7f833a00d000 rw-p 00018000 fd:01 14946904                   /lib/x86_64-linux-gnu/libpthread-2.23.so
7f833a00d000-7f833a011000 rw-p 00000000 00:00 0 
7f833a011000-7f833a014000 r-xp 00000000 fd:01 14946782                   /lib/x86_64-linux-gnu/libdl-2.23.so
7f833a014000-7f833a213000 ---p 00003000 fd:01 14946782                   /lib/x86_64-linux-gnu/libdl-2.23.so
7f833a213000-7f833a214000 r--p 00002000 fd:01 14946782                   /lib/x86_64-linux-gnu/libdl-2.23.so
7f833a214000-7f833a215000 rw-p 00003000 fd:01 14946782                   /lib/x86_64-linux-gnu/libdl-2.23.so
7f833a215000-7f833a22e000 r-xp 00000000 fd:01 14946949                   /lib/x86_64-linux-gnu/libz.so.1.2.8
7f833a22e000-7f833a42d000 ---p 00019000 fd:01 14946949                   /lib/x86_64-linux-gnu/libz.so.1.2.8
7f833a42d000-7f833a42e000 r--p 00018000 fd:01 14946949                   /lib/x86_64-linux-gnu/libz.so.1.2.8
7f833a42e000-7f833a42f000 rw-p 00019000 fd:01 14946949                   /lib/x86_64-linux-gnu/libz.so.1.2.8
7f833a42f000-7f833a5ef000 r-xp 00000000 fd:01 14946758                   /lib/x86_64-linux-gnu/libc-2.23.so
7f833a5ef000-7f833a7ef000 ---p 001c0000 fd:01 14946758                   /lib/x86_64-linux-gnu/libc-2.23.so
7f833a7ef000-7f833a7f3000 r--p 001c0000 fd:01 14946758                   /lib/x86_64-linux-gnu/libc-2.23.so
7f833a7f3000-7f833a7f5000 rw-p 001c4000 fd:01 14946758                   /lib/x86_64-linux-gnu/libc-2.23.so
7f833a7f5000-7f833a7f9000 rw-p 00000000 00:00 0 
7f833a7f9000-7f833a806000 r-xp 00000000 fd:01 20187201                   /usr/lib/jvm/java-8-openjdk-amd64/jre/lib/amd64/jli/libjli.so
7f833a806000-7f833aa06000 ---p 0000d000 fd:01 20187201                   /usr/lib/jvm/java-8-openjdk-amd64/jre/lib/amd64/jli/libjli.so
7f833aa06000-7f833aa07000 r--p 0000d000 fd:01 20187201                   /usr/lib/jvm/java-8-openjdk-amd64/jre/lib/amd64/jli/libjli.so
7f833aa07000-7f833aa08000 rw-p 0000e000 fd:01 20187201                   /usr/lib/jvm/java-8-openjdk-amd64/jre/lib/amd64/jli/libjli.so
7f833aa08000-7f833aa2e000 r-xp 00000000 fd:01 14946730                   /lib/x86_64-linux-gnu/ld-2.23.so
7f833aa2e000-7f833aa2f000 r--s 00011000 00:2d 24905538                   /home/daan/lwjgl3/lwjgl-glfw-natives-linux.jar
7f833aa2f000-7f833aa31000 r--s 00008000 fd:01 20186090                   /usr/lib/jvm/java-8-openjdk-amd64/jre/lib/ext/sunec.jar
7f833aa31000-7f833aa34000 r--s 0000f000 fd:01 20186087                   /usr/lib/jvm/java-8-openjdk-amd64/jre/lib/ext/icedtea-sound.jar
7f833aa34000-7f833ab05000 rw-p 00000000 00:00 0 
7f833ab05000-7f833ab08000 ---p 00000000 00:00 0 
7f833ab08000-7f833ac0b000 rw-p 00000000 00:00 0 
7f833ac0b000-7f833ac0c000 r--s 0000a000 fd:01 20186064                   /usr/lib/jvm/java-8-openjdk-amd64/jre/lib/ext/jaccess.jar
7f833ac0c000-7f833ac0d000 r--s 00010000 fd:01 20187194                   /usr/lib/jvm/java-8-openjdk-amd64/jre/lib/ext/zipfs.jar
7f833ac0d000-7f833ac21000 rw-p 00000000 00:00 0 
7f833ac21000-7f833ac29000 rw-s 00000000 fd:01 7602217                    /tmp/hsperfdata_root/12255
7f833ac29000-7f833ac2a000 rw-p 00000000 00:00 0 
7f833ac2a000-7f833ac2b000 r--p 00000000 00:00 0 
7f833ac2b000-7f833ac2d000 rw-p 00000000 00:00 0 
7f833ac2d000-7f833ac2e000 r--p 00025000 fd:01 14946730                   /lib/x86_64-linux-gnu/ld-2.23.so
7f833ac2e000-7f833ac2f000 rw-p 00026000 fd:01 14946730                   /lib/x86_64-linux-gnu/ld-2.23.so
7f833ac2f000-7f833ac30000 rw-p 00000000 00:00 0 
7ffdbbb57000-7ffdbbb79000 rw-p 00000000 00:00 0                          [stack]
7ffdbbb93000-7ffdbbb95000 r--p 00000000 00:00 0                          [vvar]
7ffdbbb95000-7ffdbbb97000 r-xp 00000000 00:00 0                          [vdso]
ffffffffff600000-ffffffffff601000 r-xp 00000000 00:00 0                  [vsyscall]

VM Arguments:
jvm_args: -Dfile.encoding=UTF-8 
java_command: Main
java_class_path (initial): /home/daan/lwjgl3/lwjgl.jar:/home/daan/lwjgl3/lwjgl-glfw.jar:/home/daan/lwjgl3/lwjgl-glfw-natives-linux.jar:/home/daan/lwjgl3/lwjgl-glfw-natives-macos.jar:/home/daan/lwjgl3/lwjgl-glfw-natives-windows.jar:/home/daan/lwjgl3/lwjgl-jemalloc.jar:/home/daan/lwjgl3/lwjgl-jemalloc-natives-linux.jar:/home/daan/lwjgl3/lwjgl-jemalloc-natives-macos.jar:/home/daan/lwjgl3/lwjgl-jemalloc-natives-windows.jar:/home/daan/lwjgl3/lwjgl-nanovg.jar:/home/daan/lwjgl3/lwjgl-nanovg-natives-linux.jar:/home/daan/lwjgl3/lwjgl-nanovg-natives-macos.jar:/home/daan/lwjgl3/lwjgl-nanovg-natives-windows.jar:/home/daan/lwjgl3/lwjgl-natives-linux.jar:/home/daan/lwjgl3/lwjgl-natives-macos.jar:/home/daan/lwjgl3/lwjgl-natives-windows.jar:/home/daan/lwjgl3/lwjgl-nfd.jar:/home/daan/lwjgl3/lwjgl-nfd-natives-linux.jar:/home/daan/lwjgl3/lwjgl-nfd-natives-macos.jar:/home/daan/lwjgl3/lwjgl-nfd-natives-windows.jar:/home/daan/lwjgl3/lwjgl-nuklear.jar:/home/daan/lwjgl3/lwjgl-nuklear-natives-linux.jar:/home/daan/lwjgl3/lwjgl-nuklear-natives-macos.jar:/home/daan/lwjgl3/lwjgl-nuklear-natives-windows.jar:/home/daan/lwjgl3/lwjgl-openal.jar:/home/daan/lwjgl3/lwjgl-openal-natives-linux.jar:/home/daan/lwjgl3/lwjgl-openal-natives-macos.jar:/home/daan/lwjgl3/lwjgl-openal-natives-windows.jar:/home/daan/lwjgl3/lwjgl-opengl.jar:/home/daan/lwjgl3/lwjgl-opengl-natives-linux.jar:/home/daan/lwjgl3/lwjgl-opengl-natives-macos.jar:/home/daan/lwjgl3/lwjgl-opengl-natives-windows.jar:/home/daan/lwjgl3/lwjgl-par.jar:/home/daan/lwjgl3/lwjgl-par-natives-linux.jar:/home/daan/lwjgl3/lwjgl-par-natives-macos.jar:/home/daan/lwjgl3/lwjgl-par-natives-windows.jar:/home/daan/lwjgl3/lwjgl-stb.jar:/home/daan/lwjgl3/lwjgl-stb-natives-linux.jar:/home/daan/lwjgl3/lwjgl-stb-natives-macos.jar:/home/daan/lwjgl3/lwjgl-stb-natives-windows.jar:/home/daan/lwjgl3/lwjgl-tinyfd.jar:/home/daan/lwjgl3/lwjgl-tinyfd-natives-linux.jar:/home/daan/lwjgl3/lwjgl-tinyfd-natives-macos.jar:/home/daan/lwjgl3/lwjgl-tinyfd-natives-windows.jar:/home/d
Launcher Type: SUN_STANDARD

Environment Variables:
PATH=/usr/local/sbin:/usr/local/bin:/usr/sbin:/usr/bin:/sbin:/bin:/snap/bin
USERNAME=root
SHELL=/bin/bash
DISPLAY=:1

Signal Handlers:
SIGSEGV: [libjvm.so+0xa6ad10], sa_mask[0]=11111111011111111101111111111110, sa_flags=SA_RESTART|SA_SIGINFO
SIGBUS: [libjvm.so+0xa6ad10], sa_mask[0]=11111111011111111101111111111110, sa_flags=SA_RESTART|SA_SIGINFO
SIGFPE: [libjvm.so+0x8b3bc0], sa_mask[0]=11111111011111111101111111111110, sa_flags=SA_RESTART|SA_SIGINFO
SIGPIPE: [libjvm.so+0x8b3bc0], sa_mask[0]=11111111011111111101111111111110, sa_flags=SA_RESTART|SA_SIGINFO
SIGXFSZ: [libjvm.so+0x8b3bc0], sa_mask[0]=11111111011111111101111111111110, sa_flags=SA_RESTART|SA_SIGINFO
SIGILL: [libjvm.so+0x8b3bc0], sa_mask[0]=11111111011111111101111111111110, sa_flags=SA_RESTART|SA_SIGINFO
SIGUSR1: SIG_DFL, sa_mask[0]=00000000000000000000000000000000, sa_flags=none
SIGUSR2: [libjvm.so+0x8b3a70], sa_mask[0]=00100000000000000000000000000000, sa_flags=SA_RESTART|SA_SIGINFO
SIGHUP: [libjvm.so+0x8b3f40], sa_mask[0]=11111111011111111101111111111110, sa_flags=SA_RESTART|SA_SIGINFO
SIGINT: [libjvm.so+0x8b3f40], sa_mask[0]=11111111011111111101111111111110, sa_flags=SA_RESTART|SA_SIGINFO
SIGTERM: [libjvm.so+0x8b3f40], sa_mask[0]=11111111011111111101111111111110, sa_flags=SA_RESTART|SA_SIGINFO
SIGQUIT: [libjvm.so+0x8b3f40], sa_mask[0]=11111111011111111101111111111110, sa_flags=SA_RESTART|SA_SIGINFO


---------------  S Y S T E M  ---------------

OS:DISTRIB_ID=Ubuntu
DISTRIB_RELEASE=16.04
DISTRIB_CODENAME=xenial
DISTRIB_DESCRIPTION="Ubuntu 16.04.3 LTS"

uname:Linux 4.10.0-37-generic #41~16.04.1-Ubuntu SMP Fri Oct 6 22:42:59 UTC 2017 x86_64
libc:glibc 2.23 NPTL 2.23 
rlimit: STACK 8192k, CORE 0k, NPROC 15312, NOFILE 1048576, AS infinity
load average:0,33 0,27 0,32

/proc/meminfo:
MemTotal:        4021440 kB
MemFree:          195456 kB
MemAvailable:     925156 kB
Buffers:           54420 kB
Cached:           861140 kB
SwapCached:          604 kB
Active:          2561100 kB
Inactive:         929464 kB
Active(anon):    2087776 kB
Inactive(anon):   524552 kB
Active(file):     473324 kB
Inactive(file):   404912 kB
Unevictable:          16 kB
Mlocked:              16 kB
SwapTotal:       4173308 kB
SwapFree:        4166648 kB
Dirty:               620 kB
Writeback:             0 kB
AnonPages:       2353024 kB
Mapped:           364388 kB
Shmem:             37324 kB
Slab:             168536 kB
SReclaimable:     118340 kB
SUnreclaim:        50196 kB
KernelStack:       10528 kB
PageTables:        40076 kB
NFS_Unstable:          0 kB
Bounce:                0 kB
WritebackTmp:          0 kB
CommitLimit:     6184028 kB
Committed_AS:    6090860 kB
VmallocTotal:   34359738367 kB
VmallocUsed:           0 kB
VmallocChunk:          0 kB
HardwareCorrupted:     0 kB
AnonHugePages:    989184 kB
ShmemHugePages:        0 kB
ShmemPmdMapped:        0 kB
CmaTotal:              0 kB
CmaFree:               0 kB
HugePages_Total:       0
HugePages_Free:        0
HugePages_Rsvd:        0
HugePages_Surp:        0
Hugepagesize:       2048 kB
DirectMap4k:      397312 kB
DirectMap2M:     3774464 kB


CPU:total 4 (initial active 4) (4 cores per cpu, 1 threads per core) family 6 model 42 stepping 7, cmov, cx8, fxsr, mmx, sse, sse2, sse3, ssse3, sse4.1, sse4.2, popcnt, avx, aes, clmul, tsc, tscinvbit

/proc/cpuinfo:
processor	: 0
vendor_id	: GenuineIntel
cpu family	: 6
model		: 42
model name	: Intel(R) Core(TM) i5-2400S CPU @ 2.50GHz
stepping	: 7
microcode	: 0x1a
cpu MHz		: 2622.833
cache size	: 6144 KB
physical id	: 0
siblings	: 4
core id		: 0
cpu cores	: 4
apicid		: 0
initial apicid	: 0
fpu		: yes
fpu_exception	: yes
cpuid level	: 13
wp		: yes
flags		: fpu vme de pse tsc msr pae mce cx8 apic sep mtrr pge mca cmov pat pse36 clflush dts acpi mmx fxsr sse sse2 ss ht tm pbe syscall nx rdtscp lm constant_tsc arch_perfmon pebs bts rep_good nopl xtopology nonstop_tsc aperfmperf pni pclmulqdq dtes64 monitor ds_cpl vmx smx est tm2 ssse3 cx16 xtpr pdcm pcid sse4_1 sse4_2 x2apic popcnt tsc_deadline_timer aes xsave avx lahf_lm tpr_shadow vnmi flexpriority ept vpid xsaveopt dtherm ida arat pln pts
bugs		:
bogomips	: 4988.99
clflush size	: 64
cache_alignment	: 64
address sizes	: 36 bits physical, 48 bits virtual
power management:

processor	: 1
vendor_id	: GenuineIntel
cpu family	: 6
model		: 42
model name	: Intel(R) Core(TM) i5-2400S CPU @ 2.50GHz
stepping	: 7
microcode	: 0x1a
cpu MHz		: 2633.666
cache size	: 6144 KB
physical id	: 0
siblings	: 4
core id		: 1
cpu cores	: 4
apicid		: 2
initial apicid	: 2
fpu		: yes
fpu_exception	: yes
cpuid level	: 13
wp		: yes
flags		: fpu vme de pse tsc msr pae mce cx8 apic sep mtrr pge mca cmov pat pse36 clflush dts acpi mmx fxsr sse sse2 ss ht tm pbe syscall nx rdtscp lm constant_tsc arch_perfmon pebs bts rep_good nopl xtopology nonstop_tsc aperfmperf pni pclmulqdq dtes64 monitor ds_cpl vmx smx est tm2 ssse3 cx16 xtpr pdcm pcid sse4_1 sse4_2 x2apic popcnt tsc_deadline_timer aes xsave avx lahf_lm tpr_shadow vnmi flexpriority ept vpid xsaveopt dtherm ida arat pln pts
bugs		:
bogomips	: 4988.99
clflush size	: 64
cache_alignment	: 64
address sizes	: 36 bits physical, 48 bits virtual
power management:

processor	: 2
vendor_id	: GenuineIntel
cpu family	: 6
model		: 42
model name	: Intel(R) Core(TM) i5-2400S CPU @ 2.50GHz
stepping	: 7
microcode	: 0x1a
cpu MHz		: 2697.601
cache size	: 6144 KB
physical id	: 0
siblings	: 4
core id		: 2
cpu cores	: 4
apicid		: 4
initial apicid	: 4
fpu		: yes
fpu_exception	: yes
cpuid level	: 13
wp		: yes
flags		: fpu vme de pse tsc msr pae mce cx8 apic sep mtrr pge mca cmov pat pse36 clflush dts acpi mmx fxsr sse sse2 ss ht tm pbe syscall nx rdtscp lm constant_tsc arch_perfmon pebs bts rep_good nopl xtopology nonstop_tsc aperfmperf pni pclmulqdq dtes64 monitor ds_cpl vmx smx est tm2 ssse3 cx16 xtpr pdcm pcid sse4_1 sse4_2 x2apic popcnt tsc_deadline_timer aes xsave avx lahf_lm tpr_shadow vnmi flexpriority ept vpid xsaveopt dtherm ida arat pln pts
bugs		:
bogomips	: 4988.99
clflush size	: 64
cache_alignment	: 64
address sizes	: 36 bits physical, 48 bits virtual
power management:

processor	: 3
vendor_id	: GenuineIntel
cpu family	: 6
model		: 42
model name	: Intel(R) Core(TM) i5-2400S CPU @ 2.50GHz
stepping	: 7
microcode	: 0x1a
cpu MHz		: 2615.966
cache size	: 6144 KB
physical id	: 0
siblings	: 4
core id		: 3
cpu cores	: 4
apicid		: 6
initial apicid	: 6
fpu		: yes
fpu_exception	: yes
cpuid level	: 13
wp		: yes
flags		: fpu vme de pse tsc msr pae mce cx8 apic sep mtrr pge mca cmov pat pse36 clflush dts acpi mmx fxsr sse sse2 ss ht tm pbe syscall nx rdtscp lm constant_tsc arch_perfmon pebs bts rep_good nopl xtopology nonstop_tsc aperfmperf pni pclmulqdq dtes64 monitor ds_cpl vmx smx est tm2 ssse3 cx16 xtpr pdcm pcid sse4_1 sse4_2 x2apic popcnt tsc_deadline_timer aes xsave avx lahf_lm tpr_shadow vnmi flexpriority ept vpid xsaveopt dtherm ida arat pln pts
bugs		:
bogomips	: 4988.99
clflush size	: 64
cache_alignment	: 64
address sizes	: 36 bits physical, 48 bits virtual
power management:



Memory: 4k page, physical 4021440k(195456k free), swap 4173308k(4166648k free)

vm_info: OpenJDK 64-Bit Server VM (25.131-b11) for linux-amd64 JRE (1.8.0_131-8u131-b11-2ubuntu1.16.04.3-b11), built on Jul 28 2017 01:23:32 by "buildd" with gcc 5.4.0 20160609

time: Wed Oct 11 15:30:40 2017
elapsed time: 0 seconds (0d 0h 0m 0s)

