#
# A fatal error has been detected by the Java Runtime Environment:
#
#  SIGSEGV (0xb) at pc=0x00007fe98a127e57, pid=11220, tid=0x00007fe9b2956700
#
# JRE version: OpenJDK Runtime Environment (8.0_131-b11) (build 1.8.0_131-8u131-b11-2ubuntu1.16.04.3-b11)
# Java VM: OpenJDK 64-Bit Server VM (25.131-b11 mixed mode linux-amd64 compressed oops)
# Problematic frame:
# C  [liblwjgl_opengl.so+0x45e57]  Java_org_lwjgl_opengl_GL20_glCreateProgram+0x7
#
# Failed to write core dump. Core dumps have been disabled. To enable core dumping, try "ulimit -c unlimited" before starting Java again
#
# If you would like to submit a bug report, please visit:
#   http://bugreport.java.com/bugreport/crash.jsp
# The crash happened outside the Java Virtual Machine in native code.
# See problematic frame for where to report the bug.
#

---------------  T H R E A D  ---------------

Current thread (0x00007fe9ac00b000):  JavaThread "main" [_thread_in_native, id=11223, stack(0x00007fe9b2856000,0x00007fe9b2957000)]

siginfo: si_signo: 11 (SIGSEGV), si_code: 1 (SEGV_MAPERR), si_addr: 0x0000000000000878

Registers:
RAX=0x0000000000000000, RBX=0x00007fe999332058, RCX=0x0000000000000003, RDX=0x00007fe9b1b245d8
RSP=0x00007fe9b2955868, RBP=0x00007fe9b29558b8, RSI=0x00007fe9b29558c8, RDI=0x00007fe9ac00b1e0
R8 =0x00007fe999332058, R9 =0x0000000000000004, R10=0x00007fe99c18e748, R11=0x00007fe9b1563520
R12=0x0000000000000000, R13=0x00007fe999332050, R14=0x00007fe9b29558d0, R15=0x00007fe9ac00b000
RIP=0x00007fe98a127e57, EFLAGS=0x0000000000010287, CSGSFS=0x002b000000000033, ERR=0x0000000000000004
  TRAPNO=0x000000000000000e

Top of Stack: (sp=0x00007fe9b2955868)
0x00007fe9b2955868:   00007fe99c18e774 00007fe99c18e4c2
0x00007fe9b2955878:   00007fe9b2955878 00007fe999332050
0x00007fe9b2955888:   00007fe9b29558d0 00007fe999345110
0x00007fe9b2955898:   0000000000000000 00007fe999332058
0x00007fe9b29558a8:   0000000000000000 00007fe9b29558d8
0x00007fe9b29558b8:   00007fe9b2955920 00007fe99c17ea40
0x00007fe9b29558c8:   00000000eba720e0 00007fe99c188276
0x00007fe9b29558d8:   00000000eba489d8 00007fe9b29558e0
0x00007fe9b29558e8:   00007fe99932df35 00007fe9b2955930
0x00007fe9b29558f8:   00007fe99932e620 0000000000000000
0x00007fe9b2955908:   00007fe99932df50 00007fe9b29558d8
0x00007fe9b2955918:   00007fe9b2955930 00007fe9b2955988
0x00007fe9b2955928:   00007fe99c17effd 00000000eba489d8
0x00007fe9b2955938:   00000000eba489d8 00000000eba3f898
0x00007fe9b2955948:   00007fe9b2955948 00007fe99932c980
0x00007fe9b2955958:   00007fe9b29559b8 00007fe99932cc48
0x00007fe9b2955968:   0000000000000000 00007fe99932ca80
0x00007fe9b2955978:   00007fe9b2955930 00007fe9b29559b8
0x00007fe9b2955988:   00007fe9b2955a00 00007fe99c17effd
0x00007fe9b2955998:   0000000000000000 0000000000000000
0x00007fe9b29559a8:   0000000000000000 0000000000000000
0x00007fe9b29559b8:   00000000eba3f898 00007fe9b29559c0
0x00007fe9b29559c8:   00007fe99932c311 00007fe9b2955a18
0x00007fe9b29559d8:   00007fe99932c390 0000000000000000
0x00007fe9b29559e8:   00007fe99932c338 00007fe9b29559b8
0x00007fe9b29559f8:   00007fe9b2955a18 00007fe9b2955a80
0x00007fe9b2955a08:   00007fe99c1774e7 00000000eba3f898
0x00007fe9b2955a18:   00000000eb9ec810 0000000000001fa0
0x00007fe9b2955a28:   00007fe99932c338 00007fe9b2955c70
0x00007fe9b2955a38:   00007fe9b2955b20 00007fe9ac00b000
0x00007fe9b2955a48:   00007fe9ac00b000 00007fe9b2955b20
0x00007fe9b2955a58:   00007fe9b2955d38 00007fe90000000a 

Instructions: (pc=0x00007fe98a127e57)
0x00007fe98a127e37:   40 18 48 8b 80 b0 09 00 00 ff e0 66 66 66 66 66
0x00007fe98a127e47:   2e 0f 1f 84 00 00 00 00 00 48 8b 07 48 8b 40 18
0x00007fe98a127e57:   ff a0 78 08 00 00 0f 1f 00 48 8b 07 41 89 d1 89
0x00007fe98a127e67:   ce 4c 89 c2 44 89 cf 48 8b 40 18 48 8b 80 b8 15 

Register to memory mapping:

RAX=0x0000000000000000 is an unknown value
RBX={method} {0x00007fe999332058} 'glCreateProgram' '()I' in 'org/lwjgl/opengl/GL20'
RCX=0x0000000000000003 is an unknown value
RDX=0x00007fe9b1b245d8: <offset 0xf1f5d8> in /usr/lib/jvm/java-8-openjdk-amd64/jre/lib/amd64/server/libjvm.so at 0x00007fe9b0c05000
RSP=0x00007fe9b2955868 is pointing into the stack for thread: 0x00007fe9ac00b000
RBP=0x00007fe9b29558b8 is pointing into the stack for thread: 0x00007fe9ac00b000
RSI=0x00007fe9b29558c8 is pointing into the stack for thread: 0x00007fe9ac00b000
RDI=0x00007fe9ac00b1e0 is an unknown value
R8 ={method} {0x00007fe999332058} 'glCreateProgram' '()I' in 'org/lwjgl/opengl/GL20'
R9 =0x0000000000000004 is an unknown value
R10=0x00007fe99c18e748 is at code_begin+808 in an Interpreter codelet
method entry point (kind = native)  [0x00007fe99c18e420, 0x00007fe99c18ed20]  2304 bytes
R11=0x00007fe9b1563520: <offset 0x95e520> in /usr/lib/jvm/java-8-openjdk-amd64/jre/lib/amd64/server/libjvm.so at 0x00007fe9b0c05000
R12=0x0000000000000000 is an unknown value
R13=0x00007fe999332050 is pointing into metadata
R14=0x00007fe9b29558d0 is pointing into the stack for thread: 0x00007fe9ac00b000
R15=0x00007fe9ac00b000 is a thread


Stack: [0x00007fe9b2856000,0x00007fe9b2957000],  sp=0x00007fe9b2955868,  free space=1022k
Native frames: (J=compiled Java code, j=interpreted, Vv=VM code, C=native code)
C  [liblwjgl_opengl.so+0x45e57]  Java_org_lwjgl_opengl_GL20_glCreateProgram+0x7
j  ShaderProgram.<init>()V+5
j  Game.start()V+16
j  Main.main([Ljava/lang/String;)V+17
v  ~StubRoutines::call_stub
V  [libjvm.so+0x66415b]
V  [libjvm.so+0x685e9e]
V  [libjvm.so+0x6887cf]
C  [libjli.so+0x3552]
C  [libjli.so+0x73dd]
C  [libpthread.so.0+0x76ba]  start_thread+0xca

Java frames: (J=compiled Java code, j=interpreted, Vv=VM code)
j  org.lwjgl.opengl.GL20.glCreateProgram()I+0
j  ShaderProgram.<init>()V+5
j  Game.start()V+16
j  Main.main([Ljava/lang/String;)V+17
v  ~StubRoutines::call_stub

---------------  P R O C E S S  ---------------

Java Threads: ( => current thread )
  0x00007fe9ac0c3800 JavaThread "Service Thread" daemon [_thread_blocked, id=11237, stack(0x00007fe98ab35000,0x00007fe98ac36000)]
  0x00007fe9ac0b3800 JavaThread "C1 CompilerThread2" daemon [_thread_blocked, id=11236, stack(0x00007fe98ac36000,0x00007fe98ad37000)]
  0x00007fe9ac0b2000 JavaThread "C2 CompilerThread1" daemon [_thread_blocked, id=11235, stack(0x00007fe98ad37000,0x00007fe98ae38000)]
  0x00007fe9ac0af000 JavaThread "C2 CompilerThread0" daemon [_thread_blocked, id=11234, stack(0x00007fe98ae38000,0x00007fe98af39000)]
  0x00007fe9ac0ad000 JavaThread "Signal Dispatcher" daemon [_thread_blocked, id=11233, stack(0x00007fe98af39000,0x00007fe98b03a000)]
  0x00007fe9ac084800 JavaThread "Finalizer" daemon [_thread_blocked, id=11232, stack(0x00007fe98b9fa000,0x00007fe98bafb000)]
  0x00007fe9ac080000 JavaThread "Reference Handler" daemon [_thread_blocked, id=11231, stack(0x00007fe98bafb000,0x00007fe98bbfc000)]
=>0x00007fe9ac00b000 JavaThread "main" [_thread_in_native, id=11223, stack(0x00007fe9b2856000,0x00007fe9b2957000)]

Other Threads:
  0x00007fe9ac078000 VMThread [stack: 0x00007fe98bbfc000,0x00007fe98bcfd000] [id=11230]
  0x00007fe9ac0c6000 WatcherThread [stack: 0x00007fe98aa34000,0x00007fe98ab35000] [id=11238]

VM state:not at safepoint (normal execution)

VM Mutex/Monitor currently owned by a thread: None

Heap:
 PSYoungGen      total 18432K, used 4783K [0x00000000eb900000, 0x00000000ecd80000, 0x0000000100000000)
  eden space 15872K, 30% used [0x00000000eb900000,0x00000000ebdabf78,0x00000000ec880000)
  from space 2560K, 0% used [0x00000000ecb00000,0x00000000ecb00000,0x00000000ecd80000)
  to   space 2560K, 0% used [0x00000000ec880000,0x00000000ec880000,0x00000000ecb00000)
 ParOldGen       total 42496K, used 0K [0x00000000c2a00000, 0x00000000c5380000, 0x00000000eb900000)
  object space 42496K, 0% used [0x00000000c2a00000,0x00000000c2a00000,0x00000000c5380000)
 Metaspace       used 5023K, capacity 5334K, committed 5632K, reserved 1056768K
  class space    used 550K, capacity 641K, committed 768K, reserved 1048576K

Card table byte_map: [0x00007fe99bbcb000,0x00007fe99bdb7000] byte_map_base: 0x00007fe99b5b6000

Marking Bits: (ParMarkBitMap*) 0x00007fe9b1b282c0
 Begin Bits: [0x00007fe999917000, 0x00007fe99a86f000)
 End Bits:   [0x00007fe99a86f000, 0x00007fe99b7c7000)

Polling page: 0x00007fe9b297b000

CodeCache: size=245760Kb used=1832Kb max_used=1832Kb free=243927Kb
 bounds [0x00007fe99c177000, 0x00007fe99c3e7000, 0x00007fe9ab177000]
 total_blobs=686 nmethods=372 adapters=229
 compilation: enabled

Compilation events (10 events):
Event: 0,211 Thread 0x00007fe9ac0b3800  368       1       java.security.ProtectionDomain::getCodeSource (5 bytes)
Event: 0,211 Thread 0x00007fe9ac0b3800 nmethod 368 0x00007fe99c33fc90 code [0x00007fe99c33fde0, 0x00007fe99c33fef0]
Event: 0,213 Thread 0x00007fe9ac0b3800  369       1       java.util.zip.ZipCoder::isUTF8 (5 bytes)
Event: 0,213 Thread 0x00007fe9ac0b3800 nmethod 369 0x00007fe99c33e3d0 code [0x00007fe99c33e520, 0x00007fe99c33e630]
Event: 0,215 Thread 0x00007fe9ac0b3800  370       1       sun.misc.URLClassPath$JarLoader::access$700 (5 bytes)
Event: 0,216 Thread 0x00007fe9ac0b3800 nmethod 370 0x00007fe99c33e110 code [0x00007fe99c33e260, 0x00007fe99c33e350]
Event: 0,221 Thread 0x00007fe9ac0b3800  371       3       java.lang.Character::toUpperCase (6 bytes)
Event: 0,221 Thread 0x00007fe9ac0b3800 nmethod 371 0x00007fe99c340b90 code [0x00007fe99c340d20, 0x00007fe99c340fb8]
Event: 0,221 Thread 0x00007fe9ac0b3800  372       3       java.lang.Character::toUpperCase (9 bytes)
Event: 0,221 Thread 0x00007fe9ac0b3800 nmethod 372 0x00007fe99c3410d0 code [0x00007fe99c341240, 0x00007fe99c341478]

GC Heap History (0 events):
No events

Deoptimization events (0 events):
No events

Internal exceptions (10 events):
Event: 0,132 Thread 0x00007fe9ac00b000 Exception <a 'java/lang/NoSuchFieldError': method resolution failed> (0x00000000ebb8f070) thrown at [/build/openjdk-8-pZyJp3/openjdk-8-8u131-b11/src/hotspot/src/share/vm/prims/methodHandles.cpp, line 1146]
Event: 0,134 Thread 0x00007fe9ac00b000 Exception <a 'java/lang/NoSuchFieldError': method resolution failed> (0x00000000ebb9c530) thrown at [/build/openjdk-8-pZyJp3/openjdk-8-8u131-b11/src/hotspot/src/share/vm/prims/methodHandles.cpp, line 1146]
Event: 0,175 Thread 0x00007fe9ac00b000 Exception <a 'java/lang/NoSuchMethodError': java.lang.Object.lambda$static$0(Ljava/lang/String;)Ljava/lang/Boolean;> (0x00000000ebca6920) thrown at [/build/openjdk-8-pZyJp3/openjdk-8-8u131-b11/src/hotspot/src/share/vm/interpreter/linkResolver.cpp, line 58
Event: 0,185 Thread 0x00007fe9ac00b000 Exception <a 'java/security/PrivilegedActionException'> (0x00000000ebcd54b0) thrown at [/build/openjdk-8-pZyJp3/openjdk-8-8u131-b11/src/hotspot/src/share/vm/prims/jvm.cpp, line 1390]
Event: 0,185 Thread 0x00007fe9ac00b000 Exception <a 'java/security/PrivilegedActionException'> (0x00000000ebcd56c0) thrown at [/build/openjdk-8-pZyJp3/openjdk-8-8u131-b11/src/hotspot/src/share/vm/prims/jvm.cpp, line 1390]
Event: 0,185 Thread 0x00007fe9ac00b000 Exception <a 'java/security/PrivilegedActionException'> (0x00000000ebcd7748) thrown at [/build/openjdk-8-pZyJp3/openjdk-8-8u131-b11/src/hotspot/src/share/vm/prims/jvm.cpp, line 1390]
Event: 0,185 Thread 0x00007fe9ac00b000 Exception <a 'java/security/PrivilegedActionException'> (0x00000000ebcd7958) thrown at [/build/openjdk-8-pZyJp3/openjdk-8-8u131-b11/src/hotspot/src/share/vm/prims/jvm.cpp, line 1390]
Event: 0,185 Thread 0x00007fe9ac00b000 Exception <a 'java/security/PrivilegedActionException'> (0x00000000ebcd8430) thrown at [/build/openjdk-8-pZyJp3/openjdk-8-8u131-b11/src/hotspot/src/share/vm/prims/jvm.cpp, line 1390]
Event: 0,185 Thread 0x00007fe9ac00b000 Exception <a 'java/security/PrivilegedActionException'> (0x00000000ebcd8640) thrown at [/build/openjdk-8-pZyJp3/openjdk-8-8u131-b11/src/hotspot/src/share/vm/prims/jvm.cpp, line 1390]
Event: 0,208 Thread 0x00007fe9ac00b000 Exception <a 'sun/nio/fs/UnixException'> (0x00000000ebd26560) thrown at [/build/openjdk-8-pZyJp3/openjdk-8-8u131-b11/src/hotspot/src/share/vm/prims/jni.cpp, line 709]

Events (10 events):
Event: 0,218 loading class org/lwjgl/system/jni/JNINativeInterface
Event: 0,218 loading class org/lwjgl/system/jni/JNINativeInterface done
Event: 0,219 loading class org/lwjgl/system/linux/DynamicLinkLoader
Event: 0,219 loading class org/lwjgl/system/linux/DynamicLinkLoader done
Event: 0,220 loading class org/lwjgl/opengl/GL$2
Event: 0,220 loading class org/lwjgl/opengl/GL$2 done
Event: 0,221 loading class org/lwjgl/opengl/GL$SharedLibraryGL
Event: 0,221 loading class org/lwjgl/opengl/GL$SharedLibraryGL done
Event: 0,221 loading class org/lwjgl/system/SharedLibrary$Delegate
Event: 0,221 loading class org/lwjgl/system/SharedLibrary$Delegate done


Dynamic libraries:
00400000-00401000 r-xp 00000000 fd:01 20187746                           /usr/lib/jvm/java-8-openjdk-amd64/jre/bin/java
00600000-00601000 r--p 00000000 fd:01 20187746                           /usr/lib/jvm/java-8-openjdk-amd64/jre/bin/java
00601000-00602000 rw-p 00001000 fd:01 20187746                           /usr/lib/jvm/java-8-openjdk-amd64/jre/bin/java
02009000-0202a000 rw-p 00000000 00:00 0                                  [heap]
c2a00000-c5380000 rw-p 00000000 00:00 0 
c5380000-eb900000 ---p 00000000 00:00 0 
eb900000-ecd80000 rw-p 00000000 00:00 0 
ecd80000-100000000 ---p 00000000 00:00 0 
100000000-1000c0000 rw-p 00000000 00:00 0 
1000c0000-140000000 ---p 00000000 00:00 0 
7fe95c7de000-7fe95c7e3000 r-xp 00000000 fd:01 20061955                   /usr/lib/x86_64-linux-gnu/libXdmcp.so.6.0.0
7fe95c7e3000-7fe95c9e2000 ---p 00005000 fd:01 20061955                   /usr/lib/x86_64-linux-gnu/libXdmcp.so.6.0.0
7fe95c9e2000-7fe95c9e3000 r--p 00004000 fd:01 20061955                   /usr/lib/x86_64-linux-gnu/libXdmcp.so.6.0.0
7fe95c9e3000-7fe95c9e4000 rw-p 00005000 fd:01 20061955                   /usr/lib/x86_64-linux-gnu/libXdmcp.so.6.0.0
7fe95c9e4000-7fe95c9e6000 r-xp 00000000 fd:01 20061944                   /usr/lib/x86_64-linux-gnu/libXau.so.6.0.0
7fe95c9e6000-7fe95cbe6000 ---p 00002000 fd:01 20061944                   /usr/lib/x86_64-linux-gnu/libXau.so.6.0.0
7fe95cbe6000-7fe95cbe7000 r--p 00002000 fd:01 20061944                   /usr/lib/x86_64-linux-gnu/libXau.so.6.0.0
7fe95cbe7000-7fe95cbe8000 rw-p 00003000 fd:01 20061944                   /usr/lib/x86_64-linux-gnu/libXau.so.6.0.0
7fe95cbe8000-7fe95cbf8000 r-xp 00000000 fd:01 20062256                   /usr/lib/x86_64-linux-gnu/libdrm.so.2.4.0
7fe95cbf8000-7fe95cdf7000 ---p 00010000 fd:01 20062256                   /usr/lib/x86_64-linux-gnu/libdrm.so.2.4.0
7fe95cdf7000-7fe95cdf8000 r--p 0000f000 fd:01 20062256                   /usr/lib/x86_64-linux-gnu/libdrm.so.2.4.0
7fe95cdf8000-7fe95cdf9000 rw-p 00010000 fd:01 20062256                   /usr/lib/x86_64-linux-gnu/libdrm.so.2.4.0
7fe95cdf9000-7fe95cdfe000 r-xp 00000000 fd:01 20061995                   /usr/lib/x86_64-linux-gnu/libXxf86vm.so.1.0.0
7fe95cdfe000-7fe95cffd000 ---p 00005000 fd:01 20061995                   /usr/lib/x86_64-linux-gnu/libXxf86vm.so.1.0.0
7fe95cffd000-7fe95cffe000 r--p 00004000 fd:01 20061995                   /usr/lib/x86_64-linux-gnu/libXxf86vm.so.1.0.0
7fe95cffe000-7fe95cfff000 rw-p 00005000 fd:01 20061995                   /usr/lib/x86_64-linux-gnu/libXxf86vm.so.1.0.0
7fe95cfff000-7fe960000000 rw-p 00000000 00:00 0 
7fe960000000-7fe960021000 rw-p 00000000 00:00 0 
7fe960021000-7fe964000000 ---p 00000000 00:00 0 
7fe964000000-7fe964021000 rw-p 00000000 00:00 0 
7fe964021000-7fe968000000 ---p 00000000 00:00 0 
7fe968000000-7fe96807e000 rw-p 00000000 00:00 0 
7fe96807e000-7fe96c000000 ---p 00000000 00:00 0 
7fe96c000000-7fe96c201000 rw-p 00000000 00:00 0 
7fe96c201000-7fe970000000 ---p 00000000 00:00 0 
7fe970000000-7fe970021000 rw-p 00000000 00:00 0 
7fe970021000-7fe974000000 ---p 00000000 00:00 0 
7fe974000000-7fe974076000 rw-p 00000000 00:00 0 
7fe974076000-7fe978000000 ---p 00000000 00:00 0 
7fe978000000-7fe978021000 rw-p 00000000 00:00 0 
7fe978021000-7fe97c000000 ---p 00000000 00:00 0 
7fe97c000000-7fe97c021000 rw-p 00000000 00:00 0 
7fe97c021000-7fe980000000 ---p 00000000 00:00 0 
7fe980000000-7fe980021000 rw-p 00000000 00:00 0 
7fe980021000-7fe984000000 ---p 00000000 00:00 0 
7fe984000000-7fe984021000 rw-p 00000000 00:00 0 
7fe984021000-7fe988000000 ---p 00000000 00:00 0 
7fe988051000-7fe988072000 r-xp 00000000 fd:01 20063362                   /usr/lib/x86_64-linux-gnu/libxcb.so.1.1.0
7fe988072000-7fe988271000 ---p 00021000 fd:01 20063362                   /usr/lib/x86_64-linux-gnu/libxcb.so.1.1.0
7fe988271000-7fe988272000 r--p 00020000 fd:01 20063362                   /usr/lib/x86_64-linux-gnu/libxcb.so.1.1.0
7fe988272000-7fe988273000 rw-p 00021000 fd:01 20063362                   /usr/lib/x86_64-linux-gnu/libxcb.so.1.1.0
7fe988273000-7fe988277000 r-xp 00000000 fd:01 20063330                   /usr/lib/x86_64-linux-gnu/libxcb-dri2.so.0.0.0
7fe988277000-7fe988476000 ---p 00004000 fd:01 20063330                   /usr/lib/x86_64-linux-gnu/libxcb-dri2.so.0.0.0
7fe988476000-7fe988477000 r--p 00003000 fd:01 20063330                   /usr/lib/x86_64-linux-gnu/libxcb-dri2.so.0.0.0
7fe988477000-7fe988478000 rw-p 00004000 fd:01 20063330                   /usr/lib/x86_64-linux-gnu/libxcb-dri2.so.0.0.0
7fe988478000-7fe98848f000 r-xp 00000000 fd:01 20063334                   /usr/lib/x86_64-linux-gnu/libxcb-glx.so.0.0.0
7fe98848f000-7fe98868e000 ---p 00017000 fd:01 20063334                   /usr/lib/x86_64-linux-gnu/libxcb-glx.so.0.0.0
7fe98868e000-7fe988690000 r--p 00016000 fd:01 20063334                   /usr/lib/x86_64-linux-gnu/libxcb-glx.so.0.0.0
7fe988690000-7fe988691000 rw-p 00018000 fd:01 20063334                   /usr/lib/x86_64-linux-gnu/libxcb-glx.so.0.0.0
7fe988691000-7fe9887c6000 r-xp 00000000 fd:01 20061940                   /usr/lib/x86_64-linux-gnu/libX11.so.6.3.0
7fe9887c6000-7fe9889c6000 ---p 00135000 fd:01 20061940                   /usr/lib/x86_64-linux-gnu/libX11.so.6.3.0
7fe9889c6000-7fe9889c7000 r--p 00135000 fd:01 20061940                   /usr/lib/x86_64-linux-gnu/libX11.so.6.3.0
7fe9889c7000-7fe9889cb000 rw-p 00136000 fd:01 20061940                   /usr/lib/x86_64-linux-gnu/libX11.so.6.3.0
7fe9889cb000-7fe9889cc000 r-xp 00000000 fd:01 20061938                   /usr/lib/x86_64-linux-gnu/libX11-xcb.so.1.0.0
7fe9889cc000-7fe988bcb000 ---p 00001000 fd:01 20061938                   /usr/lib/x86_64-linux-gnu/libX11-xcb.so.1.0.0
7fe988bcb000-7fe988bcc000 r--p 00000000 fd:01 20061938                   /usr/lib/x86_64-linux-gnu/libX11-xcb.so.1.0.0
7fe988bcc000-7fe988bcd000 rw-p 00001000 fd:01 20061938                   /usr/lib/x86_64-linux-gnu/libX11-xcb.so.1.0.0
7fe988bcd000-7fe988bd2000 r-xp 00000000 fd:01 20061959                   /usr/lib/x86_64-linux-gnu/libXfixes.so.3.1.0
7fe988bd2000-7fe988dd1000 ---p 00005000 fd:01 20061959                   /usr/lib/x86_64-linux-gnu/libXfixes.so.3.1.0
7fe988dd1000-7fe988dd2000 r--p 00004000 fd:01 20061959                   /usr/lib/x86_64-linux-gnu/libXfixes.so.3.1.0
7fe988dd2000-7fe988dd3000 rw-p 00005000 fd:01 20061959                   /usr/lib/x86_64-linux-gnu/libXfixes.so.3.1.0
7fe988dd3000-7fe988dd5000 r-xp 00000000 fd:01 20061953                   /usr/lib/x86_64-linux-gnu/libXdamage.so.1.1.0
7fe988dd5000-7fe988fd4000 ---p 00002000 fd:01 20061953                   /usr/lib/x86_64-linux-gnu/libXdamage.so.1.1.0
7fe988fd4000-7fe988fd5000 r--p 00001000 fd:01 20061953                   /usr/lib/x86_64-linux-gnu/libXdamage.so.1.1.0
7fe988fd5000-7fe988fd6000 rw-p 00002000 fd:01 20061953                   /usr/lib/x86_64-linux-gnu/libXdamage.so.1.1.0
7fe988fd6000-7fe988fe7000 r-xp 00000000 fd:01 20061957                   /usr/lib/x86_64-linux-gnu/libXext.so.6.4.0
7fe988fe7000-7fe9891e6000 ---p 00011000 fd:01 20061957                   /usr/lib/x86_64-linux-gnu/libXext.so.6.4.0
7fe9891e6000-7fe9891e7000 r--p 00010000 fd:01 20061957                   /usr/lib/x86_64-linux-gnu/libXext.so.6.4.0
7fe9891e7000-7fe9891e8000 rw-p 00011000 fd:01 20061957                   /usr/lib/x86_64-linux-gnu/libXext.so.6.4.0
7fe9891e8000-7fe989212000 r-xp 00000000 fd:01 20062457                   /usr/lib/x86_64-linux-gnu/libglapi.so.0.0.0
7fe989212000-7fe989411000 ---p 0002a000 fd:01 20062457                   /usr/lib/x86_64-linux-gnu/libglapi.so.0.0.0
7fe989411000-7fe989415000 r--p 00029000 fd:01 20062457                   /usr/lib/x86_64-linux-gnu/libglapi.so.0.0.0
7fe989415000-7fe989416000 rw-p 0002d000 fd:01 20062457                   /usr/lib/x86_64-linux-gnu/libglapi.so.0.0.0
7fe989416000-7fe989417000 rw-p 00000000 00:00 0 
7fe989417000-7fe989418000 r-xp 00000000 fd:01 20063374                   /usr/lib/x86_64-linux-gnu/libxshmfence.so.1.0.0
7fe989418000-7fe989618000 ---p 00001000 fd:01 20063374                   /usr/lib/x86_64-linux-gnu/libxshmfence.so.1.0.0
7fe989618000-7fe989619000 r--p 00001000 fd:01 20063374                   /usr/lib/x86_64-linux-gnu/libxshmfence.so.1.0.0
7fe989619000-7fe98961a000 rw-p 00002000 fd:01 20063374                   /usr/lib/x86_64-linux-gnu/libxshmfence.so.1.0.0
7fe98961a000-7fe98961f000 r-xp 00000000 fd:01 20063354                   /usr/lib/x86_64-linux-gnu/libxcb-sync.so.1.0.0
7fe98961f000-7fe98981f000 ---p 00005000 fd:01 20063354                   /usr/lib/x86_64-linux-gnu/libxcb-sync.so.1.0.0
7fe98981f000-7fe989820000 r--p 00005000 fd:01 20063354                   /usr/lib/x86_64-linux-gnu/libxcb-sync.so.1.0.0
7fe989820000-7fe989821000 rw-p 00006000 fd:01 20063354                   /usr/lib/x86_64-linux-gnu/libxcb-sync.so.1.0.0
7fe989821000-7fe989823000 r-xp 00000000 fd:01 20063342                   /usr/lib/x86_64-linux-gnu/libxcb-present.so.0.0.0
7fe989823000-7fe989a22000 ---p 00002000 fd:01 20063342                   /usr/lib/x86_64-linux-gnu/libxcb-present.so.0.0.0
7fe989a22000-7fe989a23000 r--p 00001000 fd:01 20063342                   /usr/lib/x86_64-linux-gnu/libxcb-present.so.0.0.0
7fe989a23000-7fe989a24000 rw-p 00002000 fd:01 20063342                   /usr/lib/x86_64-linux-gnu/libxcb-present.so.0.0.0
7fe989a24000-7fe989a26000 r-xp 00000000 fd:01 20063332                   /usr/lib/x86_64-linux-gnu/libxcb-dri3.so.0.0.0
7fe989a26000-7fe989c25000 ---p 00002000 fd:01 20063332                   /usr/lib/x86_64-linux-gnu/libxcb-dri3.so.0.0.0
7fe989c25000-7fe989c26000 r--p 00001000 fd:01 20063332                   /usr/lib/x86_64-linux-gnu/libxcb-dri3.so.0.0.0
7fe989c26000-7fe989c27000 rw-p 00002000 fd:01 20063332                   /usr/lib/x86_64-linux-gnu/libxcb-dri3.so.0.0.0
7fe989c27000-7fe989c4d000 r-xp 00000000 fd:01 14946789                   /lib/x86_64-linux-gnu/libexpat.so.1.6.0
7fe989c4d000-7fe989e4d000 ---p 00026000 fd:01 14946789                   /lib/x86_64-linux-gnu/libexpat.so.1.6.0
7fe989e4d000-7fe989e4f000 r--p 00026000 fd:01 14946789                   /lib/x86_64-linux-gnu/libexpat.so.1.6.0
7fe989e4f000-7fe989e50000 rw-p 00028000 fd:01 14946789                   /lib/x86_64-linux-gnu/libexpat.so.1.6.0
7fe989e50000-7fe989ebe000 r-xp 00000000 fd:01 20319117                   /usr/lib/x86_64-linux-gnu/mesa/libGL.so.1.2.0
7fe989ebe000-7fe98a0bd000 ---p 0006e000 fd:01 20319117                   /usr/lib/x86_64-linux-gnu/mesa/libGL.so.1.2.0
7fe98a0bd000-7fe98a0c0000 r--p 0006d000 fd:01 20319117                   /usr/lib/x86_64-linux-gnu/mesa/libGL.so.1.2.0
7fe98a0c0000-7fe98a0c1000 rw-p 00070000 fd:01 20319117                   /usr/lib/x86_64-linux-gnu/mesa/libGL.so.1.2.0
7fe98a0c1000-7fe98a0c2000 rw-p 00000000 00:00 0 
7fe98a0e2000-7fe98a14d000 r-xp 00000000 fd:01 7602205                    /tmp/lwjglroot/3.1.3-SNAPSHOT/liblwjgl_opengl.so
7fe98a14d000-7fe98a34c000 ---p 0006b000 fd:01 7602205                    /tmp/lwjglroot/3.1.3-SNAPSHOT/liblwjgl_opengl.so
7fe98a34c000-7fe98a34d000 r--p 0006a000 fd:01 7602205                    /tmp/lwjglroot/3.1.3-SNAPSHOT/liblwjgl_opengl.so
7fe98a34d000-7fe98a34e000 rw-p 0006b000 fd:01 7602205                    /tmp/lwjglroot/3.1.3-SNAPSHOT/liblwjgl_opengl.so
7fe98a34e000-7fe98a39f000 r-xp 00000000 fd:01 7602203                    /tmp/lwjglroot/3.1.3-SNAPSHOT/liblwjgl.so
7fe98a39f000-7fe98a59e000 ---p 00051000 fd:01 7602203                    /tmp/lwjglroot/3.1.3-SNAPSHOT/liblwjgl.so
7fe98a59e000-7fe98a59f000 r--p 00050000 fd:01 7602203                    /tmp/lwjglroot/3.1.3-SNAPSHOT/liblwjgl.so
7fe98a59f000-7fe98a5a0000 rw-p 00051000 fd:01 7602203                    /tmp/lwjglroot/3.1.3-SNAPSHOT/liblwjgl.so
7fe98a5a0000-7fe98a5b7000 r-xp 00000000 fd:01 20187689                   /usr/lib/jvm/java-8-openjdk-amd64/jre/lib/amd64/libnet.so
7fe98a5b7000-7fe98a7b6000 ---p 00017000 fd:01 20187689                   /usr/lib/jvm/java-8-openjdk-amd64/jre/lib/amd64/libnet.so
7fe98a7b6000-7fe98a7b7000 r--p 00016000 fd:01 20187689                   /usr/lib/jvm/java-8-openjdk-amd64/jre/lib/amd64/libnet.so
7fe98a7b7000-7fe98a7b8000 rw-p 00017000 fd:01 20187689                   /usr/lib/jvm/java-8-openjdk-amd64/jre/lib/amd64/libnet.so
7fe98a7b8000-7fe98a7c9000 r-xp 00000000 fd:01 20187199                   /usr/lib/jvm/java-8-openjdk-amd64/jre/lib/amd64/libnio.so
7fe98a7c9000-7fe98a9c9000 ---p 00011000 fd:01 20187199                   /usr/lib/jvm/java-8-openjdk-amd64/jre/lib/amd64/libnio.so
7fe98a9c9000-7fe98a9ca000 r--p 00011000 fd:01 20187199                   /usr/lib/jvm/java-8-openjdk-amd64/jre/lib/amd64/libnio.so
7fe98a9ca000-7fe98a9cb000 rw-p 00012000 fd:01 20187199                   /usr/lib/jvm/java-8-openjdk-amd64/jre/lib/amd64/libnio.so
7fe98a9cb000-7fe98a9de000 r--s 00346000 fd:01 20187705                   /usr/lib/jvm/java-8-openjdk-amd64/jre/lib/resources.jar
7fe98a9de000-7fe98a9f0000 r--s 00139000 00:2d 24906636                   /home/daan/lwjgl3/lwjgl-vulkan.jar
7fe98a9f0000-7fe98a9f1000 r--s 00030000 00:2d 24906645                   /home/daan/lwjgl3/lwjgl-tinyfd-natives-windows.jar
7fe98a9f1000-7fe98a9f2000 r--s 00007000 00:2d 24906627                   /home/daan/lwjgl3/lwjgl-tinyfd-natives-macos.jar
7fe98a9f2000-7fe98a9f3000 r--s 00007000 00:2d 24906625                   /home/daan/lwjgl3/lwjgl-tinyfd-natives-linux.jar
7fe98a9f3000-7fe98a9f4000 r--s 00001000 00:2d 24906629                   /home/daan/lwjgl3/lwjgl-tinyfd.jar
7fe98a9f4000-7fe98a9f5000 r--s 00074000 00:2d 24906642                   /home/daan/lwjgl3/lwjgl-stb-natives-windows.jar
7fe98a9f5000-7fe98a9f6000 r--s 0002a000 00:2d 24906643                   /home/daan/lwjgl3/lwjgl-stb-natives-macos.jar
7fe98a9f6000-7fe98a9f7000 r--s 00030000 00:2d 24906621                   /home/daan/lwjgl3/lwjgl-stb-natives-linux.jar
7fe98a9f7000-7fe98a9f9000 r--s 00015000 00:2d 24906623                   /home/daan/lwjgl3/lwjgl-stb.jar
7fe98a9f9000-7fe98a9fa000 r--s 00031000 00:2d 24906633                   /home/daan/lwjgl3/lwjgl-par-natives-windows.jar
7fe98a9fa000-7fe98a9fb000 r--s 00004000 00:2d 24906618                   /home/daan/lwjgl3/lwjgl-par-natives-macos.jar
7fe98a9fb000-7fe98a9fc000 r--s 00005000 00:2d 24905606                   /home/daan/lwjgl3/lwjgl-par-natives-linux.jar
7fe98a9fc000-7fe98a9fd000 r--s 00002000 00:2d 24906617                   /home/daan/lwjgl3/lwjgl-par.jar
7fe98a9fd000-7fe98a9fe000 r--s 0002a000 00:2d 24906632                   /home/daan/lwjgl3/lwjgl-opengl-natives-windows.jar
7fe98a9fe000-7fe98a9ff000 r--s 0000b000 00:2d 24905605                   /home/daan/lwjgl3/lwjgl-opengl-natives-macos.jar
7fe98a9ff000-7fe98aa00000 r--s 00016000 00:2d 24905578                   /home/daan/lwjgl3/lwjgl-opengl-natives-linux.jar
7fe98aa00000-7fe98aa0a000 r--s 000be000 00:2d 24905603                   /home/daan/lwjgl3/lwjgl-opengl.jar
7fe98aa0a000-7fe98aa0b000 r--s 00104000 00:2d 24906646                   /home/daan/lwjgl3/lwjgl-openal-natives-windows.jar
7fe98aa0b000-7fe98aa0d000 r--s 00063000 00:2d 24906626                   /home/daan/lwjgl3/lwjgl-openal-natives-macos.jar
7fe98aa0d000-7fe98aa0e000 r--s 00077000 00:2d 24905570                   /home/daan/lwjgl3/lwjgl-openal-natives-linux.jar
7fe98aa0e000-7fe98aa10000 r--s 00011000 00:2d 24905573                   /home/daan/lwjgl3/lwjgl-openal.jar
7fe98aa10000-7fe98aa11000 r--s 00040000 00:2d 24906630                   /home/daan/lwjgl3/lwjgl-nuklear-natives-windows.jar
7fe98aa11000-7fe98aa12000 r--s 0002d000 00:2d 24906620                   /home/daan/lwjgl3/lwjgl-nuklear-natives-macos.jar
7fe98aa12000-7fe98aa13000 r--s 00021000 00:2d 24905562                   /home/daan/lwjgl3/lwjgl-nuklear-natives-linux.jar
7fe98aa13000-7fe98aa19000 r--s 0005a000 00:2d 24905568                   /home/daan/lwjgl3/lwjgl-nuklear.jar
7fe98aa19000-7fe98aa1a000 r--s 0001f000 00:2d 24905565                   /home/daan/lwjgl3/lwjgl-nfd-natives-windows.jar
7fe98aa1a000-7fe98aa1b000 r--s 00001000 00:2d 24905555                   /home/daan/lwjgl3/lwjgl-nfd-natives-macos.jar
7fe98aa1b000-7fe98aa1c000 r--s 00001000 00:2d 24905554                   /home/daan/lwjgl3/lwjgl-nfd-natives-linux.jar
7fe98aa1c000-7fe98aa1d000 r--s 00001000 00:2d 24905557                   /home/daan/lwjgl3/lwjgl-nfd.jar
7fe98aa1d000-7fe98aa1f000 r--s 00037000 00:2d 24906647                   /home/daan/lwjgl3/lwjgl-natives-windows.jar
7fe98aa1f000-7fe98aa20000 r--s 00008000 00:2d 24906644                   /home/daan/lwjgl3/lwjgl-natives-macos.jar
7fe98aa20000-7fe98aa21000 r--s 00012000 00:2d 24906639                   /home/daan/lwjgl3/lwjgl-natives-linux.jar
7fe98aa21000-7fe98aa22000 r--s 0005d000 00:2d 24906597                   /home/daan/lwjgl3/lwjgl-nanovg-natives-windows.jar
7fe98aa22000-7fe98aa23000 r--s 0001d000 00:2d 24905564                   /home/daan/lwjgl3/lwjgl-nanovg-natives-macos.jar
7fe98aa23000-7fe98aa24000 r--s 00021000 00:2d 24905549                   /home/daan/lwjgl3/lwjgl-nanovg-natives-linux.jar
7fe98aa24000-7fe98aa25000 r--s 00009000 00:2d 24905551                   /home/daan/lwjgl3/lwjgl-nanovg.jar
7fe98aa25000-7fe98aa26000 r--s 00030000 00:2d 24905577                   /home/daan/lwjgl3/lwjgl-jemalloc-natives-windows.jar
7fe98aa26000-7fe98aa27000 r--s 00017000 00:2d 24905569                   /home/daan/lwjgl3/lwjgl-jemalloc-natives-macos.jar
7fe98aa27000-7fe98aa28000 r--s 0001f000 00:2d 24905543                   /home/daan/lwjgl3/lwjgl-jemalloc-natives-linux.jar
7fe98aa28000-7fe98aa2a000 r--s 00008000 00:2d 24905545                   /home/daan/lwjgl3/lwjgl-jemalloc.jar
7fe98aa2a000-7fe98aa2b000 r--s 0003c000 00:2d 24905576                   /home/daan/lwjgl3/lwjgl-glfw-natives-windows.jar
7fe98aa2b000-7fe98aa2f000 r--s 00017000 00:2d 24905540                   /home/daan/lwjgl3/lwjgl-glfw.jar
7fe98aa2f000-7fe98aa34000 r--s 0003b000 fd:01 20186076                   /usr/lib/jvm/java-8-openjdk-amd64/jre/lib/ext/sunjce_provider.jar
7fe98aa34000-7fe98aa35000 ---p 00000000 00:00 0 
7fe98aa35000-7fe98ab35000 rw-p 00000000 00:00 0 
7fe98ab35000-7fe98ab38000 ---p 00000000 00:00 0 
7fe98ab38000-7fe98ac36000 rw-p 00000000 00:00 0 
7fe98ac36000-7fe98ac39000 ---p 00000000 00:00 0 
7fe98ac39000-7fe98ad37000 rw-p 00000000 00:00 0 
7fe98ad37000-7fe98ad3a000 ---p 00000000 00:00 0 
7fe98ad3a000-7fe98ae38000 rw-p 00000000 00:00 0 
7fe98ae38000-7fe98ae3b000 ---p 00000000 00:00 0 
7fe98ae3b000-7fe98af39000 rw-p 00000000 00:00 0 
7fe98af39000-7fe98af3c000 ---p 00000000 00:00 0 
7fe98af3c000-7fe98b03a000 rw-p 00000000 00:00 0 
7fe98b03a000-7fe98b9fa000 r--p 00000000 fd:01 20060977                   /usr/lib/locale/locale-archive
7fe98b9fa000-7fe98b9fd000 ---p 00000000 00:00 0 
7fe98b9fd000-7fe98bafb000 rw-p 00000000 00:00 0 
7fe98bafb000-7fe98bafe000 ---p 00000000 00:00 0 
7fe98bafe000-7fe98bbfc000 rw-p 00000000 00:00 0 
7fe98bbfc000-7fe98bbfd000 ---p 00000000 00:00 0 
7fe98bbfd000-7fe98c000000 rw-p 00000000 00:00 0 
7fe98c000000-7fe98c021000 rw-p 00000000 00:00 0 
7fe98c021000-7fe990000000 ---p 00000000 00:00 0 
7fe990000000-7fe990021000 rw-p 00000000 00:00 0 
7fe990021000-7fe994000000 ---p 00000000 00:00 0 
7fe994000000-7fe994021000 rw-p 00000000 00:00 0 
7fe994021000-7fe998000000 ---p 00000000 00:00 0 
7fe998000000-7fe998001000 r--s 0000d000 00:2d 24905563                   /home/daan/lwjgl3/lwjgl-glfw-natives-macos.jar
7fe998001000-7fe99801c000 r--s 001d6000 fd:01 20185732                   /usr/lib/jvm/java-8-openjdk-amd64/jre/lib/ext/nashorn.jar
7fe99801c000-7fe998037000 r--s 00394000 fd:01 20185556                   /usr/lib/jvm/java-8-openjdk-amd64/jre/lib/ext/cldrdata.jar
7fe998037000-7fe998ce8000 rw-p 00000000 00:00 0 
7fe998ce8000-7fe998eb6000 r--s 03c13000 fd:01 20185503                   /usr/lib/jvm/java-8-openjdk-amd64/jre/lib/rt.jar
7fe998eb6000-7fe9993ec000 rw-p 00000000 00:00 0 
7fe9993ec000-7fe99972c000 ---p 00000000 00:00 0 
7fe99972c000-7fe99b7c7000 rw-p 00000000 00:00 0 
7fe99b7c7000-7fe99b7c8000 ---p 00000000 00:00 0 
7fe99b7c8000-7fe99b8c8000 rw-p 00000000 00:00 0 
7fe99b8c8000-7fe99b8c9000 ---p 00000000 00:00 0 
7fe99b8c9000-7fe99b9c9000 rw-p 00000000 00:00 0 
7fe99b9c9000-7fe99b9ca000 ---p 00000000 00:00 0 
7fe99b9ca000-7fe99baca000 rw-p 00000000 00:00 0 
7fe99baca000-7fe99bacb000 ---p 00000000 00:00 0 
7fe99bacb000-7fe99bbe0000 rw-p 00000000 00:00 0 
7fe99bbe0000-7fe99bd12000 ---p 00000000 00:00 0 
7fe99bd12000-7fe99bd1d000 rw-p 00000000 00:00 0 
7fe99bd1d000-7fe99bdb6000 ---p 00000000 00:00 0 
7fe99bdb6000-7fe99bdc1000 rw-p 00000000 00:00 0 
7fe99bdc1000-7fe99c177000 ---p 00000000 00:00 0 
7fe99c177000-7fe99c3e7000 rwxp 00000000 00:00 0 
7fe99c3e7000-7fe9ab177000 ---p 00000000 00:00 0 
7fe9ab177000-7fe9ab17f000 r-xp 00000000 fd:01 20187678                   /usr/lib/jvm/java-8-openjdk-amd64/jre/lib/amd64/libzip.so
7fe9ab17f000-7fe9ab37e000 ---p 00008000 fd:01 20187678                   /usr/lib/jvm/java-8-openjdk-amd64/jre/lib/amd64/libzip.so
7fe9ab37e000-7fe9ab37f000 r--p 00007000 fd:01 20187678                   /usr/lib/jvm/java-8-openjdk-amd64/jre/lib/amd64/libzip.so
7fe9ab37f000-7fe9ab380000 rw-p 00008000 fd:01 20187678                   /usr/lib/jvm/java-8-openjdk-amd64/jre/lib/amd64/libzip.so
7fe9ab380000-7fe9ab38b000 r-xp 00000000 fd:01 14946857                   /lib/x86_64-linux-gnu/libnss_files-2.23.so
7fe9ab38b000-7fe9ab58a000 ---p 0000b000 fd:01 14946857                   /lib/x86_64-linux-gnu/libnss_files-2.23.so
7fe9ab58a000-7fe9ab58b000 r--p 0000a000 fd:01 14946857                   /lib/x86_64-linux-gnu/libnss_files-2.23.so
7fe9ab58b000-7fe9ab58c000 rw-p 0000b000 fd:01 14946857                   /lib/x86_64-linux-gnu/libnss_files-2.23.so
7fe9ab58c000-7fe9ab592000 rw-p 00000000 00:00 0 
7fe9ab592000-7fe9ab59d000 r-xp 00000000 fd:01 14946867                   /lib/x86_64-linux-gnu/libnss_nis-2.23.so
7fe9ab59d000-7fe9ab79c000 ---p 0000b000 fd:01 14946867                   /lib/x86_64-linux-gnu/libnss_nis-2.23.so
7fe9ab79c000-7fe9ab79d000 r--p 0000a000 fd:01 14946867                   /lib/x86_64-linux-gnu/libnss_nis-2.23.so
7fe9ab79d000-7fe9ab79e000 rw-p 0000b000 fd:01 14946867                   /lib/x86_64-linux-gnu/libnss_nis-2.23.so
7fe9ab79e000-7fe9ab7b4000 r-xp 00000000 fd:01 14946851                   /lib/x86_64-linux-gnu/libnsl-2.23.so
7fe9ab7b4000-7fe9ab9b3000 ---p 00016000 fd:01 14946851                   /lib/x86_64-linux-gnu/libnsl-2.23.so
7fe9ab9b3000-7fe9ab9b4000 r--p 00015000 fd:01 14946851                   /lib/x86_64-linux-gnu/libnsl-2.23.so
7fe9ab9b4000-7fe9ab9b5000 rw-p 00016000 fd:01 14946851                   /lib/x86_64-linux-gnu/libnsl-2.23.so
7fe9ab9b5000-7fe9ab9b7000 rw-p 00000000 00:00 0 
7fe9ab9b7000-7fe9ab9bf000 r-xp 00000000 fd:01 14946853                   /lib/x86_64-linux-gnu/libnss_compat-2.23.so
7fe9ab9bf000-7fe9abbbe000 ---p 00008000 fd:01 14946853                   /lib/x86_64-linux-gnu/libnss_compat-2.23.so
7fe9abbbe000-7fe9abbbf000 r--p 00007000 fd:01 14946853                   /lib/x86_64-linux-gnu/libnss_compat-2.23.so
7fe9abbbf000-7fe9abbc0000 rw-p 00008000 fd:01 14946853                   /lib/x86_64-linux-gnu/libnss_compat-2.23.so
7fe9abbc0000-7fe9abbed000 r-xp 00000000 fd:01 20187695                   /usr/lib/jvm/java-8-openjdk-amd64/jre/lib/amd64/libjava.so
7fe9abbed000-7fe9abdec000 ---p 0002d000 fd:01 20187695                   /usr/lib/jvm/java-8-openjdk-amd64/jre/lib/amd64/libjava.so
7fe9abdec000-7fe9abded000 r--p 0002c000 fd:01 20187695                   /usr/lib/jvm/java-8-openjdk-amd64/jre/lib/amd64/libjava.so
7fe9abded000-7fe9abdef000 rw-p 0002d000 fd:01 20187695                   /usr/lib/jvm/java-8-openjdk-amd64/jre/lib/amd64/libjava.so
7fe9abdef000-7fe9abdfe000 r-xp 00000000 fd:01 20187203                   /usr/lib/jvm/java-8-openjdk-amd64/jre/lib/amd64/libverify.so
7fe9abdfe000-7fe9abffd000 ---p 0000f000 fd:01 20187203                   /usr/lib/jvm/java-8-openjdk-amd64/jre/lib/amd64/libverify.so
7fe9abffd000-7fe9abfff000 r--p 0000e000 fd:01 20187203                   /usr/lib/jvm/java-8-openjdk-amd64/jre/lib/amd64/libverify.so
7fe9abfff000-7fe9ac000000 rw-p 00010000 fd:01 20187203                   /usr/lib/jvm/java-8-openjdk-amd64/jre/lib/amd64/libverify.so
7fe9ac000000-7fe9ac2f3000 rw-p 00000000 00:00 0 
7fe9ac2f3000-7fe9b0000000 ---p 00000000 00:00 0 
7fe9b0000000-7fe9b0004000 r--s 00042000 00:2d 24906641                   /home/daan/lwjgl3/lwjgl.jar
7fe9b0004000-7fe9b000e000 r--s 00116000 fd:01 20185952                   /usr/lib/jvm/java-8-openjdk-amd64/jre/lib/ext/localedata.jar
7fe9b000e000-7fe9b0010000 r--s 00001000 fd:01 20186002                   /usr/lib/jvm/java-8-openjdk-amd64/jre/lib/ext/dnsns.jar
7fe9b0010000-7fe9b0014000 r--s 00037000 fd:01 20185991                   /usr/lib/jvm/java-8-openjdk-amd64/jre/lib/ext/sunpkcs11.jar
7fe9b0014000-7fe9b0029000 rw-p 00000000 00:00 0 
7fe9b0029000-7fe9b015c000 ---p 00000000 00:00 0 
7fe9b015c000-7fe9b0163000 r-xp 00000000 fd:01 14946912                   /lib/x86_64-linux-gnu/librt-2.23.so
7fe9b0163000-7fe9b0362000 ---p 00007000 fd:01 14946912                   /lib/x86_64-linux-gnu/librt-2.23.so
7fe9b0362000-7fe9b0363000 r--p 00006000 fd:01 14946912                   /lib/x86_64-linux-gnu/librt-2.23.so
7fe9b0363000-7fe9b0364000 rw-p 00007000 fd:01 14946912                   /lib/x86_64-linux-gnu/librt-2.23.so
7fe9b0364000-7fe9b037a000 r-xp 00000000 fd:01 14946796                   /lib/x86_64-linux-gnu/libgcc_s.so.1
7fe9b037a000-7fe9b0579000 ---p 00016000 fd:01 14946796                   /lib/x86_64-linux-gnu/libgcc_s.so.1
7fe9b0579000-7fe9b057a000 rw-p 00015000 fd:01 14946796                   /lib/x86_64-linux-gnu/libgcc_s.so.1
7fe9b057a000-7fe9b0682000 r-xp 00000000 fd:01 14946828                   /lib/x86_64-linux-gnu/libm-2.23.so
7fe9b0682000-7fe9b0881000 ---p 00108000 fd:01 14946828                   /lib/x86_64-linux-gnu/libm-2.23.so
7fe9b0881000-7fe9b0882000 r--p 00107000 fd:01 14946828                   /lib/x86_64-linux-gnu/libm-2.23.so
7fe9b0882000-7fe9b0883000 rw-p 00108000 fd:01 14946828                   /lib/x86_64-linux-gnu/libm-2.23.so
7fe9b0883000-7fe9b09f5000 r-xp 00000000 fd:01 20055626                   /usr/lib/x86_64-linux-gnu/libstdc++.so.6.0.21
7fe9b09f5000-7fe9b0bf5000 ---p 00172000 fd:01 20055626                   /usr/lib/x86_64-linux-gnu/libstdc++.so.6.0.21
7fe9b0bf5000-7fe9b0bff000 r--p 00172000 fd:01 20055626                   /usr/lib/x86_64-linux-gnu/libstdc++.so.6.0.21
7fe9b0bff000-7fe9b0c01000 rw-p 0017c000 fd:01 20055626                   /usr/lib/x86_64-linux-gnu/libstdc++.so.6.0.21
7fe9b0c01000-7fe9b0c05000 rw-p 00000000 00:00 0 
7fe9b0c05000-7fe9b1859000 r-xp 00000000 fd:01 20187676                   /usr/lib/jvm/java-8-openjdk-amd64/jre/lib/amd64/server/libjvm.so
7fe9b1859000-7fe9b1a59000 ---p 00c54000 fd:01 20187676                   /usr/lib/jvm/java-8-openjdk-amd64/jre/lib/amd64/server/libjvm.so
7fe9b1a59000-7fe9b1aec000 r--p 00c54000 fd:01 20187676                   /usr/lib/jvm/java-8-openjdk-amd64/jre/lib/amd64/server/libjvm.so
7fe9b1aec000-7fe9b1b15000 rw-p 00ce7000 fd:01 20187676                   /usr/lib/jvm/java-8-openjdk-amd64/jre/lib/amd64/server/libjvm.so
7fe9b1b15000-7fe9b1b45000 rw-p 00000000 00:00 0 
7fe9b1b45000-7fe9b1b5d000 r-xp 00000000 fd:01 14946904                   /lib/x86_64-linux-gnu/libpthread-2.23.so
7fe9b1b5d000-7fe9b1d5c000 ---p 00018000 fd:01 14946904                   /lib/x86_64-linux-gnu/libpthread-2.23.so
7fe9b1d5c000-7fe9b1d5d000 r--p 00017000 fd:01 14946904                   /lib/x86_64-linux-gnu/libpthread-2.23.so
7fe9b1d5d000-7fe9b1d5e000 rw-p 00018000 fd:01 14946904                   /lib/x86_64-linux-gnu/libpthread-2.23.so
7fe9b1d5e000-7fe9b1d62000 rw-p 00000000 00:00 0 
7fe9b1d62000-7fe9b1d65000 r-xp 00000000 fd:01 14946782                   /lib/x86_64-linux-gnu/libdl-2.23.so
7fe9b1d65000-7fe9b1f64000 ---p 00003000 fd:01 14946782                   /lib/x86_64-linux-gnu/libdl-2.23.so
7fe9b1f64000-7fe9b1f65000 r--p 00002000 fd:01 14946782                   /lib/x86_64-linux-gnu/libdl-2.23.so
7fe9b1f65000-7fe9b1f66000 rw-p 00003000 fd:01 14946782                   /lib/x86_64-linux-gnu/libdl-2.23.so
7fe9b1f66000-7fe9b1f7f000 r-xp 00000000 fd:01 14946949                   /lib/x86_64-linux-gnu/libz.so.1.2.8
7fe9b1f7f000-7fe9b217e000 ---p 00019000 fd:01 14946949                   /lib/x86_64-linux-gnu/libz.so.1.2.8
7fe9b217e000-7fe9b217f000 r--p 00018000 fd:01 14946949                   /lib/x86_64-linux-gnu/libz.so.1.2.8
7fe9b217f000-7fe9b2180000 rw-p 00019000 fd:01 14946949                   /lib/x86_64-linux-gnu/libz.so.1.2.8
7fe9b2180000-7fe9b2340000 r-xp 00000000 fd:01 14946758                   /lib/x86_64-linux-gnu/libc-2.23.so
7fe9b2340000-7fe9b2540000 ---p 001c0000 fd:01 14946758                   /lib/x86_64-linux-gnu/libc-2.23.so
7fe9b2540000-7fe9b2544000 r--p 001c0000 fd:01 14946758                   /lib/x86_64-linux-gnu/libc-2.23.so
7fe9b2544000-7fe9b2546000 rw-p 001c4000 fd:01 14946758                   /lib/x86_64-linux-gnu/libc-2.23.so
7fe9b2546000-7fe9b254a000 rw-p 00000000 00:00 0 
7fe9b254a000-7fe9b2557000 r-xp 00000000 fd:01 20187201                   /usr/lib/jvm/java-8-openjdk-amd64/jre/lib/amd64/jli/libjli.so
7fe9b2557000-7fe9b2757000 ---p 0000d000 fd:01 20187201                   /usr/lib/jvm/java-8-openjdk-amd64/jre/lib/amd64/jli/libjli.so
7fe9b2757000-7fe9b2758000 r--p 0000d000 fd:01 20187201                   /usr/lib/jvm/java-8-openjdk-amd64/jre/lib/amd64/jli/libjli.so
7fe9b2758000-7fe9b2759000 rw-p 0000e000 fd:01 20187201                   /usr/lib/jvm/java-8-openjdk-amd64/jre/lib/amd64/jli/libjli.so
7fe9b2759000-7fe9b277f000 r-xp 00000000 fd:01 14946730                   /lib/x86_64-linux-gnu/ld-2.23.so
7fe9b277f000-7fe9b2780000 r--s 00011000 00:2d 24905538                   /home/daan/lwjgl3/lwjgl-glfw-natives-linux.jar
7fe9b2780000-7fe9b2782000 r--s 00008000 fd:01 20186090                   /usr/lib/jvm/java-8-openjdk-amd64/jre/lib/ext/sunec.jar
7fe9b2782000-7fe9b2785000 r--s 0000f000 fd:01 20186087                   /usr/lib/jvm/java-8-openjdk-amd64/jre/lib/ext/icedtea-sound.jar
7fe9b2785000-7fe9b2856000 rw-p 00000000 00:00 0 
7fe9b2856000-7fe9b2859000 ---p 00000000 00:00 0 
7fe9b2859000-7fe9b295c000 rw-p 00000000 00:00 0 
7fe9b295c000-7fe9b295d000 r--s 0000a000 fd:01 20186064                   /usr/lib/jvm/java-8-openjdk-amd64/jre/lib/ext/jaccess.jar
7fe9b295d000-7fe9b295e000 r--s 00010000 fd:01 20187194                   /usr/lib/jvm/java-8-openjdk-amd64/jre/lib/ext/zipfs.jar
7fe9b295e000-7fe9b2972000 rw-p 00000000 00:00 0 
7fe9b2972000-7fe9b297a000 rw-s 00000000 fd:01 7602214                    /tmp/hsperfdata_root/11220
7fe9b297a000-7fe9b297b000 rw-p 00000000 00:00 0 
7fe9b297b000-7fe9b297c000 r--p 00000000 00:00 0 
7fe9b297c000-7fe9b297e000 rw-p 00000000 00:00 0 
7fe9b297e000-7fe9b297f000 r--p 00025000 fd:01 14946730                   /lib/x86_64-linux-gnu/ld-2.23.so
7fe9b297f000-7fe9b2980000 rw-p 00026000 fd:01 14946730                   /lib/x86_64-linux-gnu/ld-2.23.so
7fe9b2980000-7fe9b2981000 rw-p 00000000 00:00 0 
7ffc9f8eb000-7ffc9f90d000 rw-p 00000000 00:00 0                          [stack]
7ffc9f92e000-7ffc9f930000 r--p 00000000 00:00 0                          [vvar]
7ffc9f930000-7ffc9f932000 r-xp 00000000 00:00 0                          [vdso]
ffffffffff600000-ffffffffff601000 r-xp 00000000 00:00 0                  [vsyscall]

VM Arguments:
jvm_args: -Dfile.encoding=UTF-8 
java_command: Main
java_class_path (initial): /home/daan/lwjgl3/lwjgl.jar:/home/daan/lwjgl3/lwjgl-glfw.jar:/home/daan/lwjgl3/lwjgl-glfw-natives-linux.jar:/home/daan/lwjgl3/lwjgl-glfw-natives-macos.jar:/home/daan/lwjgl3/lwjgl-glfw-natives-windows.jar:/home/daan/lwjgl3/lwjgl-jemalloc.jar:/home/daan/lwjgl3/lwjgl-jemalloc-natives-linux.jar:/home/daan/lwjgl3/lwjgl-jemalloc-natives-macos.jar:/home/daan/lwjgl3/lwjgl-jemalloc-natives-windows.jar:/home/daan/lwjgl3/lwjgl-nanovg.jar:/home/daan/lwjgl3/lwjgl-nanovg-natives-linux.jar:/home/daan/lwjgl3/lwjgl-nanovg-natives-macos.jar:/home/daan/lwjgl3/lwjgl-nanovg-natives-windows.jar:/home/daan/lwjgl3/lwjgl-natives-linux.jar:/home/daan/lwjgl3/lwjgl-natives-macos.jar:/home/daan/lwjgl3/lwjgl-natives-windows.jar:/home/daan/lwjgl3/lwjgl-nfd.jar:/home/daan/lwjgl3/lwjgl-nfd-natives-linux.jar:/home/daan/lwjgl3/lwjgl-nfd-natives-macos.jar:/home/daan/lwjgl3/lwjgl-nfd-natives-windows.jar:/home/daan/lwjgl3/lwjgl-nuklear.jar:/home/daan/lwjgl3/lwjgl-nuklear-natives-linux.jar:/home/daan/lwjgl3/lwjgl-nuklear-natives-macos.jar:/home/daan/lwjgl3/lwjgl-nuklear-natives-windows.jar:/home/daan/lwjgl3/lwjgl-openal.jar:/home/daan/lwjgl3/lwjgl-openal-natives-linux.jar:/home/daan/lwjgl3/lwjgl-openal-natives-macos.jar:/home/daan/lwjgl3/lwjgl-openal-natives-windows.jar:/home/daan/lwjgl3/lwjgl-opengl.jar:/home/daan/lwjgl3/lwjgl-opengl-natives-linux.jar:/home/daan/lwjgl3/lwjgl-opengl-natives-macos.jar:/home/daan/lwjgl3/lwjgl-opengl-natives-windows.jar:/home/daan/lwjgl3/lwjgl-par.jar:/home/daan/lwjgl3/lwjgl-par-natives-linux.jar:/home/daan/lwjgl3/lwjgl-par-natives-macos.jar:/home/daan/lwjgl3/lwjgl-par-natives-windows.jar:/home/daan/lwjgl3/lwjgl-stb.jar:/home/daan/lwjgl3/lwjgl-stb-natives-linux.jar:/home/daan/lwjgl3/lwjgl-stb-natives-macos.jar:/home/daan/lwjgl3/lwjgl-stb-natives-windows.jar:/home/daan/lwjgl3/lwjgl-tinyfd.jar:/home/daan/lwjgl3/lwjgl-tinyfd-natives-linux.jar:/home/daan/lwjgl3/lwjgl-tinyfd-natives-macos.jar:/home/daan/lwjgl3/lwjgl-tinyfd-natives-windows.jar:/home/d
Launcher Type: SUN_STANDARD

Environment Variables:
PATH=/usr/local/sbin:/usr/local/bin:/usr/sbin:/usr/bin:/sbin:/bin:/snap/bin
USERNAME=root
SHELL=/bin/bash
DISPLAY=:1

Signal Handlers:
SIGSEGV: [libjvm.so+0xa6ad10], sa_mask[0]=11111111011111111101111111111110, sa_flags=SA_RESTART|SA_SIGINFO
SIGBUS: [libjvm.so+0xa6ad10], sa_mask[0]=11111111011111111101111111111110, sa_flags=SA_RESTART|SA_SIGINFO
SIGFPE: [libjvm.so+0x8b3bc0], sa_mask[0]=11111111011111111101111111111110, sa_flags=SA_RESTART|SA_SIGINFO
SIGPIPE: [libjvm.so+0x8b3bc0], sa_mask[0]=11111111011111111101111111111110, sa_flags=SA_RESTART|SA_SIGINFO
SIGXFSZ: [libjvm.so+0x8b3bc0], sa_mask[0]=11111111011111111101111111111110, sa_flags=SA_RESTART|SA_SIGINFO
SIGILL: [libjvm.so+0x8b3bc0], sa_mask[0]=11111111011111111101111111111110, sa_flags=SA_RESTART|SA_SIGINFO
SIGUSR1: SIG_DFL, sa_mask[0]=00000000000000000000000000000000, sa_flags=none
SIGUSR2: [libjvm.so+0x8b3a70], sa_mask[0]=00100000000000000000000000000000, sa_flags=SA_RESTART|SA_SIGINFO
SIGHUP: [libjvm.so+0x8b3f40], sa_mask[0]=11111111011111111101111111111110, sa_flags=SA_RESTART|SA_SIGINFO
SIGINT: [libjvm.so+0x8b3f40], sa_mask[0]=11111111011111111101111111111110, sa_flags=SA_RESTART|SA_SIGINFO
SIGTERM: [libjvm.so+0x8b3f40], sa_mask[0]=11111111011111111101111111111110, sa_flags=SA_RESTART|SA_SIGINFO
SIGQUIT: [libjvm.so+0x8b3f40], sa_mask[0]=11111111011111111101111111111110, sa_flags=SA_RESTART|SA_SIGINFO


---------------  S Y S T E M  ---------------

OS:DISTRIB_ID=Ubuntu
DISTRIB_RELEASE=16.04
DISTRIB_CODENAME=xenial
DISTRIB_DESCRIPTION="Ubuntu 16.04.3 LTS"

uname:Linux 4.10.0-37-generic #41~16.04.1-Ubuntu SMP Fri Oct 6 22:42:59 UTC 2017 x86_64
libc:glibc 2.23 NPTL 2.23 
rlimit: STACK 8192k, CORE 0k, NPROC 15312, NOFILE 1048576, AS infinity
load average:0,50 0,45 0,53

/proc/meminfo:
MemTotal:        4021440 kB
MemFree:          135176 kB
MemAvailable:    1068804 kB
Buffers:           93316 kB
Cached:          1019084 kB
SwapCached:          300 kB
Active:          2800256 kB
Inactive:         761204 kB
Active(anon):    1991080 kB
Inactive(anon):   491440 kB
Active(file):     809176 kB
Inactive(file):   269764 kB
Unevictable:          16 kB
Mlocked:              16 kB
SwapTotal:       4173308 kB
SwapFree:        4171720 kB
Dirty:               512 kB
Writeback:             0 kB
AnonPages:       2233492 kB
Mapped:           419896 kB
Shmem:             33460 kB
Slab:             173688 kB
SReclaimable:     124788 kB
SUnreclaim:        48900 kB
KernelStack:       10648 kB
PageTables:        39848 kB
NFS_Unstable:          0 kB
Bounce:                0 kB
WritebackTmp:          0 kB
CommitLimit:     6184028 kB
Committed_AS:    6035088 kB
VmallocTotal:   34359738367 kB
VmallocUsed:           0 kB
VmallocChunk:          0 kB
HardwareCorrupted:     0 kB
AnonHugePages:    819200 kB
ShmemHugePages:        0 kB
ShmemPmdMapped:        0 kB
CmaTotal:              0 kB
CmaFree:               0 kB
HugePages_Total:       0
HugePages_Free:        0
HugePages_Rsvd:        0
HugePages_Surp:        0
Hugepagesize:       2048 kB
DirectMap4k:      368640 kB
DirectMap2M:     3803136 kB


CPU:total 4 (initial active 4) (4 cores per cpu, 1 threads per core) family 6 model 42 stepping 7, cmov, cx8, fxsr, mmx, sse, sse2, sse3, ssse3, sse4.1, sse4.2, popcnt, avx, aes, clmul, tsc, tscinvbit

/proc/cpuinfo:
processor	: 0
vendor_id	: GenuineIntel
cpu family	: 6
model		: 42
model name	: Intel(R) Core(TM) i5-2400S CPU @ 2.50GHz
stepping	: 7
microcode	: 0x1a
cpu MHz		: 2653.961
cache size	: 6144 KB
physical id	: 0
siblings	: 4
core id		: 0
cpu cores	: 4
apicid		: 0
initial apicid	: 0
fpu		: yes
fpu_exception	: yes
cpuid level	: 13
wp		: yes
flags		: fpu vme de pse tsc msr pae mce cx8 apic sep mtrr pge mca cmov pat pse36 clflush dts acpi mmx fxsr sse sse2 ss ht tm pbe syscall nx rdtscp lm constant_tsc arch_perfmon pebs bts rep_good nopl xtopology nonstop_tsc aperfmperf pni pclmulqdq dtes64 monitor ds_cpl vmx smx est tm2 ssse3 cx16 xtpr pdcm pcid sse4_1 sse4_2 x2apic popcnt tsc_deadline_timer aes xsave avx lahf_lm tpr_shadow vnmi flexpriority ept vpid xsaveopt dtherm ida arat pln pts
bugs		:
bogomips	: 4988.99
clflush size	: 64
cache_alignment	: 64
address sizes	: 36 bits physical, 48 bits virtual
power management:

processor	: 1
vendor_id	: GenuineIntel
cpu family	: 6
model		: 42
model name	: Intel(R) Core(TM) i5-2400S CPU @ 2.50GHz
stepping	: 7
microcode	: 0x1a
cpu MHz		: 2648.773
cache size	: 6144 KB
physical id	: 0
siblings	: 4
core id		: 1
cpu cores	: 4
apicid		: 2
initial apicid	: 2
fpu		: yes
fpu_exception	: yes
cpuid level	: 13
wp		: yes
flags		: fpu vme de pse tsc msr pae mce cx8 apic sep mtrr pge mca cmov pat pse36 clflush dts acpi mmx fxsr sse sse2 ss ht tm pbe syscall nx rdtscp lm constant_tsc arch_perfmon pebs bts rep_good nopl xtopology nonstop_tsc aperfmperf pni pclmulqdq dtes64 monitor ds_cpl vmx smx est tm2 ssse3 cx16 xtpr pdcm pcid sse4_1 sse4_2 x2apic popcnt tsc_deadline_timer aes xsave avx lahf_lm tpr_shadow vnmi flexpriority ept vpid xsaveopt dtherm ida arat pln pts
bugs		:
bogomips	: 4988.99
clflush size	: 64
cache_alignment	: 64
address sizes	: 36 bits physical, 48 bits virtual
power management:

processor	: 2
vendor_id	: GenuineIntel
cpu family	: 6
model		: 42
model name	: Intel(R) Core(TM) i5-2400S CPU @ 2.50GHz
stepping	: 7
microcode	: 0x1a
cpu MHz		: 2621.917
cache size	: 6144 KB
physical id	: 0
siblings	: 4
core id		: 2
cpu cores	: 4
apicid		: 4
initial apicid	: 4
fpu		: yes
fpu_exception	: yes
cpuid level	: 13
wp		: yes
flags		: fpu vme de pse tsc msr pae mce cx8 apic sep mtrr pge mca cmov pat pse36 clflush dts acpi mmx fxsr sse sse2 ss ht tm pbe syscall nx rdtscp lm constant_tsc arch_perfmon pebs bts rep_good nopl xtopology nonstop_tsc aperfmperf pni pclmulqdq dtes64 monitor ds_cpl vmx smx est tm2 ssse3 cx16 xtpr pdcm pcid sse4_1 sse4_2 x2apic popcnt tsc_deadline_timer aes xsave avx lahf_lm tpr_shadow vnmi flexpriority ept vpid xsaveopt dtherm ida arat pln pts
bugs		:
bogomips	: 4988.99
clflush size	: 64
cache_alignment	: 64
address sizes	: 36 bits physical, 48 bits virtual
power management:

processor	: 3
vendor_id	: GenuineIntel
cpu family	: 6
model		: 42
model name	: Intel(R) Core(TM) i5-2400S CPU @ 2.50GHz
stepping	: 7
microcode	: 0x1a
cpu MHz		: 2617.950
cache size	: 6144 KB
physical id	: 0
siblings	: 4
core id		: 3
cpu cores	: 4
apicid		: 6
initial apicid	: 6
fpu		: yes
fpu_exception	: yes
cpuid level	: 13
wp		: yes
flags		: fpu vme de pse tsc msr pae mce cx8 apic sep mtrr pge mca cmov pat pse36 clflush dts acpi mmx fxsr sse sse2 ss ht tm pbe syscall nx rdtscp lm constant_tsc arch_perfmon pebs bts rep_good nopl xtopology nonstop_tsc aperfmperf pni pclmulqdq dtes64 monitor ds_cpl vmx smx est tm2 ssse3 cx16 xtpr pdcm pcid sse4_1 sse4_2 x2apic popcnt tsc_deadline_timer aes xsave avx lahf_lm tpr_shadow vnmi flexpriority ept vpid xsaveopt dtherm ida arat pln pts
bugs		:
bogomips	: 4988.99
clflush size	: 64
cache_alignment	: 64
address sizes	: 36 bits physical, 48 bits virtual
power management:



Memory: 4k page, physical 4021440k(135176k free), swap 4173308k(4171720k free)

vm_info: OpenJDK 64-Bit Server VM (25.131-b11) for linux-amd64 JRE (1.8.0_131-8u131-b11-2ubuntu1.16.04.3-b11), built on Jul 28 2017 01:23:32 by "buildd" with gcc 5.4.0 20160609

time: Wed Oct 11 14:56:01 2017
elapsed time: 0 seconds (0d 0h 0m 0s)

