#
# A fatal error has been detected by the Java Runtime Environment:
#
#  SIGSEGV (0xb) at pc=0x00007f4fe8705e57, pid=11010, tid=0x00007f5004f34700
#
# JRE version: OpenJDK Runtime Environment (8.0_131-b11) (build 1.8.0_131-8u131-b11-2ubuntu1.16.04.3-b11)
# Java VM: OpenJDK 64-Bit Server VM (25.131-b11 mixed mode linux-amd64 compressed oops)
# Problematic frame:
# C  [liblwjgl_opengl.so+0x45e57]  Java_org_lwjgl_opengl_GL20_glCreateProgram+0x7
#
# Failed to write core dump. Core dumps have been disabled. To enable core dumping, try "ulimit -c unlimited" before starting Java again
#
# If you would like to submit a bug report, please visit:
#   http://bugreport.java.com/bugreport/crash.jsp
# The crash happened outside the Java Virtual Machine in native code.
# See problematic frame for where to report the bug.
#

---------------  T H R E A D  ---------------

Current thread (0x00007f4ffc00b000):  JavaThread "main" [_thread_in_native, id=11015, stack(0x00007f5004e34000,0x00007f5004f35000)]

siginfo: si_signo: 11 (SIGSEGV), si_code: 1 (SEGV_MAPERR), si_addr: 0x0000000000000878

Registers:
RAX=0x0000000000000000, RBX=0x00007f50007d4058, RCX=0x0000000000000003, RDX=0x00007f50041025d8
RSP=0x00007f5004f33868, RBP=0x00007f5004f338b8, RSI=0x00007f5004f338c8, RDI=0x00007f4ffc00b1e0
R8 =0x00007f50007d4058, R9 =0x0000000000000004, R10=0x00007f4fed017748, R11=0x00007f5003b41520
R12=0x0000000000000000, R13=0x00007f50007d4050, R14=0x00007f5004f338d0, R15=0x00007f4ffc00b000
RIP=0x00007f4fe8705e57, EFLAGS=0x0000000000010287, CSGSFS=0x002b000000000033, ERR=0x0000000000000004
  TRAPNO=0x000000000000000e

Top of Stack: (sp=0x00007f5004f33868)
0x00007f5004f33868:   00007f4fed017774 00007f4fed0174c2
0x00007f5004f33878:   00007f5004f33878 00007f50007d4050
0x00007f5004f33888:   00007f5004f338d0 00007f50007e7110
0x00007f5004f33898:   0000000000000000 00007f50007d4058
0x00007f5004f338a8:   0000000000000000 00007f5004f338d8
0x00007f5004f338b8:   00007f5004f33920 00007f4fed007a40
0x00007f5004f338c8:   00000000eba72110 00007f4fed011276
0x00007f5004f338d8:   00000000eba48a08 00007f5004f338e0
0x00007f5004f338e8:   00007f50007cff35 00007f5004f33930
0x00007f5004f338f8:   00007f50007d0620 0000000000000000
0x00007f5004f33908:   00007f50007cff50 00007f5004f338d8
0x00007f5004f33918:   00007f5004f33930 00007f5004f33988
0x00007f5004f33928:   00007f4fed007ffd 00000000eba48a08
0x00007f5004f33938:   00000000eba48a08 00000000eba3f8c8
0x00007f5004f33948:   00007f5004f33948 00007f50007ce9b8
0x00007f5004f33958:   00007f5004f339b8 00007f50007cec88
0x00007f5004f33968:   0000000000000000 00007f50007ceac0
0x00007f5004f33978:   00007f5004f33930 00007f5004f339b8
0x00007f5004f33988:   00007f5004f33a00 00007f4fed007ffd
0x00007f5004f33998:   0000000000000000 0000000000000000
0x00007f5004f339a8:   0000000000000000 0000000000000000
0x00007f5004f339b8:   00000000eba3f8c8 00007f5004f339c0
0x00007f5004f339c8:   00007f50007ce311 00007f5004f33a18
0x00007f5004f339d8:   00007f50007ce390 0000000000000000
0x00007f5004f339e8:   00007f50007ce338 00007f5004f339b8
0x00007f5004f339f8:   00007f5004f33a18 00007f5004f33a80
0x00007f5004f33a08:   00007f4fed0004e7 00000000eba3f8c8
0x00007f5004f33a18:   00000000eba3bde8 0000000000001fa0
0x00007f5004f33a28:   00007f50007ce338 00007f5004f33c70
0x00007f5004f33a38:   00007f5004f33b20 00007f4ffc00b000
0x00007f5004f33a48:   00007f4ffc00b000 00007f5004f33b20
0x00007f5004f33a58:   00007f5004f33d38 00007f500000000a 

Instructions: (pc=0x00007f4fe8705e57)
0x00007f4fe8705e37:   40 18 48 8b 80 b0 09 00 00 ff e0 66 66 66 66 66
0x00007f4fe8705e47:   2e 0f 1f 84 00 00 00 00 00 48 8b 07 48 8b 40 18
0x00007f4fe8705e57:   ff a0 78 08 00 00 0f 1f 00 48 8b 07 41 89 d1 89
0x00007f4fe8705e67:   ce 4c 89 c2 44 89 cf 48 8b 40 18 48 8b 80 b8 15 

Register to memory mapping:

RAX=0x0000000000000000 is an unknown value
RBX={method} {0x00007f50007d4058} 'glCreateProgram' '()I' in 'org/lwjgl/opengl/GL20'
RCX=0x0000000000000003 is an unknown value
RDX=0x00007f50041025d8: <offset 0xf1f5d8> in /usr/lib/jvm/java-8-openjdk-amd64/jre/lib/amd64/server/libjvm.so at 0x00007f50031e3000
RSP=0x00007f5004f33868 is pointing into the stack for thread: 0x00007f4ffc00b000
RBP=0x00007f5004f338b8 is pointing into the stack for thread: 0x00007f4ffc00b000
RSI=0x00007f5004f338c8 is pointing into the stack for thread: 0x00007f4ffc00b000
RDI=0x00007f4ffc00b1e0 is an unknown value
R8 ={method} {0x00007f50007d4058} 'glCreateProgram' '()I' in 'org/lwjgl/opengl/GL20'
R9 =0x0000000000000004 is an unknown value
R10=0x00007f4fed017748 is at code_begin+808 in an Interpreter codelet
method entry point (kind = native)  [0x00007f4fed017420, 0x00007f4fed017d20]  2304 bytes
R11=0x00007f5003b41520: <offset 0x95e520> in /usr/lib/jvm/java-8-openjdk-amd64/jre/lib/amd64/server/libjvm.so at 0x00007f50031e3000
R12=0x0000000000000000 is an unknown value
R13=0x00007f50007d4050 is pointing into metadata
R14=0x00007f5004f338d0 is pointing into the stack for thread: 0x00007f4ffc00b000
R15=0x00007f4ffc00b000 is a thread


Stack: [0x00007f5004e34000,0x00007f5004f35000],  sp=0x00007f5004f33868,  free space=1022k
Native frames: (J=compiled Java code, j=interpreted, Vv=VM code, C=native code)
C  [liblwjgl_opengl.so+0x45e57]  Java_org_lwjgl_opengl_GL20_glCreateProgram+0x7
j  ShaderProgram.<init>()V+5
j  Game.start()V+16
j  Main.main([Ljava/lang/String;)V+17
v  ~StubRoutines::call_stub
V  [libjvm.so+0x66415b]
V  [libjvm.so+0x685e9e]
V  [libjvm.so+0x6887cf]
C  [libjli.so+0x3552]
C  [libjli.so+0x73dd]
C  [libpthread.so.0+0x76ba]  start_thread+0xca

Java frames: (J=compiled Java code, j=interpreted, Vv=VM code)
j  org.lwjgl.opengl.GL20.glCreateProgram()I+0
j  ShaderProgram.<init>()V+5
j  Game.start()V+16
j  Main.main([Ljava/lang/String;)V+17
v  ~StubRoutines::call_stub

---------------  P R O C E S S  ---------------

Java Threads: ( => current thread )
  0x00007f4ffc0bb800 JavaThread "Service Thread" daemon [_thread_blocked, id=11027, stack(0x00007f4fe9159000,0x00007f4fe925a000)]
  0x00007f4ffc0b3800 JavaThread "C1 CompilerThread2" daemon [_thread_blocked, id=11026, stack(0x00007f4fe925a000,0x00007f4fe935b000)]
  0x00007f4ffc0b2000 JavaThread "C2 CompilerThread1" daemon [_thread_blocked, id=11025, stack(0x00007f4fe935b000,0x00007f4fe945c000)]
  0x00007f4ffc0af000 JavaThread "C2 CompilerThread0" daemon [_thread_blocked, id=11024, stack(0x00007f4fe945c000,0x00007f4fe955d000)]
  0x00007f4ffc0ad000 JavaThread "Signal Dispatcher" daemon [_thread_blocked, id=11023, stack(0x00007f4fe955d000,0x00007f4fe965e000)]
  0x00007f4ffc084800 JavaThread "Finalizer" daemon [_thread_blocked, id=11022, stack(0x00007f4fea01e000,0x00007f4fea11f000)]
  0x00007f4ffc080000 JavaThread "Reference Handler" daemon [_thread_blocked, id=11021, stack(0x00007f4fea11f000,0x00007f4fea220000)]
=>0x00007f4ffc00b000 JavaThread "main" [_thread_in_native, id=11015, stack(0x00007f5004e34000,0x00007f5004f35000)]

Other Threads:
  0x00007f4ffc078000 VMThread [stack: 0x00007f4fea220000,0x00007f4fea321000] [id=11020]
  0x00007f4ffc0be000 WatcherThread [stack: 0x00007f4fe9058000,0x00007f4fe9159000] [id=11028]

VM state:not at safepoint (normal execution)

VM Mutex/Monitor currently owned by a thread: None

Heap:
 PSYoungGen      total 18432K, used 4783K [0x00000000eb900000, 0x00000000ecd80000, 0x0000000100000000)
  eden space 15872K, 30% used [0x00000000eb900000,0x00000000ebdabef0,0x00000000ec880000)
  from space 2560K, 0% used [0x00000000ecb00000,0x00000000ecb00000,0x00000000ecd80000)
  to   space 2560K, 0% used [0x00000000ec880000,0x00000000ec880000,0x00000000ecb00000)
 ParOldGen       total 42496K, used 0K [0x00000000c2a00000, 0x00000000c5380000, 0x00000000eb900000)
  object space 42496K, 0% used [0x00000000c2a00000,0x00000000c2a00000,0x00000000c5380000)
 Metaspace       used 5026K, capacity 5334K, committed 5632K, reserved 1056768K
  class space    used 550K, capacity 641K, committed 768K, reserved 1048576K

Card table byte_map: [0x00007f5001305000,0x00007f50014f1000] byte_map_base: 0x00007f5000cf0000

Marking Bits: (ParMarkBitMap*) 0x00007f50041062c0
 Begin Bits: [0x00007f4feb150000, 0x00007f4fec0a8000)
 End Bits:   [0x00007f4fec0a8000, 0x00007f4fed000000)

Polling page: 0x00007f5004f59000

CodeCache: size=245760Kb used=1811Kb max_used=1811Kb free=243948Kb
 bounds [0x00007f4fed000000, 0x00007f4fed270000, 0x00007f4ffc000000]
 total_blobs=678 nmethods=364 adapters=229
 compilation: enabled

Compilation events (10 events):
Event: 0,211 Thread 0x00007f4ffc0b3800  360       3       java.util.Arrays::copyOf (19 bytes)
Event: 0,212 Thread 0x00007f4ffc0b3800 nmethod 360 0x00007f4fed1c3c90 code [0x00007f4fed1c3e20, 0x00007f4fed1c4148]
Event: 0,212 Thread 0x00007f4ffc0b3800  361       1       java.util.zip.ZipCoder::isUTF8 (5 bytes)
Event: 0,212 Thread 0x00007f4ffc0b3800 nmethod 361 0x00007f4fed1c4250 code [0x00007f4fed1c43a0, 0x00007f4fed1c44b0]
Event: 0,214 Thread 0x00007f4ffc0b3800  362       1       sun.misc.URLClassPath$JarLoader::access$700 (5 bytes)
Event: 0,214 Thread 0x00007f4ffc0b3800 nmethod 362 0x00007f4fed1c4510 code [0x00007f4fed1c4660, 0x00007f4fed1c4750]
Event: 0,219 Thread 0x00007f4ffc0b3800  363       3       java.lang.Character::toUpperCase (6 bytes)
Event: 0,219 Thread 0x00007f4ffc0b3800 nmethod 363 0x00007f4fed1c49d0 code [0x00007f4fed1c4b60, 0x00007f4fed1c4df8]
Event: 0,219 Thread 0x00007f4ffc0b3800  364       3       java.lang.Character::toUpperCase (9 bytes)
Event: 0,219 Thread 0x00007f4ffc0b3800 nmethod 364 0x00007f4fed1c4f10 code [0x00007f4fed1c5080, 0x00007f4fed1c52b8]

GC Heap History (0 events):
No events

Deoptimization events (0 events):
No events

Internal exceptions (10 events):
Event: 0,133 Thread 0x00007f4ffc00b000 Exception <a 'java/lang/NoSuchFieldError': method resolution failed> (0x00000000ebb8f070) thrown at [/build/openjdk-8-pZyJp3/openjdk-8-8u131-b11/src/hotspot/src/share/vm/prims/methodHandles.cpp, line 1146]
Event: 0,137 Thread 0x00007f4ffc00b000 Exception <a 'java/lang/NoSuchFieldError': method resolution failed> (0x00000000ebb9c4a0) thrown at [/build/openjdk-8-pZyJp3/openjdk-8-8u131-b11/src/hotspot/src/share/vm/prims/methodHandles.cpp, line 1146]
Event: 0,176 Thread 0x00007f4ffc00b000 Exception <a 'java/lang/NoSuchMethodError': java.lang.Object.lambda$static$0(Ljava/lang/String;)Ljava/lang/Boolean;> (0x00000000ebca6898) thrown at [/build/openjdk-8-pZyJp3/openjdk-8-8u131-b11/src/hotspot/src/share/vm/interpreter/linkResolver.cpp, line 58
Event: 0,185 Thread 0x00007f4ffc00b000 Exception <a 'java/security/PrivilegedActionException'> (0x00000000ebcd5428) thrown at [/build/openjdk-8-pZyJp3/openjdk-8-8u131-b11/src/hotspot/src/share/vm/prims/jvm.cpp, line 1390]
Event: 0,185 Thread 0x00007f4ffc00b000 Exception <a 'java/security/PrivilegedActionException'> (0x00000000ebcd5638) thrown at [/build/openjdk-8-pZyJp3/openjdk-8-8u131-b11/src/hotspot/src/share/vm/prims/jvm.cpp, line 1390]
Event: 0,185 Thread 0x00007f4ffc00b000 Exception <a 'java/security/PrivilegedActionException'> (0x00000000ebcd76c0) thrown at [/build/openjdk-8-pZyJp3/openjdk-8-8u131-b11/src/hotspot/src/share/vm/prims/jvm.cpp, line 1390]
Event: 0,185 Thread 0x00007f4ffc00b000 Exception <a 'java/security/PrivilegedActionException'> (0x00000000ebcd78d0) thrown at [/build/openjdk-8-pZyJp3/openjdk-8-8u131-b11/src/hotspot/src/share/vm/prims/jvm.cpp, line 1390]
Event: 0,185 Thread 0x00007f4ffc00b000 Exception <a 'java/security/PrivilegedActionException'> (0x00000000ebcd83a8) thrown at [/build/openjdk-8-pZyJp3/openjdk-8-8u131-b11/src/hotspot/src/share/vm/prims/jvm.cpp, line 1390]
Event: 0,186 Thread 0x00007f4ffc00b000 Exception <a 'java/security/PrivilegedActionException'> (0x00000000ebcd85b8) thrown at [/build/openjdk-8-pZyJp3/openjdk-8-8u131-b11/src/hotspot/src/share/vm/prims/jvm.cpp, line 1390]
Event: 0,207 Thread 0x00007f4ffc00b000 Exception <a 'sun/nio/fs/UnixException'> (0x00000000ebd264d8) thrown at [/build/openjdk-8-pZyJp3/openjdk-8-8u131-b11/src/hotspot/src/share/vm/prims/jni.cpp, line 709]

Events (10 events):
Event: 0,216 loading class org/lwjgl/system/jni/JNINativeInterface
Event: 0,216 loading class org/lwjgl/system/jni/JNINativeInterface done
Event: 0,217 loading class org/lwjgl/system/linux/DynamicLinkLoader
Event: 0,217 loading class org/lwjgl/system/linux/DynamicLinkLoader done
Event: 0,219 loading class org/lwjgl/opengl/GL$2
Event: 0,219 loading class org/lwjgl/opengl/GL$2 done
Event: 0,219 loading class org/lwjgl/opengl/GL$SharedLibraryGL
Event: 0,219 loading class org/lwjgl/opengl/GL$SharedLibraryGL done
Event: 0,219 loading class org/lwjgl/system/SharedLibrary$Delegate
Event: 0,219 loading class org/lwjgl/system/SharedLibrary$Delegate done


Dynamic libraries:
00400000-00401000 r-xp 00000000 fd:01 20187746                           /usr/lib/jvm/java-8-openjdk-amd64/jre/bin/java
00600000-00601000 r--p 00000000 fd:01 20187746                           /usr/lib/jvm/java-8-openjdk-amd64/jre/bin/java
00601000-00602000 rw-p 00001000 fd:01 20187746                           /usr/lib/jvm/java-8-openjdk-amd64/jre/bin/java
00b64000-00b85000 rw-p 00000000 00:00 0                                  [heap]
c2a00000-c5380000 rw-p 00000000 00:00 0 
c5380000-eb900000 ---p 00000000 00:00 0 
eb900000-ecd80000 rw-p 00000000 00:00 0 
ecd80000-100000000 ---p 00000000 00:00 0 
100000000-1000c0000 rw-p 00000000 00:00 0 
1000c0000-140000000 ---p 00000000 00:00 0 
7f4fac000000-7f4fac021000 rw-p 00000000 00:00 0 
7f4fac021000-7f4fb0000000 ---p 00000000 00:00 0 
7f4fb0000000-7f4fb0021000 rw-p 00000000 00:00 0 
7f4fb0021000-7f4fb4000000 ---p 00000000 00:00 0 
7f4fb4000000-7f4fb4025000 rw-p 00000000 00:00 0 
7f4fb4025000-7f4fb8000000 ---p 00000000 00:00 0 
7f4fb8000000-7f4fb81e0000 rw-p 00000000 00:00 0 
7f4fb81e0000-7f4fbc000000 ---p 00000000 00:00 0 
7f4fbc000000-7f4fbc021000 rw-p 00000000 00:00 0 
7f4fbc021000-7f4fc0000000 ---p 00000000 00:00 0 
7f4fc0000000-7f4fc015b000 rw-p 00000000 00:00 0 
7f4fc015b000-7f4fc4000000 ---p 00000000 00:00 0 
7f4fc4000000-7f4fc4021000 rw-p 00000000 00:00 0 
7f4fc4021000-7f4fc8000000 ---p 00000000 00:00 0 
7f4fc8000000-7f4fc8021000 rw-p 00000000 00:00 0 
7f4fc8021000-7f4fcc000000 ---p 00000000 00:00 0 
7f4fcc000000-7f4fcc021000 rw-p 00000000 00:00 0 
7f4fcc021000-7f4fd0000000 ---p 00000000 00:00 0 
7f4fd0000000-7f4fd0021000 rw-p 00000000 00:00 0 
7f4fd0021000-7f4fd4000000 ---p 00000000 00:00 0 
7f4fd4000000-7f4fd4021000 rw-p 00000000 00:00 0 
7f4fd4021000-7f4fd8000000 ---p 00000000 00:00 0 
7f4fdac63000-7f4fdac68000 r-xp 00000000 fd:01 20061955                   /usr/lib/x86_64-linux-gnu/libXdmcp.so.6.0.0
7f4fdac68000-7f4fdae67000 ---p 00005000 fd:01 20061955                   /usr/lib/x86_64-linux-gnu/libXdmcp.so.6.0.0
7f4fdae67000-7f4fdae68000 r--p 00004000 fd:01 20061955                   /usr/lib/x86_64-linux-gnu/libXdmcp.so.6.0.0
7f4fdae68000-7f4fdae69000 rw-p 00005000 fd:01 20061955                   /usr/lib/x86_64-linux-gnu/libXdmcp.so.6.0.0
7f4fdae69000-7f4fdae6b000 r-xp 00000000 fd:01 20061944                   /usr/lib/x86_64-linux-gnu/libXau.so.6.0.0
7f4fdae6b000-7f4fdb06b000 ---p 00002000 fd:01 20061944                   /usr/lib/x86_64-linux-gnu/libXau.so.6.0.0
7f4fdb06b000-7f4fdb06c000 r--p 00002000 fd:01 20061944                   /usr/lib/x86_64-linux-gnu/libXau.so.6.0.0
7f4fdb06c000-7f4fdb06d000 rw-p 00003000 fd:01 20061944                   /usr/lib/x86_64-linux-gnu/libXau.so.6.0.0
7f4fdb06d000-7f4fdb07d000 r-xp 00000000 fd:01 20062256                   /usr/lib/x86_64-linux-gnu/libdrm.so.2.4.0
7f4fdb07d000-7f4fdb27c000 ---p 00010000 fd:01 20062256                   /usr/lib/x86_64-linux-gnu/libdrm.so.2.4.0
7f4fdb27c000-7f4fdb27d000 r--p 0000f000 fd:01 20062256                   /usr/lib/x86_64-linux-gnu/libdrm.so.2.4.0
7f4fdb27d000-7f4fdb27e000 rw-p 00010000 fd:01 20062256                   /usr/lib/x86_64-linux-gnu/libdrm.so.2.4.0
7f4fdb27e000-7f4fdb283000 r-xp 00000000 fd:01 20061995                   /usr/lib/x86_64-linux-gnu/libXxf86vm.so.1.0.0
7f4fdb283000-7f4fdb482000 ---p 00005000 fd:01 20061995                   /usr/lib/x86_64-linux-gnu/libXxf86vm.so.1.0.0
7f4fdb482000-7f4fdb483000 r--p 00004000 fd:01 20061995                   /usr/lib/x86_64-linux-gnu/libXxf86vm.so.1.0.0
7f4fdb483000-7f4fdb484000 rw-p 00005000 fd:01 20061995                   /usr/lib/x86_64-linux-gnu/libXxf86vm.so.1.0.0
7f4fdb484000-7f4fdb4a5000 r-xp 00000000 fd:01 20063362                   /usr/lib/x86_64-linux-gnu/libxcb.so.1.1.0
7f4fdb4a5000-7f4fdb6a4000 ---p 00021000 fd:01 20063362                   /usr/lib/x86_64-linux-gnu/libxcb.so.1.1.0
7f4fdb6a4000-7f4fdb6a5000 r--p 00020000 fd:01 20063362                   /usr/lib/x86_64-linux-gnu/libxcb.so.1.1.0
7f4fdb6a5000-7f4fdb6a6000 rw-p 00021000 fd:01 20063362                   /usr/lib/x86_64-linux-gnu/libxcb.so.1.1.0
7f4fdb6a6000-7f4fdb6aa000 r-xp 00000000 fd:01 20063330                   /usr/lib/x86_64-linux-gnu/libxcb-dri2.so.0.0.0
7f4fdb6aa000-7f4fdb8a9000 ---p 00004000 fd:01 20063330                   /usr/lib/x86_64-linux-gnu/libxcb-dri2.so.0.0.0
7f4fdb8a9000-7f4fdb8aa000 r--p 00003000 fd:01 20063330                   /usr/lib/x86_64-linux-gnu/libxcb-dri2.so.0.0.0
7f4fdb8aa000-7f4fdb8ab000 rw-p 00004000 fd:01 20063330                   /usr/lib/x86_64-linux-gnu/libxcb-dri2.so.0.0.0
7f4fdb8ab000-7f4fdb8c2000 r-xp 00000000 fd:01 20063334                   /usr/lib/x86_64-linux-gnu/libxcb-glx.so.0.0.0
7f4fdb8c2000-7f4fdbac1000 ---p 00017000 fd:01 20063334                   /usr/lib/x86_64-linux-gnu/libxcb-glx.so.0.0.0
7f4fdbac1000-7f4fdbac3000 r--p 00016000 fd:01 20063334                   /usr/lib/x86_64-linux-gnu/libxcb-glx.so.0.0.0
7f4fdbac3000-7f4fdbac4000 rw-p 00018000 fd:01 20063334                   /usr/lib/x86_64-linux-gnu/libxcb-glx.so.0.0.0
7f4fdbac4000-7f4fdbbf9000 r-xp 00000000 fd:01 20061940                   /usr/lib/x86_64-linux-gnu/libX11.so.6.3.0
7f4fdbbf9000-7f4fdbdf9000 ---p 00135000 fd:01 20061940                   /usr/lib/x86_64-linux-gnu/libX11.so.6.3.0
7f4fdbdf9000-7f4fdbdfa000 r--p 00135000 fd:01 20061940                   /usr/lib/x86_64-linux-gnu/libX11.so.6.3.0
7f4fdbdfa000-7f4fdbdfe000 rw-p 00136000 fd:01 20061940                   /usr/lib/x86_64-linux-gnu/libX11.so.6.3.0
7f4fdbdfe000-7f4fdbdff000 r-xp 00000000 fd:01 20061938                   /usr/lib/x86_64-linux-gnu/libX11-xcb.so.1.0.0
7f4fdbdff000-7f4fdbffe000 ---p 00001000 fd:01 20061938                   /usr/lib/x86_64-linux-gnu/libX11-xcb.so.1.0.0
7f4fdbffe000-7f4fdbfff000 r--p 00000000 fd:01 20061938                   /usr/lib/x86_64-linux-gnu/libX11-xcb.so.1.0.0
7f4fdbfff000-7f4fdc000000 rw-p 00001000 fd:01 20061938                   /usr/lib/x86_64-linux-gnu/libX11-xcb.so.1.0.0
7f4fdc000000-7f4fdc021000 rw-p 00000000 00:00 0 
7f4fdc021000-7f4fe0000000 ---p 00000000 00:00 0 
7f4fe01a8000-7f4fe01ad000 r-xp 00000000 fd:01 20061959                   /usr/lib/x86_64-linux-gnu/libXfixes.so.3.1.0
7f4fe01ad000-7f4fe03ac000 ---p 00005000 fd:01 20061959                   /usr/lib/x86_64-linux-gnu/libXfixes.so.3.1.0
7f4fe03ac000-7f4fe03ad000 r--p 00004000 fd:01 20061959                   /usr/lib/x86_64-linux-gnu/libXfixes.so.3.1.0
7f4fe03ad000-7f4fe03ae000 rw-p 00005000 fd:01 20061959                   /usr/lib/x86_64-linux-gnu/libXfixes.so.3.1.0
7f4fe03ae000-7f4fe03b0000 r-xp 00000000 fd:01 20061953                   /usr/lib/x86_64-linux-gnu/libXdamage.so.1.1.0
7f4fe03b0000-7f4fe05af000 ---p 00002000 fd:01 20061953                   /usr/lib/x86_64-linux-gnu/libXdamage.so.1.1.0
7f4fe05af000-7f4fe05b0000 r--p 00001000 fd:01 20061953                   /usr/lib/x86_64-linux-gnu/libXdamage.so.1.1.0
7f4fe05b0000-7f4fe05b1000 rw-p 00002000 fd:01 20061953                   /usr/lib/x86_64-linux-gnu/libXdamage.so.1.1.0
7f4fe05b1000-7f4fe05c2000 r-xp 00000000 fd:01 20061957                   /usr/lib/x86_64-linux-gnu/libXext.so.6.4.0
7f4fe05c2000-7f4fe07c1000 ---p 00011000 fd:01 20061957                   /usr/lib/x86_64-linux-gnu/libXext.so.6.4.0
7f4fe07c1000-7f4fe07c2000 r--p 00010000 fd:01 20061957                   /usr/lib/x86_64-linux-gnu/libXext.so.6.4.0
7f4fe07c2000-7f4fe07c3000 rw-p 00011000 fd:01 20061957                   /usr/lib/x86_64-linux-gnu/libXext.so.6.4.0
7f4fe07c3000-7f4fe07ed000 r-xp 00000000 fd:01 20062457                   /usr/lib/x86_64-linux-gnu/libglapi.so.0.0.0
7f4fe07ed000-7f4fe09ec000 ---p 0002a000 fd:01 20062457                   /usr/lib/x86_64-linux-gnu/libglapi.so.0.0.0
7f4fe09ec000-7f4fe09f0000 r--p 00029000 fd:01 20062457                   /usr/lib/x86_64-linux-gnu/libglapi.so.0.0.0
7f4fe09f0000-7f4fe09f1000 rw-p 0002d000 fd:01 20062457                   /usr/lib/x86_64-linux-gnu/libglapi.so.0.0.0
7f4fe09f1000-7f4fe09f2000 rw-p 00000000 00:00 0 
7f4fe09f2000-7f4fe09f3000 r-xp 00000000 fd:01 20063374                   /usr/lib/x86_64-linux-gnu/libxshmfence.so.1.0.0
7f4fe09f3000-7f4fe0bf3000 ---p 00001000 fd:01 20063374                   /usr/lib/x86_64-linux-gnu/libxshmfence.so.1.0.0
7f4fe0bf3000-7f4fe0bf4000 r--p 00001000 fd:01 20063374                   /usr/lib/x86_64-linux-gnu/libxshmfence.so.1.0.0
7f4fe0bf4000-7f4fe0bf5000 rw-p 00002000 fd:01 20063374                   /usr/lib/x86_64-linux-gnu/libxshmfence.so.1.0.0
7f4fe0bf5000-7f4fe0bfa000 r-xp 00000000 fd:01 20063354                   /usr/lib/x86_64-linux-gnu/libxcb-sync.so.1.0.0
7f4fe0bfa000-7f4fe0dfa000 ---p 00005000 fd:01 20063354                   /usr/lib/x86_64-linux-gnu/libxcb-sync.so.1.0.0
7f4fe0dfa000-7f4fe0dfb000 r--p 00005000 fd:01 20063354                   /usr/lib/x86_64-linux-gnu/libxcb-sync.so.1.0.0
7f4fe0dfb000-7f4fe0dfc000 rw-p 00006000 fd:01 20063354                   /usr/lib/x86_64-linux-gnu/libxcb-sync.so.1.0.0
7f4fe0dfc000-7f4fe0dfe000 r-xp 00000000 fd:01 20063342                   /usr/lib/x86_64-linux-gnu/libxcb-present.so.0.0.0
7f4fe0dfe000-7f4fe0ffd000 ---p 00002000 fd:01 20063342                   /usr/lib/x86_64-linux-gnu/libxcb-present.so.0.0.0
7f4fe0ffd000-7f4fe0ffe000 r--p 00001000 fd:01 20063342                   /usr/lib/x86_64-linux-gnu/libxcb-present.so.0.0.0
7f4fe0ffe000-7f4fe0fff000 rw-p 00002000 fd:01 20063342                   /usr/lib/x86_64-linux-gnu/libxcb-present.so.0.0.0
7f4fe0fff000-7f4fe4000000 rw-p 00000000 00:00 0 
7f4fe4000000-7f4fe4021000 rw-p 00000000 00:00 0 
7f4fe4021000-7f4fe8000000 ---p 00000000 00:00 0 
7f4fe8002000-7f4fe8004000 r-xp 00000000 fd:01 20063332                   /usr/lib/x86_64-linux-gnu/libxcb-dri3.so.0.0.0
7f4fe8004000-7f4fe8203000 ---p 00002000 fd:01 20063332                   /usr/lib/x86_64-linux-gnu/libxcb-dri3.so.0.0.0
7f4fe8203000-7f4fe8204000 r--p 00001000 fd:01 20063332                   /usr/lib/x86_64-linux-gnu/libxcb-dri3.so.0.0.0
7f4fe8204000-7f4fe8205000 rw-p 00002000 fd:01 20063332                   /usr/lib/x86_64-linux-gnu/libxcb-dri3.so.0.0.0
7f4fe8205000-7f4fe822b000 r-xp 00000000 fd:01 14946789                   /lib/x86_64-linux-gnu/libexpat.so.1.6.0
7f4fe822b000-7f4fe842b000 ---p 00026000 fd:01 14946789                   /lib/x86_64-linux-gnu/libexpat.so.1.6.0
7f4fe842b000-7f4fe842d000 r--p 00026000 fd:01 14946789                   /lib/x86_64-linux-gnu/libexpat.so.1.6.0
7f4fe842d000-7f4fe842e000 rw-p 00028000 fd:01 14946789                   /lib/x86_64-linux-gnu/libexpat.so.1.6.0
7f4fe842e000-7f4fe849c000 r-xp 00000000 fd:01 20319117                   /usr/lib/x86_64-linux-gnu/mesa/libGL.so.1.2.0
7f4fe849c000-7f4fe869b000 ---p 0006e000 fd:01 20319117                   /usr/lib/x86_64-linux-gnu/mesa/libGL.so.1.2.0
7f4fe869b000-7f4fe869e000 r--p 0006d000 fd:01 20319117                   /usr/lib/x86_64-linux-gnu/mesa/libGL.so.1.2.0
7f4fe869e000-7f4fe869f000 rw-p 00070000 fd:01 20319117                   /usr/lib/x86_64-linux-gnu/mesa/libGL.so.1.2.0
7f4fe869f000-7f4fe86a0000 rw-p 00000000 00:00 0 
7f4fe86c0000-7f4fe872b000 r-xp 00000000 fd:01 7602205                    /tmp/lwjglroot/3.1.3-SNAPSHOT/liblwjgl_opengl.so
7f4fe872b000-7f4fe892a000 ---p 0006b000 fd:01 7602205                    /tmp/lwjglroot/3.1.3-SNAPSHOT/liblwjgl_opengl.so
7f4fe892a000-7f4fe892b000 r--p 0006a000 fd:01 7602205                    /tmp/lwjglroot/3.1.3-SNAPSHOT/liblwjgl_opengl.so
7f4fe892b000-7f4fe892c000 rw-p 0006b000 fd:01 7602205                    /tmp/lwjglroot/3.1.3-SNAPSHOT/liblwjgl_opengl.so
7f4fe892c000-7f4fe897d000 r-xp 00000000 fd:01 7602203                    /tmp/lwjglroot/3.1.3-SNAPSHOT/liblwjgl.so
7f4fe897d000-7f4fe8b7c000 ---p 00051000 fd:01 7602203                    /tmp/lwjglroot/3.1.3-SNAPSHOT/liblwjgl.so
7f4fe8b7c000-7f4fe8b7d000 r--p 00050000 fd:01 7602203                    /tmp/lwjglroot/3.1.3-SNAPSHOT/liblwjgl.so
7f4fe8b7d000-7f4fe8b7e000 rw-p 00051000 fd:01 7602203                    /tmp/lwjglroot/3.1.3-SNAPSHOT/liblwjgl.so
7f4fe8b7e000-7f4fe8b95000 r-xp 00000000 fd:01 20187689                   /usr/lib/jvm/java-8-openjdk-amd64/jre/lib/amd64/libnet.so
7f4fe8b95000-7f4fe8d94000 ---p 00017000 fd:01 20187689                   /usr/lib/jvm/java-8-openjdk-amd64/jre/lib/amd64/libnet.so
7f4fe8d94000-7f4fe8d95000 r--p 00016000 fd:01 20187689                   /usr/lib/jvm/java-8-openjdk-amd64/jre/lib/amd64/libnet.so
7f4fe8d95000-7f4fe8d96000 rw-p 00017000 fd:01 20187689                   /usr/lib/jvm/java-8-openjdk-amd64/jre/lib/amd64/libnet.so
7f4fe8d96000-7f4fe8da7000 r-xp 00000000 fd:01 20187199                   /usr/lib/jvm/java-8-openjdk-amd64/jre/lib/amd64/libnio.so
7f4fe8da7000-7f4fe8fa7000 ---p 00011000 fd:01 20187199                   /usr/lib/jvm/java-8-openjdk-amd64/jre/lib/amd64/libnio.so
7f4fe8fa7000-7f4fe8fa8000 r--p 00011000 fd:01 20187199                   /usr/lib/jvm/java-8-openjdk-amd64/jre/lib/amd64/libnio.so
7f4fe8fa8000-7f4fe8fa9000 rw-p 00012000 fd:01 20187199                   /usr/lib/jvm/java-8-openjdk-amd64/jre/lib/amd64/libnio.so
7f4fe8fa9000-7f4fe8fbc000 r--s 00346000 fd:01 20187705                   /usr/lib/jvm/java-8-openjdk-amd64/jre/lib/resources.jar
7f4fe8fbc000-7f4fe8fce000 r--s 00139000 00:2d 24906636                   /home/daan/lwjgl3/lwjgl-vulkan.jar
7f4fe8fce000-7f4fe8fcf000 r--s 00030000 00:2d 24906645                   /home/daan/lwjgl3/lwjgl-tinyfd-natives-windows.jar
7f4fe8fcf000-7f4fe8fd0000 r--s 00007000 00:2d 24906627                   /home/daan/lwjgl3/lwjgl-tinyfd-natives-macos.jar
7f4fe8fd0000-7f4fe8fd1000 r--s 00007000 00:2d 24906625                   /home/daan/lwjgl3/lwjgl-tinyfd-natives-linux.jar
7f4fe8fd1000-7f4fe8fd2000 r--s 00001000 00:2d 24906629                   /home/daan/lwjgl3/lwjgl-tinyfd.jar
7f4fe8fd2000-7f4fe8fd3000 r--s 00074000 00:2d 24906642                   /home/daan/lwjgl3/lwjgl-stb-natives-windows.jar
7f4fe8fd3000-7f4fe8fd4000 r--s 0002a000 00:2d 24906643                   /home/daan/lwjgl3/lwjgl-stb-natives-macos.jar
7f4fe8fd4000-7f4fe8fd5000 r--s 00030000 00:2d 24906621                   /home/daan/lwjgl3/lwjgl-stb-natives-linux.jar
7f4fe8fd5000-7f4fe8fd7000 r--s 00015000 00:2d 24906623                   /home/daan/lwjgl3/lwjgl-stb.jar
7f4fe8fd7000-7f4fe8fd8000 r--s 00031000 00:2d 24906633                   /home/daan/lwjgl3/lwjgl-par-natives-windows.jar
7f4fe8fd8000-7f4fe8fd9000 r--s 00004000 00:2d 24906618                   /home/daan/lwjgl3/lwjgl-par-natives-macos.jar
7f4fe8fd9000-7f4fe8fda000 r--s 00005000 00:2d 24905606                   /home/daan/lwjgl3/lwjgl-par-natives-linux.jar
7f4fe8fda000-7f4fe8fdb000 r--s 00002000 00:2d 24906617                   /home/daan/lwjgl3/lwjgl-par.jar
7f4fe8fdb000-7f4fe8fdc000 r--s 0002a000 00:2d 24906632                   /home/daan/lwjgl3/lwjgl-opengl-natives-windows.jar
7f4fe8fdc000-7f4fe8fdd000 r--s 0000b000 00:2d 24905605                   /home/daan/lwjgl3/lwjgl-opengl-natives-macos.jar
7f4fe8fdd000-7f4fe8fde000 r--s 00016000 00:2d 24905578                   /home/daan/lwjgl3/lwjgl-opengl-natives-linux.jar
7f4fe8fde000-7f4fe8fe8000 r--s 000be000 00:2d 24905603                   /home/daan/lwjgl3/lwjgl-opengl.jar
7f4fe8fe8000-7f4fe8fe9000 r--s 00104000 00:2d 24906646                   /home/daan/lwjgl3/lwjgl-openal-natives-windows.jar
7f4fe8fe9000-7f4fe8feb000 r--s 00063000 00:2d 24906626                   /home/daan/lwjgl3/lwjgl-openal-natives-macos.jar
7f4fe8feb000-7f4fe8fec000 r--s 00077000 00:2d 24905570                   /home/daan/lwjgl3/lwjgl-openal-natives-linux.jar
7f4fe8fec000-7f4fe8fee000 r--s 00011000 00:2d 24905573                   /home/daan/lwjgl3/lwjgl-openal.jar
7f4fe8fee000-7f4fe8fef000 r--s 00040000 00:2d 24906630                   /home/daan/lwjgl3/lwjgl-nuklear-natives-windows.jar
7f4fe8fef000-7f4fe8ff0000 r--s 0002d000 00:2d 24906620                   /home/daan/lwjgl3/lwjgl-nuklear-natives-macos.jar
7f4fe8ff0000-7f4fe8ff1000 r--s 00021000 00:2d 24905562                   /home/daan/lwjgl3/lwjgl-nuklear-natives-linux.jar
7f4fe8ff1000-7f4fe8ff7000 r--s 0005a000 00:2d 24905568                   /home/daan/lwjgl3/lwjgl-nuklear.jar
7f4fe8ff7000-7f4fe8ff8000 r--s 0001f000 00:2d 24905565                   /home/daan/lwjgl3/lwjgl-nfd-natives-windows.jar
7f4fe8ff8000-7f4fe8ff9000 r--s 00001000 00:2d 24905555                   /home/daan/lwjgl3/lwjgl-nfd-natives-macos.jar
7f4fe8ff9000-7f4fe8ffa000 r--s 00001000 00:2d 24905554                   /home/daan/lwjgl3/lwjgl-nfd-natives-linux.jar
7f4fe8ffa000-7f4fe8ffb000 r--s 00001000 00:2d 24905557                   /home/daan/lwjgl3/lwjgl-nfd.jar
7f4fe8ffb000-7f4fe8ffd000 r--s 00037000 00:2d 24906647                   /home/daan/lwjgl3/lwjgl-natives-windows.jar
7f4fe8ffd000-7f4fe8ffe000 r--s 00008000 00:2d 24906644                   /home/daan/lwjgl3/lwjgl-natives-macos.jar
7f4fe8ffe000-7f4fe8fff000 r--s 00012000 00:2d 24906639                   /home/daan/lwjgl3/lwjgl-natives-linux.jar
7f4fe8fff000-7f4fe9000000 r--s 0005d000 00:2d 24906597                   /home/daan/lwjgl3/lwjgl-nanovg-natives-windows.jar
7f4fe9000000-7f4fe9001000 r--s 0001d000 00:2d 24905564                   /home/daan/lwjgl3/lwjgl-nanovg-natives-macos.jar
7f4fe9001000-7f4fe9002000 r--s 00021000 00:2d 24905549                   /home/daan/lwjgl3/lwjgl-nanovg-natives-linux.jar
7f4fe9002000-7f4fe9003000 r--s 00009000 00:2d 24905551                   /home/daan/lwjgl3/lwjgl-nanovg.jar
7f4fe9003000-7f4fe9004000 r--s 00030000 00:2d 24905577                   /home/daan/lwjgl3/lwjgl-jemalloc-natives-windows.jar
7f4fe9004000-7f4fe9005000 r--s 00017000 00:2d 24905569                   /home/daan/lwjgl3/lwjgl-jemalloc-natives-macos.jar
7f4fe9005000-7f4fe9006000 r--s 0001f000 00:2d 24905543                   /home/daan/lwjgl3/lwjgl-jemalloc-natives-linux.jar
7f4fe9006000-7f4fe9008000 r--s 00008000 00:2d 24905545                   /home/daan/lwjgl3/lwjgl-jemalloc.jar
7f4fe9008000-7f4fe9009000 r--s 0003c000 00:2d 24905576                   /home/daan/lwjgl3/lwjgl-glfw-natives-windows.jar
7f4fe9009000-7f4fe900d000 r--s 00017000 00:2d 24905540                   /home/daan/lwjgl3/lwjgl-glfw.jar
7f4fe900d000-7f4fe9011000 r--s 00042000 00:2d 24906641                   /home/daan/lwjgl3/lwjgl.jar
7f4fe9011000-7f4fe9016000 r--s 0003b000 fd:01 20186076                   /usr/lib/jvm/java-8-openjdk-amd64/jre/lib/ext/sunjce_provider.jar
7f4fe9016000-7f4fe9020000 r--s 00116000 fd:01 20185952                   /usr/lib/jvm/java-8-openjdk-amd64/jre/lib/ext/localedata.jar
7f4fe9020000-7f4fe9022000 r--s 00001000 fd:01 20186002                   /usr/lib/jvm/java-8-openjdk-amd64/jre/lib/ext/dnsns.jar
7f4fe9022000-7f4fe903d000 r--s 001d6000 fd:01 20185732                   /usr/lib/jvm/java-8-openjdk-amd64/jre/lib/ext/nashorn.jar
7f4fe903d000-7f4fe9058000 r--s 00394000 fd:01 20185556                   /usr/lib/jvm/java-8-openjdk-amd64/jre/lib/ext/cldrdata.jar
7f4fe9058000-7f4fe9059000 ---p 00000000 00:00 0 
7f4fe9059000-7f4fe9159000 rw-p 00000000 00:00 0 
7f4fe9159000-7f4fe915c000 ---p 00000000 00:00 0 
7f4fe915c000-7f4fe925a000 rw-p 00000000 00:00 0 
7f4fe925a000-7f4fe925d000 ---p 00000000 00:00 0 
7f4fe925d000-7f4fe935b000 rw-p 00000000 00:00 0 
7f4fe935b000-7f4fe935e000 ---p 00000000 00:00 0 
7f4fe935e000-7f4fe945c000 rw-p 00000000 00:00 0 
7f4fe945c000-7f4fe945f000 ---p 00000000 00:00 0 
7f4fe945f000-7f4fe955d000 rw-p 00000000 00:00 0 
7f4fe955d000-7f4fe9560000 ---p 00000000 00:00 0 
7f4fe9560000-7f4fe965e000 rw-p 00000000 00:00 0 
7f4fe965e000-7f4fea01e000 r--p 00000000 fd:01 20060977                   /usr/lib/locale/locale-archive
7f4fea01e000-7f4fea021000 ---p 00000000 00:00 0 
7f4fea021000-7f4fea11f000 rw-p 00000000 00:00 0 
7f4fea11f000-7f4fea122000 ---p 00000000 00:00 0 
7f4fea122000-7f4fea220000 rw-p 00000000 00:00 0 
7f4fea220000-7f4fea221000 ---p 00000000 00:00 0 
7f4fea221000-7f4fed000000 rw-p 00000000 00:00 0 
7f4fed000000-7f4fed270000 rwxp 00000000 00:00 0 
7f4fed270000-7f4ffc000000 ---p 00000000 00:00 0 
7f4ffc000000-7f4ffc2eb000 rw-p 00000000 00:00 0 
7f4ffc2eb000-7f5000000000 ---p 00000000 00:00 0 
7f5000000000-7f5000001000 r--s 0000d000 00:2d 24905563                   /home/daan/lwjgl3/lwjgl-glfw-natives-macos.jar
7f5000001000-7f5000005000 r--s 00037000 fd:01 20185991                   /usr/lib/jvm/java-8-openjdk-amd64/jre/lib/ext/sunpkcs11.jar
7f5000005000-7f500018a000 rw-p 00000000 00:00 0 
7f500018a000-7f5000358000 r--s 03c13000 fd:01 20185503                   /usr/lib/jvm/java-8-openjdk-amd64/jre/lib/rt.jar
7f5000358000-7f500088e000 rw-p 00000000 00:00 0 
7f500088e000-7f5000bce000 ---p 00000000 00:00 0 
7f5000bce000-7f5000db9000 rw-p 00000000 00:00 0 
7f5000db9000-7f5000dba000 ---p 00000000 00:00 0 
7f5000dba000-7f5000eba000 rw-p 00000000 00:00 0 
7f5000eba000-7f5000ebb000 ---p 00000000 00:00 0 
7f5000ebb000-7f5000fbb000 rw-p 00000000 00:00 0 
7f5000fbb000-7f5000fbc000 ---p 00000000 00:00 0 
7f5000fbc000-7f50010bc000 rw-p 00000000 00:00 0 
7f50010bc000-7f50010bd000 ---p 00000000 00:00 0 
7f50010bd000-7f50011d2000 rw-p 00000000 00:00 0 
7f50011d2000-7f5001305000 ---p 00000000 00:00 0 
7f5001305000-7f500131a000 rw-p 00000000 00:00 0 
7f500131a000-7f500144c000 ---p 00000000 00:00 0 
7f500144c000-7f5001457000 rw-p 00000000 00:00 0 
7f5001457000-7f50014f0000 ---p 00000000 00:00 0 
7f50014f0000-7f50014fb000 rw-p 00000000 00:00 0 
7f50014fb000-7f50018b1000 ---p 00000000 00:00 0 
7f50018b1000-7f50018b9000 r-xp 00000000 fd:01 20187678                   /usr/lib/jvm/java-8-openjdk-amd64/jre/lib/amd64/libzip.so
7f50018b9000-7f5001ab8000 ---p 00008000 fd:01 20187678                   /usr/lib/jvm/java-8-openjdk-amd64/jre/lib/amd64/libzip.so
7f5001ab8000-7f5001ab9000 r--p 00007000 fd:01 20187678                   /usr/lib/jvm/java-8-openjdk-amd64/jre/lib/amd64/libzip.so
7f5001ab9000-7f5001aba000 rw-p 00008000 fd:01 20187678                   /usr/lib/jvm/java-8-openjdk-amd64/jre/lib/amd64/libzip.so
7f5001aba000-7f5001ac5000 r-xp 00000000 fd:01 14946857                   /lib/x86_64-linux-gnu/libnss_files-2.23.so
7f5001ac5000-7f5001cc4000 ---p 0000b000 fd:01 14946857                   /lib/x86_64-linux-gnu/libnss_files-2.23.so
7f5001cc4000-7f5001cc5000 r--p 0000a000 fd:01 14946857                   /lib/x86_64-linux-gnu/libnss_files-2.23.so
7f5001cc5000-7f5001cc6000 rw-p 0000b000 fd:01 14946857                   /lib/x86_64-linux-gnu/libnss_files-2.23.so
7f5001cc6000-7f5001ccc000 rw-p 00000000 00:00 0 
7f5001ccc000-7f5001cd7000 r-xp 00000000 fd:01 14946867                   /lib/x86_64-linux-gnu/libnss_nis-2.23.so
7f5001cd7000-7f5001ed6000 ---p 0000b000 fd:01 14946867                   /lib/x86_64-linux-gnu/libnss_nis-2.23.so
7f5001ed6000-7f5001ed7000 r--p 0000a000 fd:01 14946867                   /lib/x86_64-linux-gnu/libnss_nis-2.23.so
7f5001ed7000-7f5001ed8000 rw-p 0000b000 fd:01 14946867                   /lib/x86_64-linux-gnu/libnss_nis-2.23.so
7f5001ed8000-7f5001eee000 r-xp 00000000 fd:01 14946851                   /lib/x86_64-linux-gnu/libnsl-2.23.so
7f5001eee000-7f50020ed000 ---p 00016000 fd:01 14946851                   /lib/x86_64-linux-gnu/libnsl-2.23.so
7f50020ed000-7f50020ee000 r--p 00015000 fd:01 14946851                   /lib/x86_64-linux-gnu/libnsl-2.23.so
7f50020ee000-7f50020ef000 rw-p 00016000 fd:01 14946851                   /lib/x86_64-linux-gnu/libnsl-2.23.so
7f50020ef000-7f50020f1000 rw-p 00000000 00:00 0 
7f50020f1000-7f50020f9000 r-xp 00000000 fd:01 14946853                   /lib/x86_64-linux-gnu/libnss_compat-2.23.so
7f50020f9000-7f50022f8000 ---p 00008000 fd:01 14946853                   /lib/x86_64-linux-gnu/libnss_compat-2.23.so
7f50022f8000-7f50022f9000 r--p 00007000 fd:01 14946853                   /lib/x86_64-linux-gnu/libnss_compat-2.23.so
7f50022f9000-7f50022fa000 rw-p 00008000 fd:01 14946853                   /lib/x86_64-linux-gnu/libnss_compat-2.23.so
7f50022fa000-7f5002327000 r-xp 00000000 fd:01 20187695                   /usr/lib/jvm/java-8-openjdk-amd64/jre/lib/amd64/libjava.so
7f5002327000-7f5002526000 ---p 0002d000 fd:01 20187695                   /usr/lib/jvm/java-8-openjdk-amd64/jre/lib/amd64/libjava.so
7f5002526000-7f5002527000 r--p 0002c000 fd:01 20187695                   /usr/lib/jvm/java-8-openjdk-amd64/jre/lib/amd64/libjava.so
7f5002527000-7f5002529000 rw-p 0002d000 fd:01 20187695                   /usr/lib/jvm/java-8-openjdk-amd64/jre/lib/amd64/libjava.so
7f5002529000-7f5002538000 r-xp 00000000 fd:01 20187203                   /usr/lib/jvm/java-8-openjdk-amd64/jre/lib/amd64/libverify.so
7f5002538000-7f5002737000 ---p 0000f000 fd:01 20187203                   /usr/lib/jvm/java-8-openjdk-amd64/jre/lib/amd64/libverify.so
7f5002737000-7f5002739000 r--p 0000e000 fd:01 20187203                   /usr/lib/jvm/java-8-openjdk-amd64/jre/lib/amd64/libverify.so
7f5002739000-7f500273a000 rw-p 00010000 fd:01 20187203                   /usr/lib/jvm/java-8-openjdk-amd64/jre/lib/amd64/libverify.so
7f500273a000-7f5002741000 r-xp 00000000 fd:01 14946912                   /lib/x86_64-linux-gnu/librt-2.23.so
7f5002741000-7f5002940000 ---p 00007000 fd:01 14946912                   /lib/x86_64-linux-gnu/librt-2.23.so
7f5002940000-7f5002941000 r--p 00006000 fd:01 14946912                   /lib/x86_64-linux-gnu/librt-2.23.so
7f5002941000-7f5002942000 rw-p 00007000 fd:01 14946912                   /lib/x86_64-linux-gnu/librt-2.23.so
7f5002942000-7f5002958000 r-xp 00000000 fd:01 14946796                   /lib/x86_64-linux-gnu/libgcc_s.so.1
7f5002958000-7f5002b57000 ---p 00016000 fd:01 14946796                   /lib/x86_64-linux-gnu/libgcc_s.so.1
7f5002b57000-7f5002b58000 rw-p 00015000 fd:01 14946796                   /lib/x86_64-linux-gnu/libgcc_s.so.1
7f5002b58000-7f5002c60000 r-xp 00000000 fd:01 14946828                   /lib/x86_64-linux-gnu/libm-2.23.so
7f5002c60000-7f5002e5f000 ---p 00108000 fd:01 14946828                   /lib/x86_64-linux-gnu/libm-2.23.so
7f5002e5f000-7f5002e60000 r--p 00107000 fd:01 14946828                   /lib/x86_64-linux-gnu/libm-2.23.so
7f5002e60000-7f5002e61000 rw-p 00108000 fd:01 14946828                   /lib/x86_64-linux-gnu/libm-2.23.so
7f5002e61000-7f5002fd3000 r-xp 00000000 fd:01 20055626                   /usr/lib/x86_64-linux-gnu/libstdc++.so.6.0.21
7f5002fd3000-7f50031d3000 ---p 00172000 fd:01 20055626                   /usr/lib/x86_64-linux-gnu/libstdc++.so.6.0.21
7f50031d3000-7f50031dd000 r--p 00172000 fd:01 20055626                   /usr/lib/x86_64-linux-gnu/libstdc++.so.6.0.21
7f50031dd000-7f50031df000 rw-p 0017c000 fd:01 20055626                   /usr/lib/x86_64-linux-gnu/libstdc++.so.6.0.21
7f50031df000-7f50031e3000 rw-p 00000000 00:00 0 
7f50031e3000-7f5003e37000 r-xp 00000000 fd:01 20187676                   /usr/lib/jvm/java-8-openjdk-amd64/jre/lib/amd64/server/libjvm.so
7f5003e37000-7f5004037000 ---p 00c54000 fd:01 20187676                   /usr/lib/jvm/java-8-openjdk-amd64/jre/lib/amd64/server/libjvm.so
7f5004037000-7f50040ca000 r--p 00c54000 fd:01 20187676                   /usr/lib/jvm/java-8-openjdk-amd64/jre/lib/amd64/server/libjvm.so
7f50040ca000-7f50040f3000 rw-p 00ce7000 fd:01 20187676                   /usr/lib/jvm/java-8-openjdk-amd64/jre/lib/amd64/server/libjvm.so
7f50040f3000-7f5004123000 rw-p 00000000 00:00 0 
7f5004123000-7f500413b000 r-xp 00000000 fd:01 14946904                   /lib/x86_64-linux-gnu/libpthread-2.23.so
7f500413b000-7f500433a000 ---p 00018000 fd:01 14946904                   /lib/x86_64-linux-gnu/libpthread-2.23.so
7f500433a000-7f500433b000 r--p 00017000 fd:01 14946904                   /lib/x86_64-linux-gnu/libpthread-2.23.so
7f500433b000-7f500433c000 rw-p 00018000 fd:01 14946904                   /lib/x86_64-linux-gnu/libpthread-2.23.so
7f500433c000-7f5004340000 rw-p 00000000 00:00 0 
7f5004340000-7f5004343000 r-xp 00000000 fd:01 14946782                   /lib/x86_64-linux-gnu/libdl-2.23.so
7f5004343000-7f5004542000 ---p 00003000 fd:01 14946782                   /lib/x86_64-linux-gnu/libdl-2.23.so
7f5004542000-7f5004543000 r--p 00002000 fd:01 14946782                   /lib/x86_64-linux-gnu/libdl-2.23.so
7f5004543000-7f5004544000 rw-p 00003000 fd:01 14946782                   /lib/x86_64-linux-gnu/libdl-2.23.so
7f5004544000-7f500455d000 r-xp 00000000 fd:01 14946949                   /lib/x86_64-linux-gnu/libz.so.1.2.8
7f500455d000-7f500475c000 ---p 00019000 fd:01 14946949                   /lib/x86_64-linux-gnu/libz.so.1.2.8
7f500475c000-7f500475d000 r--p 00018000 fd:01 14946949                   /lib/x86_64-linux-gnu/libz.so.1.2.8
7f500475d000-7f500475e000 rw-p 00019000 fd:01 14946949                   /lib/x86_64-linux-gnu/libz.so.1.2.8
7f500475e000-7f500491e000 r-xp 00000000 fd:01 14946758                   /lib/x86_64-linux-gnu/libc-2.23.so
7f500491e000-7f5004b1e000 ---p 001c0000 fd:01 14946758                   /lib/x86_64-linux-gnu/libc-2.23.so
7f5004b1e000-7f5004b22000 r--p 001c0000 fd:01 14946758                   /lib/x86_64-linux-gnu/libc-2.23.so
7f5004b22000-7f5004b24000 rw-p 001c4000 fd:01 14946758                   /lib/x86_64-linux-gnu/libc-2.23.so
7f5004b24000-7f5004b28000 rw-p 00000000 00:00 0 
7f5004b28000-7f5004b35000 r-xp 00000000 fd:01 20187201                   /usr/lib/jvm/java-8-openjdk-amd64/jre/lib/amd64/jli/libjli.so
7f5004b35000-7f5004d35000 ---p 0000d000 fd:01 20187201                   /usr/lib/jvm/java-8-openjdk-amd64/jre/lib/amd64/jli/libjli.so
7f5004d35000-7f5004d36000 r--p 0000d000 fd:01 20187201                   /usr/lib/jvm/java-8-openjdk-amd64/jre/lib/amd64/jli/libjli.so
7f5004d36000-7f5004d37000 rw-p 0000e000 fd:01 20187201                   /usr/lib/jvm/java-8-openjdk-amd64/jre/lib/amd64/jli/libjli.so
7f5004d37000-7f5004d5d000 r-xp 00000000 fd:01 14946730                   /lib/x86_64-linux-gnu/ld-2.23.so
7f5004d5d000-7f5004d5e000 r--s 00011000 00:2d 24905538                   /home/daan/lwjgl3/lwjgl-glfw-natives-linux.jar
7f5004d5e000-7f5004d60000 r--s 00008000 fd:01 20186090                   /usr/lib/jvm/java-8-openjdk-amd64/jre/lib/ext/sunec.jar
7f5004d60000-7f5004d63000 r--s 0000f000 fd:01 20186087                   /usr/lib/jvm/java-8-openjdk-amd64/jre/lib/ext/icedtea-sound.jar
7f5004d63000-7f5004e34000 rw-p 00000000 00:00 0 
7f5004e34000-7f5004e37000 ---p 00000000 00:00 0 
7f5004e37000-7f5004f3a000 rw-p 00000000 00:00 0 
7f5004f3a000-7f5004f3b000 r--s 0000a000 fd:01 20186064                   /usr/lib/jvm/java-8-openjdk-amd64/jre/lib/ext/jaccess.jar
7f5004f3b000-7f5004f3c000 r--s 00010000 fd:01 20187194                   /usr/lib/jvm/java-8-openjdk-amd64/jre/lib/ext/zipfs.jar
7f5004f3c000-7f5004f50000 rw-p 00000000 00:00 0 
7f5004f50000-7f5004f58000 rw-s 00000000 fd:01 7602214                    /tmp/hsperfdata_root/11010
7f5004f58000-7f5004f59000 rw-p 00000000 00:00 0 
7f5004f59000-7f5004f5a000 r--p 00000000 00:00 0 
7f5004f5a000-7f5004f5c000 rw-p 00000000 00:00 0 
7f5004f5c000-7f5004f5d000 r--p 00025000 fd:01 14946730                   /lib/x86_64-linux-gnu/ld-2.23.so
7f5004f5d000-7f5004f5e000 rw-p 00026000 fd:01 14946730                   /lib/x86_64-linux-gnu/ld-2.23.so
7f5004f5e000-7f5004f5f000 rw-p 00000000 00:00 0 
7fff7d3f1000-7fff7d413000 rw-p 00000000 00:00 0                          [stack]
7fff7d43b000-7fff7d43d000 r--p 00000000 00:00 0                          [vvar]
7fff7d43d000-7fff7d43f000 r-xp 00000000 00:00 0                          [vdso]
ffffffffff600000-ffffffffff601000 r-xp 00000000 00:00 0                  [vsyscall]

VM Arguments:
jvm_args: -Dfile.encoding=UTF-8 
java_command: Main
java_class_path (initial): /home/daan/lwjgl3/lwjgl.jar:/home/daan/lwjgl3/lwjgl-glfw.jar:/home/daan/lwjgl3/lwjgl-glfw-natives-linux.jar:/home/daan/lwjgl3/lwjgl-glfw-natives-macos.jar:/home/daan/lwjgl3/lwjgl-glfw-natives-windows.jar:/home/daan/lwjgl3/lwjgl-jemalloc.jar:/home/daan/lwjgl3/lwjgl-jemalloc-natives-linux.jar:/home/daan/lwjgl3/lwjgl-jemalloc-natives-macos.jar:/home/daan/lwjgl3/lwjgl-jemalloc-natives-windows.jar:/home/daan/lwjgl3/lwjgl-nanovg.jar:/home/daan/lwjgl3/lwjgl-nanovg-natives-linux.jar:/home/daan/lwjgl3/lwjgl-nanovg-natives-macos.jar:/home/daan/lwjgl3/lwjgl-nanovg-natives-windows.jar:/home/daan/lwjgl3/lwjgl-natives-linux.jar:/home/daan/lwjgl3/lwjgl-natives-macos.jar:/home/daan/lwjgl3/lwjgl-natives-windows.jar:/home/daan/lwjgl3/lwjgl-nfd.jar:/home/daan/lwjgl3/lwjgl-nfd-natives-linux.jar:/home/daan/lwjgl3/lwjgl-nfd-natives-macos.jar:/home/daan/lwjgl3/lwjgl-nfd-natives-windows.jar:/home/daan/lwjgl3/lwjgl-nuklear.jar:/home/daan/lwjgl3/lwjgl-nuklear-natives-linux.jar:/home/daan/lwjgl3/lwjgl-nuklear-natives-macos.jar:/home/daan/lwjgl3/lwjgl-nuklear-natives-windows.jar:/home/daan/lwjgl3/lwjgl-openal.jar:/home/daan/lwjgl3/lwjgl-openal-natives-linux.jar:/home/daan/lwjgl3/lwjgl-openal-natives-macos.jar:/home/daan/lwjgl3/lwjgl-openal-natives-windows.jar:/home/daan/lwjgl3/lwjgl-opengl.jar:/home/daan/lwjgl3/lwjgl-opengl-natives-linux.jar:/home/daan/lwjgl3/lwjgl-opengl-natives-macos.jar:/home/daan/lwjgl3/lwjgl-opengl-natives-windows.jar:/home/daan/lwjgl3/lwjgl-par.jar:/home/daan/lwjgl3/lwjgl-par-natives-linux.jar:/home/daan/lwjgl3/lwjgl-par-natives-macos.jar:/home/daan/lwjgl3/lwjgl-par-natives-windows.jar:/home/daan/lwjgl3/lwjgl-stb.jar:/home/daan/lwjgl3/lwjgl-stb-natives-linux.jar:/home/daan/lwjgl3/lwjgl-stb-natives-macos.jar:/home/daan/lwjgl3/lwjgl-stb-natives-windows.jar:/home/daan/lwjgl3/lwjgl-tinyfd.jar:/home/daan/lwjgl3/lwjgl-tinyfd-natives-linux.jar:/home/daan/lwjgl3/lwjgl-tinyfd-natives-macos.jar:/home/daan/lwjgl3/lwjgl-tinyfd-natives-windows.jar:/home/d
Launcher Type: SUN_STANDARD

Environment Variables:
PATH=/usr/local/sbin:/usr/local/bin:/usr/sbin:/usr/bin:/sbin:/bin:/snap/bin
USERNAME=root
SHELL=/bin/bash
DISPLAY=:1

Signal Handlers:
SIGSEGV: [libjvm.so+0xa6ad10], sa_mask[0]=11111111011111111101111111111110, sa_flags=SA_RESTART|SA_SIGINFO
SIGBUS: [libjvm.so+0xa6ad10], sa_mask[0]=11111111011111111101111111111110, sa_flags=SA_RESTART|SA_SIGINFO
SIGFPE: [libjvm.so+0x8b3bc0], sa_mask[0]=11111111011111111101111111111110, sa_flags=SA_RESTART|SA_SIGINFO
SIGPIPE: [libjvm.so+0x8b3bc0], sa_mask[0]=11111111011111111101111111111110, sa_flags=SA_RESTART|SA_SIGINFO
SIGXFSZ: [libjvm.so+0x8b3bc0], sa_mask[0]=11111111011111111101111111111110, sa_flags=SA_RESTART|SA_SIGINFO
SIGILL: [libjvm.so+0x8b3bc0], sa_mask[0]=11111111011111111101111111111110, sa_flags=SA_RESTART|SA_SIGINFO
SIGUSR1: SIG_DFL, sa_mask[0]=00000000000000000000000000000000, sa_flags=none
SIGUSR2: [libjvm.so+0x8b3a70], sa_mask[0]=00100000000000000000000000000000, sa_flags=SA_RESTART|SA_SIGINFO
SIGHUP: [libjvm.so+0x8b3f40], sa_mask[0]=11111111011111111101111111111110, sa_flags=SA_RESTART|SA_SIGINFO
SIGINT: [libjvm.so+0x8b3f40], sa_mask[0]=11111111011111111101111111111110, sa_flags=SA_RESTART|SA_SIGINFO
SIGTERM: [libjvm.so+0x8b3f40], sa_mask[0]=11111111011111111101111111111110, sa_flags=SA_RESTART|SA_SIGINFO
SIGQUIT: [libjvm.so+0x8b3f40], sa_mask[0]=11111111011111111101111111111110, sa_flags=SA_RESTART|SA_SIGINFO


---------------  S Y S T E M  ---------------

OS:DISTRIB_ID=Ubuntu
DISTRIB_RELEASE=16.04
DISTRIB_CODENAME=xenial
DISTRIB_DESCRIPTION="Ubuntu 16.04.3 LTS"

uname:Linux 4.10.0-37-generic #41~16.04.1-Ubuntu SMP Fri Oct 6 22:42:59 UTC 2017 x86_64
libc:glibc 2.23 NPTL 2.23 
rlimit: STACK 8192k, CORE 0k, NPROC 15312, NOFILE 1048576, AS infinity
load average:0,53 0,44 0,54

/proc/meminfo:
MemTotal:        4021440 kB
MemFree:          136628 kB
MemAvailable:    1086208 kB
Buffers:           93184 kB
Cached:          1035012 kB
SwapCached:          104 kB
Active:          2796664 kB
Inactive:         760336 kB
Active(anon):    1975116 kB
Inactive(anon):   487184 kB
Active(file):     821548 kB
Inactive(file):   273152 kB
Unevictable:          16 kB
Mlocked:              16 kB
SwapTotal:       4173308 kB
SwapFree:        4171756 kB
Dirty:               696 kB
Writeback:             0 kB
AnonPages:       2213292 kB
Mapped:           419840 kB
Shmem:             33496 kB
Slab:             174096 kB
SReclaimable:     125176 kB
SUnreclaim:        48920 kB
KernelStack:       10656 kB
PageTables:        39816 kB
NFS_Unstable:          0 kB
Bounce:                0 kB
WritebackTmp:          0 kB
CommitLimit:     6184028 kB
Committed_AS:    6033216 kB
VmallocTotal:   34359738367 kB
VmallocUsed:           0 kB
VmallocChunk:          0 kB
HardwareCorrupted:     0 kB
AnonHugePages:    819200 kB
ShmemHugePages:        0 kB
ShmemPmdMapped:        0 kB
CmaTotal:              0 kB
CmaFree:               0 kB
HugePages_Total:       0
HugePages_Free:        0
HugePages_Rsvd:        0
HugePages_Surp:        0
Hugepagesize:       2048 kB
DirectMap4k:      368640 kB
DirectMap2M:     3803136 kB


CPU:total 4 (initial active 4) (4 cores per cpu, 1 threads per core) family 6 model 42 stepping 7, cmov, cx8, fxsr, mmx, sse, sse2, sse3, ssse3, sse4.1, sse4.2, popcnt, avx, aes, clmul, tsc, tscinvbit

/proc/cpuinfo:
processor	: 0
vendor_id	: GenuineIntel
cpu family	: 6
model		: 42
model name	: Intel(R) Core(TM) i5-2400S CPU @ 2.50GHz
stepping	: 7
microcode	: 0x1a
cpu MHz		: 2699.737
cache size	: 6144 KB
physical id	: 0
siblings	: 4
core id		: 0
cpu cores	: 4
apicid		: 0
initial apicid	: 0
fpu		: yes
fpu_exception	: yes
cpuid level	: 13
wp		: yes
flags		: fpu vme de pse tsc msr pae mce cx8 apic sep mtrr pge mca cmov pat pse36 clflush dts acpi mmx fxsr sse sse2 ss ht tm pbe syscall nx rdtscp lm constant_tsc arch_perfmon pebs bts rep_good nopl xtopology nonstop_tsc aperfmperf pni pclmulqdq dtes64 monitor ds_cpl vmx smx est tm2 ssse3 cx16 xtpr pdcm pcid sse4_1 sse4_2 x2apic popcnt tsc_deadline_timer aes xsave avx lahf_lm tpr_shadow vnmi flexpriority ept vpid xsaveopt dtherm ida arat pln pts
bugs		:
bogomips	: 4988.99
clflush size	: 64
cache_alignment	: 64
address sizes	: 36 bits physical, 48 bits virtual
power management:

processor	: 1
vendor_id	: GenuineIntel
cpu family	: 6
model		: 42
model name	: Intel(R) Core(TM) i5-2400S CPU @ 2.50GHz
stepping	: 7
microcode	: 0x1a
cpu MHz		: 2717.895
cache size	: 6144 KB
physical id	: 0
siblings	: 4
core id		: 1
cpu cores	: 4
apicid		: 2
initial apicid	: 2
fpu		: yes
fpu_exception	: yes
cpuid level	: 13
wp		: yes
flags		: fpu vme de pse tsc msr pae mce cx8 apic sep mtrr pge mca cmov pat pse36 clflush dts acpi mmx fxsr sse sse2 ss ht tm pbe syscall nx rdtscp lm constant_tsc arch_perfmon pebs bts rep_good nopl xtopology nonstop_tsc aperfmperf pni pclmulqdq dtes64 monitor ds_cpl vmx smx est tm2 ssse3 cx16 xtpr pdcm pcid sse4_1 sse4_2 x2apic popcnt tsc_deadline_timer aes xsave avx lahf_lm tpr_shadow vnmi flexpriority ept vpid xsaveopt dtherm ida arat pln pts
bugs		:
bogomips	: 4988.99
clflush size	: 64
cache_alignment	: 64
address sizes	: 36 bits physical, 48 bits virtual
power management:

processor	: 2
vendor_id	: GenuineIntel
cpu family	: 6
model		: 42
model name	: Intel(R) Core(TM) i5-2400S CPU @ 2.50GHz
stepping	: 7
microcode	: 0x1a
cpu MHz		: 2631.835
cache size	: 6144 KB
physical id	: 0
siblings	: 4
core id		: 2
cpu cores	: 4
apicid		: 4
initial apicid	: 4
fpu		: yes
fpu_exception	: yes
cpuid level	: 13
wp		: yes
flags		: fpu vme de pse tsc msr pae mce cx8 apic sep mtrr pge mca cmov pat pse36 clflush dts acpi mmx fxsr sse sse2 ss ht tm pbe syscall nx rdtscp lm constant_tsc arch_perfmon pebs bts rep_good nopl xtopology nonstop_tsc aperfmperf pni pclmulqdq dtes64 monitor ds_cpl vmx smx est tm2 ssse3 cx16 xtpr pdcm pcid sse4_1 sse4_2 x2apic popcnt tsc_deadline_timer aes xsave avx lahf_lm tpr_shadow vnmi flexpriority ept vpid xsaveopt dtherm ida arat pln pts
bugs		:
bogomips	: 4988.99
clflush size	: 64
cache_alignment	: 64
address sizes	: 36 bits physical, 48 bits virtual
power management:

processor	: 3
vendor_id	: GenuineIntel
cpu family	: 6
model		: 42
model name	: Intel(R) Core(TM) i5-2400S CPU @ 2.50GHz
stepping	: 7
microcode	: 0x1a
cpu MHz		: 2717.742
cache size	: 6144 KB
physical id	: 0
siblings	: 4
core id		: 3
cpu cores	: 4
apicid		: 6
initial apicid	: 6
fpu		: yes
fpu_exception	: yes
cpuid level	: 13
wp		: yes
flags		: fpu vme de pse tsc msr pae mce cx8 apic sep mtrr pge mca cmov pat pse36 clflush dts acpi mmx fxsr sse sse2 ss ht tm pbe syscall nx rdtscp lm constant_tsc arch_perfmon pebs bts rep_good nopl xtopology nonstop_tsc aperfmperf pni pclmulqdq dtes64 monitor ds_cpl vmx smx est tm2 ssse3 cx16 xtpr pdcm pcid sse4_1 sse4_2 x2apic popcnt tsc_deadline_timer aes xsave avx lahf_lm tpr_shadow vnmi flexpriority ept vpid xsaveopt dtherm ida arat pln pts
bugs		:
bogomips	: 4988.99
clflush size	: 64
cache_alignment	: 64
address sizes	: 36 bits physical, 48 bits virtual
power management:



Memory: 4k page, physical 4021440k(136628k free), swap 4173308k(4171756k free)

vm_info: OpenJDK 64-Bit Server VM (25.131-b11) for linux-amd64 JRE (1.8.0_131-8u131-b11-2ubuntu1.16.04.3-b11), built on Jul 28 2017 01:23:32 by "buildd" with gcc 5.4.0 20160609

time: Wed Oct 11 14:54:07 2017
elapsed time: 0 seconds (0d 0h 0m 0s)

