#
# A fatal error has been detected by the Java Runtime Environment:
#
#  SIGSEGV (0xb) at pc=0x00007fc00875be57, pid=11357, tid=0x00007fc05c0a0700
#
# JRE version: OpenJDK Runtime Environment (8.0_131-b11) (build 1.8.0_131-8u131-b11-2ubuntu1.16.04.3-b11)
# Java VM: OpenJDK 64-Bit Server VM (25.131-b11 mixed mode linux-amd64 compressed oops)
# Problematic frame:
# C  [liblwjgl_opengl.so+0x45e57]  Java_org_lwjgl_opengl_GL20_glCreateProgram+0x7
#
# Failed to write core dump. Core dumps have been disabled. To enable core dumping, try "ulimit -c unlimited" before starting Java again
#
# If you would like to submit a bug report, please visit:
#   http://bugreport.java.com/bugreport/crash.jsp
# The crash happened outside the Java Virtual Machine in native code.
# See problematic frame for where to report the bug.
#

---------------  T H R E A D  ---------------

Current thread (0x00007fc05400b000):  JavaThread "main" [_thread_in_native, id=11363, stack(0x00007fc05bfa0000,0x00007fc05c0a1000)]

siginfo: si_signo: 11 (SIGSEGV), si_code: 1 (SEGV_MAPERR), si_addr: 0x0000000000000878

Registers:
RAX=0x0000000000000000, RBX=0x00007fc04491a058, RCX=0x0000000000000003, RDX=0x00007fc05b26e5d8
RSP=0x00007fc05c09f868, RBP=0x00007fc05c09f8b8, RSI=0x00007fc05c09f8c8, RDI=0x00007fc05400b1e0
R8 =0x00007fc04491a058, R9 =0x0000000000000004, R10=0x00007fc045017748, R11=0x00007fc05acad520
R12=0x0000000000000000, R13=0x00007fc04491a050, R14=0x00007fc05c09f8d0, R15=0x00007fc05400b000
RIP=0x00007fc00875be57, EFLAGS=0x0000000000010287, CSGSFS=0x002b000000000033, ERR=0x0000000000000004
  TRAPNO=0x000000000000000e

Top of Stack: (sp=0x00007fc05c09f868)
0x00007fc05c09f868:   00007fc045017774 00007fc0450174c2
0x00007fc05c09f878:   00007fc05c09f878 00007fc04491a050
0x00007fc05c09f888:   00007fc05c09f8d0 00007fc04492d110
0x00007fc05c09f898:   0000000000000000 00007fc04491a058
0x00007fc05c09f8a8:   0000000000000000 00007fc05c09f8d8
0x00007fc05c09f8b8:   00007fc05c09f920 00007fc045007a40
0x00007fc05c09f8c8:   00000000eba720e0 00007fc045011276
0x00007fc05c09f8d8:   00000000eba489d8 00007fc05c09f8e0
0x00007fc05c09f8e8:   00007fc044915f35 00007fc05c09f930
0x00007fc05c09f8f8:   00007fc044916620 0000000000000000
0x00007fc05c09f908:   00007fc044915f50 00007fc05c09f8d8
0x00007fc05c09f918:   00007fc05c09f930 00007fc05c09f988
0x00007fc05c09f928:   00007fc045007ffd 00000000eba489d8
0x00007fc05c09f938:   00000000eba489d8 00000000eba3f898
0x00007fc05c09f948:   00007fc05c09f948 00007fc044914980
0x00007fc05c09f958:   00007fc05c09f9b8 00007fc044914c48
0x00007fc05c09f968:   0000000000000000 00007fc044914a80
0x00007fc05c09f978:   00007fc05c09f930 00007fc05c09f9b8
0x00007fc05c09f988:   00007fc05c09fa00 00007fc045007ffd
0x00007fc05c09f998:   0000000000000000 0000000000000000
0x00007fc05c09f9a8:   0000000000000000 0000000000000000
0x00007fc05c09f9b8:   00000000eba3f898 00007fc05c09f9c0
0x00007fc05c09f9c8:   00007fc044914311 00007fc05c09fa18
0x00007fc05c09f9d8:   00007fc044914390 0000000000000000
0x00007fc05c09f9e8:   00007fc044914338 00007fc05c09f9b8
0x00007fc05c09f9f8:   00007fc05c09fa18 00007fc05c09fa80
0x00007fc05c09fa08:   00007fc0450004e7 00000000eba3f898
0x00007fc05c09fa18:   00000000eb9ec810 0000000000001fa0
0x00007fc05c09fa28:   00007fc044914338 00007fc05c09fc70
0x00007fc05c09fa38:   00007fc05c09fb20 00007fc05400b000
0x00007fc05c09fa48:   00007fc05400b000 00007fc05c09fb20
0x00007fc05c09fa58:   00007fc05c09fd38 00007fc00000000a 

Instructions: (pc=0x00007fc00875be57)
0x00007fc00875be37:   40 18 48 8b 80 b0 09 00 00 ff e0 66 66 66 66 66
0x00007fc00875be47:   2e 0f 1f 84 00 00 00 00 00 48 8b 07 48 8b 40 18
0x00007fc00875be57:   ff a0 78 08 00 00 0f 1f 00 48 8b 07 41 89 d1 89
0x00007fc00875be67:   ce 4c 89 c2 44 89 cf 48 8b 40 18 48 8b 80 b8 15 

Register to memory mapping:

RAX=0x0000000000000000 is an unknown value
RBX={method} {0x00007fc04491a058} 'glCreateProgram' '()I' in 'org/lwjgl/opengl/GL20'
RCX=0x0000000000000003 is an unknown value
RDX=0x00007fc05b26e5d8: <offset 0xf1f5d8> in /usr/lib/jvm/java-8-openjdk-amd64/jre/lib/amd64/server/libjvm.so at 0x00007fc05a34f000
RSP=0x00007fc05c09f868 is pointing into the stack for thread: 0x00007fc05400b000
RBP=0x00007fc05c09f8b8 is pointing into the stack for thread: 0x00007fc05400b000
RSI=0x00007fc05c09f8c8 is pointing into the stack for thread: 0x00007fc05400b000
RDI=0x00007fc05400b1e0 is an unknown value
R8 ={method} {0x00007fc04491a058} 'glCreateProgram' '()I' in 'org/lwjgl/opengl/GL20'
R9 =0x0000000000000004 is an unknown value
R10=0x00007fc045017748 is at code_begin+808 in an Interpreter codelet
method entry point (kind = native)  [0x00007fc045017420, 0x00007fc045017d20]  2304 bytes
R11=0x00007fc05acad520: <offset 0x95e520> in /usr/lib/jvm/java-8-openjdk-amd64/jre/lib/amd64/server/libjvm.so at 0x00007fc05a34f000
R12=0x0000000000000000 is an unknown value
R13=0x00007fc04491a050 is pointing into metadata
R14=0x00007fc05c09f8d0 is pointing into the stack for thread: 0x00007fc05400b000
R15=0x00007fc05400b000 is a thread


Stack: [0x00007fc05bfa0000,0x00007fc05c0a1000],  sp=0x00007fc05c09f868,  free space=1022k
Native frames: (J=compiled Java code, j=interpreted, Vv=VM code, C=native code)
C  [liblwjgl_opengl.so+0x45e57]  Java_org_lwjgl_opengl_GL20_glCreateProgram+0x7
j  ShaderProgram.<init>()V+5
j  Game.start()V+16
j  Main.main([Ljava/lang/String;)V+17
v  ~StubRoutines::call_stub
V  [libjvm.so+0x66415b]
V  [libjvm.so+0x685e9e]
V  [libjvm.so+0x6887cf]
C  [libjli.so+0x3552]
C  [libjli.so+0x73dd]
C  [libpthread.so.0+0x76ba]  start_thread+0xca

Java frames: (J=compiled Java code, j=interpreted, Vv=VM code)
j  org.lwjgl.opengl.GL20.glCreateProgram()I+0
j  ShaderProgram.<init>()V+5
j  Game.start()V+16
j  Main.main([Ljava/lang/String;)V+17
v  ~StubRoutines::call_stub

---------------  P R O C E S S  ---------------

Java Threads: ( => current thread )
  0x00007fc0540c3800 JavaThread "Service Thread" daemon [_thread_blocked, id=11375, stack(0x00007fc03427b000,0x00007fc03437c000)]
  0x00007fc0540b3800 JavaThread "C1 CompilerThread2" daemon [_thread_blocked, id=11374, stack(0x00007fc03437c000,0x00007fc03447d000)]
  0x00007fc0540b2000 JavaThread "C2 CompilerThread1" daemon [_thread_blocked, id=11373, stack(0x00007fc03447d000,0x00007fc03457e000)]
  0x00007fc0540af000 JavaThread "C2 CompilerThread0" daemon [_thread_blocked, id=11372, stack(0x00007fc03457e000,0x00007fc03467f000)]
  0x00007fc0540ad000 JavaThread "Signal Dispatcher" daemon [_thread_blocked, id=11371, stack(0x00007fc03467f000,0x00007fc034780000)]
  0x00007fc054084800 JavaThread "Finalizer" daemon [_thread_blocked, id=11370, stack(0x00007fc035140000,0x00007fc035241000)]
  0x00007fc054080000 JavaThread "Reference Handler" daemon [_thread_blocked, id=11369, stack(0x00007fc035241000,0x00007fc035342000)]
=>0x00007fc05400b000 JavaThread "main" [_thread_in_native, id=11363, stack(0x00007fc05bfa0000,0x00007fc05c0a1000)]

Other Threads:
  0x00007fc054078000 VMThread [stack: 0x00007fc035342000,0x00007fc035443000] [id=11368]
  0x00007fc0540c6000 WatcherThread [stack: 0x00007fc03417a000,0x00007fc03427b000] [id=11376]

VM state:not at safepoint (normal execution)

VM Mutex/Monitor currently owned by a thread: None

Heap:
 PSYoungGen      total 18432K, used 4783K [0x00000000eb900000, 0x00000000ecd80000, 0x0000000100000000)
  eden space 15872K, 30% used [0x00000000eb900000,0x00000000ebdabf78,0x00000000ec880000)
  from space 2560K, 0% used [0x00000000ecb00000,0x00000000ecb00000,0x00000000ecd80000)
  to   space 2560K, 0% used [0x00000000ec880000,0x00000000ec880000,0x00000000ecb00000)
 ParOldGen       total 42496K, used 0K [0x00000000c2a00000, 0x00000000c5380000, 0x00000000eb900000)
  object space 42496K, 0% used [0x00000000c2a00000,0x00000000c2a00000,0x00000000c5380000)
 Metaspace       used 5026K, capacity 5334K, committed 5632K, reserved 1056768K
  class space    used 550K, capacity 641K, committed 768K, reserved 1048576K

Card table byte_map: [0x00007fc058471000,0x00007fc05865d000] byte_map_base: 0x00007fc057e5c000

Marking Bits: (ParMarkBitMap*) 0x00007fc05b2722c0
 Begin Bits: [0x00007fc036150000, 0x00007fc0370a8000)
 End Bits:   [0x00007fc0370a8000, 0x00007fc038000000)

Polling page: 0x00007fc05c0c5000

CodeCache: size=245760Kb used=1826Kb max_used=1826Kb free=243933Kb
 bounds [0x00007fc045000000, 0x00007fc045270000, 0x00007fc054000000]
 total_blobs=686 nmethods=372 adapters=229
 compilation: enabled

Compilation events (10 events):
Event: 0,218 Thread 0x00007fc0540b3800  367       3       jdk.internal.org.objectweb.asm.ByteVector::enlarge (51 bytes)
Event: 0,218 Thread 0x00007fc0540b3800 nmethod 367 0x00007fc0451c5890 code [0x00007fc0451c5a00, 0x00007fc0451c5d08]
Event: 0,219 Thread 0x00007fc0540b3800  369       1       java.util.zip.ZipCoder::isUTF8 (5 bytes)
Event: 0,219 Thread 0x00007fc0540b3800 nmethod 369 0x00007fc0451c55d0 code [0x00007fc0451c5720, 0x00007fc0451c5830]
Event: 0,222 Thread 0x00007fc0540b3800  370       1       sun.misc.URLClassPath$JarLoader::access$700 (5 bytes)
Event: 0,222 Thread 0x00007fc0540b3800 nmethod 370 0x00007fc0451c8150 code [0x00007fc0451c82a0, 0x00007fc0451c8390]
Event: 0,227 Thread 0x00007fc0540b3800  371       3       java.lang.Character::toUpperCase (6 bytes)
Event: 0,228 Thread 0x00007fc0540b3800 nmethod 371 0x00007fc0451c8610 code [0x00007fc0451c87a0, 0x00007fc0451c8a38]
Event: 0,228 Thread 0x00007fc0540b3800  372       3       java.lang.Character::toUpperCase (9 bytes)
Event: 0,228 Thread 0x00007fc0540b3800 nmethod 372 0x00007fc0451c8b50 code [0x00007fc0451c8cc0, 0x00007fc0451c8ef8]

GC Heap History (0 events):
No events

Deoptimization events (0 events):
No events

Internal exceptions (10 events):
Event: 0,141 Thread 0x00007fc05400b000 Exception <a 'java/lang/NoSuchFieldError': method resolution failed> (0x00000000ebb8f070) thrown at [/build/openjdk-8-pZyJp3/openjdk-8-8u131-b11/src/hotspot/src/share/vm/prims/methodHandles.cpp, line 1146]
Event: 0,143 Thread 0x00007fc05400b000 Exception <a 'java/lang/NoSuchFieldError': method resolution failed> (0x00000000ebb9c530) thrown at [/build/openjdk-8-pZyJp3/openjdk-8-8u131-b11/src/hotspot/src/share/vm/prims/methodHandles.cpp, line 1146]
Event: 0,182 Thread 0x00007fc05400b000 Exception <a 'java/lang/NoSuchMethodError': java.lang.Object.lambda$static$0(Ljava/lang/String;)Ljava/lang/Boolean;> (0x00000000ebca6920) thrown at [/build/openjdk-8-pZyJp3/openjdk-8-8u131-b11/src/hotspot/src/share/vm/interpreter/linkResolver.cpp, line 58
Event: 0,191 Thread 0x00007fc05400b000 Exception <a 'java/security/PrivilegedActionException'> (0x00000000ebcd54b0) thrown at [/build/openjdk-8-pZyJp3/openjdk-8-8u131-b11/src/hotspot/src/share/vm/prims/jvm.cpp, line 1390]
Event: 0,191 Thread 0x00007fc05400b000 Exception <a 'java/security/PrivilegedActionException'> (0x00000000ebcd56c0) thrown at [/build/openjdk-8-pZyJp3/openjdk-8-8u131-b11/src/hotspot/src/share/vm/prims/jvm.cpp, line 1390]
Event: 0,191 Thread 0x00007fc05400b000 Exception <a 'java/security/PrivilegedActionException'> (0x00000000ebcd7748) thrown at [/build/openjdk-8-pZyJp3/openjdk-8-8u131-b11/src/hotspot/src/share/vm/prims/jvm.cpp, line 1390]
Event: 0,191 Thread 0x00007fc05400b000 Exception <a 'java/security/PrivilegedActionException'> (0x00000000ebcd7958) thrown at [/build/openjdk-8-pZyJp3/openjdk-8-8u131-b11/src/hotspot/src/share/vm/prims/jvm.cpp, line 1390]
Event: 0,191 Thread 0x00007fc05400b000 Exception <a 'java/security/PrivilegedActionException'> (0x00000000ebcd8430) thrown at [/build/openjdk-8-pZyJp3/openjdk-8-8u131-b11/src/hotspot/src/share/vm/prims/jvm.cpp, line 1390]
Event: 0,191 Thread 0x00007fc05400b000 Exception <a 'java/security/PrivilegedActionException'> (0x00000000ebcd8640) thrown at [/build/openjdk-8-pZyJp3/openjdk-8-8u131-b11/src/hotspot/src/share/vm/prims/jvm.cpp, line 1390]
Event: 0,214 Thread 0x00007fc05400b000 Exception <a 'sun/nio/fs/UnixException'> (0x00000000ebd26560) thrown at [/build/openjdk-8-pZyJp3/openjdk-8-8u131-b11/src/hotspot/src/share/vm/prims/jni.cpp, line 709]

Events (10 events):
Event: 0,224 loading class org/lwjgl/system/jni/JNINativeInterface
Event: 0,224 loading class org/lwjgl/system/jni/JNINativeInterface done
Event: 0,226 loading class org/lwjgl/system/linux/DynamicLinkLoader
Event: 0,226 loading class org/lwjgl/system/linux/DynamicLinkLoader done
Event: 0,227 loading class org/lwjgl/opengl/GL$2
Event: 0,227 loading class org/lwjgl/opengl/GL$2 done
Event: 0,227 loading class org/lwjgl/opengl/GL$SharedLibraryGL
Event: 0,227 loading class org/lwjgl/opengl/GL$SharedLibraryGL done
Event: 0,227 loading class org/lwjgl/system/SharedLibrary$Delegate
Event: 0,227 loading class org/lwjgl/system/SharedLibrary$Delegate done


Dynamic libraries:
00400000-00401000 r-xp 00000000 fd:01 20187746                           /usr/lib/jvm/java-8-openjdk-amd64/jre/bin/java
00600000-00601000 r--p 00000000 fd:01 20187746                           /usr/lib/jvm/java-8-openjdk-amd64/jre/bin/java
00601000-00602000 rw-p 00001000 fd:01 20187746                           /usr/lib/jvm/java-8-openjdk-amd64/jre/bin/java
02524000-02545000 rw-p 00000000 00:00 0                                  [heap]
c2a00000-c5380000 rw-p 00000000 00:00 0 
c5380000-eb900000 ---p 00000000 00:00 0 
eb900000-ecd80000 rw-p 00000000 00:00 0 
ecd80000-100000000 ---p 00000000 00:00 0 
100000000-1000c0000 rw-p 00000000 00:00 0 
1000c0000-140000000 ---p 00000000 00:00 0 
7fc005e84000-7fc005e89000 r-xp 00000000 fd:01 20061955                   /usr/lib/x86_64-linux-gnu/libXdmcp.so.6.0.0
7fc005e89000-7fc006088000 ---p 00005000 fd:01 20061955                   /usr/lib/x86_64-linux-gnu/libXdmcp.so.6.0.0
7fc006088000-7fc006089000 r--p 00004000 fd:01 20061955                   /usr/lib/x86_64-linux-gnu/libXdmcp.so.6.0.0
7fc006089000-7fc00608a000 rw-p 00005000 fd:01 20061955                   /usr/lib/x86_64-linux-gnu/libXdmcp.so.6.0.0
7fc00608a000-7fc00608c000 r-xp 00000000 fd:01 20061944                   /usr/lib/x86_64-linux-gnu/libXau.so.6.0.0
7fc00608c000-7fc00628c000 ---p 00002000 fd:01 20061944                   /usr/lib/x86_64-linux-gnu/libXau.so.6.0.0
7fc00628c000-7fc00628d000 r--p 00002000 fd:01 20061944                   /usr/lib/x86_64-linux-gnu/libXau.so.6.0.0
7fc00628d000-7fc00628e000 rw-p 00003000 fd:01 20061944                   /usr/lib/x86_64-linux-gnu/libXau.so.6.0.0
7fc00628e000-7fc00629e000 r-xp 00000000 fd:01 20062256                   /usr/lib/x86_64-linux-gnu/libdrm.so.2.4.0
7fc00629e000-7fc00649d000 ---p 00010000 fd:01 20062256                   /usr/lib/x86_64-linux-gnu/libdrm.so.2.4.0
7fc00649d000-7fc00649e000 r--p 0000f000 fd:01 20062256                   /usr/lib/x86_64-linux-gnu/libdrm.so.2.4.0
7fc00649e000-7fc00649f000 rw-p 00010000 fd:01 20062256                   /usr/lib/x86_64-linux-gnu/libdrm.so.2.4.0
7fc00649f000-7fc0064a4000 r-xp 00000000 fd:01 20061995                   /usr/lib/x86_64-linux-gnu/libXxf86vm.so.1.0.0
7fc0064a4000-7fc0066a3000 ---p 00005000 fd:01 20061995                   /usr/lib/x86_64-linux-gnu/libXxf86vm.so.1.0.0
7fc0066a3000-7fc0066a4000 r--p 00004000 fd:01 20061995                   /usr/lib/x86_64-linux-gnu/libXxf86vm.so.1.0.0
7fc0066a4000-7fc0066a5000 rw-p 00005000 fd:01 20061995                   /usr/lib/x86_64-linux-gnu/libXxf86vm.so.1.0.0
7fc0066a5000-7fc0066c6000 r-xp 00000000 fd:01 20063362                   /usr/lib/x86_64-linux-gnu/libxcb.so.1.1.0
7fc0066c6000-7fc0068c5000 ---p 00021000 fd:01 20063362                   /usr/lib/x86_64-linux-gnu/libxcb.so.1.1.0
7fc0068c5000-7fc0068c6000 r--p 00020000 fd:01 20063362                   /usr/lib/x86_64-linux-gnu/libxcb.so.1.1.0
7fc0068c6000-7fc0068c7000 rw-p 00021000 fd:01 20063362                   /usr/lib/x86_64-linux-gnu/libxcb.so.1.1.0
7fc0068c7000-7fc0068cb000 r-xp 00000000 fd:01 20063330                   /usr/lib/x86_64-linux-gnu/libxcb-dri2.so.0.0.0
7fc0068cb000-7fc006aca000 ---p 00004000 fd:01 20063330                   /usr/lib/x86_64-linux-gnu/libxcb-dri2.so.0.0.0
7fc006aca000-7fc006acb000 r--p 00003000 fd:01 20063330                   /usr/lib/x86_64-linux-gnu/libxcb-dri2.so.0.0.0
7fc006acb000-7fc006acc000 rw-p 00004000 fd:01 20063330                   /usr/lib/x86_64-linux-gnu/libxcb-dri2.so.0.0.0
7fc006acc000-7fc006ae3000 r-xp 00000000 fd:01 20063334                   /usr/lib/x86_64-linux-gnu/libxcb-glx.so.0.0.0
7fc006ae3000-7fc006ce2000 ---p 00017000 fd:01 20063334                   /usr/lib/x86_64-linux-gnu/libxcb-glx.so.0.0.0
7fc006ce2000-7fc006ce4000 r--p 00016000 fd:01 20063334                   /usr/lib/x86_64-linux-gnu/libxcb-glx.so.0.0.0
7fc006ce4000-7fc006ce5000 rw-p 00018000 fd:01 20063334                   /usr/lib/x86_64-linux-gnu/libxcb-glx.so.0.0.0
7fc006ce5000-7fc006e1a000 r-xp 00000000 fd:01 20061940                   /usr/lib/x86_64-linux-gnu/libX11.so.6.3.0
7fc006e1a000-7fc00701a000 ---p 00135000 fd:01 20061940                   /usr/lib/x86_64-linux-gnu/libX11.so.6.3.0
7fc00701a000-7fc00701b000 r--p 00135000 fd:01 20061940                   /usr/lib/x86_64-linux-gnu/libX11.so.6.3.0
7fc00701b000-7fc00701f000 rw-p 00136000 fd:01 20061940                   /usr/lib/x86_64-linux-gnu/libX11.so.6.3.0
7fc00701f000-7fc007020000 r-xp 00000000 fd:01 20061938                   /usr/lib/x86_64-linux-gnu/libX11-xcb.so.1.0.0
7fc007020000-7fc00721f000 ---p 00001000 fd:01 20061938                   /usr/lib/x86_64-linux-gnu/libX11-xcb.so.1.0.0
7fc00721f000-7fc007220000 r--p 00000000 fd:01 20061938                   /usr/lib/x86_64-linux-gnu/libX11-xcb.so.1.0.0
7fc007220000-7fc007221000 rw-p 00001000 fd:01 20061938                   /usr/lib/x86_64-linux-gnu/libX11-xcb.so.1.0.0
7fc007221000-7fc007226000 r-xp 00000000 fd:01 20061959                   /usr/lib/x86_64-linux-gnu/libXfixes.so.3.1.0
7fc007226000-7fc007425000 ---p 00005000 fd:01 20061959                   /usr/lib/x86_64-linux-gnu/libXfixes.so.3.1.0
7fc007425000-7fc007426000 r--p 00004000 fd:01 20061959                   /usr/lib/x86_64-linux-gnu/libXfixes.so.3.1.0
7fc007426000-7fc007427000 rw-p 00005000 fd:01 20061959                   /usr/lib/x86_64-linux-gnu/libXfixes.so.3.1.0
7fc007427000-7fc007429000 r-xp 00000000 fd:01 20061953                   /usr/lib/x86_64-linux-gnu/libXdamage.so.1.1.0
7fc007429000-7fc007628000 ---p 00002000 fd:01 20061953                   /usr/lib/x86_64-linux-gnu/libXdamage.so.1.1.0
7fc007628000-7fc007629000 r--p 00001000 fd:01 20061953                   /usr/lib/x86_64-linux-gnu/libXdamage.so.1.1.0
7fc007629000-7fc00762a000 rw-p 00002000 fd:01 20061953                   /usr/lib/x86_64-linux-gnu/libXdamage.so.1.1.0
7fc00762a000-7fc00763b000 r-xp 00000000 fd:01 20061957                   /usr/lib/x86_64-linux-gnu/libXext.so.6.4.0
7fc00763b000-7fc00783a000 ---p 00011000 fd:01 20061957                   /usr/lib/x86_64-linux-gnu/libXext.so.6.4.0
7fc00783a000-7fc00783b000 r--p 00010000 fd:01 20061957                   /usr/lib/x86_64-linux-gnu/libXext.so.6.4.0
7fc00783b000-7fc00783c000 rw-p 00011000 fd:01 20061957                   /usr/lib/x86_64-linux-gnu/libXext.so.6.4.0
7fc00783c000-7fc007866000 r-xp 00000000 fd:01 20062457                   /usr/lib/x86_64-linux-gnu/libglapi.so.0.0.0
7fc007866000-7fc007a65000 ---p 0002a000 fd:01 20062457                   /usr/lib/x86_64-linux-gnu/libglapi.so.0.0.0
7fc007a65000-7fc007a69000 r--p 00029000 fd:01 20062457                   /usr/lib/x86_64-linux-gnu/libglapi.so.0.0.0
7fc007a69000-7fc007a6a000 rw-p 0002d000 fd:01 20062457                   /usr/lib/x86_64-linux-gnu/libglapi.so.0.0.0
7fc007a6a000-7fc007a6b000 rw-p 00000000 00:00 0 
7fc007a6b000-7fc007a6c000 r-xp 00000000 fd:01 20063374                   /usr/lib/x86_64-linux-gnu/libxshmfence.so.1.0.0
7fc007a6c000-7fc007c6c000 ---p 00001000 fd:01 20063374                   /usr/lib/x86_64-linux-gnu/libxshmfence.so.1.0.0
7fc007c6c000-7fc007c6d000 r--p 00001000 fd:01 20063374                   /usr/lib/x86_64-linux-gnu/libxshmfence.so.1.0.0
7fc007c6d000-7fc007c6e000 rw-p 00002000 fd:01 20063374                   /usr/lib/x86_64-linux-gnu/libxshmfence.so.1.0.0
7fc007c6e000-7fc007c73000 r-xp 00000000 fd:01 20063354                   /usr/lib/x86_64-linux-gnu/libxcb-sync.so.1.0.0
7fc007c73000-7fc007e73000 ---p 00005000 fd:01 20063354                   /usr/lib/x86_64-linux-gnu/libxcb-sync.so.1.0.0
7fc007e73000-7fc007e74000 r--p 00005000 fd:01 20063354                   /usr/lib/x86_64-linux-gnu/libxcb-sync.so.1.0.0
7fc007e74000-7fc007e75000 rw-p 00006000 fd:01 20063354                   /usr/lib/x86_64-linux-gnu/libxcb-sync.so.1.0.0
7fc007e75000-7fc007e77000 r-xp 00000000 fd:01 20063342                   /usr/lib/x86_64-linux-gnu/libxcb-present.so.0.0.0
7fc007e77000-7fc008076000 ---p 00002000 fd:01 20063342                   /usr/lib/x86_64-linux-gnu/libxcb-present.so.0.0.0
7fc008076000-7fc008077000 r--p 00001000 fd:01 20063342                   /usr/lib/x86_64-linux-gnu/libxcb-present.so.0.0.0
7fc008077000-7fc008078000 rw-p 00002000 fd:01 20063342                   /usr/lib/x86_64-linux-gnu/libxcb-present.so.0.0.0
7fc008078000-7fc00807a000 r-xp 00000000 fd:01 20063332                   /usr/lib/x86_64-linux-gnu/libxcb-dri3.so.0.0.0
7fc00807a000-7fc008279000 ---p 00002000 fd:01 20063332                   /usr/lib/x86_64-linux-gnu/libxcb-dri3.so.0.0.0
7fc008279000-7fc00827a000 r--p 00001000 fd:01 20063332                   /usr/lib/x86_64-linux-gnu/libxcb-dri3.so.0.0.0
7fc00827a000-7fc00827b000 rw-p 00002000 fd:01 20063332                   /usr/lib/x86_64-linux-gnu/libxcb-dri3.so.0.0.0
7fc00827b000-7fc0082a1000 r-xp 00000000 fd:01 14946789                   /lib/x86_64-linux-gnu/libexpat.so.1.6.0
7fc0082a1000-7fc0084a1000 ---p 00026000 fd:01 14946789                   /lib/x86_64-linux-gnu/libexpat.so.1.6.0
7fc0084a1000-7fc0084a3000 r--p 00026000 fd:01 14946789                   /lib/x86_64-linux-gnu/libexpat.so.1.6.0
7fc0084a3000-7fc0084a4000 rw-p 00028000 fd:01 14946789                   /lib/x86_64-linux-gnu/libexpat.so.1.6.0
7fc0084a4000-7fc008512000 r-xp 00000000 fd:01 20319117                   /usr/lib/x86_64-linux-gnu/mesa/libGL.so.1.2.0
7fc008512000-7fc008711000 ---p 0006e000 fd:01 20319117                   /usr/lib/x86_64-linux-gnu/mesa/libGL.so.1.2.0
7fc008711000-7fc008714000 r--p 0006d000 fd:01 20319117                   /usr/lib/x86_64-linux-gnu/mesa/libGL.so.1.2.0
7fc008714000-7fc008715000 rw-p 00070000 fd:01 20319117                   /usr/lib/x86_64-linux-gnu/mesa/libGL.so.1.2.0
7fc008715000-7fc008716000 rw-p 00000000 00:00 0 
7fc008716000-7fc008781000 r-xp 00000000 fd:01 7602205                    /tmp/lwjglroot/3.1.3-SNAPSHOT/liblwjgl_opengl.so
7fc008781000-7fc008980000 ---p 0006b000 fd:01 7602205                    /tmp/lwjglroot/3.1.3-SNAPSHOT/liblwjgl_opengl.so
7fc008980000-7fc008981000 r--p 0006a000 fd:01 7602205                    /tmp/lwjglroot/3.1.3-SNAPSHOT/liblwjgl_opengl.so
7fc008981000-7fc008982000 rw-p 0006b000 fd:01 7602205                    /tmp/lwjglroot/3.1.3-SNAPSHOT/liblwjgl_opengl.so
7fc008982000-7fc0089d3000 r-xp 00000000 fd:01 7602203                    /tmp/lwjglroot/3.1.3-SNAPSHOT/liblwjgl.so
7fc0089d3000-7fc008bd2000 ---p 00051000 fd:01 7602203                    /tmp/lwjglroot/3.1.3-SNAPSHOT/liblwjgl.so
7fc008bd2000-7fc008bd3000 r--p 00050000 fd:01 7602203                    /tmp/lwjglroot/3.1.3-SNAPSHOT/liblwjgl.so
7fc008bd3000-7fc008bd4000 rw-p 00051000 fd:01 7602203                    /tmp/lwjglroot/3.1.3-SNAPSHOT/liblwjgl.so
7fc008bd4000-7fc00bbd5000 rw-p 00000000 00:00 0 
7fc00bbd5000-7fc00bbec000 r-xp 00000000 fd:01 20187689                   /usr/lib/jvm/java-8-openjdk-amd64/jre/lib/amd64/libnet.so
7fc00bbec000-7fc00bdeb000 ---p 00017000 fd:01 20187689                   /usr/lib/jvm/java-8-openjdk-amd64/jre/lib/amd64/libnet.so
7fc00bdeb000-7fc00bdec000 r--p 00016000 fd:01 20187689                   /usr/lib/jvm/java-8-openjdk-amd64/jre/lib/amd64/libnet.so
7fc00bdec000-7fc00bded000 rw-p 00017000 fd:01 20187689                   /usr/lib/jvm/java-8-openjdk-amd64/jre/lib/amd64/libnet.so
7fc00bded000-7fc00bdfe000 r-xp 00000000 fd:01 20187199                   /usr/lib/jvm/java-8-openjdk-amd64/jre/lib/amd64/libnio.so
7fc00bdfe000-7fc00bffe000 ---p 00011000 fd:01 20187199                   /usr/lib/jvm/java-8-openjdk-amd64/jre/lib/amd64/libnio.so
7fc00bffe000-7fc00bfff000 r--p 00011000 fd:01 20187199                   /usr/lib/jvm/java-8-openjdk-amd64/jre/lib/amd64/libnio.so
7fc00bfff000-7fc00c000000 rw-p 00012000 fd:01 20187199                   /usr/lib/jvm/java-8-openjdk-amd64/jre/lib/amd64/libnio.so
7fc00c000000-7fc00c021000 rw-p 00000000 00:00 0 
7fc00c021000-7fc010000000 ---p 00000000 00:00 0 
7fc010000000-7fc010021000 rw-p 00000000 00:00 0 
7fc010021000-7fc014000000 ---p 00000000 00:00 0 
7fc014000000-7fc014050000 rw-p 00000000 00:00 0 
7fc014050000-7fc018000000 ---p 00000000 00:00 0 
7fc018000000-7fc0181d9000 rw-p 00000000 00:00 0 
7fc0181d9000-7fc01c000000 ---p 00000000 00:00 0 
7fc01c000000-7fc01c021000 rw-p 00000000 00:00 0 
7fc01c021000-7fc020000000 ---p 00000000 00:00 0 
7fc020000000-7fc02009a000 rw-p 00000000 00:00 0 
7fc02009a000-7fc024000000 ---p 00000000 00:00 0 
7fc024000000-7fc024021000 rw-p 00000000 00:00 0 
7fc024021000-7fc028000000 ---p 00000000 00:00 0 
7fc028000000-7fc028021000 rw-p 00000000 00:00 0 
7fc028021000-7fc02c000000 ---p 00000000 00:00 0 
7fc02c000000-7fc02c021000 rw-p 00000000 00:00 0 
7fc02c021000-7fc030000000 ---p 00000000 00:00 0 
7fc030000000-7fc030021000 rw-p 00000000 00:00 0 
7fc030021000-7fc034000000 ---p 00000000 00:00 0 
7fc034115000-7fc034128000 r--s 00346000 fd:01 20187705                   /usr/lib/jvm/java-8-openjdk-amd64/jre/lib/resources.jar
7fc034128000-7fc03413a000 r--s 00139000 00:2d 24906636                   /home/daan/lwjgl3/lwjgl-vulkan.jar
7fc03413a000-7fc03413b000 r--s 00030000 00:2d 24906645                   /home/daan/lwjgl3/lwjgl-tinyfd-natives-windows.jar
7fc03413b000-7fc03413c000 r--s 00007000 00:2d 24906627                   /home/daan/lwjgl3/lwjgl-tinyfd-natives-macos.jar
7fc03413c000-7fc03413d000 r--s 00007000 00:2d 24906625                   /home/daan/lwjgl3/lwjgl-tinyfd-natives-linux.jar
7fc03413d000-7fc03413e000 r--s 00001000 00:2d 24906629                   /home/daan/lwjgl3/lwjgl-tinyfd.jar
7fc03413e000-7fc03413f000 r--s 00074000 00:2d 24906642                   /home/daan/lwjgl3/lwjgl-stb-natives-windows.jar
7fc03413f000-7fc034140000 r--s 0002a000 00:2d 24906643                   /home/daan/lwjgl3/lwjgl-stb-natives-macos.jar
7fc034140000-7fc034141000 r--s 00030000 00:2d 24906621                   /home/daan/lwjgl3/lwjgl-stb-natives-linux.jar
7fc034141000-7fc034143000 r--s 00015000 00:2d 24906623                   /home/daan/lwjgl3/lwjgl-stb.jar
7fc034143000-7fc034144000 r--s 00031000 00:2d 24906633                   /home/daan/lwjgl3/lwjgl-par-natives-windows.jar
7fc034144000-7fc034145000 r--s 00004000 00:2d 24906618                   /home/daan/lwjgl3/lwjgl-par-natives-macos.jar
7fc034145000-7fc034146000 r--s 00005000 00:2d 24905606                   /home/daan/lwjgl3/lwjgl-par-natives-linux.jar
7fc034146000-7fc034147000 r--s 00002000 00:2d 24906617                   /home/daan/lwjgl3/lwjgl-par.jar
7fc034147000-7fc034148000 r--s 0002a000 00:2d 24906632                   /home/daan/lwjgl3/lwjgl-opengl-natives-windows.jar
7fc034148000-7fc034149000 r--s 0000b000 00:2d 24905605                   /home/daan/lwjgl3/lwjgl-opengl-natives-macos.jar
7fc034149000-7fc03414a000 r--s 00016000 00:2d 24905578                   /home/daan/lwjgl3/lwjgl-opengl-natives-linux.jar
7fc03414a000-7fc034154000 r--s 000be000 00:2d 24905603                   /home/daan/lwjgl3/lwjgl-opengl.jar
7fc034154000-7fc034155000 r--s 00104000 00:2d 24906646                   /home/daan/lwjgl3/lwjgl-openal-natives-windows.jar
7fc034155000-7fc034157000 r--s 00063000 00:2d 24906626                   /home/daan/lwjgl3/lwjgl-openal-natives-macos.jar
7fc034157000-7fc034158000 r--s 00077000 00:2d 24905570                   /home/daan/lwjgl3/lwjgl-openal-natives-linux.jar
7fc034158000-7fc03415a000 r--s 00011000 00:2d 24905573                   /home/daan/lwjgl3/lwjgl-openal.jar
7fc03415a000-7fc03415b000 r--s 00040000 00:2d 24906630                   /home/daan/lwjgl3/lwjgl-nuklear-natives-windows.jar
7fc03415b000-7fc03415c000 r--s 0002d000 00:2d 24906620                   /home/daan/lwjgl3/lwjgl-nuklear-natives-macos.jar
7fc03415c000-7fc03415d000 r--s 00021000 00:2d 24905562                   /home/daan/lwjgl3/lwjgl-nuklear-natives-linux.jar
7fc03415d000-7fc034163000 r--s 0005a000 00:2d 24905568                   /home/daan/lwjgl3/lwjgl-nuklear.jar
7fc034163000-7fc034164000 r--s 0001f000 00:2d 24905565                   /home/daan/lwjgl3/lwjgl-nfd-natives-windows.jar
7fc034164000-7fc034165000 r--s 00001000 00:2d 24905555                   /home/daan/lwjgl3/lwjgl-nfd-natives-macos.jar
7fc034165000-7fc034166000 r--s 00001000 00:2d 24905554                   /home/daan/lwjgl3/lwjgl-nfd-natives-linux.jar
7fc034166000-7fc034167000 r--s 00001000 00:2d 24905557                   /home/daan/lwjgl3/lwjgl-nfd.jar
7fc034167000-7fc034169000 r--s 00037000 00:2d 24906647                   /home/daan/lwjgl3/lwjgl-natives-windows.jar
7fc034169000-7fc03416a000 r--s 00008000 00:2d 24906644                   /home/daan/lwjgl3/lwjgl-natives-macos.jar
7fc03416a000-7fc03416b000 r--s 00012000 00:2d 24906639                   /home/daan/lwjgl3/lwjgl-natives-linux.jar
7fc03416b000-7fc03416c000 r--s 0005d000 00:2d 24906597                   /home/daan/lwjgl3/lwjgl-nanovg-natives-windows.jar
7fc03416c000-7fc03416d000 r--s 0001d000 00:2d 24905564                   /home/daan/lwjgl3/lwjgl-nanovg-natives-macos.jar
7fc03416d000-7fc03416e000 r--s 00021000 00:2d 24905549                   /home/daan/lwjgl3/lwjgl-nanovg-natives-linux.jar
7fc03416e000-7fc03416f000 r--s 00009000 00:2d 24905551                   /home/daan/lwjgl3/lwjgl-nanovg.jar
7fc03416f000-7fc034170000 r--s 00030000 00:2d 24905577                   /home/daan/lwjgl3/lwjgl-jemalloc-natives-windows.jar
7fc034170000-7fc034171000 r--s 00017000 00:2d 24905569                   /home/daan/lwjgl3/lwjgl-jemalloc-natives-macos.jar
7fc034171000-7fc034172000 r--s 0001f000 00:2d 24905543                   /home/daan/lwjgl3/lwjgl-jemalloc-natives-linux.jar
7fc034172000-7fc034176000 r--s 00017000 00:2d 24905540                   /home/daan/lwjgl3/lwjgl-glfw.jar
7fc034176000-7fc03417a000 r--s 00042000 00:2d 24906641                   /home/daan/lwjgl3/lwjgl.jar
7fc03417a000-7fc03417b000 ---p 00000000 00:00 0 
7fc03417b000-7fc03427b000 rw-p 00000000 00:00 0 
7fc03427b000-7fc03427e000 ---p 00000000 00:00 0 
7fc03427e000-7fc03437c000 rw-p 00000000 00:00 0 
7fc03437c000-7fc03437f000 ---p 00000000 00:00 0 
7fc03437f000-7fc03447d000 rw-p 00000000 00:00 0 
7fc03447d000-7fc034480000 ---p 00000000 00:00 0 
7fc034480000-7fc03457e000 rw-p 00000000 00:00 0 
7fc03457e000-7fc034581000 ---p 00000000 00:00 0 
7fc034581000-7fc03467f000 rw-p 00000000 00:00 0 
7fc03467f000-7fc034682000 ---p 00000000 00:00 0 
7fc034682000-7fc034780000 rw-p 00000000 00:00 0 
7fc034780000-7fc035140000 r--p 00000000 fd:01 20060977                   /usr/lib/locale/locale-archive
7fc035140000-7fc035143000 ---p 00000000 00:00 0 
7fc035143000-7fc035241000 rw-p 00000000 00:00 0 
7fc035241000-7fc035244000 ---p 00000000 00:00 0 
7fc035244000-7fc035342000 rw-p 00000000 00:00 0 
7fc035342000-7fc035343000 ---p 00000000 00:00 0 
7fc035343000-7fc038000000 rw-p 00000000 00:00 0 
7fc038000000-7fc038021000 rw-p 00000000 00:00 0 
7fc038021000-7fc03c000000 ---p 00000000 00:00 0 
7fc03c000000-7fc03c021000 rw-p 00000000 00:00 0 
7fc03c021000-7fc040000000 ---p 00000000 00:00 0 
7fc040000000-7fc040021000 rw-p 00000000 00:00 0 
7fc040021000-7fc044000000 ---p 00000000 00:00 0 
7fc044000000-7fc044002000 r--s 00008000 00:2d 24905545                   /home/daan/lwjgl3/lwjgl-jemalloc.jar
7fc044002000-7fc044003000 r--s 0003c000 00:2d 24905576                   /home/daan/lwjgl3/lwjgl-glfw-natives-windows.jar
7fc044003000-7fc044008000 r--s 0003b000 fd:01 20186076                   /usr/lib/jvm/java-8-openjdk-amd64/jre/lib/ext/sunjce_provider.jar
7fc044008000-7fc044012000 r--s 00116000 fd:01 20185952                   /usr/lib/jvm/java-8-openjdk-amd64/jre/lib/ext/localedata.jar
7fc044012000-7fc044014000 r--s 00001000 fd:01 20186002                   /usr/lib/jvm/java-8-openjdk-amd64/jre/lib/ext/dnsns.jar
7fc044014000-7fc04402f000 r--s 001d6000 fd:01 20185732                   /usr/lib/jvm/java-8-openjdk-amd64/jre/lib/ext/nashorn.jar
7fc04402f000-7fc04404a000 r--s 00394000 fd:01 20185556                   /usr/lib/jvm/java-8-openjdk-amd64/jre/lib/ext/cldrdata.jar
7fc04404a000-7fc0442d0000 rw-p 00000000 00:00 0 
7fc0442d0000-7fc04449e000 r--s 03c13000 fd:01 20185503                   /usr/lib/jvm/java-8-openjdk-amd64/jre/lib/rt.jar
7fc04449e000-7fc0449d4000 rw-p 00000000 00:00 0 
7fc0449d4000-7fc044d14000 ---p 00000000 00:00 0 
7fc044d14000-7fc044eff000 rw-p 00000000 00:00 0 
7fc044eff000-7fc044f00000 ---p 00000000 00:00 0 
7fc044f00000-7fc045000000 rw-p 00000000 00:00 0 
7fc045000000-7fc045270000 rwxp 00000000 00:00 0 
7fc045270000-7fc054000000 ---p 00000000 00:00 0 
7fc054000000-7fc0542fb000 rw-p 00000000 00:00 0 
7fc0542fb000-7fc058000000 ---p 00000000 00:00 0 
7fc058000000-7fc058001000 r--s 0000d000 00:2d 24905563                   /home/daan/lwjgl3/lwjgl-glfw-natives-macos.jar
7fc058001000-7fc058005000 r--s 00037000 fd:01 20185991                   /usr/lib/jvm/java-8-openjdk-amd64/jre/lib/ext/sunpkcs11.jar
7fc058005000-7fc058026000 rw-p 00000000 00:00 0 
7fc058026000-7fc058027000 ---p 00000000 00:00 0 
7fc058027000-7fc058127000 rw-p 00000000 00:00 0 
7fc058127000-7fc058128000 ---p 00000000 00:00 0 
7fc058128000-7fc058228000 rw-p 00000000 00:00 0 
7fc058228000-7fc058229000 ---p 00000000 00:00 0 
7fc058229000-7fc05833e000 rw-p 00000000 00:00 0 
7fc05833e000-7fc058471000 ---p 00000000 00:00 0 
7fc058471000-7fc058486000 rw-p 00000000 00:00 0 
7fc058486000-7fc0585b8000 ---p 00000000 00:00 0 
7fc0585b8000-7fc0585c3000 rw-p 00000000 00:00 0 
7fc0585c3000-7fc05865c000 ---p 00000000 00:00 0 
7fc05865c000-7fc058667000 rw-p 00000000 00:00 0 
7fc058667000-7fc058a1d000 ---p 00000000 00:00 0 
7fc058a1d000-7fc058a25000 r-xp 00000000 fd:01 20187678                   /usr/lib/jvm/java-8-openjdk-amd64/jre/lib/amd64/libzip.so
7fc058a25000-7fc058c24000 ---p 00008000 fd:01 20187678                   /usr/lib/jvm/java-8-openjdk-amd64/jre/lib/amd64/libzip.so
7fc058c24000-7fc058c25000 r--p 00007000 fd:01 20187678                   /usr/lib/jvm/java-8-openjdk-amd64/jre/lib/amd64/libzip.so
7fc058c25000-7fc058c26000 rw-p 00008000 fd:01 20187678                   /usr/lib/jvm/java-8-openjdk-amd64/jre/lib/amd64/libzip.so
7fc058c26000-7fc058c31000 r-xp 00000000 fd:01 14946857                   /lib/x86_64-linux-gnu/libnss_files-2.23.so
7fc058c31000-7fc058e30000 ---p 0000b000 fd:01 14946857                   /lib/x86_64-linux-gnu/libnss_files-2.23.so
7fc058e30000-7fc058e31000 r--p 0000a000 fd:01 14946857                   /lib/x86_64-linux-gnu/libnss_files-2.23.so
7fc058e31000-7fc058e32000 rw-p 0000b000 fd:01 14946857                   /lib/x86_64-linux-gnu/libnss_files-2.23.so
7fc058e32000-7fc058e38000 rw-p 00000000 00:00 0 
7fc058e38000-7fc058e43000 r-xp 00000000 fd:01 14946867                   /lib/x86_64-linux-gnu/libnss_nis-2.23.so
7fc058e43000-7fc059042000 ---p 0000b000 fd:01 14946867                   /lib/x86_64-linux-gnu/libnss_nis-2.23.so
7fc059042000-7fc059043000 r--p 0000a000 fd:01 14946867                   /lib/x86_64-linux-gnu/libnss_nis-2.23.so
7fc059043000-7fc059044000 rw-p 0000b000 fd:01 14946867                   /lib/x86_64-linux-gnu/libnss_nis-2.23.so
7fc059044000-7fc05905a000 r-xp 00000000 fd:01 14946851                   /lib/x86_64-linux-gnu/libnsl-2.23.so
7fc05905a000-7fc059259000 ---p 00016000 fd:01 14946851                   /lib/x86_64-linux-gnu/libnsl-2.23.so
7fc059259000-7fc05925a000 r--p 00015000 fd:01 14946851                   /lib/x86_64-linux-gnu/libnsl-2.23.so
7fc05925a000-7fc05925b000 rw-p 00016000 fd:01 14946851                   /lib/x86_64-linux-gnu/libnsl-2.23.so
7fc05925b000-7fc05925d000 rw-p 00000000 00:00 0 
7fc05925d000-7fc059265000 r-xp 00000000 fd:01 14946853                   /lib/x86_64-linux-gnu/libnss_compat-2.23.so
7fc059265000-7fc059464000 ---p 00008000 fd:01 14946853                   /lib/x86_64-linux-gnu/libnss_compat-2.23.so
7fc059464000-7fc059465000 r--p 00007000 fd:01 14946853                   /lib/x86_64-linux-gnu/libnss_compat-2.23.so
7fc059465000-7fc059466000 rw-p 00008000 fd:01 14946853                   /lib/x86_64-linux-gnu/libnss_compat-2.23.so
7fc059466000-7fc059493000 r-xp 00000000 fd:01 20187695                   /usr/lib/jvm/java-8-openjdk-amd64/jre/lib/amd64/libjava.so
7fc059493000-7fc059692000 ---p 0002d000 fd:01 20187695                   /usr/lib/jvm/java-8-openjdk-amd64/jre/lib/amd64/libjava.so
7fc059692000-7fc059693000 r--p 0002c000 fd:01 20187695                   /usr/lib/jvm/java-8-openjdk-amd64/jre/lib/amd64/libjava.so
7fc059693000-7fc059695000 rw-p 0002d000 fd:01 20187695                   /usr/lib/jvm/java-8-openjdk-amd64/jre/lib/amd64/libjava.so
7fc059695000-7fc0596a4000 r-xp 00000000 fd:01 20187203                   /usr/lib/jvm/java-8-openjdk-amd64/jre/lib/amd64/libverify.so
7fc0596a4000-7fc0598a3000 ---p 0000f000 fd:01 20187203                   /usr/lib/jvm/java-8-openjdk-amd64/jre/lib/amd64/libverify.so
7fc0598a3000-7fc0598a5000 r--p 0000e000 fd:01 20187203                   /usr/lib/jvm/java-8-openjdk-amd64/jre/lib/amd64/libverify.so
7fc0598a5000-7fc0598a6000 rw-p 00010000 fd:01 20187203                   /usr/lib/jvm/java-8-openjdk-amd64/jre/lib/amd64/libverify.so
7fc0598a6000-7fc0598ad000 r-xp 00000000 fd:01 14946912                   /lib/x86_64-linux-gnu/librt-2.23.so
7fc0598ad000-7fc059aac000 ---p 00007000 fd:01 14946912                   /lib/x86_64-linux-gnu/librt-2.23.so
7fc059aac000-7fc059aad000 r--p 00006000 fd:01 14946912                   /lib/x86_64-linux-gnu/librt-2.23.so
7fc059aad000-7fc059aae000 rw-p 00007000 fd:01 14946912                   /lib/x86_64-linux-gnu/librt-2.23.so
7fc059aae000-7fc059ac4000 r-xp 00000000 fd:01 14946796                   /lib/x86_64-linux-gnu/libgcc_s.so.1
7fc059ac4000-7fc059cc3000 ---p 00016000 fd:01 14946796                   /lib/x86_64-linux-gnu/libgcc_s.so.1
7fc059cc3000-7fc059cc4000 rw-p 00015000 fd:01 14946796                   /lib/x86_64-linux-gnu/libgcc_s.so.1
7fc059cc4000-7fc059dcc000 r-xp 00000000 fd:01 14946828                   /lib/x86_64-linux-gnu/libm-2.23.so
7fc059dcc000-7fc059fcb000 ---p 00108000 fd:01 14946828                   /lib/x86_64-linux-gnu/libm-2.23.so
7fc059fcb000-7fc059fcc000 r--p 00107000 fd:01 14946828                   /lib/x86_64-linux-gnu/libm-2.23.so
7fc059fcc000-7fc059fcd000 rw-p 00108000 fd:01 14946828                   /lib/x86_64-linux-gnu/libm-2.23.so
7fc059fcd000-7fc05a13f000 r-xp 00000000 fd:01 20055626                   /usr/lib/x86_64-linux-gnu/libstdc++.so.6.0.21
7fc05a13f000-7fc05a33f000 ---p 00172000 fd:01 20055626                   /usr/lib/x86_64-linux-gnu/libstdc++.so.6.0.21
7fc05a33f000-7fc05a349000 r--p 00172000 fd:01 20055626                   /usr/lib/x86_64-linux-gnu/libstdc++.so.6.0.21
7fc05a349000-7fc05a34b000 rw-p 0017c000 fd:01 20055626                   /usr/lib/x86_64-linux-gnu/libstdc++.so.6.0.21
7fc05a34b000-7fc05a34f000 rw-p 00000000 00:00 0 
7fc05a34f000-7fc05afa3000 r-xp 00000000 fd:01 20187676                   /usr/lib/jvm/java-8-openjdk-amd64/jre/lib/amd64/server/libjvm.so
7fc05afa3000-7fc05b1a3000 ---p 00c54000 fd:01 20187676                   /usr/lib/jvm/java-8-openjdk-amd64/jre/lib/amd64/server/libjvm.so
7fc05b1a3000-7fc05b236000 r--p 00c54000 fd:01 20187676                   /usr/lib/jvm/java-8-openjdk-amd64/jre/lib/amd64/server/libjvm.so
7fc05b236000-7fc05b25f000 rw-p 00ce7000 fd:01 20187676                   /usr/lib/jvm/java-8-openjdk-amd64/jre/lib/amd64/server/libjvm.so
7fc05b25f000-7fc05b28f000 rw-p 00000000 00:00 0 
7fc05b28f000-7fc05b2a7000 r-xp 00000000 fd:01 14946904                   /lib/x86_64-linux-gnu/libpthread-2.23.so
7fc05b2a7000-7fc05b4a6000 ---p 00018000 fd:01 14946904                   /lib/x86_64-linux-gnu/libpthread-2.23.so
7fc05b4a6000-7fc05b4a7000 r--p 00017000 fd:01 14946904                   /lib/x86_64-linux-gnu/libpthread-2.23.so
7fc05b4a7000-7fc05b4a8000 rw-p 00018000 fd:01 14946904                   /lib/x86_64-linux-gnu/libpthread-2.23.so
7fc05b4a8000-7fc05b4ac000 rw-p 00000000 00:00 0 
7fc05b4ac000-7fc05b4af000 r-xp 00000000 fd:01 14946782                   /lib/x86_64-linux-gnu/libdl-2.23.so
7fc05b4af000-7fc05b6ae000 ---p 00003000 fd:01 14946782                   /lib/x86_64-linux-gnu/libdl-2.23.so
7fc05b6ae000-7fc05b6af000 r--p 00002000 fd:01 14946782                   /lib/x86_64-linux-gnu/libdl-2.23.so
7fc05b6af000-7fc05b6b0000 rw-p 00003000 fd:01 14946782                   /lib/x86_64-linux-gnu/libdl-2.23.so
7fc05b6b0000-7fc05b6c9000 r-xp 00000000 fd:01 14946949                   /lib/x86_64-linux-gnu/libz.so.1.2.8
7fc05b6c9000-7fc05b8c8000 ---p 00019000 fd:01 14946949                   /lib/x86_64-linux-gnu/libz.so.1.2.8
7fc05b8c8000-7fc05b8c9000 r--p 00018000 fd:01 14946949                   /lib/x86_64-linux-gnu/libz.so.1.2.8
7fc05b8c9000-7fc05b8ca000 rw-p 00019000 fd:01 14946949                   /lib/x86_64-linux-gnu/libz.so.1.2.8
7fc05b8ca000-7fc05ba8a000 r-xp 00000000 fd:01 14946758                   /lib/x86_64-linux-gnu/libc-2.23.so
7fc05ba8a000-7fc05bc8a000 ---p 001c0000 fd:01 14946758                   /lib/x86_64-linux-gnu/libc-2.23.so
7fc05bc8a000-7fc05bc8e000 r--p 001c0000 fd:01 14946758                   /lib/x86_64-linux-gnu/libc-2.23.so
7fc05bc8e000-7fc05bc90000 rw-p 001c4000 fd:01 14946758                   /lib/x86_64-linux-gnu/libc-2.23.so
7fc05bc90000-7fc05bc94000 rw-p 00000000 00:00 0 
7fc05bc94000-7fc05bca1000 r-xp 00000000 fd:01 20187201                   /usr/lib/jvm/java-8-openjdk-amd64/jre/lib/amd64/jli/libjli.so
7fc05bca1000-7fc05bea1000 ---p 0000d000 fd:01 20187201                   /usr/lib/jvm/java-8-openjdk-amd64/jre/lib/amd64/jli/libjli.so
7fc05bea1000-7fc05bea2000 r--p 0000d000 fd:01 20187201                   /usr/lib/jvm/java-8-openjdk-amd64/jre/lib/amd64/jli/libjli.so
7fc05bea2000-7fc05bea3000 rw-p 0000e000 fd:01 20187201                   /usr/lib/jvm/java-8-openjdk-amd64/jre/lib/amd64/jli/libjli.so
7fc05bea3000-7fc05bec9000 r-xp 00000000 fd:01 14946730                   /lib/x86_64-linux-gnu/ld-2.23.so
7fc05bec9000-7fc05beca000 r--s 00011000 00:2d 24905538                   /home/daan/lwjgl3/lwjgl-glfw-natives-linux.jar
7fc05beca000-7fc05becc000 r--s 00008000 fd:01 20186090                   /usr/lib/jvm/java-8-openjdk-amd64/jre/lib/ext/sunec.jar
7fc05becc000-7fc05becf000 r--s 0000f000 fd:01 20186087                   /usr/lib/jvm/java-8-openjdk-amd64/jre/lib/ext/icedtea-sound.jar
7fc05becf000-7fc05bfa0000 rw-p 00000000 00:00 0 
7fc05bfa0000-7fc05bfa3000 ---p 00000000 00:00 0 
7fc05bfa3000-7fc05c0a6000 rw-p 00000000 00:00 0 
7fc05c0a6000-7fc05c0a7000 r--s 0000a000 fd:01 20186064                   /usr/lib/jvm/java-8-openjdk-amd64/jre/lib/ext/jaccess.jar
7fc05c0a7000-7fc05c0a8000 r--s 00010000 fd:01 20187194                   /usr/lib/jvm/java-8-openjdk-amd64/jre/lib/ext/zipfs.jar
7fc05c0a8000-7fc05c0bc000 rw-p 00000000 00:00 0 
7fc05c0bc000-7fc05c0c4000 rw-s 00000000 fd:01 7602214                    /tmp/hsperfdata_root/11357
7fc05c0c4000-7fc05c0c5000 rw-p 00000000 00:00 0 
7fc05c0c5000-7fc05c0c6000 r--p 00000000 00:00 0 
7fc05c0c6000-7fc05c0c8000 rw-p 00000000 00:00 0 
7fc05c0c8000-7fc05c0c9000 r--p 00025000 fd:01 14946730                   /lib/x86_64-linux-gnu/ld-2.23.so
7fc05c0c9000-7fc05c0ca000 rw-p 00026000 fd:01 14946730                   /lib/x86_64-linux-gnu/ld-2.23.so
7fc05c0ca000-7fc05c0cb000 rw-p 00000000 00:00 0 
7ffce7efd000-7ffce7f1f000 rw-p 00000000 00:00 0                          [stack]
7ffce7f58000-7ffce7f5a000 r--p 00000000 00:00 0                          [vvar]
7ffce7f5a000-7ffce7f5c000 r-xp 00000000 00:00 0                          [vdso]
ffffffffff600000-ffffffffff601000 r-xp 00000000 00:00 0                  [vsyscall]

VM Arguments:
jvm_args: -Dfile.encoding=UTF-8 
java_command: Main
java_class_path (initial): /home/daan/lwjgl3/lwjgl.jar:/home/daan/lwjgl3/lwjgl-glfw.jar:/home/daan/lwjgl3/lwjgl-glfw-natives-linux.jar:/home/daan/lwjgl3/lwjgl-glfw-natives-macos.jar:/home/daan/lwjgl3/lwjgl-glfw-natives-windows.jar:/home/daan/lwjgl3/lwjgl-jemalloc.jar:/home/daan/lwjgl3/lwjgl-jemalloc-natives-linux.jar:/home/daan/lwjgl3/lwjgl-jemalloc-natives-macos.jar:/home/daan/lwjgl3/lwjgl-jemalloc-natives-windows.jar:/home/daan/lwjgl3/lwjgl-nanovg.jar:/home/daan/lwjgl3/lwjgl-nanovg-natives-linux.jar:/home/daan/lwjgl3/lwjgl-nanovg-natives-macos.jar:/home/daan/lwjgl3/lwjgl-nanovg-natives-windows.jar:/home/daan/lwjgl3/lwjgl-natives-linux.jar:/home/daan/lwjgl3/lwjgl-natives-macos.jar:/home/daan/lwjgl3/lwjgl-natives-windows.jar:/home/daan/lwjgl3/lwjgl-nfd.jar:/home/daan/lwjgl3/lwjgl-nfd-natives-linux.jar:/home/daan/lwjgl3/lwjgl-nfd-natives-macos.jar:/home/daan/lwjgl3/lwjgl-nfd-natives-windows.jar:/home/daan/lwjgl3/lwjgl-nuklear.jar:/home/daan/lwjgl3/lwjgl-nuklear-natives-linux.jar:/home/daan/lwjgl3/lwjgl-nuklear-natives-macos.jar:/home/daan/lwjgl3/lwjgl-nuklear-natives-windows.jar:/home/daan/lwjgl3/lwjgl-openal.jar:/home/daan/lwjgl3/lwjgl-openal-natives-linux.jar:/home/daan/lwjgl3/lwjgl-openal-natives-macos.jar:/home/daan/lwjgl3/lwjgl-openal-natives-windows.jar:/home/daan/lwjgl3/lwjgl-opengl.jar:/home/daan/lwjgl3/lwjgl-opengl-natives-linux.jar:/home/daan/lwjgl3/lwjgl-opengl-natives-macos.jar:/home/daan/lwjgl3/lwjgl-opengl-natives-windows.jar:/home/daan/lwjgl3/lwjgl-par.jar:/home/daan/lwjgl3/lwjgl-par-natives-linux.jar:/home/daan/lwjgl3/lwjgl-par-natives-macos.jar:/home/daan/lwjgl3/lwjgl-par-natives-windows.jar:/home/daan/lwjgl3/lwjgl-stb.jar:/home/daan/lwjgl3/lwjgl-stb-natives-linux.jar:/home/daan/lwjgl3/lwjgl-stb-natives-macos.jar:/home/daan/lwjgl3/lwjgl-stb-natives-windows.jar:/home/daan/lwjgl3/lwjgl-tinyfd.jar:/home/daan/lwjgl3/lwjgl-tinyfd-natives-linux.jar:/home/daan/lwjgl3/lwjgl-tinyfd-natives-macos.jar:/home/daan/lwjgl3/lwjgl-tinyfd-natives-windows.jar:/home/d
Launcher Type: SUN_STANDARD

Environment Variables:
PATH=/usr/local/sbin:/usr/local/bin:/usr/sbin:/usr/bin:/sbin:/bin:/snap/bin
USERNAME=root
SHELL=/bin/bash
DISPLAY=:1

Signal Handlers:
SIGSEGV: [libjvm.so+0xa6ad10], sa_mask[0]=11111111011111111101111111111110, sa_flags=SA_RESTART|SA_SIGINFO
SIGBUS: [libjvm.so+0xa6ad10], sa_mask[0]=11111111011111111101111111111110, sa_flags=SA_RESTART|SA_SIGINFO
SIGFPE: [libjvm.so+0x8b3bc0], sa_mask[0]=11111111011111111101111111111110, sa_flags=SA_RESTART|SA_SIGINFO
SIGPIPE: [libjvm.so+0x8b3bc0], sa_mask[0]=11111111011111111101111111111110, sa_flags=SA_RESTART|SA_SIGINFO
SIGXFSZ: [libjvm.so+0x8b3bc0], sa_mask[0]=11111111011111111101111111111110, sa_flags=SA_RESTART|SA_SIGINFO
SIGILL: [libjvm.so+0x8b3bc0], sa_mask[0]=11111111011111111101111111111110, sa_flags=SA_RESTART|SA_SIGINFO
SIGUSR1: SIG_DFL, sa_mask[0]=00000000000000000000000000000000, sa_flags=none
SIGUSR2: [libjvm.so+0x8b3a70], sa_mask[0]=00100000000000000000000000000000, sa_flags=SA_RESTART|SA_SIGINFO
SIGHUP: [libjvm.so+0x8b3f40], sa_mask[0]=11111111011111111101111111111110, sa_flags=SA_RESTART|SA_SIGINFO
SIGINT: [libjvm.so+0x8b3f40], sa_mask[0]=11111111011111111101111111111110, sa_flags=SA_RESTART|SA_SIGINFO
SIGTERM: [libjvm.so+0x8b3f40], sa_mask[0]=11111111011111111101111111111110, sa_flags=SA_RESTART|SA_SIGINFO
SIGQUIT: [libjvm.so+0x8b3f40], sa_mask[0]=11111111011111111101111111111110, sa_flags=SA_RESTART|SA_SIGINFO


---------------  S Y S T E M  ---------------

OS:DISTRIB_ID=Ubuntu
DISTRIB_RELEASE=16.04
DISTRIB_CODENAME=xenial
DISTRIB_DESCRIPTION="Ubuntu 16.04.3 LTS"

uname:Linux 4.10.0-37-generic #41~16.04.1-Ubuntu SMP Fri Oct 6 22:42:59 UTC 2017 x86_64
libc:glibc 2.23 NPTL 2.23 
rlimit: STACK 8192k, CORE 0k, NPROC 15312, NOFILE 1048576, AS infinity
load average:0,19 0,33 0,47

/proc/meminfo:
MemTotal:        4021440 kB
MemFree:          211928 kB
MemAvailable:    1068440 kB
Buffers:           94856 kB
Cached:           941136 kB
SwapCached:          152 kB
Active:          2656472 kB
Inactive:         809792 kB
Active(anon):    1957764 kB
Inactive(anon):   505376 kB
Active(file):     698708 kB
Inactive(file):   304416 kB
Unevictable:          16 kB
Mlocked:              16 kB
SwapTotal:       4173308 kB
SwapFree:        4171004 kB
Dirty:                68 kB
Writeback:             0 kB
AnonPages:       2212960 kB
Mapped:           419700 kB
Shmem:             32864 kB
Slab:             171252 kB
SReclaimable:     122188 kB
SUnreclaim:        49064 kB
KernelStack:       10720 kB
PageTables:        39856 kB
NFS_Unstable:          0 kB
Bounce:                0 kB
WritebackTmp:          0 kB
CommitLimit:     6184028 kB
Committed_AS:    6049972 kB
VmallocTotal:   34359738367 kB
VmallocUsed:           0 kB
VmallocChunk:          0 kB
HardwareCorrupted:     0 kB
AnonHugePages:    858112 kB
ShmemHugePages:        0 kB
ShmemPmdMapped:        0 kB
CmaTotal:              0 kB
CmaFree:               0 kB
HugePages_Total:       0
HugePages_Free:        0
HugePages_Rsvd:        0
HugePages_Surp:        0
Hugepagesize:       2048 kB
DirectMap4k:      397312 kB
DirectMap2M:     3774464 kB


CPU:total 4 (initial active 4) (4 cores per cpu, 1 threads per core) family 6 model 42 stepping 7, cmov, cx8, fxsr, mmx, sse, sse2, sse3, ssse3, sse4.1, sse4.2, popcnt, avx, aes, clmul, tsc, tscinvbit

/proc/cpuinfo:
processor	: 0
vendor_id	: GenuineIntel
cpu family	: 6
model		: 42
model name	: Intel(R) Core(TM) i5-2400S CPU @ 2.50GHz
stepping	: 7
microcode	: 0x1a
cpu MHz		: 2641.754
cache size	: 6144 KB
physical id	: 0
siblings	: 4
core id		: 0
cpu cores	: 4
apicid		: 0
initial apicid	: 0
fpu		: yes
fpu_exception	: yes
cpuid level	: 13
wp		: yes
flags		: fpu vme de pse tsc msr pae mce cx8 apic sep mtrr pge mca cmov pat pse36 clflush dts acpi mmx fxsr sse sse2 ss ht tm pbe syscall nx rdtscp lm constant_tsc arch_perfmon pebs bts rep_good nopl xtopology nonstop_tsc aperfmperf pni pclmulqdq dtes64 monitor ds_cpl vmx smx est tm2 ssse3 cx16 xtpr pdcm pcid sse4_1 sse4_2 x2apic popcnt tsc_deadline_timer aes xsave avx lahf_lm tpr_shadow vnmi flexpriority ept vpid xsaveopt dtherm ida arat pln pts
bugs		:
bogomips	: 4988.99
clflush size	: 64
cache_alignment	: 64
address sizes	: 36 bits physical, 48 bits virtual
power management:

processor	: 1
vendor_id	: GenuineIntel
cpu family	: 6
model		: 42
model name	: Intel(R) Core(TM) i5-2400S CPU @ 2.50GHz
stepping	: 7
microcode	: 0x1a
cpu MHz		: 2655.792
cache size	: 6144 KB
physical id	: 0
siblings	: 4
core id		: 1
cpu cores	: 4
apicid		: 2
initial apicid	: 2
fpu		: yes
fpu_exception	: yes
cpuid level	: 13
wp		: yes
flags		: fpu vme de pse tsc msr pae mce cx8 apic sep mtrr pge mca cmov pat pse36 clflush dts acpi mmx fxsr sse sse2 ss ht tm pbe syscall nx rdtscp lm constant_tsc arch_perfmon pebs bts rep_good nopl xtopology nonstop_tsc aperfmperf pni pclmulqdq dtes64 monitor ds_cpl vmx smx est tm2 ssse3 cx16 xtpr pdcm pcid sse4_1 sse4_2 x2apic popcnt tsc_deadline_timer aes xsave avx lahf_lm tpr_shadow vnmi flexpriority ept vpid xsaveopt dtherm ida arat pln pts
bugs		:
bogomips	: 4988.99
clflush size	: 64
cache_alignment	: 64
address sizes	: 36 bits physical, 48 bits virtual
power management:

processor	: 2
vendor_id	: GenuineIntel
cpu family	: 6
model		: 42
model name	: Intel(R) Core(TM) i5-2400S CPU @ 2.50GHz
stepping	: 7
microcode	: 0x1a
cpu MHz		: 2637.176
cache size	: 6144 KB
physical id	: 0
siblings	: 4
core id		: 2
cpu cores	: 4
apicid		: 4
initial apicid	: 4
fpu		: yes
fpu_exception	: yes
cpuid level	: 13
wp		: yes
flags		: fpu vme de pse tsc msr pae mce cx8 apic sep mtrr pge mca cmov pat pse36 clflush dts acpi mmx fxsr sse sse2 ss ht tm pbe syscall nx rdtscp lm constant_tsc arch_perfmon pebs bts rep_good nopl xtopology nonstop_tsc aperfmperf pni pclmulqdq dtes64 monitor ds_cpl vmx smx est tm2 ssse3 cx16 xtpr pdcm pcid sse4_1 sse4_2 x2apic popcnt tsc_deadline_timer aes xsave avx lahf_lm tpr_shadow vnmi flexpriority ept vpid xsaveopt dtherm ida arat pln pts
bugs		:
bogomips	: 4988.99
clflush size	: 64
cache_alignment	: 64
address sizes	: 36 bits physical, 48 bits virtual
power management:

processor	: 3
vendor_id	: GenuineIntel
cpu family	: 6
model		: 42
model name	: Intel(R) Core(TM) i5-2400S CPU @ 2.50GHz
stepping	: 7
microcode	: 0x1a
cpu MHz		: 2654.876
cache size	: 6144 KB
physical id	: 0
siblings	: 4
core id		: 3
cpu cores	: 4
apicid		: 6
initial apicid	: 6
fpu		: yes
fpu_exception	: yes
cpuid level	: 13
wp		: yes
flags		: fpu vme de pse tsc msr pae mce cx8 apic sep mtrr pge mca cmov pat pse36 clflush dts acpi mmx fxsr sse sse2 ss ht tm pbe syscall nx rdtscp lm constant_tsc arch_perfmon pebs bts rep_good nopl xtopology nonstop_tsc aperfmperf pni pclmulqdq dtes64 monitor ds_cpl vmx smx est tm2 ssse3 cx16 xtpr pdcm pcid sse4_1 sse4_2 x2apic popcnt tsc_deadline_timer aes xsave avx lahf_lm tpr_shadow vnmi flexpriority ept vpid xsaveopt dtherm ida arat pln pts
bugs		:
bogomips	: 4988.99
clflush size	: 64
cache_alignment	: 64
address sizes	: 36 bits physical, 48 bits virtual
power management:



Memory: 4k page, physical 4021440k(211928k free), swap 4173308k(4171004k free)

vm_info: OpenJDK 64-Bit Server VM (25.131-b11) for linux-amd64 JRE (1.8.0_131-8u131-b11-2ubuntu1.16.04.3-b11), built on Jul 28 2017 01:23:32 by "buildd" with gcc 5.4.0 20160609

time: Wed Oct 11 14:58:44 2017
elapsed time: 0 seconds (0d 0h 0m 0s)

