#
# A fatal error has been detected by the Java Runtime Environment:
#
#  SIGSEGV (0xb) at pc=0x00007f12c5bc2e57, pid=11406, tid=0x00007f12e63f1700
#
# JRE version: OpenJDK Runtime Environment (8.0_131-b11) (build 1.8.0_131-8u131-b11-2ubuntu1.16.04.3-b11)
# Java VM: OpenJDK 64-Bit Server VM (25.131-b11 mixed mode linux-amd64 compressed oops)
# Problematic frame:
# C  [liblwjgl_opengl.so+0x45e57]  Java_org_lwjgl_opengl_GL20_glCreateProgram+0x7
#
# Failed to write core dump. Core dumps have been disabled. To enable core dumping, try "ulimit -c unlimited" before starting Java again
#
# If you would like to submit a bug report, please visit:
#   http://bugreport.java.com/bugreport/crash.jsp
# The crash happened outside the Java Virtual Machine in native code.
# See problematic frame for where to report the bug.
#

---------------  T H R E A D  ---------------

Current thread (0x00007f12dc00b000):  JavaThread "main" [_thread_in_native, id=11408, stack(0x00007f12e62f1000,0x00007f12e63f2000)]

siginfo: si_signo: 11 (SIGSEGV), si_code: 1 (SEGV_MAPERR), si_addr: 0x0000000000000878

Registers:
RAX=0x0000000000000000, RBX=0x00007f12ccc06058, RCX=0x0000000000000003, RDX=0x00007f12e55bf5d8
RSP=0x00007f12e63f0868, RBP=0x00007f12e63f08b8, RSI=0x00007f12e63f08c8, RDI=0x00007f12dc00b1e0
R8 =0x00007f12ccc06058, R9 =0x0000000000000004, R10=0x00007f12cd017748, R11=0x00007f12e4ffe520
R12=0x0000000000000000, R13=0x00007f12ccc06050, R14=0x00007f12e63f08d0, R15=0x00007f12dc00b000
RIP=0x00007f12c5bc2e57, EFLAGS=0x0000000000010287, CSGSFS=0x002b000000000033, ERR=0x0000000000000004
  TRAPNO=0x000000000000000e

Top of Stack: (sp=0x00007f12e63f0868)
0x00007f12e63f0868:   00007f12cd017774 00007f12cd0174c2
0x00007f12e63f0878:   00007f12e63f0878 00007f12ccc06050
0x00007f12e63f0888:   00007f12e63f08d0 00007f12ccc19110
0x00007f12e63f0898:   0000000000000000 00007f12ccc06058
0x00007f12e63f08a8:   0000000000000000 00007f12e63f08d8
0x00007f12e63f08b8:   00007f12e63f0920 00007f12cd007a40
0x00007f12e63f08c8:   00000000eba720e0 00007f12cd011276
0x00007f12e63f08d8:   00000000eba489d8 00007f12e63f08e0
0x00007f12e63f08e8:   00007f12ccc01f35 00007f12e63f0930
0x00007f12e63f08f8:   00007f12ccc02620 0000000000000000
0x00007f12e63f0908:   00007f12ccc01f50 00007f12e63f08d8
0x00007f12e63f0918:   00007f12e63f0930 00007f12e63f0988
0x00007f12e63f0928:   00007f12cd007ffd 00000000eba489d8
0x00007f12e63f0938:   00000000eba489d8 00000000eba3f898
0x00007f12e63f0948:   00007f12e63f0948 00007f12ccc00980
0x00007f12e63f0958:   00007f12e63f09b8 00007f12ccc00c48
0x00007f12e63f0968:   0000000000000000 00007f12ccc00a80
0x00007f12e63f0978:   00007f12e63f0930 00007f12e63f09b8
0x00007f12e63f0988:   00007f12e63f0a00 00007f12cd007ffd
0x00007f12e63f0998:   0000000000000000 0000000000000000
0x00007f12e63f09a8:   0000000000000000 0000000000000000
0x00007f12e63f09b8:   00000000eba3f898 00007f12e63f09c0
0x00007f12e63f09c8:   00007f12ccc00311 00007f12e63f0a18
0x00007f12e63f09d8:   00007f12ccc00390 0000000000000000
0x00007f12e63f09e8:   00007f12ccc00338 00007f12e63f09b8
0x00007f12e63f09f8:   00007f12e63f0a18 00007f12e63f0a80
0x00007f12e63f0a08:   00007f12cd0004e7 00000000eba3f898
0x00007f12e63f0a18:   00000000eba3bde8 0000000000001fa0
0x00007f12e63f0a28:   00007f12ccc00338 00007f12e63f0c70
0x00007f12e63f0a38:   00007f12e63f0b20 00007f12dc00b000
0x00007f12e63f0a48:   00007f12dc00b000 00007f12e63f0b20
0x00007f12e63f0a58:   00007f12e63f0d38 00007f120000000a 

Instructions: (pc=0x00007f12c5bc2e57)
0x00007f12c5bc2e37:   40 18 48 8b 80 b0 09 00 00 ff e0 66 66 66 66 66
0x00007f12c5bc2e47:   2e 0f 1f 84 00 00 00 00 00 48 8b 07 48 8b 40 18
0x00007f12c5bc2e57:   ff a0 78 08 00 00 0f 1f 00 48 8b 07 41 89 d1 89
0x00007f12c5bc2e67:   ce 4c 89 c2 44 89 cf 48 8b 40 18 48 8b 80 b8 15 

Register to memory mapping:

RAX=0x0000000000000000 is an unknown value
RBX={method} {0x00007f12ccc06058} 'glCreateProgram' '()I' in 'org/lwjgl/opengl/GL20'
RCX=0x0000000000000003 is an unknown value
RDX=0x00007f12e55bf5d8: <offset 0xf1f5d8> in /usr/lib/jvm/java-8-openjdk-amd64/jre/lib/amd64/server/libjvm.so at 0x00007f12e46a0000
RSP=0x00007f12e63f0868 is pointing into the stack for thread: 0x00007f12dc00b000
RBP=0x00007f12e63f08b8 is pointing into the stack for thread: 0x00007f12dc00b000
RSI=0x00007f12e63f08c8 is pointing into the stack for thread: 0x00007f12dc00b000
RDI=0x00007f12dc00b1e0 is an unknown value
R8 ={method} {0x00007f12ccc06058} 'glCreateProgram' '()I' in 'org/lwjgl/opengl/GL20'
R9 =0x0000000000000004 is an unknown value
R10=0x00007f12cd017748 is at code_begin+808 in an Interpreter codelet
method entry point (kind = native)  [0x00007f12cd017420, 0x00007f12cd017d20]  2304 bytes
R11=0x00007f12e4ffe520: <offset 0x95e520> in /usr/lib/jvm/java-8-openjdk-amd64/jre/lib/amd64/server/libjvm.so at 0x00007f12e46a0000
R12=0x0000000000000000 is an unknown value
R13=0x00007f12ccc06050 is pointing into metadata
R14=0x00007f12e63f08d0 is pointing into the stack for thread: 0x00007f12dc00b000
R15=0x00007f12dc00b000 is a thread


Stack: [0x00007f12e62f1000,0x00007f12e63f2000],  sp=0x00007f12e63f0868,  free space=1022k
Native frames: (J=compiled Java code, j=interpreted, Vv=VM code, C=native code)
C  [liblwjgl_opengl.so+0x45e57]  Java_org_lwjgl_opengl_GL20_glCreateProgram+0x7
j  ShaderProgram.<init>()V+5
j  Game.start()V+16
j  Main.main([Ljava/lang/String;)V+17
v  ~StubRoutines::call_stub
V  [libjvm.so+0x66415b]
V  [libjvm.so+0x685e9e]
V  [libjvm.so+0x6887cf]
C  [libjli.so+0x3552]
C  [libjli.so+0x73dd]
C  [libpthread.so.0+0x76ba]  start_thread+0xca

Java frames: (J=compiled Java code, j=interpreted, Vv=VM code)
j  org.lwjgl.opengl.GL20.glCreateProgram()I+0
j  ShaderProgram.<init>()V+5
j  Game.start()V+16
j  Main.main([Ljava/lang/String;)V+17
v  ~StubRoutines::call_stub

---------------  P R O C E S S  ---------------

Java Threads: ( => current thread )
  0x00007f12dc0c3800 JavaThread "Service Thread" daemon [_thread_blocked, id=11424, stack(0x00007f12c660f000,0x00007f12c6710000)]
  0x00007f12dc0b3800 JavaThread "C1 CompilerThread2" daemon [_thread_blocked, id=11423, stack(0x00007f12c6710000,0x00007f12c6811000)]
  0x00007f12dc0b2000 JavaThread "C2 CompilerThread1" daemon [_thread_blocked, id=11422, stack(0x00007f12c6811000,0x00007f12c6912000)]
  0x00007f12dc0af000 JavaThread "C2 CompilerThread0" daemon [_thread_blocked, id=11421, stack(0x00007f12c6912000,0x00007f12c6a13000)]
  0x00007f12dc0ad000 JavaThread "Signal Dispatcher" daemon [_thread_blocked, id=11420, stack(0x00007f12c6a13000,0x00007f12c6b14000)]
  0x00007f12dc084800 JavaThread "Finalizer" daemon [_thread_blocked, id=11419, stack(0x00007f12c74d4000,0x00007f12c75d5000)]
  0x00007f12dc080000 JavaThread "Reference Handler" daemon [_thread_blocked, id=11418, stack(0x00007f12c75d5000,0x00007f12c76d6000)]
=>0x00007f12dc00b000 JavaThread "main" [_thread_in_native, id=11408, stack(0x00007f12e62f1000,0x00007f12e63f2000)]

Other Threads:
  0x00007f12dc078000 VMThread [stack: 0x00007f12c76d6000,0x00007f12c77d7000] [id=11417]
  0x00007f12dc0c6000 WatcherThread [stack: 0x00007f12c650e000,0x00007f12c660f000] [id=11425]

VM state:not at safepoint (normal execution)

VM Mutex/Monitor currently owned by a thread: None

Heap:
 PSYoungGen      total 18432K, used 4784K [0x00000000eb900000, 0x00000000ecd80000, 0x0000000100000000)
  eden space 15872K, 30% used [0x00000000eb900000,0x00000000ebdac058,0x00000000ec880000)
  from space 2560K, 0% used [0x00000000ecb00000,0x00000000ecb00000,0x00000000ecd80000)
  to   space 2560K, 0% used [0x00000000ec880000,0x00000000ec880000,0x00000000ecb00000)
 ParOldGen       total 42496K, used 0K [0x00000000c2a00000, 0x00000000c5380000, 0x00000000eb900000)
  object space 42496K, 0% used [0x00000000c2a00000,0x00000000c2a00000,0x00000000c5380000)
 Metaspace       used 5037K, capacity 5334K, committed 5632K, reserved 1056768K
  class space    used 550K, capacity 641K, committed 768K, reserved 1048576K

Card table byte_map: [0x00007f12e27c2000,0x00007f12e29ae000] byte_map_base: 0x00007f12e21ad000

Marking Bits: (ParMarkBitMap*) 0x00007f12e55c32c0
 Begin Bits: [0x00007f12e03c6000, 0x00007f12e131e000)
 End Bits:   [0x00007f12e131e000, 0x00007f12e2276000)

Polling page: 0x00007f12e6416000

CodeCache: size=245760Kb used=1847Kb max_used=1847Kb free=243912Kb
 bounds [0x00007f12cd000000, 0x00007f12cd270000, 0x00007f12dc000000]
 total_blobs=695 nmethods=381 adapters=229
 compilation: enabled

Compilation events (10 events):
Event: 0,222 Thread 0x00007f12dc0b3800  377       3       java.lang.invoke.MemberName::getInvocationType (56 bytes)
Event: 0,223 Thread 0x00007f12dc0b3800 nmethod 377 0x00007f12cd1cbed0 code [0x00007f12cd1cc0c0, 0x00007f12cd1ccca8]
Event: 0,223 Thread 0x00007f12dc0b3800  378       1       java.util.zip.ZipCoder::isUTF8 (5 bytes)
Event: 0,224 Thread 0x00007f12dc0b3800 nmethod 378 0x00007f12cd1ccfd0 code [0x00007f12cd1cd120, 0x00007f12cd1cd230]
Event: 0,226 Thread 0x00007f12dc0b3800  379       1       sun.misc.URLClassPath$JarLoader::access$700 (5 bytes)
Event: 0,226 Thread 0x00007f12dc0b3800 nmethod 379 0x00007f12cd1cd290 code [0x00007f12cd1cd3e0, 0x00007f12cd1cd4d0]
Event: 0,231 Thread 0x00007f12dc0b3800  380       3       java.lang.Character::toUpperCase (6 bytes)
Event: 0,231 Thread 0x00007f12dc0b3800 nmethod 380 0x00007f12cd1cd750 code [0x00007f12cd1cd8e0, 0x00007f12cd1cdb78]
Event: 0,231 Thread 0x00007f12dc0b3800  381       3       java.lang.Character::toUpperCase (9 bytes)
Event: 0,231 Thread 0x00007f12dc0b3800 nmethod 381 0x00007f12cd1cdc90 code [0x00007f12cd1cde00, 0x00007f12cd1ce038]

GC Heap History (0 events):
No events

Deoptimization events (0 events):
No events

Internal exceptions (10 events):
Event: 0,143 Thread 0x00007f12dc00b000 Exception <a 'java/lang/NoSuchFieldError': method resolution failed> (0x00000000ebb8f150) thrown at [/build/openjdk-8-pZyJp3/openjdk-8-8u131-b11/src/hotspot/src/share/vm/prims/methodHandles.cpp, line 1146]
Event: 0,148 Thread 0x00007f12dc00b000 Exception <a 'java/lang/NoSuchFieldError': method resolution failed> (0x00000000ebb9c610) thrown at [/build/openjdk-8-pZyJp3/openjdk-8-8u131-b11/src/hotspot/src/share/vm/prims/methodHandles.cpp, line 1146]
Event: 0,186 Thread 0x00007f12dc00b000 Exception <a 'java/lang/NoSuchMethodError': java.lang.Object.lambda$static$0(Ljava/lang/String;)Ljava/lang/Boolean;> (0x00000000ebca6a00) thrown at [/build/openjdk-8-pZyJp3/openjdk-8-8u131-b11/src/hotspot/src/share/vm/interpreter/linkResolver.cpp, line 58
Event: 0,196 Thread 0x00007f12dc00b000 Exception <a 'java/security/PrivilegedActionException'> (0x00000000ebcd5590) thrown at [/build/openjdk-8-pZyJp3/openjdk-8-8u131-b11/src/hotspot/src/share/vm/prims/jvm.cpp, line 1390]
Event: 0,196 Thread 0x00007f12dc00b000 Exception <a 'java/security/PrivilegedActionException'> (0x00000000ebcd57a0) thrown at [/build/openjdk-8-pZyJp3/openjdk-8-8u131-b11/src/hotspot/src/share/vm/prims/jvm.cpp, line 1390]
Event: 0,196 Thread 0x00007f12dc00b000 Exception <a 'java/security/PrivilegedActionException'> (0x00000000ebcd7828) thrown at [/build/openjdk-8-pZyJp3/openjdk-8-8u131-b11/src/hotspot/src/share/vm/prims/jvm.cpp, line 1390]
Event: 0,196 Thread 0x00007f12dc00b000 Exception <a 'java/security/PrivilegedActionException'> (0x00000000ebcd7a38) thrown at [/build/openjdk-8-pZyJp3/openjdk-8-8u131-b11/src/hotspot/src/share/vm/prims/jvm.cpp, line 1390]
Event: 0,196 Thread 0x00007f12dc00b000 Exception <a 'java/security/PrivilegedActionException'> (0x00000000ebcd8510) thrown at [/build/openjdk-8-pZyJp3/openjdk-8-8u131-b11/src/hotspot/src/share/vm/prims/jvm.cpp, line 1390]
Event: 0,196 Thread 0x00007f12dc00b000 Exception <a 'java/security/PrivilegedActionException'> (0x00000000ebcd8720) thrown at [/build/openjdk-8-pZyJp3/openjdk-8-8u131-b11/src/hotspot/src/share/vm/prims/jvm.cpp, line 1390]
Event: 0,218 Thread 0x00007f12dc00b000 Exception <a 'sun/nio/fs/UnixException'> (0x00000000ebd26640) thrown at [/build/openjdk-8-pZyJp3/openjdk-8-8u131-b11/src/hotspot/src/share/vm/prims/jni.cpp, line 709]

Events (10 events):
Event: 0,228 loading class org/lwjgl/system/jni/JNINativeInterface
Event: 0,228 loading class org/lwjgl/system/jni/JNINativeInterface done
Event: 0,229 loading class org/lwjgl/system/linux/DynamicLinkLoader
Event: 0,229 loading class org/lwjgl/system/linux/DynamicLinkLoader done
Event: 0,231 loading class org/lwjgl/opengl/GL$2
Event: 0,231 loading class org/lwjgl/opengl/GL$2 done
Event: 0,231 loading class org/lwjgl/opengl/GL$SharedLibraryGL
Event: 0,231 loading class org/lwjgl/opengl/GL$SharedLibraryGL done
Event: 0,231 loading class org/lwjgl/system/SharedLibrary$Delegate
Event: 0,231 loading class org/lwjgl/system/SharedLibrary$Delegate done


Dynamic libraries:
00400000-00401000 r-xp 00000000 fd:01 20187746                           /usr/lib/jvm/java-8-openjdk-amd64/jre/bin/java
00600000-00601000 r--p 00000000 fd:01 20187746                           /usr/lib/jvm/java-8-openjdk-amd64/jre/bin/java
00601000-00602000 rw-p 00001000 fd:01 20187746                           /usr/lib/jvm/java-8-openjdk-amd64/jre/bin/java
01c47000-01c68000 rw-p 00000000 00:00 0                                  [heap]
c2a00000-c5380000 rw-p 00000000 00:00 0 
c5380000-eb900000 ---p 00000000 00:00 0 
eb900000-ecd80000 rw-p 00000000 00:00 0 
ecd80000-100000000 ---p 00000000 00:00 0 
100000000-1000c0000 rw-p 00000000 00:00 0 
1000c0000-140000000 ---p 00000000 00:00 0 
7f1290000000-7f1290021000 rw-p 00000000 00:00 0 
7f1290021000-7f1294000000 ---p 00000000 00:00 0 
7f129419e000-7f12941a3000 r-xp 00000000 fd:01 20061955                   /usr/lib/x86_64-linux-gnu/libXdmcp.so.6.0.0
7f12941a3000-7f12943a2000 ---p 00005000 fd:01 20061955                   /usr/lib/x86_64-linux-gnu/libXdmcp.so.6.0.0
7f12943a2000-7f12943a3000 r--p 00004000 fd:01 20061955                   /usr/lib/x86_64-linux-gnu/libXdmcp.so.6.0.0
7f12943a3000-7f12943a4000 rw-p 00005000 fd:01 20061955                   /usr/lib/x86_64-linux-gnu/libXdmcp.so.6.0.0
7f12943a4000-7f12943a6000 r-xp 00000000 fd:01 20061944                   /usr/lib/x86_64-linux-gnu/libXau.so.6.0.0
7f12943a6000-7f12945a6000 ---p 00002000 fd:01 20061944                   /usr/lib/x86_64-linux-gnu/libXau.so.6.0.0
7f12945a6000-7f12945a7000 r--p 00002000 fd:01 20061944                   /usr/lib/x86_64-linux-gnu/libXau.so.6.0.0
7f12945a7000-7f12945a8000 rw-p 00003000 fd:01 20061944                   /usr/lib/x86_64-linux-gnu/libXau.so.6.0.0
7f12945a8000-7f12945b8000 r-xp 00000000 fd:01 20062256                   /usr/lib/x86_64-linux-gnu/libdrm.so.2.4.0
7f12945b8000-7f12947b7000 ---p 00010000 fd:01 20062256                   /usr/lib/x86_64-linux-gnu/libdrm.so.2.4.0
7f12947b7000-7f12947b8000 r--p 0000f000 fd:01 20062256                   /usr/lib/x86_64-linux-gnu/libdrm.so.2.4.0
7f12947b8000-7f12947b9000 rw-p 00010000 fd:01 20062256                   /usr/lib/x86_64-linux-gnu/libdrm.so.2.4.0
7f12947b9000-7f12947be000 r-xp 00000000 fd:01 20061995                   /usr/lib/x86_64-linux-gnu/libXxf86vm.so.1.0.0
7f12947be000-7f12949bd000 ---p 00005000 fd:01 20061995                   /usr/lib/x86_64-linux-gnu/libXxf86vm.so.1.0.0
7f12949bd000-7f12949be000 r--p 00004000 fd:01 20061995                   /usr/lib/x86_64-linux-gnu/libXxf86vm.so.1.0.0
7f12949be000-7f12949bf000 rw-p 00005000 fd:01 20061995                   /usr/lib/x86_64-linux-gnu/libXxf86vm.so.1.0.0
7f12949bf000-7f12949e0000 r-xp 00000000 fd:01 20063362                   /usr/lib/x86_64-linux-gnu/libxcb.so.1.1.0
7f12949e0000-7f1294bdf000 ---p 00021000 fd:01 20063362                   /usr/lib/x86_64-linux-gnu/libxcb.so.1.1.0
7f1294bdf000-7f1294be0000 r--p 00020000 fd:01 20063362                   /usr/lib/x86_64-linux-gnu/libxcb.so.1.1.0
7f1294be0000-7f1294be1000 rw-p 00021000 fd:01 20063362                   /usr/lib/x86_64-linux-gnu/libxcb.so.1.1.0
7f1294be1000-7f1294be5000 r-xp 00000000 fd:01 20063330                   /usr/lib/x86_64-linux-gnu/libxcb-dri2.so.0.0.0
7f1294be5000-7f1294de4000 ---p 00004000 fd:01 20063330                   /usr/lib/x86_64-linux-gnu/libxcb-dri2.so.0.0.0
7f1294de4000-7f1294de5000 r--p 00003000 fd:01 20063330                   /usr/lib/x86_64-linux-gnu/libxcb-dri2.so.0.0.0
7f1294de5000-7f1294de6000 rw-p 00004000 fd:01 20063330                   /usr/lib/x86_64-linux-gnu/libxcb-dri2.so.0.0.0
7f1294de6000-7f1294dfd000 r-xp 00000000 fd:01 20063334                   /usr/lib/x86_64-linux-gnu/libxcb-glx.so.0.0.0
7f1294dfd000-7f1294ffc000 ---p 00017000 fd:01 20063334                   /usr/lib/x86_64-linux-gnu/libxcb-glx.so.0.0.0
7f1294ffc000-7f1294ffe000 r--p 00016000 fd:01 20063334                   /usr/lib/x86_64-linux-gnu/libxcb-glx.so.0.0.0
7f1294ffe000-7f1294fff000 rw-p 00018000 fd:01 20063334                   /usr/lib/x86_64-linux-gnu/libxcb-glx.so.0.0.0
7f1294fff000-7f1298000000 rw-p 00000000 00:00 0 
7f1298000000-7f12981ca000 rw-p 00000000 00:00 0 
7f12981ca000-7f129c000000 ---p 00000000 00:00 0 
7f129c000000-7f129c021000 rw-p 00000000 00:00 0 
7f129c021000-7f12a0000000 ---p 00000000 00:00 0 
7f12a0000000-7f12a0086000 rw-p 00000000 00:00 0 
7f12a0086000-7f12a4000000 ---p 00000000 00:00 0 
7f12a4000000-7f12a4096000 rw-p 00000000 00:00 0 
7f12a4096000-7f12a8000000 ---p 00000000 00:00 0 
7f12a8000000-7f12a8021000 rw-p 00000000 00:00 0 
7f12a8021000-7f12ac000000 ---p 00000000 00:00 0 
7f12ac000000-7f12ac021000 rw-p 00000000 00:00 0 
7f12ac021000-7f12b0000000 ---p 00000000 00:00 0 
7f12b0000000-7f12b0021000 rw-p 00000000 00:00 0 
7f12b0021000-7f12b4000000 ---p 00000000 00:00 0 
7f12b4000000-7f12b4021000 rw-p 00000000 00:00 0 
7f12b4021000-7f12b8000000 ---p 00000000 00:00 0 
7f12b8000000-7f12b8021000 rw-p 00000000 00:00 0 
7f12b8021000-7f12bc000000 ---p 00000000 00:00 0 
7f12bc000000-7f12bc021000 rw-p 00000000 00:00 0 
7f12bc021000-7f12c0000000 ---p 00000000 00:00 0 
7f12c0000000-7f12c0021000 rw-p 00000000 00:00 0 
7f12c0021000-7f12c4000000 ---p 00000000 00:00 0 
7f12c412c000-7f12c4261000 r-xp 00000000 fd:01 20061940                   /usr/lib/x86_64-linux-gnu/libX11.so.6.3.0
7f12c4261000-7f12c4461000 ---p 00135000 fd:01 20061940                   /usr/lib/x86_64-linux-gnu/libX11.so.6.3.0
7f12c4461000-7f12c4462000 r--p 00135000 fd:01 20061940                   /usr/lib/x86_64-linux-gnu/libX11.so.6.3.0
7f12c4462000-7f12c4466000 rw-p 00136000 fd:01 20061940                   /usr/lib/x86_64-linux-gnu/libX11.so.6.3.0
7f12c4466000-7f12c4467000 r-xp 00000000 fd:01 20061938                   /usr/lib/x86_64-linux-gnu/libX11-xcb.so.1.0.0
7f12c4467000-7f12c4666000 ---p 00001000 fd:01 20061938                   /usr/lib/x86_64-linux-gnu/libX11-xcb.so.1.0.0
7f12c4666000-7f12c4667000 r--p 00000000 fd:01 20061938                   /usr/lib/x86_64-linux-gnu/libX11-xcb.so.1.0.0
7f12c4667000-7f12c4668000 rw-p 00001000 fd:01 20061938                   /usr/lib/x86_64-linux-gnu/libX11-xcb.so.1.0.0
7f12c4668000-7f12c466d000 r-xp 00000000 fd:01 20061959                   /usr/lib/x86_64-linux-gnu/libXfixes.so.3.1.0
7f12c466d000-7f12c486c000 ---p 00005000 fd:01 20061959                   /usr/lib/x86_64-linux-gnu/libXfixes.so.3.1.0
7f12c486c000-7f12c486d000 r--p 00004000 fd:01 20061959                   /usr/lib/x86_64-linux-gnu/libXfixes.so.3.1.0
7f12c486d000-7f12c486e000 rw-p 00005000 fd:01 20061959                   /usr/lib/x86_64-linux-gnu/libXfixes.so.3.1.0
7f12c486e000-7f12c4870000 r-xp 00000000 fd:01 20061953                   /usr/lib/x86_64-linux-gnu/libXdamage.so.1.1.0
7f12c4870000-7f12c4a6f000 ---p 00002000 fd:01 20061953                   /usr/lib/x86_64-linux-gnu/libXdamage.so.1.1.0
7f12c4a6f000-7f12c4a70000 r--p 00001000 fd:01 20061953                   /usr/lib/x86_64-linux-gnu/libXdamage.so.1.1.0
7f12c4a70000-7f12c4a71000 rw-p 00002000 fd:01 20061953                   /usr/lib/x86_64-linux-gnu/libXdamage.so.1.1.0
7f12c4a71000-7f12c4a82000 r-xp 00000000 fd:01 20061957                   /usr/lib/x86_64-linux-gnu/libXext.so.6.4.0
7f12c4a82000-7f12c4c81000 ---p 00011000 fd:01 20061957                   /usr/lib/x86_64-linux-gnu/libXext.so.6.4.0
7f12c4c81000-7f12c4c82000 r--p 00010000 fd:01 20061957                   /usr/lib/x86_64-linux-gnu/libXext.so.6.4.0
7f12c4c82000-7f12c4c83000 rw-p 00011000 fd:01 20061957                   /usr/lib/x86_64-linux-gnu/libXext.so.6.4.0
7f12c4c83000-7f12c4cad000 r-xp 00000000 fd:01 20062457                   /usr/lib/x86_64-linux-gnu/libglapi.so.0.0.0
7f12c4cad000-7f12c4eac000 ---p 0002a000 fd:01 20062457                   /usr/lib/x86_64-linux-gnu/libglapi.so.0.0.0
7f12c4eac000-7f12c4eb0000 r--p 00029000 fd:01 20062457                   /usr/lib/x86_64-linux-gnu/libglapi.so.0.0.0
7f12c4eb0000-7f12c4eb1000 rw-p 0002d000 fd:01 20062457                   /usr/lib/x86_64-linux-gnu/libglapi.so.0.0.0
7f12c4eb1000-7f12c4eb2000 rw-p 00000000 00:00 0 
7f12c4eb2000-7f12c4eb3000 r-xp 00000000 fd:01 20063374                   /usr/lib/x86_64-linux-gnu/libxshmfence.so.1.0.0
7f12c4eb3000-7f12c50b3000 ---p 00001000 fd:01 20063374                   /usr/lib/x86_64-linux-gnu/libxshmfence.so.1.0.0
7f12c50b3000-7f12c50b4000 r--p 00001000 fd:01 20063374                   /usr/lib/x86_64-linux-gnu/libxshmfence.so.1.0.0
7f12c50b4000-7f12c50b5000 rw-p 00002000 fd:01 20063374                   /usr/lib/x86_64-linux-gnu/libxshmfence.so.1.0.0
7f12c50b5000-7f12c50ba000 r-xp 00000000 fd:01 20063354                   /usr/lib/x86_64-linux-gnu/libxcb-sync.so.1.0.0
7f12c50ba000-7f12c52ba000 ---p 00005000 fd:01 20063354                   /usr/lib/x86_64-linux-gnu/libxcb-sync.so.1.0.0
7f12c52ba000-7f12c52bb000 r--p 00005000 fd:01 20063354                   /usr/lib/x86_64-linux-gnu/libxcb-sync.so.1.0.0
7f12c52bb000-7f12c52bc000 rw-p 00006000 fd:01 20063354                   /usr/lib/x86_64-linux-gnu/libxcb-sync.so.1.0.0
7f12c52bc000-7f12c52be000 r-xp 00000000 fd:01 20063342                   /usr/lib/x86_64-linux-gnu/libxcb-present.so.0.0.0
7f12c52be000-7f12c54bd000 ---p 00002000 fd:01 20063342                   /usr/lib/x86_64-linux-gnu/libxcb-present.so.0.0.0
7f12c54bd000-7f12c54be000 r--p 00001000 fd:01 20063342                   /usr/lib/x86_64-linux-gnu/libxcb-present.so.0.0.0
7f12c54be000-7f12c54bf000 rw-p 00002000 fd:01 20063342                   /usr/lib/x86_64-linux-gnu/libxcb-present.so.0.0.0
7f12c54bf000-7f12c54c1000 r-xp 00000000 fd:01 20063332                   /usr/lib/x86_64-linux-gnu/libxcb-dri3.so.0.0.0
7f12c54c1000-7f12c56c0000 ---p 00002000 fd:01 20063332                   /usr/lib/x86_64-linux-gnu/libxcb-dri3.so.0.0.0
7f12c56c0000-7f12c56c1000 r--p 00001000 fd:01 20063332                   /usr/lib/x86_64-linux-gnu/libxcb-dri3.so.0.0.0
7f12c56c1000-7f12c56c2000 rw-p 00002000 fd:01 20063332                   /usr/lib/x86_64-linux-gnu/libxcb-dri3.so.0.0.0
7f12c56c2000-7f12c56e8000 r-xp 00000000 fd:01 14946789                   /lib/x86_64-linux-gnu/libexpat.so.1.6.0
7f12c56e8000-7f12c58e8000 ---p 00026000 fd:01 14946789                   /lib/x86_64-linux-gnu/libexpat.so.1.6.0
7f12c58e8000-7f12c58ea000 r--p 00026000 fd:01 14946789                   /lib/x86_64-linux-gnu/libexpat.so.1.6.0
7f12c58ea000-7f12c58eb000 rw-p 00028000 fd:01 14946789                   /lib/x86_64-linux-gnu/libexpat.so.1.6.0
7f12c58eb000-7f12c5959000 r-xp 00000000 fd:01 20319117                   /usr/lib/x86_64-linux-gnu/mesa/libGL.so.1.2.0
7f12c5959000-7f12c5b58000 ---p 0006e000 fd:01 20319117                   /usr/lib/x86_64-linux-gnu/mesa/libGL.so.1.2.0
7f12c5b58000-7f12c5b5b000 r--p 0006d000 fd:01 20319117                   /usr/lib/x86_64-linux-gnu/mesa/libGL.so.1.2.0
7f12c5b5b000-7f12c5b5c000 rw-p 00070000 fd:01 20319117                   /usr/lib/x86_64-linux-gnu/mesa/libGL.so.1.2.0
7f12c5b5c000-7f12c5b5d000 rw-p 00000000 00:00 0 
7f12c5b7d000-7f12c5be8000 r-xp 00000000 fd:01 7602205                    /tmp/lwjglroot/3.1.3-SNAPSHOT/liblwjgl_opengl.so
7f12c5be8000-7f12c5de7000 ---p 0006b000 fd:01 7602205                    /tmp/lwjglroot/3.1.3-SNAPSHOT/liblwjgl_opengl.so
7f12c5de7000-7f12c5de8000 r--p 0006a000 fd:01 7602205                    /tmp/lwjglroot/3.1.3-SNAPSHOT/liblwjgl_opengl.so
7f12c5de8000-7f12c5de9000 rw-p 0006b000 fd:01 7602205                    /tmp/lwjglroot/3.1.3-SNAPSHOT/liblwjgl_opengl.so
7f12c5de9000-7f12c5e3a000 r-xp 00000000 fd:01 7602203                    /tmp/lwjglroot/3.1.3-SNAPSHOT/liblwjgl.so
7f12c5e3a000-7f12c6039000 ---p 00051000 fd:01 7602203                    /tmp/lwjglroot/3.1.3-SNAPSHOT/liblwjgl.so
7f12c6039000-7f12c603a000 r--p 00050000 fd:01 7602203                    /tmp/lwjglroot/3.1.3-SNAPSHOT/liblwjgl.so
7f12c603a000-7f12c603b000 rw-p 00051000 fd:01 7602203                    /tmp/lwjglroot/3.1.3-SNAPSHOT/liblwjgl.so
7f12c603b000-7f12c6052000 r-xp 00000000 fd:01 20187689                   /usr/lib/jvm/java-8-openjdk-amd64/jre/lib/amd64/libnet.so
7f12c6052000-7f12c6251000 ---p 00017000 fd:01 20187689                   /usr/lib/jvm/java-8-openjdk-amd64/jre/lib/amd64/libnet.so
7f12c6251000-7f12c6252000 r--p 00016000 fd:01 20187689                   /usr/lib/jvm/java-8-openjdk-amd64/jre/lib/amd64/libnet.so
7f12c6252000-7f12c6253000 rw-p 00017000 fd:01 20187689                   /usr/lib/jvm/java-8-openjdk-amd64/jre/lib/amd64/libnet.so
7f12c6253000-7f12c6264000 r-xp 00000000 fd:01 20187199                   /usr/lib/jvm/java-8-openjdk-amd64/jre/lib/amd64/libnio.so
7f12c6264000-7f12c6464000 ---p 00011000 fd:01 20187199                   /usr/lib/jvm/java-8-openjdk-amd64/jre/lib/amd64/libnio.so
7f12c6464000-7f12c6465000 r--p 00011000 fd:01 20187199                   /usr/lib/jvm/java-8-openjdk-amd64/jre/lib/amd64/libnio.so
7f12c6465000-7f12c6466000 rw-p 00012000 fd:01 20187199                   /usr/lib/jvm/java-8-openjdk-amd64/jre/lib/amd64/libnio.so
7f12c6466000-7f12c6479000 r--s 00346000 fd:01 20187705                   /usr/lib/jvm/java-8-openjdk-amd64/jre/lib/resources.jar
7f12c6479000-7f12c648b000 r--s 00139000 00:2d 24906636                   /home/daan/lwjgl3/lwjgl-vulkan.jar
7f12c648b000-7f12c648c000 r--s 00030000 00:2d 24906645                   /home/daan/lwjgl3/lwjgl-tinyfd-natives-windows.jar
7f12c648c000-7f12c648d000 r--s 00007000 00:2d 24906627                   /home/daan/lwjgl3/lwjgl-tinyfd-natives-macos.jar
7f12c648d000-7f12c648e000 r--s 00007000 00:2d 24906625                   /home/daan/lwjgl3/lwjgl-tinyfd-natives-linux.jar
7f12c648e000-7f12c648f000 r--s 00001000 00:2d 24906629                   /home/daan/lwjgl3/lwjgl-tinyfd.jar
7f12c648f000-7f12c6490000 r--s 00074000 00:2d 24906642                   /home/daan/lwjgl3/lwjgl-stb-natives-windows.jar
7f12c6490000-7f12c6491000 r--s 0002a000 00:2d 24906643                   /home/daan/lwjgl3/lwjgl-stb-natives-macos.jar
7f12c6491000-7f12c6492000 r--s 00030000 00:2d 24906621                   /home/daan/lwjgl3/lwjgl-stb-natives-linux.jar
7f12c6492000-7f12c6494000 r--s 00015000 00:2d 24906623                   /home/daan/lwjgl3/lwjgl-stb.jar
7f12c6494000-7f12c6495000 r--s 00031000 00:2d 24906633                   /home/daan/lwjgl3/lwjgl-par-natives-windows.jar
7f12c6495000-7f12c6496000 r--s 00004000 00:2d 24906618                   /home/daan/lwjgl3/lwjgl-par-natives-macos.jar
7f12c6496000-7f12c6497000 r--s 00005000 00:2d 24905606                   /home/daan/lwjgl3/lwjgl-par-natives-linux.jar
7f12c6497000-7f12c6498000 r--s 00002000 00:2d 24906617                   /home/daan/lwjgl3/lwjgl-par.jar
7f12c6498000-7f12c6499000 r--s 0002a000 00:2d 24906632                   /home/daan/lwjgl3/lwjgl-opengl-natives-windows.jar
7f12c6499000-7f12c649a000 r--s 0000b000 00:2d 24905605                   /home/daan/lwjgl3/lwjgl-opengl-natives-macos.jar
7f12c649a000-7f12c649b000 r--s 00016000 00:2d 24905578                   /home/daan/lwjgl3/lwjgl-opengl-natives-linux.jar
7f12c649b000-7f12c64a5000 r--s 000be000 00:2d 24905603                   /home/daan/lwjgl3/lwjgl-opengl.jar
7f12c64a5000-7f12c64a6000 r--s 00104000 00:2d 24906646                   /home/daan/lwjgl3/lwjgl-openal-natives-windows.jar
7f12c64a6000-7f12c64a8000 r--s 00063000 00:2d 24906626                   /home/daan/lwjgl3/lwjgl-openal-natives-macos.jar
7f12c64a8000-7f12c64a9000 r--s 00077000 00:2d 24905570                   /home/daan/lwjgl3/lwjgl-openal-natives-linux.jar
7f12c64a9000-7f12c64ab000 r--s 00011000 00:2d 24905573                   /home/daan/lwjgl3/lwjgl-openal.jar
7f12c64ab000-7f12c64ac000 r--s 00040000 00:2d 24906630                   /home/daan/lwjgl3/lwjgl-nuklear-natives-windows.jar
7f12c64ac000-7f12c64ad000 r--s 0002d000 00:2d 24906620                   /home/daan/lwjgl3/lwjgl-nuklear-natives-macos.jar
7f12c64ad000-7f12c64ae000 r--s 00021000 00:2d 24905562                   /home/daan/lwjgl3/lwjgl-nuklear-natives-linux.jar
7f12c64ae000-7f12c64b4000 r--s 0005a000 00:2d 24905568                   /home/daan/lwjgl3/lwjgl-nuklear.jar
7f12c64b4000-7f12c64b5000 r--s 0001f000 00:2d 24905565                   /home/daan/lwjgl3/lwjgl-nfd-natives-windows.jar
7f12c64b5000-7f12c64b6000 r--s 00001000 00:2d 24905555                   /home/daan/lwjgl3/lwjgl-nfd-natives-macos.jar
7f12c64b6000-7f12c64b7000 r--s 00001000 00:2d 24905554                   /home/daan/lwjgl3/lwjgl-nfd-natives-linux.jar
7f12c64b7000-7f12c64b8000 r--s 00001000 00:2d 24905557                   /home/daan/lwjgl3/lwjgl-nfd.jar
7f12c64b8000-7f12c64ba000 r--s 00037000 00:2d 24906647                   /home/daan/lwjgl3/lwjgl-natives-windows.jar
7f12c64ba000-7f12c64bb000 r--s 00008000 00:2d 24906644                   /home/daan/lwjgl3/lwjgl-natives-macos.jar
7f12c64bb000-7f12c64bc000 r--s 00012000 00:2d 24906639                   /home/daan/lwjgl3/lwjgl-natives-linux.jar
7f12c64bc000-7f12c64bd000 r--s 0005d000 00:2d 24906597                   /home/daan/lwjgl3/lwjgl-nanovg-natives-windows.jar
7f12c64bd000-7f12c64be000 r--s 0001d000 00:2d 24905564                   /home/daan/lwjgl3/lwjgl-nanovg-natives-macos.jar
7f12c64be000-7f12c64bf000 r--s 00021000 00:2d 24905549                   /home/daan/lwjgl3/lwjgl-nanovg-natives-linux.jar
7f12c64bf000-7f12c64c0000 r--s 00009000 00:2d 24905551                   /home/daan/lwjgl3/lwjgl-nanovg.jar
7f12c64c0000-7f12c64c1000 r--s 00030000 00:2d 24905577                   /home/daan/lwjgl3/lwjgl-jemalloc-natives-windows.jar
7f12c64c1000-7f12c64c2000 r--s 00017000 00:2d 24905569                   /home/daan/lwjgl3/lwjgl-jemalloc-natives-macos.jar
7f12c64c2000-7f12c64c3000 r--s 0001f000 00:2d 24905543                   /home/daan/lwjgl3/lwjgl-jemalloc-natives-linux.jar
7f12c64c3000-7f12c64c5000 r--s 00008000 00:2d 24905545                   /home/daan/lwjgl3/lwjgl-jemalloc.jar
7f12c64c5000-7f12c64c6000 r--s 0003c000 00:2d 24905576                   /home/daan/lwjgl3/lwjgl-glfw-natives-windows.jar
7f12c64c6000-7f12c64ca000 r--s 00017000 00:2d 24905540                   /home/daan/lwjgl3/lwjgl-glfw.jar
7f12c64ca000-7f12c64ce000 r--s 00042000 00:2d 24906641                   /home/daan/lwjgl3/lwjgl.jar
7f12c64ce000-7f12c64d8000 r--s 00116000 fd:01 20185952                   /usr/lib/jvm/java-8-openjdk-amd64/jre/lib/ext/localedata.jar
7f12c64d8000-7f12c64f3000 r--s 001d6000 fd:01 20185732                   /usr/lib/jvm/java-8-openjdk-amd64/jre/lib/ext/nashorn.jar
7f12c64f3000-7f12c650e000 r--s 00394000 fd:01 20185556                   /usr/lib/jvm/java-8-openjdk-amd64/jre/lib/ext/cldrdata.jar
7f12c650e000-7f12c650f000 ---p 00000000 00:00 0 
7f12c650f000-7f12c660f000 rw-p 00000000 00:00 0 
7f12c660f000-7f12c6612000 ---p 00000000 00:00 0 
7f12c6612000-7f12c6710000 rw-p 00000000 00:00 0 
7f12c6710000-7f12c6713000 ---p 00000000 00:00 0 
7f12c6713000-7f12c6811000 rw-p 00000000 00:00 0 
7f12c6811000-7f12c6814000 ---p 00000000 00:00 0 
7f12c6814000-7f12c6912000 rw-p 00000000 00:00 0 
7f12c6912000-7f12c6915000 ---p 00000000 00:00 0 
7f12c6915000-7f12c6a13000 rw-p 00000000 00:00 0 
7f12c6a13000-7f12c6a16000 ---p 00000000 00:00 0 
7f12c6a16000-7f12c6b14000 rw-p 00000000 00:00 0 
7f12c6b14000-7f12c74d4000 r--p 00000000 fd:01 20060977                   /usr/lib/locale/locale-archive
7f12c74d4000-7f12c74d7000 ---p 00000000 00:00 0 
7f12c74d7000-7f12c75d5000 rw-p 00000000 00:00 0 
7f12c75d5000-7f12c75d8000 ---p 00000000 00:00 0 
7f12c75d8000-7f12c76d6000 rw-p 00000000 00:00 0 
7f12c76d6000-7f12c76d7000 ---p 00000000 00:00 0 
7f12c76d7000-7f12c8000000 rw-p 00000000 00:00 0 
7f12c8000000-7f12c8021000 rw-p 00000000 00:00 0 
7f12c8021000-7f12cc000000 ---p 00000000 00:00 0 
7f12cc000000-7f12cc005000 r--s 0003b000 fd:01 20186076                   /usr/lib/jvm/java-8-openjdk-amd64/jre/lib/ext/sunjce_provider.jar
7f12cc005000-7f12cc007000 r--s 00001000 fd:01 20186002                   /usr/lib/jvm/java-8-openjdk-amd64/jre/lib/ext/dnsns.jar
7f12cc007000-7f12cc00b000 r--s 00037000 fd:01 20185991                   /usr/lib/jvm/java-8-openjdk-amd64/jre/lib/ext/sunpkcs11.jar
7f12cc00b000-7f12cc632000 rw-p 00000000 00:00 0 
7f12cc632000-7f12cc800000 r--s 03c13000 fd:01 20185503                   /usr/lib/jvm/java-8-openjdk-amd64/jre/lib/rt.jar
7f12cc800000-7f12cccc0000 rw-p 00000000 00:00 0 
7f12cccc0000-7f12cd000000 ---p 00000000 00:00 0 
7f12cd000000-7f12cd270000 rwxp 00000000 00:00 0 
7f12cd270000-7f12dc000000 ---p 00000000 00:00 0 
7f12dc000000-7f12dc2dc000 rw-p 00000000 00:00 0 
7f12dc2dc000-7f12e0000000 ---p 00000000 00:00 0 
7f12e0000000-7f12e0001000 r--s 0000d000 00:2d 24905563                   /home/daan/lwjgl3/lwjgl-glfw-natives-macos.jar
7f12e0001000-7f12e2276000 rw-p 00000000 00:00 0 
7f12e2276000-7f12e2277000 ---p 00000000 00:00 0 
7f12e2277000-7f12e2377000 rw-p 00000000 00:00 0 
7f12e2377000-7f12e2378000 ---p 00000000 00:00 0 
7f12e2378000-7f12e2478000 rw-p 00000000 00:00 0 
7f12e2478000-7f12e2479000 ---p 00000000 00:00 0 
7f12e2479000-7f12e2579000 rw-p 00000000 00:00 0 
7f12e2579000-7f12e257a000 ---p 00000000 00:00 0 
7f12e257a000-7f12e268f000 rw-p 00000000 00:00 0 
7f12e268f000-7f12e27c2000 ---p 00000000 00:00 0 
7f12e27c2000-7f12e27d7000 rw-p 00000000 00:00 0 
7f12e27d7000-7f12e2909000 ---p 00000000 00:00 0 
7f12e2909000-7f12e2914000 rw-p 00000000 00:00 0 
7f12e2914000-7f12e29ad000 ---p 00000000 00:00 0 
7f12e29ad000-7f12e29b8000 rw-p 00000000 00:00 0 
7f12e29b8000-7f12e2d6e000 ---p 00000000 00:00 0 
7f12e2d6e000-7f12e2d76000 r-xp 00000000 fd:01 20187678                   /usr/lib/jvm/java-8-openjdk-amd64/jre/lib/amd64/libzip.so
7f12e2d76000-7f12e2f75000 ---p 00008000 fd:01 20187678                   /usr/lib/jvm/java-8-openjdk-amd64/jre/lib/amd64/libzip.so
7f12e2f75000-7f12e2f76000 r--p 00007000 fd:01 20187678                   /usr/lib/jvm/java-8-openjdk-amd64/jre/lib/amd64/libzip.so
7f12e2f76000-7f12e2f77000 rw-p 00008000 fd:01 20187678                   /usr/lib/jvm/java-8-openjdk-amd64/jre/lib/amd64/libzip.so
7f12e2f77000-7f12e2f82000 r-xp 00000000 fd:01 14946857                   /lib/x86_64-linux-gnu/libnss_files-2.23.so
7f12e2f82000-7f12e3181000 ---p 0000b000 fd:01 14946857                   /lib/x86_64-linux-gnu/libnss_files-2.23.so
7f12e3181000-7f12e3182000 r--p 0000a000 fd:01 14946857                   /lib/x86_64-linux-gnu/libnss_files-2.23.so
7f12e3182000-7f12e3183000 rw-p 0000b000 fd:01 14946857                   /lib/x86_64-linux-gnu/libnss_files-2.23.so
7f12e3183000-7f12e3189000 rw-p 00000000 00:00 0 
7f12e3189000-7f12e3194000 r-xp 00000000 fd:01 14946867                   /lib/x86_64-linux-gnu/libnss_nis-2.23.so
7f12e3194000-7f12e3393000 ---p 0000b000 fd:01 14946867                   /lib/x86_64-linux-gnu/libnss_nis-2.23.so
7f12e3393000-7f12e3394000 r--p 0000a000 fd:01 14946867                   /lib/x86_64-linux-gnu/libnss_nis-2.23.so
7f12e3394000-7f12e3395000 rw-p 0000b000 fd:01 14946867                   /lib/x86_64-linux-gnu/libnss_nis-2.23.so
7f12e3395000-7f12e33ab000 r-xp 00000000 fd:01 14946851                   /lib/x86_64-linux-gnu/libnsl-2.23.so
7f12e33ab000-7f12e35aa000 ---p 00016000 fd:01 14946851                   /lib/x86_64-linux-gnu/libnsl-2.23.so
7f12e35aa000-7f12e35ab000 r--p 00015000 fd:01 14946851                   /lib/x86_64-linux-gnu/libnsl-2.23.so
7f12e35ab000-7f12e35ac000 rw-p 00016000 fd:01 14946851                   /lib/x86_64-linux-gnu/libnsl-2.23.so
7f12e35ac000-7f12e35ae000 rw-p 00000000 00:00 0 
7f12e35ae000-7f12e35b6000 r-xp 00000000 fd:01 14946853                   /lib/x86_64-linux-gnu/libnss_compat-2.23.so
7f12e35b6000-7f12e37b5000 ---p 00008000 fd:01 14946853                   /lib/x86_64-linux-gnu/libnss_compat-2.23.so
7f12e37b5000-7f12e37b6000 r--p 00007000 fd:01 14946853                   /lib/x86_64-linux-gnu/libnss_compat-2.23.so
7f12e37b6000-7f12e37b7000 rw-p 00008000 fd:01 14946853                   /lib/x86_64-linux-gnu/libnss_compat-2.23.so
7f12e37b7000-7f12e37e4000 r-xp 00000000 fd:01 20187695                   /usr/lib/jvm/java-8-openjdk-amd64/jre/lib/amd64/libjava.so
7f12e37e4000-7f12e39e3000 ---p 0002d000 fd:01 20187695                   /usr/lib/jvm/java-8-openjdk-amd64/jre/lib/amd64/libjava.so
7f12e39e3000-7f12e39e4000 r--p 0002c000 fd:01 20187695                   /usr/lib/jvm/java-8-openjdk-amd64/jre/lib/amd64/libjava.so
7f12e39e4000-7f12e39e6000 rw-p 0002d000 fd:01 20187695                   /usr/lib/jvm/java-8-openjdk-amd64/jre/lib/amd64/libjava.so
7f12e39e6000-7f12e39f5000 r-xp 00000000 fd:01 20187203                   /usr/lib/jvm/java-8-openjdk-amd64/jre/lib/amd64/libverify.so
7f12e39f5000-7f12e3bf4000 ---p 0000f000 fd:01 20187203                   /usr/lib/jvm/java-8-openjdk-amd64/jre/lib/amd64/libverify.so
7f12e3bf4000-7f12e3bf6000 r--p 0000e000 fd:01 20187203                   /usr/lib/jvm/java-8-openjdk-amd64/jre/lib/amd64/libverify.so
7f12e3bf6000-7f12e3bf7000 rw-p 00010000 fd:01 20187203                   /usr/lib/jvm/java-8-openjdk-amd64/jre/lib/amd64/libverify.so
7f12e3bf7000-7f12e3bfe000 r-xp 00000000 fd:01 14946912                   /lib/x86_64-linux-gnu/librt-2.23.so
7f12e3bfe000-7f12e3dfd000 ---p 00007000 fd:01 14946912                   /lib/x86_64-linux-gnu/librt-2.23.so
7f12e3dfd000-7f12e3dfe000 r--p 00006000 fd:01 14946912                   /lib/x86_64-linux-gnu/librt-2.23.so
7f12e3dfe000-7f12e3dff000 rw-p 00007000 fd:01 14946912                   /lib/x86_64-linux-gnu/librt-2.23.so
7f12e3dff000-7f12e3e15000 r-xp 00000000 fd:01 14946796                   /lib/x86_64-linux-gnu/libgcc_s.so.1
7f12e3e15000-7f12e4014000 ---p 00016000 fd:01 14946796                   /lib/x86_64-linux-gnu/libgcc_s.so.1
7f12e4014000-7f12e4015000 rw-p 00015000 fd:01 14946796                   /lib/x86_64-linux-gnu/libgcc_s.so.1
7f12e4015000-7f12e411d000 r-xp 00000000 fd:01 14946828                   /lib/x86_64-linux-gnu/libm-2.23.so
7f12e411d000-7f12e431c000 ---p 00108000 fd:01 14946828                   /lib/x86_64-linux-gnu/libm-2.23.so
7f12e431c000-7f12e431d000 r--p 00107000 fd:01 14946828                   /lib/x86_64-linux-gnu/libm-2.23.so
7f12e431d000-7f12e431e000 rw-p 00108000 fd:01 14946828                   /lib/x86_64-linux-gnu/libm-2.23.so
7f12e431e000-7f12e4490000 r-xp 00000000 fd:01 20055626                   /usr/lib/x86_64-linux-gnu/libstdc++.so.6.0.21
7f12e4490000-7f12e4690000 ---p 00172000 fd:01 20055626                   /usr/lib/x86_64-linux-gnu/libstdc++.so.6.0.21
7f12e4690000-7f12e469a000 r--p 00172000 fd:01 20055626                   /usr/lib/x86_64-linux-gnu/libstdc++.so.6.0.21
7f12e469a000-7f12e469c000 rw-p 0017c000 fd:01 20055626                   /usr/lib/x86_64-linux-gnu/libstdc++.so.6.0.21
7f12e469c000-7f12e46a0000 rw-p 00000000 00:00 0 
7f12e46a0000-7f12e52f4000 r-xp 00000000 fd:01 20187676                   /usr/lib/jvm/java-8-openjdk-amd64/jre/lib/amd64/server/libjvm.so
7f12e52f4000-7f12e54f4000 ---p 00c54000 fd:01 20187676                   /usr/lib/jvm/java-8-openjdk-amd64/jre/lib/amd64/server/libjvm.so
7f12e54f4000-7f12e5587000 r--p 00c54000 fd:01 20187676                   /usr/lib/jvm/java-8-openjdk-amd64/jre/lib/amd64/server/libjvm.so
7f12e5587000-7f12e55b0000 rw-p 00ce7000 fd:01 20187676                   /usr/lib/jvm/java-8-openjdk-amd64/jre/lib/amd64/server/libjvm.so
7f12e55b0000-7f12e55e0000 rw-p 00000000 00:00 0 
7f12e55e0000-7f12e55f8000 r-xp 00000000 fd:01 14946904                   /lib/x86_64-linux-gnu/libpthread-2.23.so
7f12e55f8000-7f12e57f7000 ---p 00018000 fd:01 14946904                   /lib/x86_64-linux-gnu/libpthread-2.23.so
7f12e57f7000-7f12e57f8000 r--p 00017000 fd:01 14946904                   /lib/x86_64-linux-gnu/libpthread-2.23.so
7f12e57f8000-7f12e57f9000 rw-p 00018000 fd:01 14946904                   /lib/x86_64-linux-gnu/libpthread-2.23.so
7f12e57f9000-7f12e57fd000 rw-p 00000000 00:00 0 
7f12e57fd000-7f12e5800000 r-xp 00000000 fd:01 14946782                   /lib/x86_64-linux-gnu/libdl-2.23.so
7f12e5800000-7f12e59ff000 ---p 00003000 fd:01 14946782                   /lib/x86_64-linux-gnu/libdl-2.23.so
7f12e59ff000-7f12e5a00000 r--p 00002000 fd:01 14946782                   /lib/x86_64-linux-gnu/libdl-2.23.so
7f12e5a00000-7f12e5a01000 rw-p 00003000 fd:01 14946782                   /lib/x86_64-linux-gnu/libdl-2.23.so
7f12e5a01000-7f12e5a1a000 r-xp 00000000 fd:01 14946949                   /lib/x86_64-linux-gnu/libz.so.1.2.8
7f12e5a1a000-7f12e5c19000 ---p 00019000 fd:01 14946949                   /lib/x86_64-linux-gnu/libz.so.1.2.8
7f12e5c19000-7f12e5c1a000 r--p 00018000 fd:01 14946949                   /lib/x86_64-linux-gnu/libz.so.1.2.8
7f12e5c1a000-7f12e5c1b000 rw-p 00019000 fd:01 14946949                   /lib/x86_64-linux-gnu/libz.so.1.2.8
7f12e5c1b000-7f12e5ddb000 r-xp 00000000 fd:01 14946758                   /lib/x86_64-linux-gnu/libc-2.23.so
7f12e5ddb000-7f12e5fdb000 ---p 001c0000 fd:01 14946758                   /lib/x86_64-linux-gnu/libc-2.23.so
7f12e5fdb000-7f12e5fdf000 r--p 001c0000 fd:01 14946758                   /lib/x86_64-linux-gnu/libc-2.23.so
7f12e5fdf000-7f12e5fe1000 rw-p 001c4000 fd:01 14946758                   /lib/x86_64-linux-gnu/libc-2.23.so
7f12e5fe1000-7f12e5fe5000 rw-p 00000000 00:00 0 
7f12e5fe5000-7f12e5ff2000 r-xp 00000000 fd:01 20187201                   /usr/lib/jvm/java-8-openjdk-amd64/jre/lib/amd64/jli/libjli.so
7f12e5ff2000-7f12e61f2000 ---p 0000d000 fd:01 20187201                   /usr/lib/jvm/java-8-openjdk-amd64/jre/lib/amd64/jli/libjli.so
7f12e61f2000-7f12e61f3000 r--p 0000d000 fd:01 20187201                   /usr/lib/jvm/java-8-openjdk-amd64/jre/lib/amd64/jli/libjli.so
7f12e61f3000-7f12e61f4000 rw-p 0000e000 fd:01 20187201                   /usr/lib/jvm/java-8-openjdk-amd64/jre/lib/amd64/jli/libjli.so
7f12e61f4000-7f12e621a000 r-xp 00000000 fd:01 14946730                   /lib/x86_64-linux-gnu/ld-2.23.so
7f12e621a000-7f12e621b000 r--s 00011000 00:2d 24905538                   /home/daan/lwjgl3/lwjgl-glfw-natives-linux.jar
7f12e621b000-7f12e621d000 r--s 00008000 fd:01 20186090                   /usr/lib/jvm/java-8-openjdk-amd64/jre/lib/ext/sunec.jar
7f12e621d000-7f12e6220000 r--s 0000f000 fd:01 20186087                   /usr/lib/jvm/java-8-openjdk-amd64/jre/lib/ext/icedtea-sound.jar
7f12e6220000-7f12e62f1000 rw-p 00000000 00:00 0 
7f12e62f1000-7f12e62f4000 ---p 00000000 00:00 0 
7f12e62f4000-7f12e63f7000 rw-p 00000000 00:00 0 
7f12e63f7000-7f12e63f8000 r--s 0000a000 fd:01 20186064                   /usr/lib/jvm/java-8-openjdk-amd64/jre/lib/ext/jaccess.jar
7f12e63f8000-7f12e63f9000 r--s 00010000 fd:01 20187194                   /usr/lib/jvm/java-8-openjdk-amd64/jre/lib/ext/zipfs.jar
7f12e63f9000-7f12e640d000 rw-p 00000000 00:00 0 
7f12e640d000-7f12e6415000 rw-s 00000000 fd:01 7602214                    /tmp/hsperfdata_root/11406
7f12e6415000-7f12e6416000 rw-p 00000000 00:00 0 
7f12e6416000-7f12e6417000 r--p 00000000 00:00 0 
7f12e6417000-7f12e6419000 rw-p 00000000 00:00 0 
7f12e6419000-7f12e641a000 r--p 00025000 fd:01 14946730                   /lib/x86_64-linux-gnu/ld-2.23.so
7f12e641a000-7f12e641b000 rw-p 00026000 fd:01 14946730                   /lib/x86_64-linux-gnu/ld-2.23.so
7f12e641b000-7f12e641c000 rw-p 00000000 00:00 0 
7ffcd4c79000-7ffcd4c9b000 rw-p 00000000 00:00 0                          [stack]
7ffcd4d85000-7ffcd4d87000 r--p 00000000 00:00 0                          [vvar]
7ffcd4d87000-7ffcd4d89000 r-xp 00000000 00:00 0                          [vdso]
ffffffffff600000-ffffffffff601000 r-xp 00000000 00:00 0                  [vsyscall]

VM Arguments:
jvm_args: -Dfile.encoding=UTF-8 
java_command: Main
java_class_path (initial): /home/daan/lwjgl3/lwjgl.jar:/home/daan/lwjgl3/lwjgl-glfw.jar:/home/daan/lwjgl3/lwjgl-glfw-natives-linux.jar:/home/daan/lwjgl3/lwjgl-glfw-natives-macos.jar:/home/daan/lwjgl3/lwjgl-glfw-natives-windows.jar:/home/daan/lwjgl3/lwjgl-jemalloc.jar:/home/daan/lwjgl3/lwjgl-jemalloc-natives-linux.jar:/home/daan/lwjgl3/lwjgl-jemalloc-natives-macos.jar:/home/daan/lwjgl3/lwjgl-jemalloc-natives-windows.jar:/home/daan/lwjgl3/lwjgl-nanovg.jar:/home/daan/lwjgl3/lwjgl-nanovg-natives-linux.jar:/home/daan/lwjgl3/lwjgl-nanovg-natives-macos.jar:/home/daan/lwjgl3/lwjgl-nanovg-natives-windows.jar:/home/daan/lwjgl3/lwjgl-natives-linux.jar:/home/daan/lwjgl3/lwjgl-natives-macos.jar:/home/daan/lwjgl3/lwjgl-natives-windows.jar:/home/daan/lwjgl3/lwjgl-nfd.jar:/home/daan/lwjgl3/lwjgl-nfd-natives-linux.jar:/home/daan/lwjgl3/lwjgl-nfd-natives-macos.jar:/home/daan/lwjgl3/lwjgl-nfd-natives-windows.jar:/home/daan/lwjgl3/lwjgl-nuklear.jar:/home/daan/lwjgl3/lwjgl-nuklear-natives-linux.jar:/home/daan/lwjgl3/lwjgl-nuklear-natives-macos.jar:/home/daan/lwjgl3/lwjgl-nuklear-natives-windows.jar:/home/daan/lwjgl3/lwjgl-openal.jar:/home/daan/lwjgl3/lwjgl-openal-natives-linux.jar:/home/daan/lwjgl3/lwjgl-openal-natives-macos.jar:/home/daan/lwjgl3/lwjgl-openal-natives-windows.jar:/home/daan/lwjgl3/lwjgl-opengl.jar:/home/daan/lwjgl3/lwjgl-opengl-natives-linux.jar:/home/daan/lwjgl3/lwjgl-opengl-natives-macos.jar:/home/daan/lwjgl3/lwjgl-opengl-natives-windows.jar:/home/daan/lwjgl3/lwjgl-par.jar:/home/daan/lwjgl3/lwjgl-par-natives-linux.jar:/home/daan/lwjgl3/lwjgl-par-natives-macos.jar:/home/daan/lwjgl3/lwjgl-par-natives-windows.jar:/home/daan/lwjgl3/lwjgl-stb.jar:/home/daan/lwjgl3/lwjgl-stb-natives-linux.jar:/home/daan/lwjgl3/lwjgl-stb-natives-macos.jar:/home/daan/lwjgl3/lwjgl-stb-natives-windows.jar:/home/daan/lwjgl3/lwjgl-tinyfd.jar:/home/daan/lwjgl3/lwjgl-tinyfd-natives-linux.jar:/home/daan/lwjgl3/lwjgl-tinyfd-natives-macos.jar:/home/daan/lwjgl3/lwjgl-tinyfd-natives-windows.jar:/home/d
Launcher Type: SUN_STANDARD

Environment Variables:
PATH=/usr/local/sbin:/usr/local/bin:/usr/sbin:/usr/bin:/sbin:/bin:/snap/bin
USERNAME=root
SHELL=/bin/bash
DISPLAY=:1

Signal Handlers:
SIGSEGV: [libjvm.so+0xa6ad10], sa_mask[0]=11111111011111111101111111111110, sa_flags=SA_RESTART|SA_SIGINFO
SIGBUS: [libjvm.so+0xa6ad10], sa_mask[0]=11111111011111111101111111111110, sa_flags=SA_RESTART|SA_SIGINFO
SIGFPE: [libjvm.so+0x8b3bc0], sa_mask[0]=11111111011111111101111111111110, sa_flags=SA_RESTART|SA_SIGINFO
SIGPIPE: [libjvm.so+0x8b3bc0], sa_mask[0]=11111111011111111101111111111110, sa_flags=SA_RESTART|SA_SIGINFO
SIGXFSZ: [libjvm.so+0x8b3bc0], sa_mask[0]=11111111011111111101111111111110, sa_flags=SA_RESTART|SA_SIGINFO
SIGILL: [libjvm.so+0x8b3bc0], sa_mask[0]=11111111011111111101111111111110, sa_flags=SA_RESTART|SA_SIGINFO
SIGUSR1: SIG_DFL, sa_mask[0]=00000000000000000000000000000000, sa_flags=none
SIGUSR2: [libjvm.so+0x8b3a70], sa_mask[0]=00100000000000000000000000000000, sa_flags=SA_RESTART|SA_SIGINFO
SIGHUP: [libjvm.so+0x8b3f40], sa_mask[0]=11111111011111111101111111111110, sa_flags=SA_RESTART|SA_SIGINFO
SIGINT: [libjvm.so+0x8b3f40], sa_mask[0]=11111111011111111101111111111110, sa_flags=SA_RESTART|SA_SIGINFO
SIGTERM: [libjvm.so+0x8b3f40], sa_mask[0]=11111111011111111101111111111110, sa_flags=SA_RESTART|SA_SIGINFO
SIGQUIT: [libjvm.so+0x8b3f40], sa_mask[0]=11111111011111111101111111111110, sa_flags=SA_RESTART|SA_SIGINFO


---------------  S Y S T E M  ---------------

OS:DISTRIB_ID=Ubuntu
DISTRIB_RELEASE=16.04
DISTRIB_CODENAME=xenial
DISTRIB_DESCRIPTION="Ubuntu 16.04.3 LTS"

uname:Linux 4.10.0-37-generic #41~16.04.1-Ubuntu SMP Fri Oct 6 22:42:59 UTC 2017 x86_64
libc:glibc 2.23 NPTL 2.23 
rlimit: STACK 8192k, CORE 0k, NPROC 15312, NOFILE 1048576, AS infinity
load average:0,96 0,52 0,51

/proc/meminfo:
MemTotal:        4021440 kB
MemFree:          147972 kB
MemAvailable:    1006360 kB
Buffers:           96228 kB
Cached:           942548 kB
SwapCached:          152 kB
Active:          2698252 kB
Inactive:         832144 kB
Active(anon):    2017244 kB
Inactive(anon):   507816 kB
Active(file):     681008 kB
Inactive(file):   324328 kB
Unevictable:          16 kB
Mlocked:              16 kB
SwapTotal:       4173308 kB
SwapFree:        4171004 kB
Dirty:              3580 kB
Writeback:             0 kB
AnonPages:       2272320 kB
Mapped:           422568 kB
Shmem:             33440 kB
Slab:             170596 kB
SReclaimable:     121520 kB
SUnreclaim:        49076 kB
KernelStack:       10848 kB
PageTables:        39952 kB
NFS_Unstable:          0 kB
Bounce:                0 kB
WritebackTmp:          0 kB
CommitLimit:     6184028 kB
Committed_AS:    6081968 kB
VmallocTotal:   34359738367 kB
VmallocUsed:           0 kB
VmallocChunk:          0 kB
HardwareCorrupted:     0 kB
AnonHugePages:    976896 kB
ShmemHugePages:        0 kB
ShmemPmdMapped:        0 kB
CmaTotal:              0 kB
CmaFree:               0 kB
HugePages_Total:       0
HugePages_Free:        0
HugePages_Rsvd:        0
HugePages_Surp:        0
Hugepagesize:       2048 kB
DirectMap4k:      397312 kB
DirectMap2M:     3774464 kB


CPU:total 4 (initial active 4) (4 cores per cpu, 1 threads per core) family 6 model 42 stepping 7, cmov, cx8, fxsr, mmx, sse, sse2, sse3, ssse3, sse4.1, sse4.2, popcnt, avx, aes, clmul, tsc, tscinvbit

/proc/cpuinfo:
processor	: 0
vendor_id	: GenuineIntel
cpu family	: 6
model		: 42
model name	: Intel(R) Core(TM) i5-2400S CPU @ 2.50GHz
stepping	: 7
microcode	: 0x1a
cpu MHz		: 2696.533
cache size	: 6144 KB
physical id	: 0
siblings	: 4
core id		: 0
cpu cores	: 4
apicid		: 0
initial apicid	: 0
fpu		: yes
fpu_exception	: yes
cpuid level	: 13
wp		: yes
flags		: fpu vme de pse tsc msr pae mce cx8 apic sep mtrr pge mca cmov pat pse36 clflush dts acpi mmx fxsr sse sse2 ss ht tm pbe syscall nx rdtscp lm constant_tsc arch_perfmon pebs bts rep_good nopl xtopology nonstop_tsc aperfmperf pni pclmulqdq dtes64 monitor ds_cpl vmx smx est tm2 ssse3 cx16 xtpr pdcm pcid sse4_1 sse4_2 x2apic popcnt tsc_deadline_timer aes xsave avx lahf_lm tpr_shadow vnmi flexpriority ept vpid xsaveopt dtherm ida arat pln pts
bugs		:
bogomips	: 4988.99
clflush size	: 64
cache_alignment	: 64
address sizes	: 36 bits physical, 48 bits virtual
power management:

processor	: 1
vendor_id	: GenuineIntel
cpu family	: 6
model		: 42
model name	: Intel(R) Core(TM) i5-2400S CPU @ 2.50GHz
stepping	: 7
microcode	: 0x1a
cpu MHz		: 2662.811
cache size	: 6144 KB
physical id	: 0
siblings	: 4
core id		: 1
cpu cores	: 4
apicid		: 2
initial apicid	: 2
fpu		: yes
fpu_exception	: yes
cpuid level	: 13
wp		: yes
flags		: fpu vme de pse tsc msr pae mce cx8 apic sep mtrr pge mca cmov pat pse36 clflush dts acpi mmx fxsr sse sse2 ss ht tm pbe syscall nx rdtscp lm constant_tsc arch_perfmon pebs bts rep_good nopl xtopology nonstop_tsc aperfmperf pni pclmulqdq dtes64 monitor ds_cpl vmx smx est tm2 ssse3 cx16 xtpr pdcm pcid sse4_1 sse4_2 x2apic popcnt tsc_deadline_timer aes xsave avx lahf_lm tpr_shadow vnmi flexpriority ept vpid xsaveopt dtherm ida arat pln pts
bugs		:
bogomips	: 4988.99
clflush size	: 64
cache_alignment	: 64
address sizes	: 36 bits physical, 48 bits virtual
power management:

processor	: 2
vendor_id	: GenuineIntel
cpu family	: 6
model		: 42
model name	: Intel(R) Core(TM) i5-2400S CPU @ 2.50GHz
stepping	: 7
microcode	: 0x1a
cpu MHz		: 2697.143
cache size	: 6144 KB
physical id	: 0
siblings	: 4
core id		: 2
cpu cores	: 4
apicid		: 4
initial apicid	: 4
fpu		: yes
fpu_exception	: yes
cpuid level	: 13
wp		: yes
flags		: fpu vme de pse tsc msr pae mce cx8 apic sep mtrr pge mca cmov pat pse36 clflush dts acpi mmx fxsr sse sse2 ss ht tm pbe syscall nx rdtscp lm constant_tsc arch_perfmon pebs bts rep_good nopl xtopology nonstop_tsc aperfmperf pni pclmulqdq dtes64 monitor ds_cpl vmx smx est tm2 ssse3 cx16 xtpr pdcm pcid sse4_1 sse4_2 x2apic popcnt tsc_deadline_timer aes xsave avx lahf_lm tpr_shadow vnmi flexpriority ept vpid xsaveopt dtherm ida arat pln pts
bugs		:
bogomips	: 4988.99
clflush size	: 64
cache_alignment	: 64
address sizes	: 36 bits physical, 48 bits virtual
power management:

processor	: 3
vendor_id	: GenuineIntel
cpu family	: 6
model		: 42
model name	: Intel(R) Core(TM) i5-2400S CPU @ 2.50GHz
stepping	: 7
microcode	: 0x1a
cpu MHz		: 2725.219
cache size	: 6144 KB
physical id	: 0
siblings	: 4
core id		: 3
cpu cores	: 4
apicid		: 6
initial apicid	: 6
fpu		: yes
fpu_exception	: yes
cpuid level	: 13
wp		: yes
flags		: fpu vme de pse tsc msr pae mce cx8 apic sep mtrr pge mca cmov pat pse36 clflush dts acpi mmx fxsr sse sse2 ss ht tm pbe syscall nx rdtscp lm constant_tsc arch_perfmon pebs bts rep_good nopl xtopology nonstop_tsc aperfmperf pni pclmulqdq dtes64 monitor ds_cpl vmx smx est tm2 ssse3 cx16 xtpr pdcm pcid sse4_1 sse4_2 x2apic popcnt tsc_deadline_timer aes xsave avx lahf_lm tpr_shadow vnmi flexpriority ept vpid xsaveopt dtherm ida arat pln pts
bugs		:
bogomips	: 4988.99
clflush size	: 64
cache_alignment	: 64
address sizes	: 36 bits physical, 48 bits virtual
power management:



Memory: 4k page, physical 4021440k(147972k free), swap 4173308k(4171004k free)

vm_info: OpenJDK 64-Bit Server VM (25.131-b11) for linux-amd64 JRE (1.8.0_131-8u131-b11-2ubuntu1.16.04.3-b11), built on Jul 28 2017 01:23:32 by "buildd" with gcc 5.4.0 20160609

time: Wed Oct 11 15:00:50 2017
elapsed time: 0 seconds (0d 0h 0m 0s)

