#
# A fatal error has been detected by the Java Runtime Environment:
#
#  SIGSEGV (0xb) at pc=0x00007efcb4dd8e57, pid=11150, tid=0x00007efd0466c700
#
# JRE version: OpenJDK Runtime Environment (8.0_131-b11) (build 1.8.0_131-8u131-b11-2ubuntu1.16.04.3-b11)
# Java VM: OpenJDK 64-Bit Server VM (25.131-b11 mixed mode linux-amd64 compressed oops)
# Problematic frame:
# C  [liblwjgl_opengl.so+0x45e57]  Java_org_lwjgl_opengl_GL20_glCreateProgram+0x7
#
# Failed to write core dump. Core dumps have been disabled. To enable core dumping, try "ulimit -c unlimited" before starting Java again
#
# If you would like to submit a bug report, please visit:
#   http://bugreport.java.com/bugreport/crash.jsp
# The crash happened outside the Java Virtual Machine in native code.
# See problematic frame for where to report the bug.
#

---------------  T H R E A D  ---------------

Current thread (0x00007efcfc00b000):  JavaThread "main" [_thread_in_native, id=11152, stack(0x00007efd0456c000,0x00007efd0466d000)]

siginfo: si_signo: 11 (SIGSEGV), si_code: 1 (SEGV_MAPERR), si_addr: 0x0000000000000878

Registers:
RAX=0x0000000000000000, RBX=0x00007efcecc06058, RCX=0x0000000000000003, RDX=0x00007efd0383a5d8
RSP=0x00007efd0466b868, RBP=0x00007efd0466b8b8, RSI=0x00007efd0466b8c8, RDI=0x00007efcfc00b1e0
R8 =0x00007efcecc06058, R9 =0x0000000000000004, R10=0x00007efced017748, R11=0x00007efd03279520
R12=0x0000000000000000, R13=0x00007efcecc06050, R14=0x00007efd0466b8d0, R15=0x00007efcfc00b000
RIP=0x00007efcb4dd8e57, EFLAGS=0x0000000000010287, CSGSFS=0x002b000000000033, ERR=0x0000000000000004
  TRAPNO=0x000000000000000e

Top of Stack: (sp=0x00007efd0466b868)
0x00007efd0466b868:   00007efced017774 00007efced0174c2
0x00007efd0466b878:   00007efd0466b878 00007efcecc06050
0x00007efd0466b888:   00007efd0466b8d0 00007efcecc19110
0x00007efd0466b898:   0000000000000000 00007efcecc06058
0x00007efd0466b8a8:   0000000000000000 00007efd0466b8d8
0x00007efd0466b8b8:   00007efd0466b920 00007efced007a40
0x00007efd0466b8c8:   00000000eba720e0 00007efced011276
0x00007efd0466b8d8:   00000000eba489d8 00007efd0466b8e0
0x00007efd0466b8e8:   00007efcecc01f35 00007efd0466b930
0x00007efd0466b8f8:   00007efcecc02620 0000000000000000
0x00007efd0466b908:   00007efcecc01f50 00007efd0466b8d8
0x00007efd0466b918:   00007efd0466b930 00007efd0466b988
0x00007efd0466b928:   00007efced007ffd 00000000eba489d8
0x00007efd0466b938:   00000000eba489d8 00000000eba3f898
0x00007efd0466b948:   00007efd0466b948 00007efcecc00980
0x00007efd0466b958:   00007efd0466b9b8 00007efcecc00c48
0x00007efd0466b968:   0000000000000000 00007efcecc00a80
0x00007efd0466b978:   00007efd0466b930 00007efd0466b9b8
0x00007efd0466b988:   00007efd0466ba00 00007efced007ffd
0x00007efd0466b998:   0000000000000000 0000000000000000
0x00007efd0466b9a8:   0000000000000000 0000000000000000
0x00007efd0466b9b8:   00000000eba3f898 00007efd0466b9c0
0x00007efd0466b9c8:   00007efcecc00311 00007efd0466ba18
0x00007efd0466b9d8:   00007efcecc00390 0000000000000000
0x00007efd0466b9e8:   00007efcecc00338 00007efd0466b9b8
0x00007efd0466b9f8:   00007efd0466ba18 00007efd0466ba80
0x00007efd0466ba08:   00007efced0004e7 00000000eba3f898
0x00007efd0466ba18:   00000000eba3bde8 0000000000001fa0
0x00007efd0466ba28:   00007efcecc00338 00007efd0466bc70
0x00007efd0466ba38:   00007efd0466bb20 00007efcfc00b000
0x00007efd0466ba48:   00007efcfc00b000 00007efd0466bb20
0x00007efd0466ba58:   00007efd0466bd38 00007efd0000000a 

Instructions: (pc=0x00007efcb4dd8e57)
0x00007efcb4dd8e37:   40 18 48 8b 80 b0 09 00 00 ff e0 66 66 66 66 66
0x00007efcb4dd8e47:   2e 0f 1f 84 00 00 00 00 00 48 8b 07 48 8b 40 18
0x00007efcb4dd8e57:   ff a0 78 08 00 00 0f 1f 00 48 8b 07 41 89 d1 89
0x00007efcb4dd8e67:   ce 4c 89 c2 44 89 cf 48 8b 40 18 48 8b 80 b8 15 

Register to memory mapping:

RAX=0x0000000000000000 is an unknown value
RBX={method} {0x00007efcecc06058} 'glCreateProgram' '()I' in 'org/lwjgl/opengl/GL20'
RCX=0x0000000000000003 is an unknown value
RDX=0x00007efd0383a5d8: <offset 0xf1f5d8> in /usr/lib/jvm/java-8-openjdk-amd64/jre/lib/amd64/server/libjvm.so at 0x00007efd0291b000
RSP=0x00007efd0466b868 is pointing into the stack for thread: 0x00007efcfc00b000
RBP=0x00007efd0466b8b8 is pointing into the stack for thread: 0x00007efcfc00b000
RSI=0x00007efd0466b8c8 is pointing into the stack for thread: 0x00007efcfc00b000
RDI=0x00007efcfc00b1e0 is an unknown value
R8 ={method} {0x00007efcecc06058} 'glCreateProgram' '()I' in 'org/lwjgl/opengl/GL20'
R9 =0x0000000000000004 is an unknown value
R10=0x00007efced017748 is at code_begin+808 in an Interpreter codelet
method entry point (kind = native)  [0x00007efced017420, 0x00007efced017d20]  2304 bytes
R11=0x00007efd03279520: <offset 0x95e520> in /usr/lib/jvm/java-8-openjdk-amd64/jre/lib/amd64/server/libjvm.so at 0x00007efd0291b000
R12=0x0000000000000000 is an unknown value
R13=0x00007efcecc06050 is pointing into metadata
R14=0x00007efd0466b8d0 is pointing into the stack for thread: 0x00007efcfc00b000
R15=0x00007efcfc00b000 is a thread


Stack: [0x00007efd0456c000,0x00007efd0466d000],  sp=0x00007efd0466b868,  free space=1022k
Native frames: (J=compiled Java code, j=interpreted, Vv=VM code, C=native code)
C  [liblwjgl_opengl.so+0x45e57]  Java_org_lwjgl_opengl_GL20_glCreateProgram+0x7
j  ShaderProgram.<init>()V+5
j  Game.start()V+16
j  Main.main([Ljava/lang/String;)V+17
v  ~StubRoutines::call_stub
V  [libjvm.so+0x66415b]
V  [libjvm.so+0x685e9e]
V  [libjvm.so+0x6887cf]
C  [libjli.so+0x3552]
C  [libjli.so+0x73dd]
C  [libpthread.so.0+0x76ba]  start_thread+0xca

Java frames: (J=compiled Java code, j=interpreted, Vv=VM code)
j  org.lwjgl.opengl.GL20.glCreateProgram()I+0
j  ShaderProgram.<init>()V+5
j  Game.start()V+16
j  Main.main([Ljava/lang/String;)V+17
v  ~StubRoutines::call_stub

---------------  P R O C E S S  ---------------

Java Threads: ( => current thread )
  0x00007efcfc0c3800 JavaThread "Service Thread" daemon [_thread_blocked, id=11167, stack(0x00007efce4780000,0x00007efce4881000)]
  0x00007efcfc0b3800 JavaThread "C1 CompilerThread2" daemon [_thread_blocked, id=11166, stack(0x00007efce4881000,0x00007efce4982000)]
  0x00007efcfc0b2000 JavaThread "C2 CompilerThread1" daemon [_thread_blocked, id=11165, stack(0x00007efce4982000,0x00007efce4a83000)]
  0x00007efcfc0af000 JavaThread "C2 CompilerThread0" daemon [_thread_blocked, id=11164, stack(0x00007efce4a83000,0x00007efce4b84000)]
  0x00007efcfc0ad000 JavaThread "Signal Dispatcher" daemon [_thread_blocked, id=11163, stack(0x00007efce4b84000,0x00007efce4c85000)]
  0x00007efcfc084800 JavaThread "Finalizer" daemon [_thread_blocked, id=11162, stack(0x00007efce5645000,0x00007efce5746000)]
  0x00007efcfc080000 JavaThread "Reference Handler" daemon [_thread_blocked, id=11161, stack(0x00007efce5746000,0x00007efce5847000)]
=>0x00007efcfc00b000 JavaThread "main" [_thread_in_native, id=11152, stack(0x00007efd0456c000,0x00007efd0466d000)]

Other Threads:
  0x00007efcfc078000 VMThread [stack: 0x00007efce5847000,0x00007efce5948000] [id=11160]
  0x00007efcfc0c6000 WatcherThread [stack: 0x00007efce467f000,0x00007efce4780000] [id=11168]

VM state:not at safepoint (normal execution)

VM Mutex/Monitor currently owned by a thread: None

Heap:
 PSYoungGen      total 18432K, used 4784K [0x00000000eb900000, 0x00000000ecd80000, 0x0000000100000000)
  eden space 15872K, 30% used [0x00000000eb900000,0x00000000ebdac058,0x00000000ec880000)
  from space 2560K, 0% used [0x00000000ecb00000,0x00000000ecb00000,0x00000000ecd80000)
  to   space 2560K, 0% used [0x00000000ec880000,0x00000000ec880000,0x00000000ecb00000)
 ParOldGen       total 42496K, used 0K [0x00000000c2a00000, 0x00000000c5380000, 0x00000000eb900000)
  object space 42496K, 0% used [0x00000000c2a00000,0x00000000c2a00000,0x00000000c5380000)
 Metaspace       used 5018K, capacity 5334K, committed 5632K, reserved 1056768K
  class space    used 550K, capacity 641K, committed 768K, reserved 1048576K

Card table byte_map: [0x00007efd00a3d000,0x00007efd00c29000] byte_map_base: 0x00007efd00428000

Marking Bits: (ParMarkBitMap*) 0x00007efd0383e2c0
 Begin Bits: [0x00007efce6150000, 0x00007efce70a8000)
 End Bits:   [0x00007efce70a8000, 0x00007efce8000000)

Polling page: 0x00007efd04691000

CodeCache: size=245760Kb used=1800Kb max_used=1800Kb free=243959Kb
 bounds [0x00007efced000000, 0x00007efced270000, 0x00007efcfc000000]
 total_blobs=679 nmethods=365 adapters=229
 compilation: enabled

Compilation events (10 events):
Event: 0,224 Thread 0x00007efcfc0b3800  361       3       java.lang.invoke.MemberName::getInvocationType (56 bytes)
Event: 0,224 Thread 0x00007efcfc0b3800 nmethod 361 0x00007efced1c0210 code [0x00007efced1c0400, 0x00007efced1c0fe8]
Event: 0,224 Thread 0x00007efcfc0b3800  362       1       java.util.zip.ZipCoder::isUTF8 (5 bytes)
Event: 0,224 Thread 0x00007efcfc0b3800 nmethod 362 0x00007efced1c1310 code [0x00007efced1c1460, 0x00007efced1c1570]
Event: 0,227 Thread 0x00007efcfc0b3800  363       1       sun.misc.URLClassPath$JarLoader::access$700 (5 bytes)
Event: 0,227 Thread 0x00007efcfc0b3800 nmethod 363 0x00007efced1c15d0 code [0x00007efced1c1720, 0x00007efced1c1810]
Event: 0,232 Thread 0x00007efcfc0b3800  364       3       java.lang.Character::toUpperCase (6 bytes)
Event: 0,233 Thread 0x00007efcfc0b3800 nmethod 364 0x00007efced1c1a90 code [0x00007efced1c1c20, 0x00007efced1c1eb8]
Event: 0,233 Thread 0x00007efcfc0b3800  365       3       java.lang.Character::toUpperCase (9 bytes)
Event: 0,233 Thread 0x00007efcfc0b3800 nmethod 365 0x00007efced1c1fd0 code [0x00007efced1c2140, 0x00007efced1c2378]

GC Heap History (0 events):
No events

Deoptimization events (0 events):
No events

Internal exceptions (10 events):
Event: 0,147 Thread 0x00007efcfc00b000 Exception <a 'java/lang/NoSuchFieldError': method resolution failed> (0x00000000ebb8f150) thrown at [/build/openjdk-8-pZyJp3/openjdk-8-8u131-b11/src/hotspot/src/share/vm/prims/methodHandles.cpp, line 1146]
Event: 0,149 Thread 0x00007efcfc00b000 Exception <a 'java/lang/NoSuchFieldError': method resolution failed> (0x00000000ebb9c610) thrown at [/build/openjdk-8-pZyJp3/openjdk-8-8u131-b11/src/hotspot/src/share/vm/prims/methodHandles.cpp, line 1146]
Event: 0,188 Thread 0x00007efcfc00b000 Exception <a 'java/lang/NoSuchMethodError': java.lang.Object.lambda$static$0(Ljava/lang/String;)Ljava/lang/Boolean;> (0x00000000ebca6a00) thrown at [/build/openjdk-8-pZyJp3/openjdk-8-8u131-b11/src/hotspot/src/share/vm/interpreter/linkResolver.cpp, line 58
Event: 0,197 Thread 0x00007efcfc00b000 Exception <a 'java/security/PrivilegedActionException'> (0x00000000ebcd5590) thrown at [/build/openjdk-8-pZyJp3/openjdk-8-8u131-b11/src/hotspot/src/share/vm/prims/jvm.cpp, line 1390]
Event: 0,197 Thread 0x00007efcfc00b000 Exception <a 'java/security/PrivilegedActionException'> (0x00000000ebcd57a0) thrown at [/build/openjdk-8-pZyJp3/openjdk-8-8u131-b11/src/hotspot/src/share/vm/prims/jvm.cpp, line 1390]
Event: 0,197 Thread 0x00007efcfc00b000 Exception <a 'java/security/PrivilegedActionException'> (0x00000000ebcd7828) thrown at [/build/openjdk-8-pZyJp3/openjdk-8-8u131-b11/src/hotspot/src/share/vm/prims/jvm.cpp, line 1390]
Event: 0,197 Thread 0x00007efcfc00b000 Exception <a 'java/security/PrivilegedActionException'> (0x00000000ebcd7a38) thrown at [/build/openjdk-8-pZyJp3/openjdk-8-8u131-b11/src/hotspot/src/share/vm/prims/jvm.cpp, line 1390]
Event: 0,197 Thread 0x00007efcfc00b000 Exception <a 'java/security/PrivilegedActionException'> (0x00000000ebcd8510) thrown at [/build/openjdk-8-pZyJp3/openjdk-8-8u131-b11/src/hotspot/src/share/vm/prims/jvm.cpp, line 1390]
Event: 0,197 Thread 0x00007efcfc00b000 Exception <a 'java/security/PrivilegedActionException'> (0x00000000ebcd8720) thrown at [/build/openjdk-8-pZyJp3/openjdk-8-8u131-b11/src/hotspot/src/share/vm/prims/jvm.cpp, line 1390]
Event: 0,219 Thread 0x00007efcfc00b000 Exception <a 'sun/nio/fs/UnixException'> (0x00000000ebd26640) thrown at [/build/openjdk-8-pZyJp3/openjdk-8-8u131-b11/src/hotspot/src/share/vm/prims/jni.cpp, line 709]

Events (10 events):
Event: 0,229 loading class org/lwjgl/system/jni/JNINativeInterface
Event: 0,229 loading class org/lwjgl/system/jni/JNINativeInterface done
Event: 0,230 loading class org/lwjgl/system/linux/DynamicLinkLoader
Event: 0,230 loading class org/lwjgl/system/linux/DynamicLinkLoader done
Event: 0,232 loading class org/lwjgl/opengl/GL$2
Event: 0,232 loading class org/lwjgl/opengl/GL$2 done
Event: 0,232 loading class org/lwjgl/opengl/GL$SharedLibraryGL
Event: 0,232 loading class org/lwjgl/opengl/GL$SharedLibraryGL done
Event: 0,232 loading class org/lwjgl/system/SharedLibrary$Delegate
Event: 0,232 loading class org/lwjgl/system/SharedLibrary$Delegate done


Dynamic libraries:
00400000-00401000 r-xp 00000000 fd:01 20187746                           /usr/lib/jvm/java-8-openjdk-amd64/jre/bin/java
00600000-00601000 r--p 00000000 fd:01 20187746                           /usr/lib/jvm/java-8-openjdk-amd64/jre/bin/java
00601000-00602000 rw-p 00001000 fd:01 20187746                           /usr/lib/jvm/java-8-openjdk-amd64/jre/bin/java
02341000-02362000 rw-p 00000000 00:00 0                                  [heap]
c2a00000-c5380000 rw-p 00000000 00:00 0 
c5380000-eb900000 ---p 00000000 00:00 0 
eb900000-ecd80000 rw-p 00000000 00:00 0 
ecd80000-100000000 ---p 00000000 00:00 0 
100000000-1000c0000 rw-p 00000000 00:00 0 
1000c0000-140000000 ---p 00000000 00:00 0 
7efcae419000-7efcae41e000 r-xp 00000000 fd:01 20061955                   /usr/lib/x86_64-linux-gnu/libXdmcp.so.6.0.0
7efcae41e000-7efcae61d000 ---p 00005000 fd:01 20061955                   /usr/lib/x86_64-linux-gnu/libXdmcp.so.6.0.0
7efcae61d000-7efcae61e000 r--p 00004000 fd:01 20061955                   /usr/lib/x86_64-linux-gnu/libXdmcp.so.6.0.0
7efcae61e000-7efcae61f000 rw-p 00005000 fd:01 20061955                   /usr/lib/x86_64-linux-gnu/libXdmcp.so.6.0.0
7efcae61f000-7efcae621000 r-xp 00000000 fd:01 20061944                   /usr/lib/x86_64-linux-gnu/libXau.so.6.0.0
7efcae621000-7efcae821000 ---p 00002000 fd:01 20061944                   /usr/lib/x86_64-linux-gnu/libXau.so.6.0.0
7efcae821000-7efcae822000 r--p 00002000 fd:01 20061944                   /usr/lib/x86_64-linux-gnu/libXau.so.6.0.0
7efcae822000-7efcae823000 rw-p 00003000 fd:01 20061944                   /usr/lib/x86_64-linux-gnu/libXau.so.6.0.0
7efcae823000-7efcae833000 r-xp 00000000 fd:01 20062256                   /usr/lib/x86_64-linux-gnu/libdrm.so.2.4.0
7efcae833000-7efcaea32000 ---p 00010000 fd:01 20062256                   /usr/lib/x86_64-linux-gnu/libdrm.so.2.4.0
7efcaea32000-7efcaea33000 r--p 0000f000 fd:01 20062256                   /usr/lib/x86_64-linux-gnu/libdrm.so.2.4.0
7efcaea33000-7efcaea34000 rw-p 00010000 fd:01 20062256                   /usr/lib/x86_64-linux-gnu/libdrm.so.2.4.0
7efcaea34000-7efcaea39000 r-xp 00000000 fd:01 20061995                   /usr/lib/x86_64-linux-gnu/libXxf86vm.so.1.0.0
7efcaea39000-7efcaec38000 ---p 00005000 fd:01 20061995                   /usr/lib/x86_64-linux-gnu/libXxf86vm.so.1.0.0
7efcaec38000-7efcaec39000 r--p 00004000 fd:01 20061995                   /usr/lib/x86_64-linux-gnu/libXxf86vm.so.1.0.0
7efcaec39000-7efcaec3a000 rw-p 00005000 fd:01 20061995                   /usr/lib/x86_64-linux-gnu/libXxf86vm.so.1.0.0
7efcaec3a000-7efcaec5b000 r-xp 00000000 fd:01 20063362                   /usr/lib/x86_64-linux-gnu/libxcb.so.1.1.0
7efcaec5b000-7efcaee5a000 ---p 00021000 fd:01 20063362                   /usr/lib/x86_64-linux-gnu/libxcb.so.1.1.0
7efcaee5a000-7efcaee5b000 r--p 00020000 fd:01 20063362                   /usr/lib/x86_64-linux-gnu/libxcb.so.1.1.0
7efcaee5b000-7efcaee5c000 rw-p 00021000 fd:01 20063362                   /usr/lib/x86_64-linux-gnu/libxcb.so.1.1.0
7efcaee5c000-7efcaee60000 r-xp 00000000 fd:01 20063330                   /usr/lib/x86_64-linux-gnu/libxcb-dri2.so.0.0.0
7efcaee60000-7efcaf05f000 ---p 00004000 fd:01 20063330                   /usr/lib/x86_64-linux-gnu/libxcb-dri2.so.0.0.0
7efcaf05f000-7efcaf060000 r--p 00003000 fd:01 20063330                   /usr/lib/x86_64-linux-gnu/libxcb-dri2.so.0.0.0
7efcaf060000-7efcaf061000 rw-p 00004000 fd:01 20063330                   /usr/lib/x86_64-linux-gnu/libxcb-dri2.so.0.0.0
7efcaf061000-7efcaf078000 r-xp 00000000 fd:01 20063334                   /usr/lib/x86_64-linux-gnu/libxcb-glx.so.0.0.0
7efcaf078000-7efcaf277000 ---p 00017000 fd:01 20063334                   /usr/lib/x86_64-linux-gnu/libxcb-glx.so.0.0.0
7efcaf277000-7efcaf279000 r--p 00016000 fd:01 20063334                   /usr/lib/x86_64-linux-gnu/libxcb-glx.so.0.0.0
7efcaf279000-7efcaf27a000 rw-p 00018000 fd:01 20063334                   /usr/lib/x86_64-linux-gnu/libxcb-glx.so.0.0.0
7efcaf27a000-7efcaf3af000 r-xp 00000000 fd:01 20061940                   /usr/lib/x86_64-linux-gnu/libX11.so.6.3.0
7efcaf3af000-7efcaf5af000 ---p 00135000 fd:01 20061940                   /usr/lib/x86_64-linux-gnu/libX11.so.6.3.0
7efcaf5af000-7efcaf5b0000 r--p 00135000 fd:01 20061940                   /usr/lib/x86_64-linux-gnu/libX11.so.6.3.0
7efcaf5b0000-7efcaf5b4000 rw-p 00136000 fd:01 20061940                   /usr/lib/x86_64-linux-gnu/libX11.so.6.3.0
7efcaf5b4000-7efcaf5b5000 r-xp 00000000 fd:01 20061938                   /usr/lib/x86_64-linux-gnu/libX11-xcb.so.1.0.0
7efcaf5b5000-7efcaf7b4000 ---p 00001000 fd:01 20061938                   /usr/lib/x86_64-linux-gnu/libX11-xcb.so.1.0.0
7efcaf7b4000-7efcaf7b5000 r--p 00000000 fd:01 20061938                   /usr/lib/x86_64-linux-gnu/libX11-xcb.so.1.0.0
7efcaf7b5000-7efcaf7b6000 rw-p 00001000 fd:01 20061938                   /usr/lib/x86_64-linux-gnu/libX11-xcb.so.1.0.0
7efcaf7b6000-7efcaf7bb000 r-xp 00000000 fd:01 20061959                   /usr/lib/x86_64-linux-gnu/libXfixes.so.3.1.0
7efcaf7bb000-7efcaf9ba000 ---p 00005000 fd:01 20061959                   /usr/lib/x86_64-linux-gnu/libXfixes.so.3.1.0
7efcaf9ba000-7efcaf9bb000 r--p 00004000 fd:01 20061959                   /usr/lib/x86_64-linux-gnu/libXfixes.so.3.1.0
7efcaf9bb000-7efcaf9bc000 rw-p 00005000 fd:01 20061959                   /usr/lib/x86_64-linux-gnu/libXfixes.so.3.1.0
7efcaf9bc000-7efcaf9be000 r-xp 00000000 fd:01 20061953                   /usr/lib/x86_64-linux-gnu/libXdamage.so.1.1.0
7efcaf9be000-7efcafbbd000 ---p 00002000 fd:01 20061953                   /usr/lib/x86_64-linux-gnu/libXdamage.so.1.1.0
7efcafbbd000-7efcafbbe000 r--p 00001000 fd:01 20061953                   /usr/lib/x86_64-linux-gnu/libXdamage.so.1.1.0
7efcafbbe000-7efcafbbf000 rw-p 00002000 fd:01 20061953                   /usr/lib/x86_64-linux-gnu/libXdamage.so.1.1.0
7efcafbbf000-7efcafbd0000 r-xp 00000000 fd:01 20061957                   /usr/lib/x86_64-linux-gnu/libXext.so.6.4.0
7efcafbd0000-7efcafdcf000 ---p 00011000 fd:01 20061957                   /usr/lib/x86_64-linux-gnu/libXext.so.6.4.0
7efcafdcf000-7efcafdd0000 r--p 00010000 fd:01 20061957                   /usr/lib/x86_64-linux-gnu/libXext.so.6.4.0
7efcafdd0000-7efcafdd1000 rw-p 00011000 fd:01 20061957                   /usr/lib/x86_64-linux-gnu/libXext.so.6.4.0
7efcafdd1000-7efcafdfb000 r-xp 00000000 fd:01 20062457                   /usr/lib/x86_64-linux-gnu/libglapi.so.0.0.0
7efcafdfb000-7efcafffa000 ---p 0002a000 fd:01 20062457                   /usr/lib/x86_64-linux-gnu/libglapi.so.0.0.0
7efcafffa000-7efcafffe000 r--p 00029000 fd:01 20062457                   /usr/lib/x86_64-linux-gnu/libglapi.so.0.0.0
7efcafffe000-7efcaffff000 rw-p 0002d000 fd:01 20062457                   /usr/lib/x86_64-linux-gnu/libglapi.so.0.0.0
7efcaffff000-7efcb0000000 rw-p 00000000 00:00 0 
7efcb0000000-7efcb0021000 rw-p 00000000 00:00 0 
7efcb0021000-7efcb4000000 ---p 00000000 00:00 0 
7efcb40e8000-7efcb40e9000 r-xp 00000000 fd:01 20063374                   /usr/lib/x86_64-linux-gnu/libxshmfence.so.1.0.0
7efcb40e9000-7efcb42e9000 ---p 00001000 fd:01 20063374                   /usr/lib/x86_64-linux-gnu/libxshmfence.so.1.0.0
7efcb42e9000-7efcb42ea000 r--p 00001000 fd:01 20063374                   /usr/lib/x86_64-linux-gnu/libxshmfence.so.1.0.0
7efcb42ea000-7efcb42eb000 rw-p 00002000 fd:01 20063374                   /usr/lib/x86_64-linux-gnu/libxshmfence.so.1.0.0
7efcb42eb000-7efcb42f0000 r-xp 00000000 fd:01 20063354                   /usr/lib/x86_64-linux-gnu/libxcb-sync.so.1.0.0
7efcb42f0000-7efcb44f0000 ---p 00005000 fd:01 20063354                   /usr/lib/x86_64-linux-gnu/libxcb-sync.so.1.0.0
7efcb44f0000-7efcb44f1000 r--p 00005000 fd:01 20063354                   /usr/lib/x86_64-linux-gnu/libxcb-sync.so.1.0.0
7efcb44f1000-7efcb44f2000 rw-p 00006000 fd:01 20063354                   /usr/lib/x86_64-linux-gnu/libxcb-sync.so.1.0.0
7efcb44f2000-7efcb44f4000 r-xp 00000000 fd:01 20063342                   /usr/lib/x86_64-linux-gnu/libxcb-present.so.0.0.0
7efcb44f4000-7efcb46f3000 ---p 00002000 fd:01 20063342                   /usr/lib/x86_64-linux-gnu/libxcb-present.so.0.0.0
7efcb46f3000-7efcb46f4000 r--p 00001000 fd:01 20063342                   /usr/lib/x86_64-linux-gnu/libxcb-present.so.0.0.0
7efcb46f4000-7efcb46f5000 rw-p 00002000 fd:01 20063342                   /usr/lib/x86_64-linux-gnu/libxcb-present.so.0.0.0
7efcb46f5000-7efcb46f7000 r-xp 00000000 fd:01 20063332                   /usr/lib/x86_64-linux-gnu/libxcb-dri3.so.0.0.0
7efcb46f7000-7efcb48f6000 ---p 00002000 fd:01 20063332                   /usr/lib/x86_64-linux-gnu/libxcb-dri3.so.0.0.0
7efcb48f6000-7efcb48f7000 r--p 00001000 fd:01 20063332                   /usr/lib/x86_64-linux-gnu/libxcb-dri3.so.0.0.0
7efcb48f7000-7efcb48f8000 rw-p 00002000 fd:01 20063332                   /usr/lib/x86_64-linux-gnu/libxcb-dri3.so.0.0.0
7efcb48f8000-7efcb491e000 r-xp 00000000 fd:01 14946789                   /lib/x86_64-linux-gnu/libexpat.so.1.6.0
7efcb491e000-7efcb4b1e000 ---p 00026000 fd:01 14946789                   /lib/x86_64-linux-gnu/libexpat.so.1.6.0
7efcb4b1e000-7efcb4b20000 r--p 00026000 fd:01 14946789                   /lib/x86_64-linux-gnu/libexpat.so.1.6.0
7efcb4b20000-7efcb4b21000 rw-p 00028000 fd:01 14946789                   /lib/x86_64-linux-gnu/libexpat.so.1.6.0
7efcb4b21000-7efcb4b8f000 r-xp 00000000 fd:01 20319117                   /usr/lib/x86_64-linux-gnu/mesa/libGL.so.1.2.0
7efcb4b8f000-7efcb4d8e000 ---p 0006e000 fd:01 20319117                   /usr/lib/x86_64-linux-gnu/mesa/libGL.so.1.2.0
7efcb4d8e000-7efcb4d91000 r--p 0006d000 fd:01 20319117                   /usr/lib/x86_64-linux-gnu/mesa/libGL.so.1.2.0
7efcb4d91000-7efcb4d92000 rw-p 00070000 fd:01 20319117                   /usr/lib/x86_64-linux-gnu/mesa/libGL.so.1.2.0
7efcb4d92000-7efcb4d93000 rw-p 00000000 00:00 0 
7efcb4d93000-7efcb4dfe000 r-xp 00000000 fd:01 7602205                    /tmp/lwjglroot/3.1.3-SNAPSHOT/liblwjgl_opengl.so
7efcb4dfe000-7efcb4ffd000 ---p 0006b000 fd:01 7602205                    /tmp/lwjglroot/3.1.3-SNAPSHOT/liblwjgl_opengl.so
7efcb4ffd000-7efcb4ffe000 r--p 0006a000 fd:01 7602205                    /tmp/lwjglroot/3.1.3-SNAPSHOT/liblwjgl_opengl.so
7efcb4ffe000-7efcb4fff000 rw-p 0006b000 fd:01 7602205                    /tmp/lwjglroot/3.1.3-SNAPSHOT/liblwjgl_opengl.so
7efcb4fff000-7efcb8000000 rw-p 00000000 00:00 0 
7efcb8000000-7efcb819f000 rw-p 00000000 00:00 0 
7efcb819f000-7efcbc000000 ---p 00000000 00:00 0 
7efcbc000000-7efcbc021000 rw-p 00000000 00:00 0 
7efcbc021000-7efcc0000000 ---p 00000000 00:00 0 
7efcc0000000-7efcc0043000 rw-p 00000000 00:00 0 
7efcc0043000-7efcc4000000 ---p 00000000 00:00 0 
7efcc4000000-7efcc40f2000 rw-p 00000000 00:00 0 
7efcc40f2000-7efcc8000000 ---p 00000000 00:00 0 
7efcc8000000-7efcc8021000 rw-p 00000000 00:00 0 
7efcc8021000-7efccc000000 ---p 00000000 00:00 0 
7efccc000000-7efccc021000 rw-p 00000000 00:00 0 
7efccc021000-7efcd0000000 ---p 00000000 00:00 0 
7efcd0000000-7efcd0021000 rw-p 00000000 00:00 0 
7efcd0021000-7efcd4000000 ---p 00000000 00:00 0 
7efcd4000000-7efcd4021000 rw-p 00000000 00:00 0 
7efcd4021000-7efcd8000000 ---p 00000000 00:00 0 
7efcd8000000-7efcd8021000 rw-p 00000000 00:00 0 
7efcd8021000-7efcdc000000 ---p 00000000 00:00 0 
7efcdc000000-7efcdc021000 rw-p 00000000 00:00 0 
7efcdc021000-7efce0000000 ---p 00000000 00:00 0 
7efce0000000-7efce0021000 rw-p 00000000 00:00 0 
7efce0021000-7efce4000000 ---p 00000000 00:00 0 
7efce4002000-7efce4053000 r-xp 00000000 fd:01 7602203                    /tmp/lwjglroot/3.1.3-SNAPSHOT/liblwjgl.so
7efce4053000-7efce4252000 ---p 00051000 fd:01 7602203                    /tmp/lwjglroot/3.1.3-SNAPSHOT/liblwjgl.so
7efce4252000-7efce4253000 r--p 00050000 fd:01 7602203                    /tmp/lwjglroot/3.1.3-SNAPSHOT/liblwjgl.so
7efce4253000-7efce4254000 rw-p 00051000 fd:01 7602203                    /tmp/lwjglroot/3.1.3-SNAPSHOT/liblwjgl.so
7efce4254000-7efce426b000 r-xp 00000000 fd:01 20187689                   /usr/lib/jvm/java-8-openjdk-amd64/jre/lib/amd64/libnet.so
7efce426b000-7efce446a000 ---p 00017000 fd:01 20187689                   /usr/lib/jvm/java-8-openjdk-amd64/jre/lib/amd64/libnet.so
7efce446a000-7efce446b000 r--p 00016000 fd:01 20187689                   /usr/lib/jvm/java-8-openjdk-amd64/jre/lib/amd64/libnet.so
7efce446b000-7efce446c000 rw-p 00017000 fd:01 20187689                   /usr/lib/jvm/java-8-openjdk-amd64/jre/lib/amd64/libnet.so
7efce446c000-7efce447d000 r-xp 00000000 fd:01 20187199                   /usr/lib/jvm/java-8-openjdk-amd64/jre/lib/amd64/libnio.so
7efce447d000-7efce467d000 ---p 00011000 fd:01 20187199                   /usr/lib/jvm/java-8-openjdk-amd64/jre/lib/amd64/libnio.so
7efce467d000-7efce467e000 r--p 00011000 fd:01 20187199                   /usr/lib/jvm/java-8-openjdk-amd64/jre/lib/amd64/libnio.so
7efce467e000-7efce467f000 rw-p 00012000 fd:01 20187199                   /usr/lib/jvm/java-8-openjdk-amd64/jre/lib/amd64/libnio.so
7efce467f000-7efce4680000 ---p 00000000 00:00 0 
7efce4680000-7efce4780000 rw-p 00000000 00:00 0 
7efce4780000-7efce4783000 ---p 00000000 00:00 0 
7efce4783000-7efce4881000 rw-p 00000000 00:00 0 
7efce4881000-7efce4884000 ---p 00000000 00:00 0 
7efce4884000-7efce4982000 rw-p 00000000 00:00 0 
7efce4982000-7efce4985000 ---p 00000000 00:00 0 
7efce4985000-7efce4a83000 rw-p 00000000 00:00 0 
7efce4a83000-7efce4a86000 ---p 00000000 00:00 0 
7efce4a86000-7efce4b84000 rw-p 00000000 00:00 0 
7efce4b84000-7efce4b87000 ---p 00000000 00:00 0 
7efce4b87000-7efce4c85000 rw-p 00000000 00:00 0 
7efce4c85000-7efce5645000 r--p 00000000 fd:01 20060977                   /usr/lib/locale/locale-archive
7efce5645000-7efce5648000 ---p 00000000 00:00 0 
7efce5648000-7efce5746000 rw-p 00000000 00:00 0 
7efce5746000-7efce5749000 ---p 00000000 00:00 0 
7efce5749000-7efce5847000 rw-p 00000000 00:00 0 
7efce5847000-7efce5848000 ---p 00000000 00:00 0 
7efce5848000-7efce8000000 rw-p 00000000 00:00 0 
7efce8000000-7efce8021000 rw-p 00000000 00:00 0 
7efce8021000-7efcec000000 ---p 00000000 00:00 0 
7efcec062000-7efcec075000 r--s 00346000 fd:01 20187705                   /usr/lib/jvm/java-8-openjdk-amd64/jre/lib/resources.jar
7efcec075000-7efcec087000 r--s 00139000 00:2d 24906636                   /home/daan/lwjgl3/lwjgl-vulkan.jar
7efcec087000-7efcec088000 r--s 00030000 00:2d 24906645                   /home/daan/lwjgl3/lwjgl-tinyfd-natives-windows.jar
7efcec088000-7efcec089000 r--s 00007000 00:2d 24906627                   /home/daan/lwjgl3/lwjgl-tinyfd-natives-macos.jar
7efcec089000-7efcec08a000 r--s 00007000 00:2d 24906625                   /home/daan/lwjgl3/lwjgl-tinyfd-natives-linux.jar
7efcec08a000-7efcec08b000 r--s 00001000 00:2d 24906629                   /home/daan/lwjgl3/lwjgl-tinyfd.jar
7efcec08b000-7efcec08c000 r--s 00074000 00:2d 24906642                   /home/daan/lwjgl3/lwjgl-stb-natives-windows.jar
7efcec08c000-7efcec08d000 r--s 0002a000 00:2d 24906643                   /home/daan/lwjgl3/lwjgl-stb-natives-macos.jar
7efcec08d000-7efcec08e000 r--s 00030000 00:2d 24906621                   /home/daan/lwjgl3/lwjgl-stb-natives-linux.jar
7efcec08e000-7efcec090000 r--s 00015000 00:2d 24906623                   /home/daan/lwjgl3/lwjgl-stb.jar
7efcec090000-7efcec091000 r--s 00031000 00:2d 24906633                   /home/daan/lwjgl3/lwjgl-par-natives-windows.jar
7efcec091000-7efcec092000 r--s 00004000 00:2d 24906618                   /home/daan/lwjgl3/lwjgl-par-natives-macos.jar
7efcec092000-7efcec093000 r--s 00005000 00:2d 24905606                   /home/daan/lwjgl3/lwjgl-par-natives-linux.jar
7efcec093000-7efcec094000 r--s 00002000 00:2d 24906617                   /home/daan/lwjgl3/lwjgl-par.jar
7efcec094000-7efcec095000 r--s 0002a000 00:2d 24906632                   /home/daan/lwjgl3/lwjgl-opengl-natives-windows.jar
7efcec095000-7efcec096000 r--s 0000b000 00:2d 24905605                   /home/daan/lwjgl3/lwjgl-opengl-natives-macos.jar
7efcec096000-7efcec097000 r--s 00016000 00:2d 24905578                   /home/daan/lwjgl3/lwjgl-opengl-natives-linux.jar
7efcec097000-7efcec0a1000 r--s 000be000 00:2d 24905603                   /home/daan/lwjgl3/lwjgl-opengl.jar
7efcec0a1000-7efcec0a2000 r--s 00104000 00:2d 24906646                   /home/daan/lwjgl3/lwjgl-openal-natives-windows.jar
7efcec0a2000-7efcec0a4000 r--s 00063000 00:2d 24906626                   /home/daan/lwjgl3/lwjgl-openal-natives-macos.jar
7efcec0a4000-7efcec0a5000 r--s 00077000 00:2d 24905570                   /home/daan/lwjgl3/lwjgl-openal-natives-linux.jar
7efcec0a5000-7efcec0a7000 r--s 00011000 00:2d 24905573                   /home/daan/lwjgl3/lwjgl-openal.jar
7efcec0a7000-7efcec0a8000 r--s 00040000 00:2d 24906630                   /home/daan/lwjgl3/lwjgl-nuklear-natives-windows.jar
7efcec0a8000-7efcec0a9000 r--s 0002d000 00:2d 24906620                   /home/daan/lwjgl3/lwjgl-nuklear-natives-macos.jar
7efcec0a9000-7efcec0aa000 r--s 00021000 00:2d 24905562                   /home/daan/lwjgl3/lwjgl-nuklear-natives-linux.jar
7efcec0aa000-7efcec0b0000 r--s 0005a000 00:2d 24905568                   /home/daan/lwjgl3/lwjgl-nuklear.jar
7efcec0b0000-7efcec0b1000 r--s 0001f000 00:2d 24905565                   /home/daan/lwjgl3/lwjgl-nfd-natives-windows.jar
7efcec0b1000-7efcec0b2000 r--s 00001000 00:2d 24905555                   /home/daan/lwjgl3/lwjgl-nfd-natives-macos.jar
7efcec0b2000-7efcec0b3000 r--s 00001000 00:2d 24905554                   /home/daan/lwjgl3/lwjgl-nfd-natives-linux.jar
7efcec0b3000-7efcec0b4000 r--s 00001000 00:2d 24905557                   /home/daan/lwjgl3/lwjgl-nfd.jar
7efcec0b4000-7efcec0b6000 r--s 00037000 00:2d 24906647                   /home/daan/lwjgl3/lwjgl-natives-windows.jar
7efcec0b6000-7efcec0b7000 r--s 00008000 00:2d 24906644                   /home/daan/lwjgl3/lwjgl-natives-macos.jar
7efcec0b7000-7efcec0b8000 r--s 00012000 00:2d 24906639                   /home/daan/lwjgl3/lwjgl-natives-linux.jar
7efcec0b8000-7efcec0b9000 r--s 0005d000 00:2d 24906597                   /home/daan/lwjgl3/lwjgl-nanovg-natives-windows.jar
7efcec0b9000-7efcec0ba000 r--s 0001d000 00:2d 24905564                   /home/daan/lwjgl3/lwjgl-nanovg-natives-macos.jar
7efcec0ba000-7efcec0bb000 r--s 00021000 00:2d 24905549                   /home/daan/lwjgl3/lwjgl-nanovg-natives-linux.jar
7efcec0bb000-7efcec0bc000 r--s 00009000 00:2d 24905551                   /home/daan/lwjgl3/lwjgl-nanovg.jar
7efcec0bc000-7efcec0bd000 r--s 00030000 00:2d 24905577                   /home/daan/lwjgl3/lwjgl-jemalloc-natives-windows.jar
7efcec0bd000-7efcec0be000 r--s 00017000 00:2d 24905569                   /home/daan/lwjgl3/lwjgl-jemalloc-natives-macos.jar
7efcec0be000-7efcec0bf000 r--s 0001f000 00:2d 24905543                   /home/daan/lwjgl3/lwjgl-jemalloc-natives-linux.jar
7efcec0bf000-7efcec0c1000 r--s 00008000 00:2d 24905545                   /home/daan/lwjgl3/lwjgl-jemalloc.jar
7efcec0c1000-7efcec0c2000 r--s 0003c000 00:2d 24905576                   /home/daan/lwjgl3/lwjgl-glfw-natives-windows.jar
7efcec0c2000-7efcec0c3000 r--s 0000d000 00:2d 24905563                   /home/daan/lwjgl3/lwjgl-glfw-natives-macos.jar
7efcec0c3000-7efcec0c7000 r--s 00017000 00:2d 24905540                   /home/daan/lwjgl3/lwjgl-glfw.jar
7efcec0c7000-7efcec0cb000 r--s 00042000 00:2d 24906641                   /home/daan/lwjgl3/lwjgl.jar
7efcec0cb000-7efcec0d0000 r--s 0003b000 fd:01 20186076                   /usr/lib/jvm/java-8-openjdk-amd64/jre/lib/ext/sunjce_provider.jar
7efcec0d0000-7efcec0da000 r--s 00116000 fd:01 20185952                   /usr/lib/jvm/java-8-openjdk-amd64/jre/lib/ext/localedata.jar
7efcec0da000-7efcec0f5000 r--s 001d6000 fd:01 20185732                   /usr/lib/jvm/java-8-openjdk-amd64/jre/lib/ext/nashorn.jar
7efcec0f5000-7efcec0f9000 r--s 00037000 fd:01 20185991                   /usr/lib/jvm/java-8-openjdk-amd64/jre/lib/ext/sunpkcs11.jar
7efcec0f9000-7efceccc0000 rw-p 00000000 00:00 0 
7efceccc0000-7efced000000 ---p 00000000 00:00 0 
7efced000000-7efced270000 rwxp 00000000 00:00 0 
7efced270000-7efcfc000000 ---p 00000000 00:00 0 
7efcfc000000-7efcfc30b000 rw-p 00000000 00:00 0 
7efcfc30b000-7efd00000000 ---p 00000000 00:00 0 
7efd00000000-7efd00002000 r--s 00001000 fd:01 20186002                   /usr/lib/jvm/java-8-openjdk-amd64/jre/lib/ext/dnsns.jar
7efd00002000-7efd0001d000 r--s 00394000 fd:01 20185556                   /usr/lib/jvm/java-8-openjdk-amd64/jre/lib/ext/cldrdata.jar
7efd0001d000-7efd000c2000 rw-p 00000000 00:00 0 
7efd000c2000-7efd00290000 r--s 03c13000 fd:01 20185503                   /usr/lib/jvm/java-8-openjdk-amd64/jre/lib/rt.jar
7efd00290000-7efd004f1000 rw-p 00000000 00:00 0 
7efd004f1000-7efd004f2000 ---p 00000000 00:00 0 
7efd004f2000-7efd005f2000 rw-p 00000000 00:00 0 
7efd005f2000-7efd005f3000 ---p 00000000 00:00 0 
7efd005f3000-7efd006f3000 rw-p 00000000 00:00 0 
7efd006f3000-7efd006f4000 ---p 00000000 00:00 0 
7efd006f4000-7efd007f4000 rw-p 00000000 00:00 0 
7efd007f4000-7efd007f5000 ---p 00000000 00:00 0 
7efd007f5000-7efd0090a000 rw-p 00000000 00:00 0 
7efd0090a000-7efd00a3d000 ---p 00000000 00:00 0 
7efd00a3d000-7efd00a52000 rw-p 00000000 00:00 0 
7efd00a52000-7efd00b84000 ---p 00000000 00:00 0 
7efd00b84000-7efd00b8f000 rw-p 00000000 00:00 0 
7efd00b8f000-7efd00c28000 ---p 00000000 00:00 0 
7efd00c28000-7efd00c33000 rw-p 00000000 00:00 0 
7efd00c33000-7efd00fe9000 ---p 00000000 00:00 0 
7efd00fe9000-7efd00ff1000 r-xp 00000000 fd:01 20187678                   /usr/lib/jvm/java-8-openjdk-amd64/jre/lib/amd64/libzip.so
7efd00ff1000-7efd011f0000 ---p 00008000 fd:01 20187678                   /usr/lib/jvm/java-8-openjdk-amd64/jre/lib/amd64/libzip.so
7efd011f0000-7efd011f1000 r--p 00007000 fd:01 20187678                   /usr/lib/jvm/java-8-openjdk-amd64/jre/lib/amd64/libzip.so
7efd011f1000-7efd011f2000 rw-p 00008000 fd:01 20187678                   /usr/lib/jvm/java-8-openjdk-amd64/jre/lib/amd64/libzip.so
7efd011f2000-7efd011fd000 r-xp 00000000 fd:01 14946857                   /lib/x86_64-linux-gnu/libnss_files-2.23.so
7efd011fd000-7efd013fc000 ---p 0000b000 fd:01 14946857                   /lib/x86_64-linux-gnu/libnss_files-2.23.so
7efd013fc000-7efd013fd000 r--p 0000a000 fd:01 14946857                   /lib/x86_64-linux-gnu/libnss_files-2.23.so
7efd013fd000-7efd013fe000 rw-p 0000b000 fd:01 14946857                   /lib/x86_64-linux-gnu/libnss_files-2.23.so
7efd013fe000-7efd01404000 rw-p 00000000 00:00 0 
7efd01404000-7efd0140f000 r-xp 00000000 fd:01 14946867                   /lib/x86_64-linux-gnu/libnss_nis-2.23.so
7efd0140f000-7efd0160e000 ---p 0000b000 fd:01 14946867                   /lib/x86_64-linux-gnu/libnss_nis-2.23.so
7efd0160e000-7efd0160f000 r--p 0000a000 fd:01 14946867                   /lib/x86_64-linux-gnu/libnss_nis-2.23.so
7efd0160f000-7efd01610000 rw-p 0000b000 fd:01 14946867                   /lib/x86_64-linux-gnu/libnss_nis-2.23.so
7efd01610000-7efd01626000 r-xp 00000000 fd:01 14946851                   /lib/x86_64-linux-gnu/libnsl-2.23.so
7efd01626000-7efd01825000 ---p 00016000 fd:01 14946851                   /lib/x86_64-linux-gnu/libnsl-2.23.so
7efd01825000-7efd01826000 r--p 00015000 fd:01 14946851                   /lib/x86_64-linux-gnu/libnsl-2.23.so
7efd01826000-7efd01827000 rw-p 00016000 fd:01 14946851                   /lib/x86_64-linux-gnu/libnsl-2.23.so
7efd01827000-7efd01829000 rw-p 00000000 00:00 0 
7efd01829000-7efd01831000 r-xp 00000000 fd:01 14946853                   /lib/x86_64-linux-gnu/libnss_compat-2.23.so
7efd01831000-7efd01a30000 ---p 00008000 fd:01 14946853                   /lib/x86_64-linux-gnu/libnss_compat-2.23.so
7efd01a30000-7efd01a31000 r--p 00007000 fd:01 14946853                   /lib/x86_64-linux-gnu/libnss_compat-2.23.so
7efd01a31000-7efd01a32000 rw-p 00008000 fd:01 14946853                   /lib/x86_64-linux-gnu/libnss_compat-2.23.so
7efd01a32000-7efd01a5f000 r-xp 00000000 fd:01 20187695                   /usr/lib/jvm/java-8-openjdk-amd64/jre/lib/amd64/libjava.so
7efd01a5f000-7efd01c5e000 ---p 0002d000 fd:01 20187695                   /usr/lib/jvm/java-8-openjdk-amd64/jre/lib/amd64/libjava.so
7efd01c5e000-7efd01c5f000 r--p 0002c000 fd:01 20187695                   /usr/lib/jvm/java-8-openjdk-amd64/jre/lib/amd64/libjava.so
7efd01c5f000-7efd01c61000 rw-p 0002d000 fd:01 20187695                   /usr/lib/jvm/java-8-openjdk-amd64/jre/lib/amd64/libjava.so
7efd01c61000-7efd01c70000 r-xp 00000000 fd:01 20187203                   /usr/lib/jvm/java-8-openjdk-amd64/jre/lib/amd64/libverify.so
7efd01c70000-7efd01e6f000 ---p 0000f000 fd:01 20187203                   /usr/lib/jvm/java-8-openjdk-amd64/jre/lib/amd64/libverify.so
7efd01e6f000-7efd01e71000 r--p 0000e000 fd:01 20187203                   /usr/lib/jvm/java-8-openjdk-amd64/jre/lib/amd64/libverify.so
7efd01e71000-7efd01e72000 rw-p 00010000 fd:01 20187203                   /usr/lib/jvm/java-8-openjdk-amd64/jre/lib/amd64/libverify.so
7efd01e72000-7efd01e79000 r-xp 00000000 fd:01 14946912                   /lib/x86_64-linux-gnu/librt-2.23.so
7efd01e79000-7efd02078000 ---p 00007000 fd:01 14946912                   /lib/x86_64-linux-gnu/librt-2.23.so
7efd02078000-7efd02079000 r--p 00006000 fd:01 14946912                   /lib/x86_64-linux-gnu/librt-2.23.so
7efd02079000-7efd0207a000 rw-p 00007000 fd:01 14946912                   /lib/x86_64-linux-gnu/librt-2.23.so
7efd0207a000-7efd02090000 r-xp 00000000 fd:01 14946796                   /lib/x86_64-linux-gnu/libgcc_s.so.1
7efd02090000-7efd0228f000 ---p 00016000 fd:01 14946796                   /lib/x86_64-linux-gnu/libgcc_s.so.1
7efd0228f000-7efd02290000 rw-p 00015000 fd:01 14946796                   /lib/x86_64-linux-gnu/libgcc_s.so.1
7efd02290000-7efd02398000 r-xp 00000000 fd:01 14946828                   /lib/x86_64-linux-gnu/libm-2.23.so
7efd02398000-7efd02597000 ---p 00108000 fd:01 14946828                   /lib/x86_64-linux-gnu/libm-2.23.so
7efd02597000-7efd02598000 r--p 00107000 fd:01 14946828                   /lib/x86_64-linux-gnu/libm-2.23.so
7efd02598000-7efd02599000 rw-p 00108000 fd:01 14946828                   /lib/x86_64-linux-gnu/libm-2.23.so
7efd02599000-7efd0270b000 r-xp 00000000 fd:01 20055626                   /usr/lib/x86_64-linux-gnu/libstdc++.so.6.0.21
7efd0270b000-7efd0290b000 ---p 00172000 fd:01 20055626                   /usr/lib/x86_64-linux-gnu/libstdc++.so.6.0.21
7efd0290b000-7efd02915000 r--p 00172000 fd:01 20055626                   /usr/lib/x86_64-linux-gnu/libstdc++.so.6.0.21
7efd02915000-7efd02917000 rw-p 0017c000 fd:01 20055626                   /usr/lib/x86_64-linux-gnu/libstdc++.so.6.0.21
7efd02917000-7efd0291b000 rw-p 00000000 00:00 0 
7efd0291b000-7efd0356f000 r-xp 00000000 fd:01 20187676                   /usr/lib/jvm/java-8-openjdk-amd64/jre/lib/amd64/server/libjvm.so
7efd0356f000-7efd0376f000 ---p 00c54000 fd:01 20187676                   /usr/lib/jvm/java-8-openjdk-amd64/jre/lib/amd64/server/libjvm.so
7efd0376f000-7efd03802000 r--p 00c54000 fd:01 20187676                   /usr/lib/jvm/java-8-openjdk-amd64/jre/lib/amd64/server/libjvm.so
7efd03802000-7efd0382b000 rw-p 00ce7000 fd:01 20187676                   /usr/lib/jvm/java-8-openjdk-amd64/jre/lib/amd64/server/libjvm.so
7efd0382b000-7efd0385b000 rw-p 00000000 00:00 0 
7efd0385b000-7efd03873000 r-xp 00000000 fd:01 14946904                   /lib/x86_64-linux-gnu/libpthread-2.23.so
7efd03873000-7efd03a72000 ---p 00018000 fd:01 14946904                   /lib/x86_64-linux-gnu/libpthread-2.23.so
7efd03a72000-7efd03a73000 r--p 00017000 fd:01 14946904                   /lib/x86_64-linux-gnu/libpthread-2.23.so
7efd03a73000-7efd03a74000 rw-p 00018000 fd:01 14946904                   /lib/x86_64-linux-gnu/libpthread-2.23.so
7efd03a74000-7efd03a78000 rw-p 00000000 00:00 0 
7efd03a78000-7efd03a7b000 r-xp 00000000 fd:01 14946782                   /lib/x86_64-linux-gnu/libdl-2.23.so
7efd03a7b000-7efd03c7a000 ---p 00003000 fd:01 14946782                   /lib/x86_64-linux-gnu/libdl-2.23.so
7efd03c7a000-7efd03c7b000 r--p 00002000 fd:01 14946782                   /lib/x86_64-linux-gnu/libdl-2.23.so
7efd03c7b000-7efd03c7c000 rw-p 00003000 fd:01 14946782                   /lib/x86_64-linux-gnu/libdl-2.23.so
7efd03c7c000-7efd03c95000 r-xp 00000000 fd:01 14946949                   /lib/x86_64-linux-gnu/libz.so.1.2.8
7efd03c95000-7efd03e94000 ---p 00019000 fd:01 14946949                   /lib/x86_64-linux-gnu/libz.so.1.2.8
7efd03e94000-7efd03e95000 r--p 00018000 fd:01 14946949                   /lib/x86_64-linux-gnu/libz.so.1.2.8
7efd03e95000-7efd03e96000 rw-p 00019000 fd:01 14946949                   /lib/x86_64-linux-gnu/libz.so.1.2.8
7efd03e96000-7efd04056000 r-xp 00000000 fd:01 14946758                   /lib/x86_64-linux-gnu/libc-2.23.so
7efd04056000-7efd04256000 ---p 001c0000 fd:01 14946758                   /lib/x86_64-linux-gnu/libc-2.23.so
7efd04256000-7efd0425a000 r--p 001c0000 fd:01 14946758                   /lib/x86_64-linux-gnu/libc-2.23.so
7efd0425a000-7efd0425c000 rw-p 001c4000 fd:01 14946758                   /lib/x86_64-linux-gnu/libc-2.23.so
7efd0425c000-7efd04260000 rw-p 00000000 00:00 0 
7efd04260000-7efd0426d000 r-xp 00000000 fd:01 20187201                   /usr/lib/jvm/java-8-openjdk-amd64/jre/lib/amd64/jli/libjli.so
7efd0426d000-7efd0446d000 ---p 0000d000 fd:01 20187201                   /usr/lib/jvm/java-8-openjdk-amd64/jre/lib/amd64/jli/libjli.so
7efd0446d000-7efd0446e000 r--p 0000d000 fd:01 20187201                   /usr/lib/jvm/java-8-openjdk-amd64/jre/lib/amd64/jli/libjli.so
7efd0446e000-7efd0446f000 rw-p 0000e000 fd:01 20187201                   /usr/lib/jvm/java-8-openjdk-amd64/jre/lib/amd64/jli/libjli.so
7efd0446f000-7efd04495000 r-xp 00000000 fd:01 14946730                   /lib/x86_64-linux-gnu/ld-2.23.so
7efd04495000-7efd04496000 r--s 00011000 00:2d 24905538                   /home/daan/lwjgl3/lwjgl-glfw-natives-linux.jar
7efd04496000-7efd04498000 r--s 00008000 fd:01 20186090                   /usr/lib/jvm/java-8-openjdk-amd64/jre/lib/ext/sunec.jar
7efd04498000-7efd0449b000 r--s 0000f000 fd:01 20186087                   /usr/lib/jvm/java-8-openjdk-amd64/jre/lib/ext/icedtea-sound.jar
7efd0449b000-7efd0456c000 rw-p 00000000 00:00 0 
7efd0456c000-7efd0456f000 ---p 00000000 00:00 0 
7efd0456f000-7efd04672000 rw-p 00000000 00:00 0 
7efd04672000-7efd04673000 r--s 0000a000 fd:01 20186064                   /usr/lib/jvm/java-8-openjdk-amd64/jre/lib/ext/jaccess.jar
7efd04673000-7efd04674000 r--s 00010000 fd:01 20187194                   /usr/lib/jvm/java-8-openjdk-amd64/jre/lib/ext/zipfs.jar
7efd04674000-7efd04688000 rw-p 00000000 00:00 0 
7efd04688000-7efd04690000 rw-s 00000000 fd:01 7602214                    /tmp/hsperfdata_root/11150
7efd04690000-7efd04691000 rw-p 00000000 00:00 0 
7efd04691000-7efd04692000 r--p 00000000 00:00 0 
7efd04692000-7efd04694000 rw-p 00000000 00:00 0 
7efd04694000-7efd04695000 r--p 00025000 fd:01 14946730                   /lib/x86_64-linux-gnu/ld-2.23.so
7efd04695000-7efd04696000 rw-p 00026000 fd:01 14946730                   /lib/x86_64-linux-gnu/ld-2.23.so
7efd04696000-7efd04697000 rw-p 00000000 00:00 0 
7ffdebd0c000-7ffdebd2e000 rw-p 00000000 00:00 0                          [stack]
7ffdebd7c000-7ffdebd7e000 r--p 00000000 00:00 0                          [vvar]
7ffdebd7e000-7ffdebd80000 r-xp 00000000 00:00 0                          [vdso]
ffffffffff600000-ffffffffff601000 r-xp 00000000 00:00 0                  [vsyscall]

VM Arguments:
jvm_args: -Dfile.encoding=UTF-8 
java_command: Main
java_class_path (initial): /home/daan/lwjgl3/lwjgl.jar:/home/daan/lwjgl3/lwjgl-glfw.jar:/home/daan/lwjgl3/lwjgl-glfw-natives-linux.jar:/home/daan/lwjgl3/lwjgl-glfw-natives-macos.jar:/home/daan/lwjgl3/lwjgl-glfw-natives-windows.jar:/home/daan/lwjgl3/lwjgl-jemalloc.jar:/home/daan/lwjgl3/lwjgl-jemalloc-natives-linux.jar:/home/daan/lwjgl3/lwjgl-jemalloc-natives-macos.jar:/home/daan/lwjgl3/lwjgl-jemalloc-natives-windows.jar:/home/daan/lwjgl3/lwjgl-nanovg.jar:/home/daan/lwjgl3/lwjgl-nanovg-natives-linux.jar:/home/daan/lwjgl3/lwjgl-nanovg-natives-macos.jar:/home/daan/lwjgl3/lwjgl-nanovg-natives-windows.jar:/home/daan/lwjgl3/lwjgl-natives-linux.jar:/home/daan/lwjgl3/lwjgl-natives-macos.jar:/home/daan/lwjgl3/lwjgl-natives-windows.jar:/home/daan/lwjgl3/lwjgl-nfd.jar:/home/daan/lwjgl3/lwjgl-nfd-natives-linux.jar:/home/daan/lwjgl3/lwjgl-nfd-natives-macos.jar:/home/daan/lwjgl3/lwjgl-nfd-natives-windows.jar:/home/daan/lwjgl3/lwjgl-nuklear.jar:/home/daan/lwjgl3/lwjgl-nuklear-natives-linux.jar:/home/daan/lwjgl3/lwjgl-nuklear-natives-macos.jar:/home/daan/lwjgl3/lwjgl-nuklear-natives-windows.jar:/home/daan/lwjgl3/lwjgl-openal.jar:/home/daan/lwjgl3/lwjgl-openal-natives-linux.jar:/home/daan/lwjgl3/lwjgl-openal-natives-macos.jar:/home/daan/lwjgl3/lwjgl-openal-natives-windows.jar:/home/daan/lwjgl3/lwjgl-opengl.jar:/home/daan/lwjgl3/lwjgl-opengl-natives-linux.jar:/home/daan/lwjgl3/lwjgl-opengl-natives-macos.jar:/home/daan/lwjgl3/lwjgl-opengl-natives-windows.jar:/home/daan/lwjgl3/lwjgl-par.jar:/home/daan/lwjgl3/lwjgl-par-natives-linux.jar:/home/daan/lwjgl3/lwjgl-par-natives-macos.jar:/home/daan/lwjgl3/lwjgl-par-natives-windows.jar:/home/daan/lwjgl3/lwjgl-stb.jar:/home/daan/lwjgl3/lwjgl-stb-natives-linux.jar:/home/daan/lwjgl3/lwjgl-stb-natives-macos.jar:/home/daan/lwjgl3/lwjgl-stb-natives-windows.jar:/home/daan/lwjgl3/lwjgl-tinyfd.jar:/home/daan/lwjgl3/lwjgl-tinyfd-natives-linux.jar:/home/daan/lwjgl3/lwjgl-tinyfd-natives-macos.jar:/home/daan/lwjgl3/lwjgl-tinyfd-natives-windows.jar:/home/d
Launcher Type: SUN_STANDARD

Environment Variables:
PATH=/usr/local/sbin:/usr/local/bin:/usr/sbin:/usr/bin:/sbin:/bin:/snap/bin
USERNAME=root
SHELL=/bin/bash
DISPLAY=:1

Signal Handlers:
SIGSEGV: [libjvm.so+0xa6ad10], sa_mask[0]=11111111011111111101111111111110, sa_flags=SA_RESTART|SA_SIGINFO
SIGBUS: [libjvm.so+0xa6ad10], sa_mask[0]=11111111011111111101111111111110, sa_flags=SA_RESTART|SA_SIGINFO
SIGFPE: [libjvm.so+0x8b3bc0], sa_mask[0]=11111111011111111101111111111110, sa_flags=SA_RESTART|SA_SIGINFO
SIGPIPE: [libjvm.so+0x8b3bc0], sa_mask[0]=11111111011111111101111111111110, sa_flags=SA_RESTART|SA_SIGINFO
SIGXFSZ: [libjvm.so+0x8b3bc0], sa_mask[0]=11111111011111111101111111111110, sa_flags=SA_RESTART|SA_SIGINFO
SIGILL: [libjvm.so+0x8b3bc0], sa_mask[0]=11111111011111111101111111111110, sa_flags=SA_RESTART|SA_SIGINFO
SIGUSR1: SIG_DFL, sa_mask[0]=00000000000000000000000000000000, sa_flags=none
SIGUSR2: [libjvm.so+0x8b3a70], sa_mask[0]=00100000000000000000000000000000, sa_flags=SA_RESTART|SA_SIGINFO
SIGHUP: [libjvm.so+0x8b3f40], sa_mask[0]=11111111011111111101111111111110, sa_flags=SA_RESTART|SA_SIGINFO
SIGINT: [libjvm.so+0x8b3f40], sa_mask[0]=11111111011111111101111111111110, sa_flags=SA_RESTART|SA_SIGINFO
SIGTERM: [libjvm.so+0x8b3f40], sa_mask[0]=11111111011111111101111111111110, sa_flags=SA_RESTART|SA_SIGINFO
SIGQUIT: [libjvm.so+0x8b3f40], sa_mask[0]=11111111011111111101111111111110, sa_flags=SA_RESTART|SA_SIGINFO


---------------  S Y S T E M  ---------------

OS:DISTRIB_ID=Ubuntu
DISTRIB_RELEASE=16.04
DISTRIB_CODENAME=xenial
DISTRIB_DESCRIPTION="Ubuntu 16.04.3 LTS"

uname:Linux 4.10.0-37-generic #41~16.04.1-Ubuntu SMP Fri Oct 6 22:42:59 UTC 2017 x86_64
libc:glibc 2.23 NPTL 2.23 
rlimit: STACK 8192k, CORE 0k, NPROC 15312, NOFILE 1048576, AS infinity
load average:0,45 0,44 0,53

/proc/meminfo:
MemTotal:        4021440 kB
MemFree:          135564 kB
MemAvailable:    1077240 kB
Buffers:           93272 kB
Cached:          1027288 kB
SwapCached:          192 kB
Active:          2800140 kB
Inactive:         759640 kB
Active(anon):    1983396 kB
Inactive(anon):   489476 kB
Active(file):     816744 kB
Inactive(file):   270164 kB
Unevictable:          16 kB
Mlocked:              16 kB
SwapTotal:       4173308 kB
SwapFree:        4171912 kB
Dirty:               504 kB
Writeback:             0 kB
AnonPages:       2223636 kB
Mapped:           420340 kB
Shmem:             33652 kB
Slab:             173800 kB
SReclaimable:     124952 kB
SUnreclaim:        48848 kB
KernelStack:       10616 kB
PageTables:        40056 kB
NFS_Unstable:          0 kB
Bounce:                0 kB
WritebackTmp:          0 kB
CommitLimit:     6184028 kB
Committed_AS:    6028944 kB
VmallocTotal:   34359738367 kB
VmallocUsed:           0 kB
VmallocChunk:          0 kB
HardwareCorrupted:     0 kB
AnonHugePages:    819200 kB
ShmemHugePages:        0 kB
ShmemPmdMapped:        0 kB
CmaTotal:              0 kB
CmaFree:               0 kB
HugePages_Total:       0
HugePages_Free:        0
HugePages_Rsvd:        0
HugePages_Surp:        0
Hugepagesize:       2048 kB
DirectMap4k:      368640 kB
DirectMap2M:     3803136 kB


CPU:total 4 (initial active 4) (4 cores per cpu, 1 threads per core) family 6 model 42 stepping 7, cmov, cx8, fxsr, mmx, sse, sse2, sse3, ssse3, sse4.1, sse4.2, popcnt, avx, aes, clmul, tsc, tscinvbit

/proc/cpuinfo:
processor	: 0
vendor_id	: GenuineIntel
cpu family	: 6
model		: 42
model name	: Intel(R) Core(TM) i5-2400S CPU @ 2.50GHz
stepping	: 7
microcode	: 0x1a
cpu MHz		: 2647.552
cache size	: 6144 KB
physical id	: 0
siblings	: 4
core id		: 0
cpu cores	: 4
apicid		: 0
initial apicid	: 0
fpu		: yes
fpu_exception	: yes
cpuid level	: 13
wp		: yes
flags		: fpu vme de pse tsc msr pae mce cx8 apic sep mtrr pge mca cmov pat pse36 clflush dts acpi mmx fxsr sse sse2 ss ht tm pbe syscall nx rdtscp lm constant_tsc arch_perfmon pebs bts rep_good nopl xtopology nonstop_tsc aperfmperf pni pclmulqdq dtes64 monitor ds_cpl vmx smx est tm2 ssse3 cx16 xtpr pdcm pcid sse4_1 sse4_2 x2apic popcnt tsc_deadline_timer aes xsave avx lahf_lm tpr_shadow vnmi flexpriority ept vpid xsaveopt dtherm ida arat pln pts
bugs		:
bogomips	: 4988.99
clflush size	: 64
cache_alignment	: 64
address sizes	: 36 bits physical, 48 bits virtual
power management:

processor	: 1
vendor_id	: GenuineIntel
cpu family	: 6
model		: 42
model name	: Intel(R) Core(TM) i5-2400S CPU @ 2.50GHz
stepping	: 7
microcode	: 0x1a
cpu MHz		: 2706.298
cache size	: 6144 KB
physical id	: 0
siblings	: 4
core id		: 1
cpu cores	: 4
apicid		: 2
initial apicid	: 2
fpu		: yes
fpu_exception	: yes
cpuid level	: 13
wp		: yes
flags		: fpu vme de pse tsc msr pae mce cx8 apic sep mtrr pge mca cmov pat pse36 clflush dts acpi mmx fxsr sse sse2 ss ht tm pbe syscall nx rdtscp lm constant_tsc arch_perfmon pebs bts rep_good nopl xtopology nonstop_tsc aperfmperf pni pclmulqdq dtes64 monitor ds_cpl vmx smx est tm2 ssse3 cx16 xtpr pdcm pcid sse4_1 sse4_2 x2apic popcnt tsc_deadline_timer aes xsave avx lahf_lm tpr_shadow vnmi flexpriority ept vpid xsaveopt dtherm ida arat pln pts
bugs		:
bogomips	: 4988.99
clflush size	: 64
cache_alignment	: 64
address sizes	: 36 bits physical, 48 bits virtual
power management:

processor	: 2
vendor_id	: GenuineIntel
cpu family	: 6
model		: 42
model name	: Intel(R) Core(TM) i5-2400S CPU @ 2.50GHz
stepping	: 7
microcode	: 0x1a
cpu MHz		: 2643.127
cache size	: 6144 KB
physical id	: 0
siblings	: 4
core id		: 2
cpu cores	: 4
apicid		: 4
initial apicid	: 4
fpu		: yes
fpu_exception	: yes
cpuid level	: 13
wp		: yes
flags		: fpu vme de pse tsc msr pae mce cx8 apic sep mtrr pge mca cmov pat pse36 clflush dts acpi mmx fxsr sse sse2 ss ht tm pbe syscall nx rdtscp lm constant_tsc arch_perfmon pebs bts rep_good nopl xtopology nonstop_tsc aperfmperf pni pclmulqdq dtes64 monitor ds_cpl vmx smx est tm2 ssse3 cx16 xtpr pdcm pcid sse4_1 sse4_2 x2apic popcnt tsc_deadline_timer aes xsave avx lahf_lm tpr_shadow vnmi flexpriority ept vpid xsaveopt dtherm ida arat pln pts
bugs		:
bogomips	: 4988.99
clflush size	: 64
cache_alignment	: 64
address sizes	: 36 bits physical, 48 bits virtual
power management:

processor	: 3
vendor_id	: GenuineIntel
cpu family	: 6
model		: 42
model name	: Intel(R) Core(TM) i5-2400S CPU @ 2.50GHz
stepping	: 7
microcode	: 0x1a
cpu MHz		: 2620.544
cache size	: 6144 KB
physical id	: 0
siblings	: 4
core id		: 3
cpu cores	: 4
apicid		: 6
initial apicid	: 6
fpu		: yes
fpu_exception	: yes
cpuid level	: 13
wp		: yes
flags		: fpu vme de pse tsc msr pae mce cx8 apic sep mtrr pge mca cmov pat pse36 clflush dts acpi mmx fxsr sse sse2 ss ht tm pbe syscall nx rdtscp lm constant_tsc arch_perfmon pebs bts rep_good nopl xtopology nonstop_tsc aperfmperf pni pclmulqdq dtes64 monitor ds_cpl vmx smx est tm2 ssse3 cx16 xtpr pdcm pcid sse4_1 sse4_2 x2apic popcnt tsc_deadline_timer aes xsave avx lahf_lm tpr_shadow vnmi flexpriority ept vpid xsaveopt dtherm ida arat pln pts
bugs		:
bogomips	: 4988.99
clflush size	: 64
cache_alignment	: 64
address sizes	: 36 bits physical, 48 bits virtual
power management:



Memory: 4k page, physical 4021440k(135564k free), swap 4173308k(4171912k free)

vm_info: OpenJDK 64-Bit Server VM (25.131-b11) for linux-amd64 JRE (1.8.0_131-8u131-b11-2ubuntu1.16.04.3-b11), built on Jul 28 2017 01:23:32 by "buildd" with gcc 5.4.0 20160609

time: Wed Oct 11 14:55:11 2017
elapsed time: 0 seconds (0d 0h 0m 0s)

