#
# A fatal error has been detected by the Java Runtime Environment:
#
#  SIGSEGV (0xb) at pc=0x00007feeaa392e57, pid=11739, tid=0x00007feed2bf2700
#
# JRE version: OpenJDK Runtime Environment (8.0_131-b11) (build 1.8.0_131-8u131-b11-2ubuntu1.16.04.3-b11)
# Java VM: OpenJDK 64-Bit Server VM (25.131-b11 mixed mode linux-amd64 compressed oops)
# Problematic frame:
# C  [liblwjgl_opengl.so+0x45e57]  Java_org_lwjgl_opengl_GL20_glCreateProgram+0x7
#
# Failed to write core dump. Core dumps have been disabled. To enable core dumping, try "ulimit -c unlimited" before starting Java again
#
# If you would like to submit a bug report, please visit:
#   http://bugreport.java.com/bugreport/crash.jsp
# The crash happened outside the Java Virtual Machine in native code.
# See problematic frame for where to report the bug.
#

---------------  T H R E A D  ---------------

Current thread (0x00007feecc00b000):  JavaThread "main" [_thread_in_native, id=11744, stack(0x00007feed2af2000,0x00007feed2bf3000)]

siginfo: si_signo: 11 (SIGSEGV), si_code: 1 (SEGV_MAPERR), si_addr: 0x0000000000000878

Registers:
RAX=0x0000000000000000, RBX=0x00007feeb9543058, RCX=0x0000000000000003, RDX=0x00007feed1dc05d8
RSP=0x00007feed2bf1868, RBP=0x00007feed2bf18b8, RSI=0x00007feed2bf18c8, RDI=0x00007feecc00b1e0
R8 =0x00007feeb9543058, R9 =0x0000000000000004, R10=0x00007feebc39f748, R11=0x00007feed17ff520
R12=0x0000000000000000, R13=0x00007feeb9543050, R14=0x00007feed2bf18d0, R15=0x00007feecc00b000
RIP=0x00007feeaa392e57, EFLAGS=0x0000000000010287, CSGSFS=0x002b000000000033, ERR=0x0000000000000004
  TRAPNO=0x000000000000000e

Top of Stack: (sp=0x00007feed2bf1868)
0x00007feed2bf1868:   00007feebc39f774 00007feebc39f4c2
0x00007feed2bf1878:   00007feed2bf1878 00007feeb9543050
0x00007feed2bf1888:   00007feed2bf18d0 00007feeb9556110
0x00007feed2bf1898:   0000000000000000 00007feeb9543058
0x00007feed2bf18a8:   0000000000000000 00007feed2bf18d8
0x00007feed2bf18b8:   00007feed2bf1920 00007feebc38fa40
0x00007feed2bf18c8:   00000000eba72038 00007feebc399276
0x00007feed2bf18d8:   00000000eba48930 00007feed2bf18e0
0x00007feed2bf18e8:   00007feeb953ef35 00007feed2bf1930
0x00007feed2bf18f8:   00007feeb953f620 0000000000000000
0x00007feed2bf1908:   00007feeb953ef50 00007feed2bf18d8
0x00007feed2bf1918:   00007feed2bf1930 00007feed2bf1988
0x00007feed2bf1928:   00007feebc38fffd 00000000eba48930
0x00007feed2bf1938:   00000000eba48930 00000000eba3f7f0
0x00007feed2bf1948:   00007feed2bf1948 00007feeb953d918
0x00007feed2bf1958:   00007feed2bf19b8 00007feeb953dbc8
0x00007feed2bf1968:   0000000000000000 00007feeb953da00
0x00007feed2bf1978:   00007feed2bf1930 00007feed2bf19b8
0x00007feed2bf1988:   00007feed2bf1a00 00007feebc38fffd
0x00007feed2bf1998:   0000000000000000 0000000000000000
0x00007feed2bf19a8:   0000000000000000 0000000000000000
0x00007feed2bf19b8:   00000000eba3f7f0 00007feed2bf19c0
0x00007feed2bf19c8:   00007feeb953d311 00007feed2bf1a18
0x00007feed2bf19d8:   00007feeb953d390 0000000000000000
0x00007feed2bf19e8:   00007feeb953d338 00007feed2bf19b8
0x00007feed2bf19f8:   00007feed2bf1a18 00007feed2bf1a80
0x00007feed2bf1a08:   00007feebc3884e7 00000000eba3f7f0
0x00007feed2bf1a18:   00000000eba3bde8 0000000000001fa0
0x00007feed2bf1a28:   00007feeb953d338 00007feed2bf1c70
0x00007feed2bf1a38:   00007feed2bf1b20 00007feecc00b000
0x00007feed2bf1a48:   00007feecc00b000 00007feed2bf1b20
0x00007feed2bf1a58:   00007feed2bf1d38 00007fee0000000a 

Instructions: (pc=0x00007feeaa392e57)
0x00007feeaa392e37:   40 18 48 8b 80 b0 09 00 00 ff e0 66 66 66 66 66
0x00007feeaa392e47:   2e 0f 1f 84 00 00 00 00 00 48 8b 07 48 8b 40 18
0x00007feeaa392e57:   ff a0 78 08 00 00 0f 1f 00 48 8b 07 41 89 d1 89
0x00007feeaa392e67:   ce 4c 89 c2 44 89 cf 48 8b 40 18 48 8b 80 b8 15 

Register to memory mapping:

RAX=0x0000000000000000 is an unknown value
RBX={method} {0x00007feeb9543058} 'glCreateProgram' '()I' in 'org/lwjgl/opengl/GL20'
RCX=0x0000000000000003 is an unknown value
RDX=0x00007feed1dc05d8: <offset 0xf1f5d8> in /usr/lib/jvm/java-8-openjdk-amd64/jre/lib/amd64/server/libjvm.so at 0x00007feed0ea1000
RSP=0x00007feed2bf1868 is pointing into the stack for thread: 0x00007feecc00b000
RBP=0x00007feed2bf18b8 is pointing into the stack for thread: 0x00007feecc00b000
RSI=0x00007feed2bf18c8 is pointing into the stack for thread: 0x00007feecc00b000
RDI=0x00007feecc00b1e0 is an unknown value
R8 ={method} {0x00007feeb9543058} 'glCreateProgram' '()I' in 'org/lwjgl/opengl/GL20'
R9 =0x0000000000000004 is an unknown value
R10=0x00007feebc39f748 is at code_begin+808 in an Interpreter codelet
method entry point (kind = native)  [0x00007feebc39f420, 0x00007feebc39fd20]  2304 bytes
R11=0x00007feed17ff520: <offset 0x95e520> in /usr/lib/jvm/java-8-openjdk-amd64/jre/lib/amd64/server/libjvm.so at 0x00007feed0ea1000
R12=0x0000000000000000 is an unknown value
R13=0x00007feeb9543050 is pointing into metadata
R14=0x00007feed2bf18d0 is pointing into the stack for thread: 0x00007feecc00b000
R15=0x00007feecc00b000 is a thread


Stack: [0x00007feed2af2000,0x00007feed2bf3000],  sp=0x00007feed2bf1868,  free space=1022k
Native frames: (J=compiled Java code, j=interpreted, Vv=VM code, C=native code)
C  [liblwjgl_opengl.so+0x45e57]  Java_org_lwjgl_opengl_GL20_glCreateProgram+0x7
j  ShaderProgram.<init>()V+5
j  Game.start()V+16
j  Main.main([Ljava/lang/String;)V+17
v  ~StubRoutines::call_stub
V  [libjvm.so+0x66415b]
V  [libjvm.so+0x685e9e]
V  [libjvm.so+0x6887cf]
C  [libjli.so+0x3552]
C  [libjli.so+0x73dd]
C  [libpthread.so.0+0x76ba]  start_thread+0xca

Java frames: (J=compiled Java code, j=interpreted, Vv=VM code)
j  org.lwjgl.opengl.GL20.glCreateProgram()I+0
j  ShaderProgram.<init>()V+5
j  Game.start()V+16
j  Main.main([Ljava/lang/String;)V+17
v  ~StubRoutines::call_stub

---------------  P R O C E S S  ---------------

Java Threads: ( => current thread )
  0x00007feecc0c3800 JavaThread "Service Thread" daemon [_thread_blocked, id=11757, stack(0x00007feeaad37000,0x00007feeaae38000)]
  0x00007feecc0b3800 JavaThread "C1 CompilerThread2" daemon [_thread_blocked, id=11756, stack(0x00007feeaae38000,0x00007feeaaf39000)]
  0x00007feecc0b2000 JavaThread "C2 CompilerThread1" daemon [_thread_blocked, id=11755, stack(0x00007feeaaf39000,0x00007feeab03a000)]
  0x00007feecc0af000 JavaThread "C2 CompilerThread0" daemon [_thread_blocked, id=11754, stack(0x00007feeab03a000,0x00007feeab13b000)]
  0x00007feecc0ad000 JavaThread "Signal Dispatcher" daemon [_thread_blocked, id=11753, stack(0x00007feeab13b000,0x00007feeab23c000)]
  0x00007feecc084800 JavaThread "Finalizer" daemon [_thread_blocked, id=11752, stack(0x00007feeabbfc000,0x00007feeabcfd000)]
  0x00007feecc080000 JavaThread "Reference Handler" daemon [_thread_blocked, id=11751, stack(0x00007feeabcfd000,0x00007feeabdfe000)]
=>0x00007feecc00b000 JavaThread "main" [_thread_in_native, id=11744, stack(0x00007feed2af2000,0x00007feed2bf3000)]

Other Threads:
  0x00007feecc078000 VMThread [stack: 0x00007feeabdfe000,0x00007feeabeff000] [id=11750]
  0x00007feecc0c6000 WatcherThread [stack: 0x00007feeaac36000,0x00007feeaad37000] [id=11758]

VM state:not at safepoint (normal execution)

VM Mutex/Monitor currently owned by a thread: None

Heap:
 PSYoungGen      total 18432K, used 4784K [0x00000000eb900000, 0x00000000ecd80000, 0x0000000100000000)
  eden space 15872K, 30% used [0x00000000eb900000,0x00000000ebdac070,0x00000000ec880000)
  from space 2560K, 0% used [0x00000000ecb00000,0x00000000ecb00000,0x00000000ecd80000)
  to   space 2560K, 0% used [0x00000000ec880000,0x00000000ec880000,0x00000000ecb00000)
 ParOldGen       total 42496K, used 0K [0x00000000c2a00000, 0x00000000c5380000, 0x00000000eb900000)
  object space 42496K, 0% used [0x00000000c2a00000,0x00000000c2a00000,0x00000000c5380000)
 Metaspace       used 5010K, capacity 5334K, committed 5632K, reserved 1056768K
  class space    used 550K, capacity 641K, committed 768K, reserved 1048576K

Card table byte_map: [0x00007feebbddc000,0x00007feebbfc8000] byte_map_base: 0x00007feebb7c7000

Marking Bits: (ParMarkBitMap*) 0x00007feed1dc42c0
 Begin Bits: [0x00007feeb9b28000, 0x00007feebaa80000)
 End Bits:   [0x00007feebaa80000, 0x00007feebb9d8000)

Polling page: 0x00007feed2c17000

CodeCache: size=245760Kb used=1751Kb max_used=1751Kb free=244008Kb
 bounds [0x00007feebc388000, 0x00007feebc5f8000, 0x00007feecb388000]
 total_blobs=659 nmethods=345 adapters=229
 compilation: enabled

Compilation events (10 events):
Event: 0,234 Thread 0x00007feecc0b3800  341       1       java.util.zip.ZipCoder::isUTF8 (5 bytes)
Event: 0,234 Thread 0x00007feecc0b3800 nmethod 341 0x00007feebc53c150 code [0x00007feebc53c2a0, 0x00007feebc53c3b0]
Event: 0,236 Thread 0x00007feecc0b3800  342       3       java.util.concurrent.ConcurrentHashMap::addCount (292 bytes)
Event: 0,237 Thread 0x00007feecc0b3800 nmethod 342 0x00007feebc53c410 code [0x00007feebc53c620, 0x00007feebc53d108]
Event: 0,238 Thread 0x00007feecc0b3800  343       1       sun.misc.URLClassPath$JarLoader::access$700 (5 bytes)
Event: 0,238 Thread 0x00007feecc0b3800 nmethod 343 0x00007feebc53d4d0 code [0x00007feebc53d620, 0x00007feebc53d710]
Event: 0,244 Thread 0x00007feecc0b3800  344       3       java.lang.Character::toUpperCase (6 bytes)
Event: 0,244 Thread 0x00007feecc0b3800 nmethod 344 0x00007feebc53d990 code [0x00007feebc53db20, 0x00007feebc53ddb8]
Event: 0,244 Thread 0x00007feecc0b3800  345       3       java.lang.Character::toUpperCase (9 bytes)
Event: 0,244 Thread 0x00007feecc0b3800 nmethod 345 0x00007feebc53ded0 code [0x00007feebc53e040, 0x00007feebc53e278]

GC Heap History (0 events):
No events

Deoptimization events (0 events):
No events

Internal exceptions (10 events):
Event: 0,138 Thread 0x00007feecc00b000 Exception <a 'java/lang/NoSuchFieldError': method resolution failed> (0x00000000ebb8f170) thrown at [/build/openjdk-8-pZyJp3/openjdk-8-8u131-b11/src/hotspot/src/share/vm/prims/methodHandles.cpp, line 1146]
Event: 0,141 Thread 0x00007feecc00b000 Exception <a 'java/lang/NoSuchFieldError': method resolution failed> (0x00000000ebb9c630) thrown at [/build/openjdk-8-pZyJp3/openjdk-8-8u131-b11/src/hotspot/src/share/vm/prims/methodHandles.cpp, line 1146]
Event: 0,186 Thread 0x00007feecc00b000 Exception <a 'java/lang/NoSuchMethodError': java.lang.Object.lambda$static$0(Ljava/lang/String;)Ljava/lang/Boolean;> (0x00000000ebca6a18) thrown at [/build/openjdk-8-pZyJp3/openjdk-8-8u131-b11/src/hotspot/src/share/vm/interpreter/linkResolver.cpp, line 58
Event: 0,197 Thread 0x00007feecc00b000 Exception <a 'java/security/PrivilegedActionException'> (0x00000000ebcd55a8) thrown at [/build/openjdk-8-pZyJp3/openjdk-8-8u131-b11/src/hotspot/src/share/vm/prims/jvm.cpp, line 1390]
Event: 0,197 Thread 0x00007feecc00b000 Exception <a 'java/security/PrivilegedActionException'> (0x00000000ebcd57b8) thrown at [/build/openjdk-8-pZyJp3/openjdk-8-8u131-b11/src/hotspot/src/share/vm/prims/jvm.cpp, line 1390]
Event: 0,197 Thread 0x00007feecc00b000 Exception <a 'java/security/PrivilegedActionException'> (0x00000000ebcd7840) thrown at [/build/openjdk-8-pZyJp3/openjdk-8-8u131-b11/src/hotspot/src/share/vm/prims/jvm.cpp, line 1390]
Event: 0,197 Thread 0x00007feecc00b000 Exception <a 'java/security/PrivilegedActionException'> (0x00000000ebcd7a50) thrown at [/build/openjdk-8-pZyJp3/openjdk-8-8u131-b11/src/hotspot/src/share/vm/prims/jvm.cpp, line 1390]
Event: 0,197 Thread 0x00007feecc00b000 Exception <a 'java/security/PrivilegedActionException'> (0x00000000ebcd8528) thrown at [/build/openjdk-8-pZyJp3/openjdk-8-8u131-b11/src/hotspot/src/share/vm/prims/jvm.cpp, line 1390]
Event: 0,197 Thread 0x00007feecc00b000 Exception <a 'java/security/PrivilegedActionException'> (0x00000000ebcd8738) thrown at [/build/openjdk-8-pZyJp3/openjdk-8-8u131-b11/src/hotspot/src/share/vm/prims/jvm.cpp, line 1390]
Event: 0,222 Thread 0x00007feecc00b000 Exception <a 'sun/nio/fs/UnixException'> (0x00000000ebd26658) thrown at [/build/openjdk-8-pZyJp3/openjdk-8-8u131-b11/src/hotspot/src/share/vm/prims/jni.cpp, line 709]

Events (10 events):
Event: 0,240 loading class org/lwjgl/system/jni/JNINativeInterface
Event: 0,240 loading class org/lwjgl/system/jni/JNINativeInterface done
Event: 0,242 loading class org/lwjgl/system/linux/DynamicLinkLoader
Event: 0,242 loading class org/lwjgl/system/linux/DynamicLinkLoader done
Event: 0,243 loading class org/lwjgl/opengl/GL$2
Event: 0,243 loading class org/lwjgl/opengl/GL$2 done
Event: 0,244 loading class org/lwjgl/opengl/GL$SharedLibraryGL
Event: 0,244 loading class org/lwjgl/opengl/GL$SharedLibraryGL done
Event: 0,244 loading class org/lwjgl/system/SharedLibrary$Delegate
Event: 0,244 loading class org/lwjgl/system/SharedLibrary$Delegate done


Dynamic libraries:
00400000-00401000 r-xp 00000000 fd:01 20187746                           /usr/lib/jvm/java-8-openjdk-amd64/jre/bin/java
00600000-00601000 r--p 00000000 fd:01 20187746                           /usr/lib/jvm/java-8-openjdk-amd64/jre/bin/java
00601000-00602000 rw-p 00001000 fd:01 20187746                           /usr/lib/jvm/java-8-openjdk-amd64/jre/bin/java
00f47000-00f68000 rw-p 00000000 00:00 0                                  [heap]
c2a00000-c5380000 rw-p 00000000 00:00 0 
c5380000-eb900000 ---p 00000000 00:00 0 
eb900000-ecd80000 rw-p 00000000 00:00 0 
ecd80000-100000000 ---p 00000000 00:00 0 
100000000-1000c0000 rw-p 00000000 00:00 0 
1000c0000-140000000 ---p 00000000 00:00 0 
7fee7c9e4000-7fee7c9e9000 r-xp 00000000 fd:01 20061955                   /usr/lib/x86_64-linux-gnu/libXdmcp.so.6.0.0
7fee7c9e9000-7fee7cbe8000 ---p 00005000 fd:01 20061955                   /usr/lib/x86_64-linux-gnu/libXdmcp.so.6.0.0
7fee7cbe8000-7fee7cbe9000 r--p 00004000 fd:01 20061955                   /usr/lib/x86_64-linux-gnu/libXdmcp.so.6.0.0
7fee7cbe9000-7fee7cbea000 rw-p 00005000 fd:01 20061955                   /usr/lib/x86_64-linux-gnu/libXdmcp.so.6.0.0
7fee7cbea000-7fee7cbec000 r-xp 00000000 fd:01 20061944                   /usr/lib/x86_64-linux-gnu/libXau.so.6.0.0
7fee7cbec000-7fee7cdec000 ---p 00002000 fd:01 20061944                   /usr/lib/x86_64-linux-gnu/libXau.so.6.0.0
7fee7cdec000-7fee7cded000 r--p 00002000 fd:01 20061944                   /usr/lib/x86_64-linux-gnu/libXau.so.6.0.0
7fee7cded000-7fee7cdee000 rw-p 00003000 fd:01 20061944                   /usr/lib/x86_64-linux-gnu/libXau.so.6.0.0
7fee7cdee000-7fee7cdfe000 r-xp 00000000 fd:01 20062256                   /usr/lib/x86_64-linux-gnu/libdrm.so.2.4.0
7fee7cdfe000-7fee7cffd000 ---p 00010000 fd:01 20062256                   /usr/lib/x86_64-linux-gnu/libdrm.so.2.4.0
7fee7cffd000-7fee7cffe000 r--p 0000f000 fd:01 20062256                   /usr/lib/x86_64-linux-gnu/libdrm.so.2.4.0
7fee7cffe000-7fee7cfff000 rw-p 00010000 fd:01 20062256                   /usr/lib/x86_64-linux-gnu/libdrm.so.2.4.0
7fee7cfff000-7fee80000000 rw-p 00000000 00:00 0 
7fee80000000-7fee801dc000 rw-p 00000000 00:00 0 
7fee801dc000-7fee84000000 ---p 00000000 00:00 0 
7fee84000000-7fee84021000 rw-p 00000000 00:00 0 
7fee84021000-7fee88000000 ---p 00000000 00:00 0 
7fee88000000-7fee88027000 rw-p 00000000 00:00 0 
7fee88027000-7fee8c000000 ---p 00000000 00:00 0 
7fee8c000000-7fee8c021000 rw-p 00000000 00:00 0 
7fee8c021000-7fee90000000 ---p 00000000 00:00 0 
7fee90000000-7fee90021000 rw-p 00000000 00:00 0 
7fee90021000-7fee94000000 ---p 00000000 00:00 0 
7fee94000000-7fee940ce000 rw-p 00000000 00:00 0 
7fee940ce000-7fee98000000 ---p 00000000 00:00 0 
7fee98000000-7fee98021000 rw-p 00000000 00:00 0 
7fee98021000-7fee9c000000 ---p 00000000 00:00 0 
7fee9c000000-7fee9c021000 rw-p 00000000 00:00 0 
7fee9c021000-7feea0000000 ---p 00000000 00:00 0 
7feea0000000-7feea0021000 rw-p 00000000 00:00 0 
7feea0021000-7feea4000000 ---p 00000000 00:00 0 
7feea4000000-7feea4021000 rw-p 00000000 00:00 0 
7feea4021000-7feea8000000 ---p 00000000 00:00 0 
7feea80d6000-7feea80db000 r-xp 00000000 fd:01 20061995                   /usr/lib/x86_64-linux-gnu/libXxf86vm.so.1.0.0
7feea80db000-7feea82da000 ---p 00005000 fd:01 20061995                   /usr/lib/x86_64-linux-gnu/libXxf86vm.so.1.0.0
7feea82da000-7feea82db000 r--p 00004000 fd:01 20061995                   /usr/lib/x86_64-linux-gnu/libXxf86vm.so.1.0.0
7feea82db000-7feea82dc000 rw-p 00005000 fd:01 20061995                   /usr/lib/x86_64-linux-gnu/libXxf86vm.so.1.0.0
7feea82dc000-7feea82fd000 r-xp 00000000 fd:01 20063362                   /usr/lib/x86_64-linux-gnu/libxcb.so.1.1.0
7feea82fd000-7feea84fc000 ---p 00021000 fd:01 20063362                   /usr/lib/x86_64-linux-gnu/libxcb.so.1.1.0
7feea84fc000-7feea84fd000 r--p 00020000 fd:01 20063362                   /usr/lib/x86_64-linux-gnu/libxcb.so.1.1.0
7feea84fd000-7feea84fe000 rw-p 00021000 fd:01 20063362                   /usr/lib/x86_64-linux-gnu/libxcb.so.1.1.0
7feea84fe000-7feea8502000 r-xp 00000000 fd:01 20063330                   /usr/lib/x86_64-linux-gnu/libxcb-dri2.so.0.0.0
7feea8502000-7feea8701000 ---p 00004000 fd:01 20063330                   /usr/lib/x86_64-linux-gnu/libxcb-dri2.so.0.0.0
7feea8701000-7feea8702000 r--p 00003000 fd:01 20063330                   /usr/lib/x86_64-linux-gnu/libxcb-dri2.so.0.0.0
7feea8702000-7feea8703000 rw-p 00004000 fd:01 20063330                   /usr/lib/x86_64-linux-gnu/libxcb-dri2.so.0.0.0
7feea8703000-7feea871a000 r-xp 00000000 fd:01 20063334                   /usr/lib/x86_64-linux-gnu/libxcb-glx.so.0.0.0
7feea871a000-7feea8919000 ---p 00017000 fd:01 20063334                   /usr/lib/x86_64-linux-gnu/libxcb-glx.so.0.0.0
7feea8919000-7feea891b000 r--p 00016000 fd:01 20063334                   /usr/lib/x86_64-linux-gnu/libxcb-glx.so.0.0.0
7feea891b000-7feea891c000 rw-p 00018000 fd:01 20063334                   /usr/lib/x86_64-linux-gnu/libxcb-glx.so.0.0.0
7feea891c000-7feea8a51000 r-xp 00000000 fd:01 20061940                   /usr/lib/x86_64-linux-gnu/libX11.so.6.3.0
7feea8a51000-7feea8c51000 ---p 00135000 fd:01 20061940                   /usr/lib/x86_64-linux-gnu/libX11.so.6.3.0
7feea8c51000-7feea8c52000 r--p 00135000 fd:01 20061940                   /usr/lib/x86_64-linux-gnu/libX11.so.6.3.0
7feea8c52000-7feea8c56000 rw-p 00136000 fd:01 20061940                   /usr/lib/x86_64-linux-gnu/libX11.so.6.3.0
7feea8c56000-7feea8c57000 r-xp 00000000 fd:01 20061938                   /usr/lib/x86_64-linux-gnu/libX11-xcb.so.1.0.0
7feea8c57000-7feea8e56000 ---p 00001000 fd:01 20061938                   /usr/lib/x86_64-linux-gnu/libX11-xcb.so.1.0.0
7feea8e56000-7feea8e57000 r--p 00000000 fd:01 20061938                   /usr/lib/x86_64-linux-gnu/libX11-xcb.so.1.0.0
7feea8e57000-7feea8e58000 rw-p 00001000 fd:01 20061938                   /usr/lib/x86_64-linux-gnu/libX11-xcb.so.1.0.0
7feea8e58000-7feea8e5d000 r-xp 00000000 fd:01 20061959                   /usr/lib/x86_64-linux-gnu/libXfixes.so.3.1.0
7feea8e5d000-7feea905c000 ---p 00005000 fd:01 20061959                   /usr/lib/x86_64-linux-gnu/libXfixes.so.3.1.0
7feea905c000-7feea905d000 r--p 00004000 fd:01 20061959                   /usr/lib/x86_64-linux-gnu/libXfixes.so.3.1.0
7feea905d000-7feea905e000 rw-p 00005000 fd:01 20061959                   /usr/lib/x86_64-linux-gnu/libXfixes.so.3.1.0
7feea905e000-7feea9060000 r-xp 00000000 fd:01 20061953                   /usr/lib/x86_64-linux-gnu/libXdamage.so.1.1.0
7feea9060000-7feea925f000 ---p 00002000 fd:01 20061953                   /usr/lib/x86_64-linux-gnu/libXdamage.so.1.1.0
7feea925f000-7feea9260000 r--p 00001000 fd:01 20061953                   /usr/lib/x86_64-linux-gnu/libXdamage.so.1.1.0
7feea9260000-7feea9261000 rw-p 00002000 fd:01 20061953                   /usr/lib/x86_64-linux-gnu/libXdamage.so.1.1.0
7feea9261000-7feea9272000 r-xp 00000000 fd:01 20061957                   /usr/lib/x86_64-linux-gnu/libXext.so.6.4.0
7feea9272000-7feea9471000 ---p 00011000 fd:01 20061957                   /usr/lib/x86_64-linux-gnu/libXext.so.6.4.0
7feea9471000-7feea9472000 r--p 00010000 fd:01 20061957                   /usr/lib/x86_64-linux-gnu/libXext.so.6.4.0
7feea9472000-7feea9473000 rw-p 00011000 fd:01 20061957                   /usr/lib/x86_64-linux-gnu/libXext.so.6.4.0
7feea9473000-7feea949d000 r-xp 00000000 fd:01 20062457                   /usr/lib/x86_64-linux-gnu/libglapi.so.0.0.0
7feea949d000-7feea969c000 ---p 0002a000 fd:01 20062457                   /usr/lib/x86_64-linux-gnu/libglapi.so.0.0.0
7feea969c000-7feea96a0000 r--p 00029000 fd:01 20062457                   /usr/lib/x86_64-linux-gnu/libglapi.so.0.0.0
7feea96a0000-7feea96a1000 rw-p 0002d000 fd:01 20062457                   /usr/lib/x86_64-linux-gnu/libglapi.so.0.0.0
7feea96a1000-7feea96a2000 rw-p 00000000 00:00 0 
7feea96a2000-7feea96a3000 r-xp 00000000 fd:01 20063374                   /usr/lib/x86_64-linux-gnu/libxshmfence.so.1.0.0
7feea96a3000-7feea98a3000 ---p 00001000 fd:01 20063374                   /usr/lib/x86_64-linux-gnu/libxshmfence.so.1.0.0
7feea98a3000-7feea98a4000 r--p 00001000 fd:01 20063374                   /usr/lib/x86_64-linux-gnu/libxshmfence.so.1.0.0
7feea98a4000-7feea98a5000 rw-p 00002000 fd:01 20063374                   /usr/lib/x86_64-linux-gnu/libxshmfence.so.1.0.0
7feea98a5000-7feea98aa000 r-xp 00000000 fd:01 20063354                   /usr/lib/x86_64-linux-gnu/libxcb-sync.so.1.0.0
7feea98aa000-7feea9aaa000 ---p 00005000 fd:01 20063354                   /usr/lib/x86_64-linux-gnu/libxcb-sync.so.1.0.0
7feea9aaa000-7feea9aab000 r--p 00005000 fd:01 20063354                   /usr/lib/x86_64-linux-gnu/libxcb-sync.so.1.0.0
7feea9aab000-7feea9aac000 rw-p 00006000 fd:01 20063354                   /usr/lib/x86_64-linux-gnu/libxcb-sync.so.1.0.0
7feea9aac000-7feea9aae000 r-xp 00000000 fd:01 20063342                   /usr/lib/x86_64-linux-gnu/libxcb-present.so.0.0.0
7feea9aae000-7feea9cad000 ---p 00002000 fd:01 20063342                   /usr/lib/x86_64-linux-gnu/libxcb-present.so.0.0.0
7feea9cad000-7feea9cae000 r--p 00001000 fd:01 20063342                   /usr/lib/x86_64-linux-gnu/libxcb-present.so.0.0.0
7feea9cae000-7feea9caf000 rw-p 00002000 fd:01 20063342                   /usr/lib/x86_64-linux-gnu/libxcb-present.so.0.0.0
7feea9caf000-7feea9cb1000 r-xp 00000000 fd:01 20063332                   /usr/lib/x86_64-linux-gnu/libxcb-dri3.so.0.0.0
7feea9cb1000-7feea9eb0000 ---p 00002000 fd:01 20063332                   /usr/lib/x86_64-linux-gnu/libxcb-dri3.so.0.0.0
7feea9eb0000-7feea9eb1000 r--p 00001000 fd:01 20063332                   /usr/lib/x86_64-linux-gnu/libxcb-dri3.so.0.0.0
7feea9eb1000-7feea9eb2000 rw-p 00002000 fd:01 20063332                   /usr/lib/x86_64-linux-gnu/libxcb-dri3.so.0.0.0
7feea9eb2000-7feea9ed8000 r-xp 00000000 fd:01 14946789                   /lib/x86_64-linux-gnu/libexpat.so.1.6.0
7feea9ed8000-7feeaa0d8000 ---p 00026000 fd:01 14946789                   /lib/x86_64-linux-gnu/libexpat.so.1.6.0
7feeaa0d8000-7feeaa0da000 r--p 00026000 fd:01 14946789                   /lib/x86_64-linux-gnu/libexpat.so.1.6.0
7feeaa0da000-7feeaa0db000 rw-p 00028000 fd:01 14946789                   /lib/x86_64-linux-gnu/libexpat.so.1.6.0
7feeaa0db000-7feeaa149000 r-xp 00000000 fd:01 20319117                   /usr/lib/x86_64-linux-gnu/mesa/libGL.so.1.2.0
7feeaa149000-7feeaa348000 ---p 0006e000 fd:01 20319117                   /usr/lib/x86_64-linux-gnu/mesa/libGL.so.1.2.0
7feeaa348000-7feeaa34b000 r--p 0006d000 fd:01 20319117                   /usr/lib/x86_64-linux-gnu/mesa/libGL.so.1.2.0
7feeaa34b000-7feeaa34c000 rw-p 00070000 fd:01 20319117                   /usr/lib/x86_64-linux-gnu/mesa/libGL.so.1.2.0
7feeaa34c000-7feeaa34d000 rw-p 00000000 00:00 0 
7feeaa34d000-7feeaa3b8000 r-xp 00000000 fd:01 7602205                    /tmp/lwjglroot/3.1.3-SNAPSHOT/liblwjgl_opengl.so
7feeaa3b8000-7feeaa5b7000 ---p 0006b000 fd:01 7602205                    /tmp/lwjglroot/3.1.3-SNAPSHOT/liblwjgl_opengl.so
7feeaa5b7000-7feeaa5b8000 r--p 0006a000 fd:01 7602205                    /tmp/lwjglroot/3.1.3-SNAPSHOT/liblwjgl_opengl.so
7feeaa5b8000-7feeaa5b9000 rw-p 0006b000 fd:01 7602205                    /tmp/lwjglroot/3.1.3-SNAPSHOT/liblwjgl_opengl.so
7feeaa5b9000-7feeaa60a000 r-xp 00000000 fd:01 7602203                    /tmp/lwjglroot/3.1.3-SNAPSHOT/liblwjgl.so
7feeaa60a000-7feeaa809000 ---p 00051000 fd:01 7602203                    /tmp/lwjglroot/3.1.3-SNAPSHOT/liblwjgl.so
7feeaa809000-7feeaa80a000 r--p 00050000 fd:01 7602203                    /tmp/lwjglroot/3.1.3-SNAPSHOT/liblwjgl.so
7feeaa80a000-7feeaa80b000 rw-p 00051000 fd:01 7602203                    /tmp/lwjglroot/3.1.3-SNAPSHOT/liblwjgl.so
7feeaa80b000-7feeaa822000 r-xp 00000000 fd:01 20187689                   /usr/lib/jvm/java-8-openjdk-amd64/jre/lib/amd64/libnet.so
7feeaa822000-7feeaaa21000 ---p 00017000 fd:01 20187689                   /usr/lib/jvm/java-8-openjdk-amd64/jre/lib/amd64/libnet.so
7feeaaa21000-7feeaaa22000 r--p 00016000 fd:01 20187689                   /usr/lib/jvm/java-8-openjdk-amd64/jre/lib/amd64/libnet.so
7feeaaa22000-7feeaaa23000 rw-p 00017000 fd:01 20187689                   /usr/lib/jvm/java-8-openjdk-amd64/jre/lib/amd64/libnet.so
7feeaaa23000-7feeaaa34000 r-xp 00000000 fd:01 20187199                   /usr/lib/jvm/java-8-openjdk-amd64/jre/lib/amd64/libnio.so
7feeaaa34000-7feeaac34000 ---p 00011000 fd:01 20187199                   /usr/lib/jvm/java-8-openjdk-amd64/jre/lib/amd64/libnio.so
7feeaac34000-7feeaac35000 r--p 00011000 fd:01 20187199                   /usr/lib/jvm/java-8-openjdk-amd64/jre/lib/amd64/libnio.so
7feeaac35000-7feeaac36000 rw-p 00012000 fd:01 20187199                   /usr/lib/jvm/java-8-openjdk-amd64/jre/lib/amd64/libnio.so
7feeaac36000-7feeaac37000 ---p 00000000 00:00 0 
7feeaac37000-7feeaad37000 rw-p 00000000 00:00 0 
7feeaad37000-7feeaad3a000 ---p 00000000 00:00 0 
7feeaad3a000-7feeaae38000 rw-p 00000000 00:00 0 
7feeaae38000-7feeaae3b000 ---p 00000000 00:00 0 
7feeaae3b000-7feeaaf39000 rw-p 00000000 00:00 0 
7feeaaf39000-7feeaaf3c000 ---p 00000000 00:00 0 
7feeaaf3c000-7feeab03a000 rw-p 00000000 00:00 0 
7feeab03a000-7feeab03d000 ---p 00000000 00:00 0 
7feeab03d000-7feeab13b000 rw-p 00000000 00:00 0 
7feeab13b000-7feeab13e000 ---p 00000000 00:00 0 
7feeab13e000-7feeab23c000 rw-p 00000000 00:00 0 
7feeab23c000-7feeabbfc000 r--p 00000000 fd:01 20060977                   /usr/lib/locale/locale-archive
7feeabbfc000-7feeabbff000 ---p 00000000 00:00 0 
7feeabbff000-7feeabcfd000 rw-p 00000000 00:00 0 
7feeabcfd000-7feeabd00000 ---p 00000000 00:00 0 
7feeabd00000-7feeabdfe000 rw-p 00000000 00:00 0 
7feeabdfe000-7feeabdff000 ---p 00000000 00:00 0 
7feeabdff000-7feeac000000 rw-p 00000000 00:00 0 
7feeac000000-7feeac021000 rw-p 00000000 00:00 0 
7feeac021000-7feeb0000000 ---p 00000000 00:00 0 
7feeb0000000-7feeb0021000 rw-p 00000000 00:00 0 
7feeb0021000-7feeb4000000 ---p 00000000 00:00 0 
7feeb4000000-7feeb4021000 rw-p 00000000 00:00 0 
7feeb4021000-7feeb8000000 ---p 00000000 00:00 0 
7feeb8031000-7feeb8044000 r--s 00346000 fd:01 20187705                   /usr/lib/jvm/java-8-openjdk-amd64/jre/lib/resources.jar
7feeb8044000-7feeb8056000 r--s 00139000 00:2d 24906636                   /home/daan/lwjgl3/lwjgl-vulkan.jar
7feeb8056000-7feeb8057000 r--s 00030000 00:2d 24906645                   /home/daan/lwjgl3/lwjgl-tinyfd-natives-windows.jar
7feeb8057000-7feeb8058000 r--s 00007000 00:2d 24906627                   /home/daan/lwjgl3/lwjgl-tinyfd-natives-macos.jar
7feeb8058000-7feeb8059000 r--s 00007000 00:2d 24906625                   /home/daan/lwjgl3/lwjgl-tinyfd-natives-linux.jar
7feeb8059000-7feeb805a000 r--s 00001000 00:2d 24906629                   /home/daan/lwjgl3/lwjgl-tinyfd.jar
7feeb805a000-7feeb805b000 r--s 00074000 00:2d 24906642                   /home/daan/lwjgl3/lwjgl-stb-natives-windows.jar
7feeb805b000-7feeb805c000 r--s 0002a000 00:2d 24906643                   /home/daan/lwjgl3/lwjgl-stb-natives-macos.jar
7feeb805c000-7feeb805d000 r--s 00030000 00:2d 24906621                   /home/daan/lwjgl3/lwjgl-stb-natives-linux.jar
7feeb805d000-7feeb805f000 r--s 00015000 00:2d 24906623                   /home/daan/lwjgl3/lwjgl-stb.jar
7feeb805f000-7feeb8060000 r--s 00031000 00:2d 24906633                   /home/daan/lwjgl3/lwjgl-par-natives-windows.jar
7feeb8060000-7feeb8061000 r--s 00004000 00:2d 24906618                   /home/daan/lwjgl3/lwjgl-par-natives-macos.jar
7feeb8061000-7feeb8062000 r--s 00005000 00:2d 24905606                   /home/daan/lwjgl3/lwjgl-par-natives-linux.jar
7feeb8062000-7feeb8063000 r--s 00002000 00:2d 24906617                   /home/daan/lwjgl3/lwjgl-par.jar
7feeb8063000-7feeb8064000 r--s 0002a000 00:2d 24906632                   /home/daan/lwjgl3/lwjgl-opengl-natives-windows.jar
7feeb8064000-7feeb8065000 r--s 0000b000 00:2d 24905605                   /home/daan/lwjgl3/lwjgl-opengl-natives-macos.jar
7feeb8065000-7feeb8066000 r--s 00016000 00:2d 24905578                   /home/daan/lwjgl3/lwjgl-opengl-natives-linux.jar
7feeb8066000-7feeb8070000 r--s 000be000 00:2d 24905603                   /home/daan/lwjgl3/lwjgl-opengl.jar
7feeb8070000-7feeb8071000 r--s 00104000 00:2d 24906646                   /home/daan/lwjgl3/lwjgl-openal-natives-windows.jar
7feeb8071000-7feeb8073000 r--s 00063000 00:2d 24906626                   /home/daan/lwjgl3/lwjgl-openal-natives-macos.jar
7feeb8073000-7feeb8074000 r--s 00077000 00:2d 24905570                   /home/daan/lwjgl3/lwjgl-openal-natives-linux.jar
7feeb8074000-7feeb8076000 r--s 00011000 00:2d 24905573                   /home/daan/lwjgl3/lwjgl-openal.jar
7feeb8076000-7feeb8077000 r--s 00040000 00:2d 24906630                   /home/daan/lwjgl3/lwjgl-nuklear-natives-windows.jar
7feeb8077000-7feeb8078000 r--s 0002d000 00:2d 24906620                   /home/daan/lwjgl3/lwjgl-nuklear-natives-macos.jar
7feeb8078000-7feeb8079000 r--s 00021000 00:2d 24905562                   /home/daan/lwjgl3/lwjgl-nuklear-natives-linux.jar
7feeb8079000-7feeb807f000 r--s 0005a000 00:2d 24905568                   /home/daan/lwjgl3/lwjgl-nuklear.jar
7feeb807f000-7feeb8080000 r--s 0001f000 00:2d 24905565                   /home/daan/lwjgl3/lwjgl-nfd-natives-windows.jar
7feeb8080000-7feeb8081000 r--s 00001000 00:2d 24905555                   /home/daan/lwjgl3/lwjgl-nfd-natives-macos.jar
7feeb8081000-7feeb8082000 r--s 00001000 00:2d 24905554                   /home/daan/lwjgl3/lwjgl-nfd-natives-linux.jar
7feeb8082000-7feeb8083000 r--s 00001000 00:2d 24905557                   /home/daan/lwjgl3/lwjgl-nfd.jar
7feeb8083000-7feeb8085000 r--s 00037000 00:2d 24906647                   /home/daan/lwjgl3/lwjgl-natives-windows.jar
7feeb8085000-7feeb8086000 r--s 00008000 00:2d 24906644                   /home/daan/lwjgl3/lwjgl-natives-macos.jar
7feeb8086000-7feeb8087000 r--s 00012000 00:2d 24906639                   /home/daan/lwjgl3/lwjgl-natives-linux.jar
7feeb8087000-7feeb8088000 r--s 0005d000 00:2d 24906597                   /home/daan/lwjgl3/lwjgl-nanovg-natives-windows.jar
7feeb8088000-7feeb8089000 r--s 0001d000 00:2d 24905564                   /home/daan/lwjgl3/lwjgl-nanovg-natives-macos.jar
7feeb8089000-7feeb808a000 r--s 00021000 00:2d 24905549                   /home/daan/lwjgl3/lwjgl-nanovg-natives-linux.jar
7feeb808a000-7feeb808b000 r--s 00009000 00:2d 24905551                   /home/daan/lwjgl3/lwjgl-nanovg.jar
7feeb808b000-7feeb808c000 r--s 00030000 00:2d 24905577                   /home/daan/lwjgl3/lwjgl-jemalloc-natives-windows.jar
7feeb808c000-7feeb808d000 r--s 00017000 00:2d 24905569                   /home/daan/lwjgl3/lwjgl-jemalloc-natives-macos.jar
7feeb808d000-7feeb808e000 r--s 0001f000 00:2d 24905543                   /home/daan/lwjgl3/lwjgl-jemalloc-natives-linux.jar
7feeb808e000-7feeb8090000 r--s 00008000 00:2d 24905545                   /home/daan/lwjgl3/lwjgl-jemalloc.jar
7feeb8090000-7feeb8094000 r--s 00017000 00:2d 24905540                   /home/daan/lwjgl3/lwjgl-glfw.jar
7feeb8094000-7feeb8098000 r--s 00042000 00:2d 24906641                   /home/daan/lwjgl3/lwjgl.jar
7feeb8098000-7feeb809d000 r--s 0003b000 fd:01 20186076                   /usr/lib/jvm/java-8-openjdk-amd64/jre/lib/ext/sunjce_provider.jar
7feeb809d000-7feeb80a7000 r--s 00116000 fd:01 20185952                   /usr/lib/jvm/java-8-openjdk-amd64/jre/lib/ext/localedata.jar
7feeb80a7000-7feeb80c2000 r--s 001d6000 fd:01 20185732                   /usr/lib/jvm/java-8-openjdk-amd64/jre/lib/ext/nashorn.jar
7feeb80c2000-7feeb80dd000 r--s 00394000 fd:01 20185556                   /usr/lib/jvm/java-8-openjdk-amd64/jre/lib/ext/cldrdata.jar
7feeb80dd000-7feeb8f6f000 rw-p 00000000 00:00 0 
7feeb8f6f000-7feeb913d000 r--s 03c13000 fd:01 20185503                   /usr/lib/jvm/java-8-openjdk-amd64/jre/lib/rt.jar
7feeb913d000-7feeb95fd000 rw-p 00000000 00:00 0 
7feeb95fd000-7feeb993d000 ---p 00000000 00:00 0 
7feeb993d000-7feebb9d8000 rw-p 00000000 00:00 0 
7feebb9d8000-7feebb9d9000 ---p 00000000 00:00 0 
7feebb9d9000-7feebbad9000 rw-p 00000000 00:00 0 
7feebbad9000-7feebbada000 ---p 00000000 00:00 0 
7feebbada000-7feebbbda000 rw-p 00000000 00:00 0 
7feebbbda000-7feebbbdb000 ---p 00000000 00:00 0 
7feebbbdb000-7feebbcdb000 rw-p 00000000 00:00 0 
7feebbcdb000-7feebbcdc000 ---p 00000000 00:00 0 
7feebbcdc000-7feebbdf1000 rw-p 00000000 00:00 0 
7feebbdf1000-7feebbf23000 ---p 00000000 00:00 0 
7feebbf23000-7feebbf2e000 rw-p 00000000 00:00 0 
7feebbf2e000-7feebbfc7000 ---p 00000000 00:00 0 
7feebbfc7000-7feebbfd2000 rw-p 00000000 00:00 0 
7feebbfd2000-7feebc388000 ---p 00000000 00:00 0 
7feebc388000-7feebc5f8000 rwxp 00000000 00:00 0 
7feebc5f8000-7feecb388000 ---p 00000000 00:00 0 
7feecb388000-7feecb390000 r-xp 00000000 fd:01 20187678                   /usr/lib/jvm/java-8-openjdk-amd64/jre/lib/amd64/libzip.so
7feecb390000-7feecb58f000 ---p 00008000 fd:01 20187678                   /usr/lib/jvm/java-8-openjdk-amd64/jre/lib/amd64/libzip.so
7feecb58f000-7feecb590000 r--p 00007000 fd:01 20187678                   /usr/lib/jvm/java-8-openjdk-amd64/jre/lib/amd64/libzip.so
7feecb590000-7feecb591000 rw-p 00008000 fd:01 20187678                   /usr/lib/jvm/java-8-openjdk-amd64/jre/lib/amd64/libzip.so
7feecb591000-7feecb59c000 r-xp 00000000 fd:01 14946857                   /lib/x86_64-linux-gnu/libnss_files-2.23.so
7feecb59c000-7feecb79b000 ---p 0000b000 fd:01 14946857                   /lib/x86_64-linux-gnu/libnss_files-2.23.so
7feecb79b000-7feecb79c000 r--p 0000a000 fd:01 14946857                   /lib/x86_64-linux-gnu/libnss_files-2.23.so
7feecb79c000-7feecb79d000 rw-p 0000b000 fd:01 14946857                   /lib/x86_64-linux-gnu/libnss_files-2.23.so
7feecb79d000-7feecb7a3000 rw-p 00000000 00:00 0 
7feecb7a3000-7feecb7ae000 r-xp 00000000 fd:01 14946867                   /lib/x86_64-linux-gnu/libnss_nis-2.23.so
7feecb7ae000-7feecb9ad000 ---p 0000b000 fd:01 14946867                   /lib/x86_64-linux-gnu/libnss_nis-2.23.so
7feecb9ad000-7feecb9ae000 r--p 0000a000 fd:01 14946867                   /lib/x86_64-linux-gnu/libnss_nis-2.23.so
7feecb9ae000-7feecb9af000 rw-p 0000b000 fd:01 14946867                   /lib/x86_64-linux-gnu/libnss_nis-2.23.so
7feecb9af000-7feecb9c5000 r-xp 00000000 fd:01 14946851                   /lib/x86_64-linux-gnu/libnsl-2.23.so
7feecb9c5000-7feecbbc4000 ---p 00016000 fd:01 14946851                   /lib/x86_64-linux-gnu/libnsl-2.23.so
7feecbbc4000-7feecbbc5000 r--p 00015000 fd:01 14946851                   /lib/x86_64-linux-gnu/libnsl-2.23.so
7feecbbc5000-7feecbbc6000 rw-p 00016000 fd:01 14946851                   /lib/x86_64-linux-gnu/libnsl-2.23.so
7feecbbc6000-7feecbbc8000 rw-p 00000000 00:00 0 
7feecbbc8000-7feecbbd0000 r-xp 00000000 fd:01 14946853                   /lib/x86_64-linux-gnu/libnss_compat-2.23.so
7feecbbd0000-7feecbdcf000 ---p 00008000 fd:01 14946853                   /lib/x86_64-linux-gnu/libnss_compat-2.23.so
7feecbdcf000-7feecbdd0000 r--p 00007000 fd:01 14946853                   /lib/x86_64-linux-gnu/libnss_compat-2.23.so
7feecbdd0000-7feecbdd1000 rw-p 00008000 fd:01 14946853                   /lib/x86_64-linux-gnu/libnss_compat-2.23.so
7feecbdd1000-7feecbdfe000 r-xp 00000000 fd:01 20187695                   /usr/lib/jvm/java-8-openjdk-amd64/jre/lib/amd64/libjava.so
7feecbdfe000-7feecbffd000 ---p 0002d000 fd:01 20187695                   /usr/lib/jvm/java-8-openjdk-amd64/jre/lib/amd64/libjava.so
7feecbffd000-7feecbffe000 r--p 0002c000 fd:01 20187695                   /usr/lib/jvm/java-8-openjdk-amd64/jre/lib/amd64/libjava.so
7feecbffe000-7feecc000000 rw-p 0002d000 fd:01 20187695                   /usr/lib/jvm/java-8-openjdk-amd64/jre/lib/amd64/libjava.so
7feecc000000-7feecc2f3000 rw-p 00000000 00:00 0 
7feecc2f3000-7feed0000000 ---p 00000000 00:00 0 
7feed0000000-7feed0001000 r--s 0003c000 00:2d 24905576                   /home/daan/lwjgl3/lwjgl-glfw-natives-windows.jar
7feed0001000-7feed0002000 r--s 0000d000 00:2d 24905563                   /home/daan/lwjgl3/lwjgl-glfw-natives-macos.jar
7feed0002000-7feed0004000 r--s 00001000 fd:01 20186002                   /usr/lib/jvm/java-8-openjdk-amd64/jre/lib/ext/dnsns.jar
7feed0004000-7feed0008000 r--s 00037000 fd:01 20185991                   /usr/lib/jvm/java-8-openjdk-amd64/jre/lib/ext/sunpkcs11.jar
7feed0008000-7feed00b4000 rw-p 00000000 00:00 0 
7feed00b4000-7feed01e7000 ---p 00000000 00:00 0 
7feed01e7000-7feed01f6000 r-xp 00000000 fd:01 20187203                   /usr/lib/jvm/java-8-openjdk-amd64/jre/lib/amd64/libverify.so
7feed01f6000-7feed03f5000 ---p 0000f000 fd:01 20187203                   /usr/lib/jvm/java-8-openjdk-amd64/jre/lib/amd64/libverify.so
7feed03f5000-7feed03f7000 r--p 0000e000 fd:01 20187203                   /usr/lib/jvm/java-8-openjdk-amd64/jre/lib/amd64/libverify.so
7feed03f7000-7feed03f8000 rw-p 00010000 fd:01 20187203                   /usr/lib/jvm/java-8-openjdk-amd64/jre/lib/amd64/libverify.so
7feed03f8000-7feed03ff000 r-xp 00000000 fd:01 14946912                   /lib/x86_64-linux-gnu/librt-2.23.so
7feed03ff000-7feed05fe000 ---p 00007000 fd:01 14946912                   /lib/x86_64-linux-gnu/librt-2.23.so
7feed05fe000-7feed05ff000 r--p 00006000 fd:01 14946912                   /lib/x86_64-linux-gnu/librt-2.23.so
7feed05ff000-7feed0600000 rw-p 00007000 fd:01 14946912                   /lib/x86_64-linux-gnu/librt-2.23.so
7feed0600000-7feed0616000 r-xp 00000000 fd:01 14946796                   /lib/x86_64-linux-gnu/libgcc_s.so.1
7feed0616000-7feed0815000 ---p 00016000 fd:01 14946796                   /lib/x86_64-linux-gnu/libgcc_s.so.1
7feed0815000-7feed0816000 rw-p 00015000 fd:01 14946796                   /lib/x86_64-linux-gnu/libgcc_s.so.1
7feed0816000-7feed091e000 r-xp 00000000 fd:01 14946828                   /lib/x86_64-linux-gnu/libm-2.23.so
7feed091e000-7feed0b1d000 ---p 00108000 fd:01 14946828                   /lib/x86_64-linux-gnu/libm-2.23.so
7feed0b1d000-7feed0b1e000 r--p 00107000 fd:01 14946828                   /lib/x86_64-linux-gnu/libm-2.23.so
7feed0b1e000-7feed0b1f000 rw-p 00108000 fd:01 14946828                   /lib/x86_64-linux-gnu/libm-2.23.so
7feed0b1f000-7feed0c91000 r-xp 00000000 fd:01 20055626                   /usr/lib/x86_64-linux-gnu/libstdc++.so.6.0.21
7feed0c91000-7feed0e91000 ---p 00172000 fd:01 20055626                   /usr/lib/x86_64-linux-gnu/libstdc++.so.6.0.21
7feed0e91000-7feed0e9b000 r--p 00172000 fd:01 20055626                   /usr/lib/x86_64-linux-gnu/libstdc++.so.6.0.21
7feed0e9b000-7feed0e9d000 rw-p 0017c000 fd:01 20055626                   /usr/lib/x86_64-linux-gnu/libstdc++.so.6.0.21
7feed0e9d000-7feed0ea1000 rw-p 00000000 00:00 0 
7feed0ea1000-7feed1af5000 r-xp 00000000 fd:01 20187676                   /usr/lib/jvm/java-8-openjdk-amd64/jre/lib/amd64/server/libjvm.so
7feed1af5000-7feed1cf5000 ---p 00c54000 fd:01 20187676                   /usr/lib/jvm/java-8-openjdk-amd64/jre/lib/amd64/server/libjvm.so
7feed1cf5000-7feed1d88000 r--p 00c54000 fd:01 20187676                   /usr/lib/jvm/java-8-openjdk-amd64/jre/lib/amd64/server/libjvm.so
7feed1d88000-7feed1db1000 rw-p 00ce7000 fd:01 20187676                   /usr/lib/jvm/java-8-openjdk-amd64/jre/lib/amd64/server/libjvm.so
7feed1db1000-7feed1de1000 rw-p 00000000 00:00 0 
7feed1de1000-7feed1df9000 r-xp 00000000 fd:01 14946904                   /lib/x86_64-linux-gnu/libpthread-2.23.so
7feed1df9000-7feed1ff8000 ---p 00018000 fd:01 14946904                   /lib/x86_64-linux-gnu/libpthread-2.23.so
7feed1ff8000-7feed1ff9000 r--p 00017000 fd:01 14946904                   /lib/x86_64-linux-gnu/libpthread-2.23.so
7feed1ff9000-7feed1ffa000 rw-p 00018000 fd:01 14946904                   /lib/x86_64-linux-gnu/libpthread-2.23.so
7feed1ffa000-7feed1ffe000 rw-p 00000000 00:00 0 
7feed1ffe000-7feed2001000 r-xp 00000000 fd:01 14946782                   /lib/x86_64-linux-gnu/libdl-2.23.so
7feed2001000-7feed2200000 ---p 00003000 fd:01 14946782                   /lib/x86_64-linux-gnu/libdl-2.23.so
7feed2200000-7feed2201000 r--p 00002000 fd:01 14946782                   /lib/x86_64-linux-gnu/libdl-2.23.so
7feed2201000-7feed2202000 rw-p 00003000 fd:01 14946782                   /lib/x86_64-linux-gnu/libdl-2.23.so
7feed2202000-7feed221b000 r-xp 00000000 fd:01 14946949                   /lib/x86_64-linux-gnu/libz.so.1.2.8
7feed221b000-7feed241a000 ---p 00019000 fd:01 14946949                   /lib/x86_64-linux-gnu/libz.so.1.2.8
7feed241a000-7feed241b000 r--p 00018000 fd:01 14946949                   /lib/x86_64-linux-gnu/libz.so.1.2.8
7feed241b000-7feed241c000 rw-p 00019000 fd:01 14946949                   /lib/x86_64-linux-gnu/libz.so.1.2.8
7feed241c000-7feed25dc000 r-xp 00000000 fd:01 14946758                   /lib/x86_64-linux-gnu/libc-2.23.so
7feed25dc000-7feed27dc000 ---p 001c0000 fd:01 14946758                   /lib/x86_64-linux-gnu/libc-2.23.so
7feed27dc000-7feed27e0000 r--p 001c0000 fd:01 14946758                   /lib/x86_64-linux-gnu/libc-2.23.so
7feed27e0000-7feed27e2000 rw-p 001c4000 fd:01 14946758                   /lib/x86_64-linux-gnu/libc-2.23.so
7feed27e2000-7feed27e6000 rw-p 00000000 00:00 0 
7feed27e6000-7feed27f3000 r-xp 00000000 fd:01 20187201                   /usr/lib/jvm/java-8-openjdk-amd64/jre/lib/amd64/jli/libjli.so
7feed27f3000-7feed29f3000 ---p 0000d000 fd:01 20187201                   /usr/lib/jvm/java-8-openjdk-amd64/jre/lib/amd64/jli/libjli.so
7feed29f3000-7feed29f4000 r--p 0000d000 fd:01 20187201                   /usr/lib/jvm/java-8-openjdk-amd64/jre/lib/amd64/jli/libjli.so
7feed29f4000-7feed29f5000 rw-p 0000e000 fd:01 20187201                   /usr/lib/jvm/java-8-openjdk-amd64/jre/lib/amd64/jli/libjli.so
7feed29f5000-7feed2a1b000 r-xp 00000000 fd:01 14946730                   /lib/x86_64-linux-gnu/ld-2.23.so
7feed2a1b000-7feed2a1c000 r--s 00011000 00:2d 24905538                   /home/daan/lwjgl3/lwjgl-glfw-natives-linux.jar
7feed2a1c000-7feed2a1e000 r--s 00008000 fd:01 20186090                   /usr/lib/jvm/java-8-openjdk-amd64/jre/lib/ext/sunec.jar
7feed2a1e000-7feed2a21000 r--s 0000f000 fd:01 20186087                   /usr/lib/jvm/java-8-openjdk-amd64/jre/lib/ext/icedtea-sound.jar
7feed2a21000-7feed2af2000 rw-p 00000000 00:00 0 
7feed2af2000-7feed2af5000 ---p 00000000 00:00 0 
7feed2af5000-7feed2bf8000 rw-p 00000000 00:00 0 
7feed2bf8000-7feed2bf9000 r--s 0000a000 fd:01 20186064                   /usr/lib/jvm/java-8-openjdk-amd64/jre/lib/ext/jaccess.jar
7feed2bf9000-7feed2bfa000 r--s 00010000 fd:01 20187194                   /usr/lib/jvm/java-8-openjdk-amd64/jre/lib/ext/zipfs.jar
7feed2bfa000-7feed2c0e000 rw-p 00000000 00:00 0 
7feed2c0e000-7feed2c16000 rw-s 00000000 fd:01 7602214                    /tmp/hsperfdata_root/11739
7feed2c16000-7feed2c17000 rw-p 00000000 00:00 0 
7feed2c17000-7feed2c18000 r--p 00000000 00:00 0 
7feed2c18000-7feed2c1a000 rw-p 00000000 00:00 0 
7feed2c1a000-7feed2c1b000 r--p 00025000 fd:01 14946730                   /lib/x86_64-linux-gnu/ld-2.23.so
7feed2c1b000-7feed2c1c000 rw-p 00026000 fd:01 14946730                   /lib/x86_64-linux-gnu/ld-2.23.so
7feed2c1c000-7feed2c1d000 rw-p 00000000 00:00 0 
7ffde8452000-7ffde8474000 rw-p 00000000 00:00 0                          [stack]
7ffde8574000-7ffde8576000 r--p 00000000 00:00 0                          [vvar]
7ffde8576000-7ffde8578000 r-xp 00000000 00:00 0                          [vdso]
ffffffffff600000-ffffffffff601000 r-xp 00000000 00:00 0                  [vsyscall]

VM Arguments:
jvm_args: -Dfile.encoding=UTF-8 
java_command: Main
java_class_path (initial): /home/daan/lwjgl3/lwjgl.jar:/home/daan/lwjgl3/lwjgl-glfw.jar:/home/daan/lwjgl3/lwjgl-glfw-natives-linux.jar:/home/daan/lwjgl3/lwjgl-glfw-natives-macos.jar:/home/daan/lwjgl3/lwjgl-glfw-natives-windows.jar:/home/daan/lwjgl3/lwjgl-jemalloc.jar:/home/daan/lwjgl3/lwjgl-jemalloc-natives-linux.jar:/home/daan/lwjgl3/lwjgl-jemalloc-natives-macos.jar:/home/daan/lwjgl3/lwjgl-jemalloc-natives-windows.jar:/home/daan/lwjgl3/lwjgl-nanovg.jar:/home/daan/lwjgl3/lwjgl-nanovg-natives-linux.jar:/home/daan/lwjgl3/lwjgl-nanovg-natives-macos.jar:/home/daan/lwjgl3/lwjgl-nanovg-natives-windows.jar:/home/daan/lwjgl3/lwjgl-natives-linux.jar:/home/daan/lwjgl3/lwjgl-natives-macos.jar:/home/daan/lwjgl3/lwjgl-natives-windows.jar:/home/daan/lwjgl3/lwjgl-nfd.jar:/home/daan/lwjgl3/lwjgl-nfd-natives-linux.jar:/home/daan/lwjgl3/lwjgl-nfd-natives-macos.jar:/home/daan/lwjgl3/lwjgl-nfd-natives-windows.jar:/home/daan/lwjgl3/lwjgl-nuklear.jar:/home/daan/lwjgl3/lwjgl-nuklear-natives-linux.jar:/home/daan/lwjgl3/lwjgl-nuklear-natives-macos.jar:/home/daan/lwjgl3/lwjgl-nuklear-natives-windows.jar:/home/daan/lwjgl3/lwjgl-openal.jar:/home/daan/lwjgl3/lwjgl-openal-natives-linux.jar:/home/daan/lwjgl3/lwjgl-openal-natives-macos.jar:/home/daan/lwjgl3/lwjgl-openal-natives-windows.jar:/home/daan/lwjgl3/lwjgl-opengl.jar:/home/daan/lwjgl3/lwjgl-opengl-natives-linux.jar:/home/daan/lwjgl3/lwjgl-opengl-natives-macos.jar:/home/daan/lwjgl3/lwjgl-opengl-natives-windows.jar:/home/daan/lwjgl3/lwjgl-par.jar:/home/daan/lwjgl3/lwjgl-par-natives-linux.jar:/home/daan/lwjgl3/lwjgl-par-natives-macos.jar:/home/daan/lwjgl3/lwjgl-par-natives-windows.jar:/home/daan/lwjgl3/lwjgl-stb.jar:/home/daan/lwjgl3/lwjgl-stb-natives-linux.jar:/home/daan/lwjgl3/lwjgl-stb-natives-macos.jar:/home/daan/lwjgl3/lwjgl-stb-natives-windows.jar:/home/daan/lwjgl3/lwjgl-tinyfd.jar:/home/daan/lwjgl3/lwjgl-tinyfd-natives-linux.jar:/home/daan/lwjgl3/lwjgl-tinyfd-natives-macos.jar:/home/daan/lwjgl3/lwjgl-tinyfd-natives-windows.jar:/home/d
Launcher Type: SUN_STANDARD

Environment Variables:
PATH=/usr/local/sbin:/usr/local/bin:/usr/sbin:/usr/bin:/sbin:/bin:/snap/bin
USERNAME=root
SHELL=/bin/bash
DISPLAY=:1

Signal Handlers:
SIGSEGV: [libjvm.so+0xa6ad10], sa_mask[0]=11111111011111111101111111111110, sa_flags=SA_RESTART|SA_SIGINFO
SIGBUS: [libjvm.so+0xa6ad10], sa_mask[0]=11111111011111111101111111111110, sa_flags=SA_RESTART|SA_SIGINFO
SIGFPE: [libjvm.so+0x8b3bc0], sa_mask[0]=11111111011111111101111111111110, sa_flags=SA_RESTART|SA_SIGINFO
SIGPIPE: [libjvm.so+0x8b3bc0], sa_mask[0]=11111111011111111101111111111110, sa_flags=SA_RESTART|SA_SIGINFO
SIGXFSZ: [libjvm.so+0x8b3bc0], sa_mask[0]=11111111011111111101111111111110, sa_flags=SA_RESTART|SA_SIGINFO
SIGILL: [libjvm.so+0x8b3bc0], sa_mask[0]=11111111011111111101111111111110, sa_flags=SA_RESTART|SA_SIGINFO
SIGUSR1: SIG_DFL, sa_mask[0]=00000000000000000000000000000000, sa_flags=none
SIGUSR2: [libjvm.so+0x8b3a70], sa_mask[0]=00100000000000000000000000000000, sa_flags=SA_RESTART|SA_SIGINFO
SIGHUP: [libjvm.so+0x8b3f40], sa_mask[0]=11111111011111111101111111111110, sa_flags=SA_RESTART|SA_SIGINFO
SIGINT: [libjvm.so+0x8b3f40], sa_mask[0]=11111111011111111101111111111110, sa_flags=SA_RESTART|SA_SIGINFO
SIGTERM: [libjvm.so+0x8b3f40], sa_mask[0]=11111111011111111101111111111110, sa_flags=SA_RESTART|SA_SIGINFO
SIGQUIT: [libjvm.so+0x8b3f40], sa_mask[0]=11111111011111111101111111111110, sa_flags=SA_RESTART|SA_SIGINFO


---------------  S Y S T E M  ---------------

OS:DISTRIB_ID=Ubuntu
DISTRIB_RELEASE=16.04
DISTRIB_CODENAME=xenial
DISTRIB_DESCRIPTION="Ubuntu 16.04.3 LTS"

uname:Linux 4.10.0-37-generic #41~16.04.1-Ubuntu SMP Fri Oct 6 22:42:59 UTC 2017 x86_64
libc:glibc 2.23 NPTL 2.23 
rlimit: STACK 8192k, CORE 0k, NPROC 15312, NOFILE 1048576, AS infinity
load average:0,43 0,39 0,44

/proc/meminfo:
MemTotal:        4021440 kB
MemFree:          152876 kB
MemAvailable:     971044 kB
Buffers:           55352 kB
Cached:           947420 kB
SwapCached:          244 kB
Active:          2642884 kB
Inactive:         880380 kB
Active(anon):    2045848 kB
Inactive(anon):   511300 kB
Active(file):     597036 kB
Inactive(file):   369080 kB
Unevictable:          16 kB
Mlocked:              16 kB
SwapTotal:       4173308 kB
SwapFree:        4169660 kB
Dirty:               504 kB
Writeback:             8 kB
AnonPages:       2302156 kB
Mapped:           425448 kB
Shmem:             36648 kB
Slab:             169024 kB
SReclaimable:     119516 kB
SUnreclaim:        49508 kB
KernelStack:       10776 kB
PageTables:        40252 kB
NFS_Unstable:          0 kB
Bounce:                0 kB
WritebackTmp:          0 kB
CommitLimit:     6184028 kB
Committed_AS:    6114064 kB
VmallocTotal:   34359738367 kB
VmallocUsed:           0 kB
VmallocChunk:          0 kB
HardwareCorrupted:     0 kB
AnonHugePages:    989184 kB
ShmemHugePages:        0 kB
ShmemPmdMapped:        0 kB
CmaTotal:              0 kB
CmaFree:               0 kB
HugePages_Total:       0
HugePages_Free:        0
HugePages_Rsvd:        0
HugePages_Surp:        0
Hugepagesize:       2048 kB
DirectMap4k:      397312 kB
DirectMap2M:     3774464 kB


CPU:total 4 (initial active 4) (4 cores per cpu, 1 threads per core) family 6 model 42 stepping 7, cmov, cx8, fxsr, mmx, sse, sse2, sse3, ssse3, sse4.1, sse4.2, popcnt, avx, aes, clmul, tsc, tscinvbit

/proc/cpuinfo:
processor	: 0
vendor_id	: GenuineIntel
cpu family	: 6
model		: 42
model name	: Intel(R) Core(TM) i5-2400S CPU @ 2.50GHz
stepping	: 7
microcode	: 0x1a
cpu MHz		: 2666.625
cache size	: 6144 KB
physical id	: 0
siblings	: 4
core id		: 0
cpu cores	: 4
apicid		: 0
initial apicid	: 0
fpu		: yes
fpu_exception	: yes
cpuid level	: 13
wp		: yes
flags		: fpu vme de pse tsc msr pae mce cx8 apic sep mtrr pge mca cmov pat pse36 clflush dts acpi mmx fxsr sse sse2 ss ht tm pbe syscall nx rdtscp lm constant_tsc arch_perfmon pebs bts rep_good nopl xtopology nonstop_tsc aperfmperf pni pclmulqdq dtes64 monitor ds_cpl vmx smx est tm2 ssse3 cx16 xtpr pdcm pcid sse4_1 sse4_2 x2apic popcnt tsc_deadline_timer aes xsave avx lahf_lm tpr_shadow vnmi flexpriority ept vpid xsaveopt dtherm ida arat pln pts
bugs		:
bogomips	: 4988.99
clflush size	: 64
cache_alignment	: 64
address sizes	: 36 bits physical, 48 bits virtual
power management:

processor	: 1
vendor_id	: GenuineIntel
cpu family	: 6
model		: 42
model name	: Intel(R) Core(TM) i5-2400S CPU @ 2.50GHz
stepping	: 7
microcode	: 0x1a
cpu MHz		: 2666.168
cache size	: 6144 KB
physical id	: 0
siblings	: 4
core id		: 1
cpu cores	: 4
apicid		: 2
initial apicid	: 2
fpu		: yes
fpu_exception	: yes
cpuid level	: 13
wp		: yes
flags		: fpu vme de pse tsc msr pae mce cx8 apic sep mtrr pge mca cmov pat pse36 clflush dts acpi mmx fxsr sse sse2 ss ht tm pbe syscall nx rdtscp lm constant_tsc arch_perfmon pebs bts rep_good nopl xtopology nonstop_tsc aperfmperf pni pclmulqdq dtes64 monitor ds_cpl vmx smx est tm2 ssse3 cx16 xtpr pdcm pcid sse4_1 sse4_2 x2apic popcnt tsc_deadline_timer aes xsave avx lahf_lm tpr_shadow vnmi flexpriority ept vpid xsaveopt dtherm ida arat pln pts
bugs		:
bogomips	: 4988.99
clflush size	: 64
cache_alignment	: 64
address sizes	: 36 bits physical, 48 bits virtual
power management:

processor	: 2
vendor_id	: GenuineIntel
cpu family	: 6
model		: 42
model name	: Intel(R) Core(TM) i5-2400S CPU @ 2.50GHz
stepping	: 7
microcode	: 0x1a
cpu MHz		: 2653.198
cache size	: 6144 KB
physical id	: 0
siblings	: 4
core id		: 2
cpu cores	: 4
apicid		: 4
initial apicid	: 4
fpu		: yes
fpu_exception	: yes
cpuid level	: 13
wp		: yes
flags		: fpu vme de pse tsc msr pae mce cx8 apic sep mtrr pge mca cmov pat pse36 clflush dts acpi mmx fxsr sse sse2 ss ht tm pbe syscall nx rdtscp lm constant_tsc arch_perfmon pebs bts rep_good nopl xtopology nonstop_tsc aperfmperf pni pclmulqdq dtes64 monitor ds_cpl vmx smx est tm2 ssse3 cx16 xtpr pdcm pcid sse4_1 sse4_2 x2apic popcnt tsc_deadline_timer aes xsave avx lahf_lm tpr_shadow vnmi flexpriority ept vpid xsaveopt dtherm ida arat pln pts
bugs		:
bogomips	: 4988.99
clflush size	: 64
cache_alignment	: 64
address sizes	: 36 bits physical, 48 bits virtual
power management:

processor	: 3
vendor_id	: GenuineIntel
cpu family	: 6
model		: 42
model name	: Intel(R) Core(TM) i5-2400S CPU @ 2.50GHz
stepping	: 7
microcode	: 0x1a
cpu MHz		: 2651.672
cache size	: 6144 KB
physical id	: 0
siblings	: 4
core id		: 3
cpu cores	: 4
apicid		: 6
initial apicid	: 6
fpu		: yes
fpu_exception	: yes
cpuid level	: 13
wp		: yes
flags		: fpu vme de pse tsc msr pae mce cx8 apic sep mtrr pge mca cmov pat pse36 clflush dts acpi mmx fxsr sse sse2 ss ht tm pbe syscall nx rdtscp lm constant_tsc arch_perfmon pebs bts rep_good nopl xtopology nonstop_tsc aperfmperf pni pclmulqdq dtes64 monitor ds_cpl vmx smx est tm2 ssse3 cx16 xtpr pdcm pcid sse4_1 sse4_2 x2apic popcnt tsc_deadline_timer aes xsave avx lahf_lm tpr_shadow vnmi flexpriority ept vpid xsaveopt dtherm ida arat pln pts
bugs		:
bogomips	: 4988.99
clflush size	: 64
cache_alignment	: 64
address sizes	: 36 bits physical, 48 bits virtual
power management:



Memory: 4k page, physical 4021440k(152876k free), swap 4173308k(4169660k free)

vm_info: OpenJDK 64-Bit Server VM (25.131-b11) for linux-amd64 JRE (1.8.0_131-8u131-b11-2ubuntu1.16.04.3-b11), built on Jul 28 2017 01:23:32 by "buildd" with gcc 5.4.0 20160609

time: Wed Oct 11 15:10:28 2017
elapsed time: 0 seconds (0d 0h 0m 0s)

