#
# A fatal error has been detected by the Java Runtime Environment:
#
#  SIGSEGV (0xb) at pc=0x00007ff8d069f64c, pid=12280, tid=0x00007ff8f8ecf700
#
# JRE version: OpenJDK Runtime Environment (8.0_131-b11) (build 1.8.0_131-8u131-b11-2ubuntu1.16.04.3-b11)
# Java VM: OpenJDK 64-Bit Server VM (25.131-b11 mixed mode linux-amd64 compressed oops)
# Problematic frame:
# C  [liblwjgl_opengl.so+0x4464c]  Java_org_lwjgl_opengl_GL30_nglGenVertexArrays__IJ+0xc
#
# Failed to write core dump. Core dumps have been disabled. To enable core dumping, try "ulimit -c unlimited" before starting Java again
#
# If you would like to submit a bug report, please visit:
#   http://bugreport.java.com/bugreport/crash.jsp
# The crash happened outside the Java Virtual Machine in native code.
# See problematic frame for where to report the bug.
#

---------------  T H R E A D  ---------------

Current thread (0x00007ff8f000b000):  JavaThread "main" [_thread_in_native, id=12282, stack(0x00007ff8f8dcf000,0x00007ff8f8ed0000)]

siginfo: si_signo: 11 (SIGSEGV), si_code: 1 (SEGV_MAPERR), si_addr: 0x0000000000000f70

Registers:
RAX=0x0000000000000000, RBX=0x00007ff8f4778690, RCX=0x00007ff8f02db5ac, RDX=0x0000000000000001
RSP=0x00007ff8f8ece7b8, RBP=0x00007ff8f8ece818, RSI=0x00007ff8f02db5ac, RDI=0x0000000000000001
R8 =0x00007ff8f4778690, R9 =0x0000000000000004, R10=0x00007ff8e1017748, R11=0x00007ff8f7adc520
R12=0x0000000000000000, R13=0x00007ff8f4778690, R14=0x00007ff8f8ece848, R15=0x00007ff8f000b000
RIP=0x00007ff8d069f64c, EFLAGS=0x0000000000010283, CSGSFS=0x002b000000000033, ERR=0x0000000000000004
  TRAPNO=0x000000000000000e

Top of Stack: (sp=0x00007ff8f8ece7b8)
0x00007ff8f8ece7b8:   00007ff8e1017774 00007ff8f8ece818
0x00007ff8f8ece7c8:   00007ff8e1017507 00007ff8e10174c2
0x00007ff8f8ece7d8:   00007ff8f8ece7d8 00007ff8f4778690
0x00007ff8f8ece7e8:   00007ff8f8ece848 00007ff8f47810f8
0x00007ff8f8ece7f8:   0000000000000000 00007ff8f4778690
0x00007ff8f8ece808:   0000000000000000 00007ff8f8ece838
0x00007ff8f8ece818:   00007ff8f8ece890 00007ff8e1007ffd
0x00007ff8f8ece828:   00000000eba72040 00007ff8e1011278
0x00007ff8f8ece838:   00007ff8f02db5ac 00000000ebdabb18
0x00007ff8f8ece848:   0000000000000001 00007ff8f8ece850
0x00007ff8f8ece858:   00007ff8f4778804 00007ff8f8ece8c0
0x00007ff8f8ece868:   00007ff8f47810f8 0000000000000000
0x00007ff8f8ece878:   00007ff8f4778870 00007ff8f8ece838
0x00007ff8f8ece888:   00007ff8f8ece8c8 00007ff8f8ece910
0x00007ff8f8ece898:   00007ff8e1007a40 0000000000000000
0x00007ff8f8ece8a8:   0000000000000000 00000000ebdabb18
0x00007ff8f8ece8b8:   0000000000010000 00000000ebd4f7d0
0x00007ff8f8ece8c8:   00000000eba47558 00007ff8f8ece8d0
0x00007ff8f8ece8d8:   00007ff8f476adb5 00007ff8f8ece930
0x00007ff8f8ece8e8:   00007ff8f476b028 0000000000000000
0x00007ff8f8ece8f8:   00007ff8f476ae40 00007ff8f8ece8c8
0x00007ff8f8ece908:   00007ff8f8ece928 00007ff8f8ece988
0x00007ff8f8ece918:   00007ff8e1007ffd 0000000000000000
0x00007ff8f8ece928:   00000000eba43f78 00000000eba47558
0x00007ff8f8ece938:   00000000eba47558 00000000eba3f8c8
0x00007ff8f8ece948:   00007ff8f8ece948 00007ff8f47699ee
0x00007ff8f8ece958:   00007ff8f8ece9b8 00007ff8f4769c88
0x00007ff8f8ece968:   0000000000000000 00007ff8f4769ac0
0x00007ff8f8ece978:   00007ff8f8ece928 00007ff8f8ece9b8
0x00007ff8f8ece988:   00007ff8f8ecea00 00007ff8e1007ffd
0x00007ff8f8ece998:   00000000eba43f78 0000000000000000
0x00007ff8f8ece9a8:   0000000000000000 0000000000000000 

Instructions: (pc=0x00007ff8d069f64c)
0x00007ff8d069f62c:   78 1c 00 00 ff e0 66 66 66 66 66 2e 0f 1f 84 00
0x00007ff8d069f63c:   00 00 00 00 48 8b 07 48 89 ce 89 d7 48 8b 40 18
0x00007ff8d069f64c:   48 8b 80 70 0f 00 00 ff e0 66 66 2e 0f 1f 84 00
0x00007ff8d069f65c:   00 00 00 00 48 8b 07 48 89 ce 89 d7 48 8b 40 18 

Register to memory mapping:

RAX=0x0000000000000000 is an unknown value
RBX={method} {0x00007ff8f4778690} 'nglGenVertexArrays' '(IJ)V' in 'org/lwjgl/opengl/GL30'
RCX=0x00007ff8f02db5ac is an unknown value
RDX=0x0000000000000001 is an unknown value
RSP=0x00007ff8f8ece7b8 is pointing into the stack for thread: 0x00007ff8f000b000
RBP=0x00007ff8f8ece818 is pointing into the stack for thread: 0x00007ff8f000b000
RSI=0x00007ff8f02db5ac is an unknown value
RDI=0x0000000000000001 is an unknown value
R8 ={method} {0x00007ff8f4778690} 'nglGenVertexArrays' '(IJ)V' in 'org/lwjgl/opengl/GL30'
R9 =0x0000000000000004 is an unknown value
R10=0x00007ff8e1017748 is at code_begin+808 in an Interpreter codelet
method entry point (kind = native)  [0x00007ff8e1017420, 0x00007ff8e1017d20]  2304 bytes
R11=0x00007ff8f7adc520: <offset 0x95e520> in /usr/lib/jvm/java-8-openjdk-amd64/jre/lib/amd64/server/libjvm.so at 0x00007ff8f717e000
R12=0x0000000000000000 is an unknown value
R13={method} {0x00007ff8f4778690} 'nglGenVertexArrays' '(IJ)V' in 'org/lwjgl/opengl/GL30'
R14=0x00007ff8f8ece848 is pointing into the stack for thread: 0x00007ff8f000b000
R15=0x00007ff8f000b000 is a thread


Stack: [0x00007ff8f8dcf000,0x00007ff8f8ed0000],  sp=0x00007ff8f8ece7b8,  free space=1021k
Native frames: (J=compiled Java code, j=interpreted, Vv=VM code, C=native code)
C  [liblwjgl_opengl.so+0x4464c]  Java_org_lwjgl_opengl_GL30_nglGenVertexArrays__IJ+0xc
j  org.lwjgl.opengl.GL30.glGenVertexArrays()I+20
j  Mesh.<init>([F)V+5
j  Game.start()V+70
j  Main.main([Ljava/lang/String;)V+17
v  ~StubRoutines::call_stub
V  [libjvm.so+0x66415b]
V  [libjvm.so+0x685e9e]
V  [libjvm.so+0x6887cf]
C  [libjli.so+0x3552]
C  [libjli.so+0x73dd]
C  [libpthread.so.0+0x76ba]  start_thread+0xca

Java frames: (J=compiled Java code, j=interpreted, Vv=VM code)
j  org.lwjgl.opengl.GL30.nglGenVertexArrays(IJ)V+0
j  org.lwjgl.opengl.GL30.glGenVertexArrays()I+20
j  Mesh.<init>([F)V+5
j  Game.start()V+70
j  Main.main([Ljava/lang/String;)V+17
v  ~StubRoutines::call_stub

---------------  P R O C E S S  ---------------

Java Threads: ( => current thread )
  0x00007ff8f00c3800 JavaThread "Service Thread" daemon [_thread_blocked, id=12297, stack(0x00007ff8d1089000,0x00007ff8d118a000)]
  0x00007ff8f00b3800 JavaThread "C1 CompilerThread2" daemon [_thread_blocked, id=12296, stack(0x00007ff8d118a000,0x00007ff8d128b000)]
  0x00007ff8f00b2000 JavaThread "C2 CompilerThread1" daemon [_thread_blocked, id=12295, stack(0x00007ff8d128b000,0x00007ff8d138c000)]
  0x00007ff8f00af000 JavaThread "C2 CompilerThread0" daemon [_thread_blocked, id=12294, stack(0x00007ff8d138c000,0x00007ff8d148d000)]
  0x00007ff8f00ad000 JavaThread "Signal Dispatcher" daemon [_thread_blocked, id=12293, stack(0x00007ff8d148d000,0x00007ff8d158e000)]
  0x00007ff8f0084800 JavaThread "Finalizer" daemon [_thread_blocked, id=12292, stack(0x00007ff8d1f4e000,0x00007ff8d204f000)]
  0x00007ff8f0080000 JavaThread "Reference Handler" daemon [_thread_blocked, id=12291, stack(0x00007ff8d204f000,0x00007ff8d2150000)]
=>0x00007ff8f000b000 JavaThread "main" [_thread_in_native, id=12282, stack(0x00007ff8f8dcf000,0x00007ff8f8ed0000)]

Other Threads:
  0x00007ff8f0078000 VMThread [stack: 0x00007ff8e006d000,0x00007ff8e016e000] [id=12290]
  0x00007ff8f00c6000 WatcherThread [stack: 0x00007ff8d0f88000,0x00007ff8d1089000] [id=12298]

VM state:not at safepoint (normal execution)

VM Mutex/Monitor currently owned by a thread: None

Heap:
 PSYoungGen      total 18432K, used 4847K [0x00000000eb900000, 0x00000000ecd80000, 0x0000000100000000)
  eden space 15872K, 30% used [0x00000000eb900000,0x00000000ebdbbf28,0x00000000ec880000)
  from space 2560K, 0% used [0x00000000ecb00000,0x00000000ecb00000,0x00000000ecd80000)
  to   space 2560K, 0% used [0x00000000ec880000,0x00000000ec880000,0x00000000ecb00000)
 ParOldGen       total 42496K, used 0K [0x00000000c2a00000, 0x00000000c5380000, 0x00000000eb900000)
  object space 42496K, 0% used [0x00000000c2a00000,0x00000000c2a00000,0x00000000c5380000)
 Metaspace       used 5006K, capacity 5334K, committed 5632K, reserved 1056768K
  class space    used 550K, capacity 641K, committed 768K, reserved 1048576K

Card table byte_map: [0x00007ff8f52a0000,0x00007ff8f548c000] byte_map_base: 0x00007ff8f4c8b000

Marking Bits: (ParMarkBitMap*) 0x00007ff8f80a12c0
 Begin Bits: [0x00007ff8d2150000, 0x00007ff8d30a8000)
 End Bits:   [0x00007ff8d30a8000, 0x00007ff8d4000000)

Polling page: 0x00007ff8f8ef4000

CodeCache: size=245760Kb used=1806Kb max_used=1806Kb free=243953Kb
 bounds [0x00007ff8e1000000, 0x00007ff8e1270000, 0x00007ff8f0000000]
 total_blobs=686 nmethods=372 adapters=229
 compilation: enabled

Compilation events (10 events):
Event: 0,205 Thread 0x00007ff8f00b3800  368  s    3       sun.misc.PerfCounter::get (9 bytes)
Event: 0,205 Thread 0x00007ff8f00b3800 nmethod 368 0x00007ff8e11bd5d0 code [0x00007ff8e11bd740, 0x00007ff8e11bdac8]
Event: 0,208 Thread 0x00007ff8f00b3800  369       1       java.util.zip.ZipCoder::isUTF8 (5 bytes)
Event: 0,208 Thread 0x00007ff8f00b3800 nmethod 369 0x00007ff8e11c2e90 code [0x00007ff8e11c2fe0, 0x00007ff8e11c30f0]
Event: 0,210 Thread 0x00007ff8f00b3800  370       1       sun.misc.URLClassPath$JarLoader::access$700 (5 bytes)
Event: 0,210 Thread 0x00007ff8f00b3800 nmethod 370 0x00007ff8e11c3150 code [0x00007ff8e11c32a0, 0x00007ff8e11c3390]
Event: 0,216 Thread 0x00007ff8f00b3800  371       3       java.lang.Character::toUpperCase (6 bytes)
Event: 0,216 Thread 0x00007ff8f00b3800 nmethod 371 0x00007ff8e11c3610 code [0x00007ff8e11c37a0, 0x00007ff8e11c3a38]
Event: 0,216 Thread 0x00007ff8f00b3800  372       3       java.lang.Character::toUpperCase (9 bytes)
Event: 0,216 Thread 0x00007ff8f00b3800 nmethod 372 0x00007ff8e11c3b50 code [0x00007ff8e11c3cc0, 0x00007ff8e11c3ef8]

GC Heap History (0 events):
No events

Deoptimization events (0 events):
No events

Internal exceptions (10 events):
Event: 0,128 Thread 0x00007ff8f000b000 Exception <a 'java/lang/NoSuchFieldError': method resolution failed> (0x00000000ebb8f428) thrown at [/build/openjdk-8-pZyJp3/openjdk-8-8u131-b11/src/hotspot/src/share/vm/prims/methodHandles.cpp, line 1146]
Event: 0,131 Thread 0x00007ff8f000b000 Exception <a 'java/lang/NoSuchFieldError': method resolution failed> (0x00000000ebb9c858) thrown at [/build/openjdk-8-pZyJp3/openjdk-8-8u131-b11/src/hotspot/src/share/vm/prims/methodHandles.cpp, line 1146]
Event: 0,171 Thread 0x00007ff8f000b000 Exception <a 'java/lang/NoSuchMethodError': java.lang.Object.lambda$static$0(Ljava/lang/String;)Ljava/lang/Boolean;> (0x00000000ebca6ca8) thrown at [/build/openjdk-8-pZyJp3/openjdk-8-8u131-b11/src/hotspot/src/share/vm/interpreter/linkResolver.cpp, line 58
Event: 0,181 Thread 0x00007ff8f000b000 Exception <a 'java/security/PrivilegedActionException'> (0x00000000ebcd5420) thrown at [/build/openjdk-8-pZyJp3/openjdk-8-8u131-b11/src/hotspot/src/share/vm/prims/jvm.cpp, line 1390]
Event: 0,181 Thread 0x00007ff8f000b000 Exception <a 'java/security/PrivilegedActionException'> (0x00000000ebcd5630) thrown at [/build/openjdk-8-pZyJp3/openjdk-8-8u131-b11/src/hotspot/src/share/vm/prims/jvm.cpp, line 1390]
Event: 0,181 Thread 0x00007ff8f000b000 Exception <a 'java/security/PrivilegedActionException'> (0x00000000ebcd76b8) thrown at [/build/openjdk-8-pZyJp3/openjdk-8-8u131-b11/src/hotspot/src/share/vm/prims/jvm.cpp, line 1390]
Event: 0,181 Thread 0x00007ff8f000b000 Exception <a 'java/security/PrivilegedActionException'> (0x00000000ebcd78c8) thrown at [/build/openjdk-8-pZyJp3/openjdk-8-8u131-b11/src/hotspot/src/share/vm/prims/jvm.cpp, line 1390]
Event: 0,181 Thread 0x00007ff8f000b000 Exception <a 'java/security/PrivilegedActionException'> (0x00000000ebcd83a0) thrown at [/build/openjdk-8-pZyJp3/openjdk-8-8u131-b11/src/hotspot/src/share/vm/prims/jvm.cpp, line 1390]
Event: 0,181 Thread 0x00007ff8f000b000 Exception <a 'java/security/PrivilegedActionException'> (0x00000000ebcd85b0) thrown at [/build/openjdk-8-pZyJp3/openjdk-8-8u131-b11/src/hotspot/src/share/vm/prims/jvm.cpp, line 1390]
Event: 0,203 Thread 0x00007ff8f000b000 Exception <a 'sun/nio/fs/UnixException'> (0x00000000ebd264f0) thrown at [/build/openjdk-8-pZyJp3/openjdk-8-8u131-b11/src/hotspot/src/share/vm/prims/jni.cpp, line 709]

Events (10 events):
Event: 0,213 loading class org/lwjgl/system/jni/JNINativeInterface
Event: 0,213 loading class org/lwjgl/system/jni/JNINativeInterface done
Event: 0,214 loading class org/lwjgl/system/linux/DynamicLinkLoader
Event: 0,214 loading class org/lwjgl/system/linux/DynamicLinkLoader done
Event: 0,215 loading class org/lwjgl/opengl/GL$2
Event: 0,215 loading class org/lwjgl/opengl/GL$2 done
Event: 0,216 loading class org/lwjgl/opengl/GL$SharedLibraryGL
Event: 0,216 loading class org/lwjgl/opengl/GL$SharedLibraryGL done
Event: 0,216 loading class org/lwjgl/system/SharedLibrary$Delegate
Event: 0,216 loading class org/lwjgl/system/SharedLibrary$Delegate done


Dynamic libraries:
00400000-00401000 r-xp 00000000 fd:01 20187746                           /usr/lib/jvm/java-8-openjdk-amd64/jre/bin/java
00600000-00601000 r--p 00000000 fd:01 20187746                           /usr/lib/jvm/java-8-openjdk-amd64/jre/bin/java
00601000-00602000 rw-p 00001000 fd:01 20187746                           /usr/lib/jvm/java-8-openjdk-amd64/jre/bin/java
0171e000-0173f000 rw-p 00000000 00:00 0                                  [heap]
c2a00000-c5380000 rw-p 00000000 00:00 0 
c5380000-eb900000 ---p 00000000 00:00 0 
eb900000-ecd80000 rw-p 00000000 00:00 0 
ecd80000-100000000 ---p 00000000 00:00 0 
100000000-1000c0000 rw-p 00000000 00:00 0 
1000c0000-140000000 ---p 00000000 00:00 0 
7ff8a0000000-7ff8a0021000 rw-p 00000000 00:00 0 
7ff8a0021000-7ff8a4000000 ---p 00000000 00:00 0 
7ff8a6a5d000-7ff8a6a62000 r-xp 00000000 fd:01 20061955                   /usr/lib/x86_64-linux-gnu/libXdmcp.so.6.0.0
7ff8a6a62000-7ff8a6c61000 ---p 00005000 fd:01 20061955                   /usr/lib/x86_64-linux-gnu/libXdmcp.so.6.0.0
7ff8a6c61000-7ff8a6c62000 r--p 00004000 fd:01 20061955                   /usr/lib/x86_64-linux-gnu/libXdmcp.so.6.0.0
7ff8a6c62000-7ff8a6c63000 rw-p 00005000 fd:01 20061955                   /usr/lib/x86_64-linux-gnu/libXdmcp.so.6.0.0
7ff8a6c63000-7ff8a6c65000 r-xp 00000000 fd:01 20061944                   /usr/lib/x86_64-linux-gnu/libXau.so.6.0.0
7ff8a6c65000-7ff8a6e65000 ---p 00002000 fd:01 20061944                   /usr/lib/x86_64-linux-gnu/libXau.so.6.0.0
7ff8a6e65000-7ff8a6e66000 r--p 00002000 fd:01 20061944                   /usr/lib/x86_64-linux-gnu/libXau.so.6.0.0
7ff8a6e66000-7ff8a6e67000 rw-p 00003000 fd:01 20061944                   /usr/lib/x86_64-linux-gnu/libXau.so.6.0.0
7ff8a6e67000-7ff8a6e77000 r-xp 00000000 fd:01 20062256                   /usr/lib/x86_64-linux-gnu/libdrm.so.2.4.0
7ff8a6e77000-7ff8a7076000 ---p 00010000 fd:01 20062256                   /usr/lib/x86_64-linux-gnu/libdrm.so.2.4.0
7ff8a7076000-7ff8a7077000 r--p 0000f000 fd:01 20062256                   /usr/lib/x86_64-linux-gnu/libdrm.so.2.4.0
7ff8a7077000-7ff8a7078000 rw-p 00010000 fd:01 20062256                   /usr/lib/x86_64-linux-gnu/libdrm.so.2.4.0
7ff8a7078000-7ff8a707d000 r-xp 00000000 fd:01 20061995                   /usr/lib/x86_64-linux-gnu/libXxf86vm.so.1.0.0
7ff8a707d000-7ff8a727c000 ---p 00005000 fd:01 20061995                   /usr/lib/x86_64-linux-gnu/libXxf86vm.so.1.0.0
7ff8a727c000-7ff8a727d000 r--p 00004000 fd:01 20061995                   /usr/lib/x86_64-linux-gnu/libXxf86vm.so.1.0.0
7ff8a727d000-7ff8a727e000 rw-p 00005000 fd:01 20061995                   /usr/lib/x86_64-linux-gnu/libXxf86vm.so.1.0.0
7ff8a727e000-7ff8a729f000 r-xp 00000000 fd:01 20063362                   /usr/lib/x86_64-linux-gnu/libxcb.so.1.1.0
7ff8a729f000-7ff8a749e000 ---p 00021000 fd:01 20063362                   /usr/lib/x86_64-linux-gnu/libxcb.so.1.1.0
7ff8a749e000-7ff8a749f000 r--p 00020000 fd:01 20063362                   /usr/lib/x86_64-linux-gnu/libxcb.so.1.1.0
7ff8a749f000-7ff8a74a0000 rw-p 00021000 fd:01 20063362                   /usr/lib/x86_64-linux-gnu/libxcb.so.1.1.0
7ff8a74a0000-7ff8a74a4000 r-xp 00000000 fd:01 20063330                   /usr/lib/x86_64-linux-gnu/libxcb-dri2.so.0.0.0
7ff8a74a4000-7ff8a76a3000 ---p 00004000 fd:01 20063330                   /usr/lib/x86_64-linux-gnu/libxcb-dri2.so.0.0.0
7ff8a76a3000-7ff8a76a4000 r--p 00003000 fd:01 20063330                   /usr/lib/x86_64-linux-gnu/libxcb-dri2.so.0.0.0
7ff8a76a4000-7ff8a76a5000 rw-p 00004000 fd:01 20063330                   /usr/lib/x86_64-linux-gnu/libxcb-dri2.so.0.0.0
7ff8a76a5000-7ff8a76bc000 r-xp 00000000 fd:01 20063334                   /usr/lib/x86_64-linux-gnu/libxcb-glx.so.0.0.0
7ff8a76bc000-7ff8a78bb000 ---p 00017000 fd:01 20063334                   /usr/lib/x86_64-linux-gnu/libxcb-glx.so.0.0.0
7ff8a78bb000-7ff8a78bd000 r--p 00016000 fd:01 20063334                   /usr/lib/x86_64-linux-gnu/libxcb-glx.so.0.0.0
7ff8a78bd000-7ff8a78be000 rw-p 00018000 fd:01 20063334                   /usr/lib/x86_64-linux-gnu/libxcb-glx.so.0.0.0
7ff8a78be000-7ff8a79f3000 r-xp 00000000 fd:01 20061940                   /usr/lib/x86_64-linux-gnu/libX11.so.6.3.0
7ff8a79f3000-7ff8a7bf3000 ---p 00135000 fd:01 20061940                   /usr/lib/x86_64-linux-gnu/libX11.so.6.3.0
7ff8a7bf3000-7ff8a7bf4000 r--p 00135000 fd:01 20061940                   /usr/lib/x86_64-linux-gnu/libX11.so.6.3.0
7ff8a7bf4000-7ff8a7bf8000 rw-p 00136000 fd:01 20061940                   /usr/lib/x86_64-linux-gnu/libX11.so.6.3.0
7ff8a7bf8000-7ff8a7bf9000 r-xp 00000000 fd:01 20061938                   /usr/lib/x86_64-linux-gnu/libX11-xcb.so.1.0.0
7ff8a7bf9000-7ff8a7df8000 ---p 00001000 fd:01 20061938                   /usr/lib/x86_64-linux-gnu/libX11-xcb.so.1.0.0
7ff8a7df8000-7ff8a7df9000 r--p 00000000 fd:01 20061938                   /usr/lib/x86_64-linux-gnu/libX11-xcb.so.1.0.0
7ff8a7df9000-7ff8a7dfa000 rw-p 00001000 fd:01 20061938                   /usr/lib/x86_64-linux-gnu/libX11-xcb.so.1.0.0
7ff8a7dfa000-7ff8a7dff000 r-xp 00000000 fd:01 20061959                   /usr/lib/x86_64-linux-gnu/libXfixes.so.3.1.0
7ff8a7dff000-7ff8a7ffe000 ---p 00005000 fd:01 20061959                   /usr/lib/x86_64-linux-gnu/libXfixes.so.3.1.0
7ff8a7ffe000-7ff8a7fff000 r--p 00004000 fd:01 20061959                   /usr/lib/x86_64-linux-gnu/libXfixes.so.3.1.0
7ff8a7fff000-7ff8a8000000 rw-p 00005000 fd:01 20061959                   /usr/lib/x86_64-linux-gnu/libXfixes.so.3.1.0
7ff8a8000000-7ff8a81e0000 rw-p 00000000 00:00 0 
7ff8a81e0000-7ff8ac000000 ---p 00000000 00:00 0 
7ff8ac000000-7ff8ac021000 rw-p 00000000 00:00 0 
7ff8ac021000-7ff8b0000000 ---p 00000000 00:00 0 
7ff8b0000000-7ff8b00f3000 rw-p 00000000 00:00 0 
7ff8b00f3000-7ff8b4000000 ---p 00000000 00:00 0 
7ff8b4000000-7ff8b4021000 rw-p 00000000 00:00 0 
7ff8b4021000-7ff8b8000000 ---p 00000000 00:00 0 
7ff8b8000000-7ff8b8021000 rw-p 00000000 00:00 0 
7ff8b8021000-7ff8bc000000 ---p 00000000 00:00 0 
7ff8bc1ab000-7ff8bc1ad000 r-xp 00000000 fd:01 20061953                   /usr/lib/x86_64-linux-gnu/libXdamage.so.1.1.0
7ff8bc1ad000-7ff8bc3ac000 ---p 00002000 fd:01 20061953                   /usr/lib/x86_64-linux-gnu/libXdamage.so.1.1.0
7ff8bc3ac000-7ff8bc3ad000 r--p 00001000 fd:01 20061953                   /usr/lib/x86_64-linux-gnu/libXdamage.so.1.1.0
7ff8bc3ad000-7ff8bc3ae000 rw-p 00002000 fd:01 20061953                   /usr/lib/x86_64-linux-gnu/libXdamage.so.1.1.0
7ff8bc3ae000-7ff8bc3bf000 r-xp 00000000 fd:01 20061957                   /usr/lib/x86_64-linux-gnu/libXext.so.6.4.0
7ff8bc3bf000-7ff8bc5be000 ---p 00011000 fd:01 20061957                   /usr/lib/x86_64-linux-gnu/libXext.so.6.4.0
7ff8bc5be000-7ff8bc5bf000 r--p 00010000 fd:01 20061957                   /usr/lib/x86_64-linux-gnu/libXext.so.6.4.0
7ff8bc5bf000-7ff8bc5c0000 rw-p 00011000 fd:01 20061957                   /usr/lib/x86_64-linux-gnu/libXext.so.6.4.0
7ff8bc5c0000-7ff8bc5ea000 r-xp 00000000 fd:01 20062457                   /usr/lib/x86_64-linux-gnu/libglapi.so.0.0.0
7ff8bc5ea000-7ff8bc7e9000 ---p 0002a000 fd:01 20062457                   /usr/lib/x86_64-linux-gnu/libglapi.so.0.0.0
7ff8bc7e9000-7ff8bc7ed000 r--p 00029000 fd:01 20062457                   /usr/lib/x86_64-linux-gnu/libglapi.so.0.0.0
7ff8bc7ed000-7ff8bc7ee000 rw-p 0002d000 fd:01 20062457                   /usr/lib/x86_64-linux-gnu/libglapi.so.0.0.0
7ff8bc7ee000-7ff8bc7ef000 rw-p 00000000 00:00 0 
7ff8bc7ef000-7ff8bc7f0000 r-xp 00000000 fd:01 20063374                   /usr/lib/x86_64-linux-gnu/libxshmfence.so.1.0.0
7ff8bc7f0000-7ff8bc9f0000 ---p 00001000 fd:01 20063374                   /usr/lib/x86_64-linux-gnu/libxshmfence.so.1.0.0
7ff8bc9f0000-7ff8bc9f1000 r--p 00001000 fd:01 20063374                   /usr/lib/x86_64-linux-gnu/libxshmfence.so.1.0.0
7ff8bc9f1000-7ff8bc9f2000 rw-p 00002000 fd:01 20063374                   /usr/lib/x86_64-linux-gnu/libxshmfence.so.1.0.0
7ff8bc9f2000-7ff8bc9f7000 r-xp 00000000 fd:01 20063354                   /usr/lib/x86_64-linux-gnu/libxcb-sync.so.1.0.0
7ff8bc9f7000-7ff8bcbf7000 ---p 00005000 fd:01 20063354                   /usr/lib/x86_64-linux-gnu/libxcb-sync.so.1.0.0
7ff8bcbf7000-7ff8bcbf8000 r--p 00005000 fd:01 20063354                   /usr/lib/x86_64-linux-gnu/libxcb-sync.so.1.0.0
7ff8bcbf8000-7ff8bcbf9000 rw-p 00006000 fd:01 20063354                   /usr/lib/x86_64-linux-gnu/libxcb-sync.so.1.0.0
7ff8bcbf9000-7ff8bcbfb000 r-xp 00000000 fd:01 20063342                   /usr/lib/x86_64-linux-gnu/libxcb-present.so.0.0.0
7ff8bcbfb000-7ff8bcdfa000 ---p 00002000 fd:01 20063342                   /usr/lib/x86_64-linux-gnu/libxcb-present.so.0.0.0
7ff8bcdfa000-7ff8bcdfb000 r--p 00001000 fd:01 20063342                   /usr/lib/x86_64-linux-gnu/libxcb-present.so.0.0.0
7ff8bcdfb000-7ff8bcdfc000 rw-p 00002000 fd:01 20063342                   /usr/lib/x86_64-linux-gnu/libxcb-present.so.0.0.0
7ff8bcdfc000-7ff8bcdfe000 r-xp 00000000 fd:01 20063332                   /usr/lib/x86_64-linux-gnu/libxcb-dri3.so.0.0.0
7ff8bcdfe000-7ff8bcffd000 ---p 00002000 fd:01 20063332                   /usr/lib/x86_64-linux-gnu/libxcb-dri3.so.0.0.0
7ff8bcffd000-7ff8bcffe000 r--p 00001000 fd:01 20063332                   /usr/lib/x86_64-linux-gnu/libxcb-dri3.so.0.0.0
7ff8bcffe000-7ff8bcfff000 rw-p 00002000 fd:01 20063332                   /usr/lib/x86_64-linux-gnu/libxcb-dri3.so.0.0.0
7ff8bcfff000-7ff8c0000000 rw-p 00000000 00:00 0 
7ff8c0000000-7ff8c0021000 rw-p 00000000 00:00 0 
7ff8c0021000-7ff8c4000000 ---p 00000000 00:00 0 
7ff8c4000000-7ff8c4021000 rw-p 00000000 00:00 0 
7ff8c4021000-7ff8c8000000 ---p 00000000 00:00 0 
7ff8c8000000-7ff8c8021000 rw-p 00000000 00:00 0 
7ff8c8021000-7ff8cc000000 ---p 00000000 00:00 0 
7ff8cc000000-7ff8cc021000 rw-p 00000000 00:00 0 
7ff8cc021000-7ff8d0000000 ---p 00000000 00:00 0 
7ff8d01a0000-7ff8d01c6000 r-xp 00000000 fd:01 14946789                   /lib/x86_64-linux-gnu/libexpat.so.1.6.0
7ff8d01c6000-7ff8d03c6000 ---p 00026000 fd:01 14946789                   /lib/x86_64-linux-gnu/libexpat.so.1.6.0
7ff8d03c6000-7ff8d03c8000 r--p 00026000 fd:01 14946789                   /lib/x86_64-linux-gnu/libexpat.so.1.6.0
7ff8d03c8000-7ff8d03c9000 rw-p 00028000 fd:01 14946789                   /lib/x86_64-linux-gnu/libexpat.so.1.6.0
7ff8d03c9000-7ff8d0437000 r-xp 00000000 fd:01 20319117                   /usr/lib/x86_64-linux-gnu/mesa/libGL.so.1.2.0
7ff8d0437000-7ff8d0636000 ---p 0006e000 fd:01 20319117                   /usr/lib/x86_64-linux-gnu/mesa/libGL.so.1.2.0
7ff8d0636000-7ff8d0639000 r--p 0006d000 fd:01 20319117                   /usr/lib/x86_64-linux-gnu/mesa/libGL.so.1.2.0
7ff8d0639000-7ff8d063a000 rw-p 00070000 fd:01 20319117                   /usr/lib/x86_64-linux-gnu/mesa/libGL.so.1.2.0
7ff8d063a000-7ff8d063b000 rw-p 00000000 00:00 0 
7ff8d065b000-7ff8d06c6000 r-xp 00000000 fd:01 7602205                    /tmp/lwjglroot/3.1.3-SNAPSHOT/liblwjgl_opengl.so
7ff8d06c6000-7ff8d08c5000 ---p 0006b000 fd:01 7602205                    /tmp/lwjglroot/3.1.3-SNAPSHOT/liblwjgl_opengl.so
7ff8d08c5000-7ff8d08c6000 r--p 0006a000 fd:01 7602205                    /tmp/lwjglroot/3.1.3-SNAPSHOT/liblwjgl_opengl.so
7ff8d08c6000-7ff8d08c7000 rw-p 0006b000 fd:01 7602205                    /tmp/lwjglroot/3.1.3-SNAPSHOT/liblwjgl_opengl.so
7ff8d08c7000-7ff8d0918000 r-xp 00000000 fd:01 7602203                    /tmp/lwjglroot/3.1.3-SNAPSHOT/liblwjgl.so
7ff8d0918000-7ff8d0b17000 ---p 00051000 fd:01 7602203                    /tmp/lwjglroot/3.1.3-SNAPSHOT/liblwjgl.so
7ff8d0b17000-7ff8d0b18000 r--p 00050000 fd:01 7602203                    /tmp/lwjglroot/3.1.3-SNAPSHOT/liblwjgl.so
7ff8d0b18000-7ff8d0b19000 rw-p 00051000 fd:01 7602203                    /tmp/lwjglroot/3.1.3-SNAPSHOT/liblwjgl.so
7ff8d0b19000-7ff8d0b30000 r-xp 00000000 fd:01 20187689                   /usr/lib/jvm/java-8-openjdk-amd64/jre/lib/amd64/libnet.so
7ff8d0b30000-7ff8d0d2f000 ---p 00017000 fd:01 20187689                   /usr/lib/jvm/java-8-openjdk-amd64/jre/lib/amd64/libnet.so
7ff8d0d2f000-7ff8d0d30000 r--p 00016000 fd:01 20187689                   /usr/lib/jvm/java-8-openjdk-amd64/jre/lib/amd64/libnet.so
7ff8d0d30000-7ff8d0d31000 rw-p 00017000 fd:01 20187689                   /usr/lib/jvm/java-8-openjdk-amd64/jre/lib/amd64/libnet.so
7ff8d0d31000-7ff8d0d42000 r-xp 00000000 fd:01 20187199                   /usr/lib/jvm/java-8-openjdk-amd64/jre/lib/amd64/libnio.so
7ff8d0d42000-7ff8d0f42000 ---p 00011000 fd:01 20187199                   /usr/lib/jvm/java-8-openjdk-amd64/jre/lib/amd64/libnio.so
7ff8d0f42000-7ff8d0f43000 r--p 00011000 fd:01 20187199                   /usr/lib/jvm/java-8-openjdk-amd64/jre/lib/amd64/libnio.so
7ff8d0f43000-7ff8d0f44000 rw-p 00012000 fd:01 20187199                   /usr/lib/jvm/java-8-openjdk-amd64/jre/lib/amd64/libnio.so
7ff8d0f44000-7ff8d0f57000 r--s 00346000 fd:01 20187705                   /usr/lib/jvm/java-8-openjdk-amd64/jre/lib/resources.jar
7ff8d0f57000-7ff8d0f69000 r--s 00139000 00:2d 24906636                   /home/daan/lwjgl3/lwjgl-vulkan.jar
7ff8d0f69000-7ff8d0f6a000 r--s 00030000 00:2d 24906645                   /home/daan/lwjgl3/lwjgl-tinyfd-natives-windows.jar
7ff8d0f6a000-7ff8d0f6b000 r--s 00007000 00:2d 24906627                   /home/daan/lwjgl3/lwjgl-tinyfd-natives-macos.jar
7ff8d0f6b000-7ff8d0f6c000 r--s 00007000 00:2d 24906625                   /home/daan/lwjgl3/lwjgl-tinyfd-natives-linux.jar
7ff8d0f6c000-7ff8d0f6d000 r--s 00001000 00:2d 24906629                   /home/daan/lwjgl3/lwjgl-tinyfd.jar
7ff8d0f6d000-7ff8d0f6e000 r--s 00074000 00:2d 24906642                   /home/daan/lwjgl3/lwjgl-stb-natives-windows.jar
7ff8d0f6e000-7ff8d0f6f000 r--s 0002a000 00:2d 24906643                   /home/daan/lwjgl3/lwjgl-stb-natives-macos.jar
7ff8d0f6f000-7ff8d0f70000 r--s 00030000 00:2d 24906621                   /home/daan/lwjgl3/lwjgl-stb-natives-linux.jar
7ff8d0f70000-7ff8d0f72000 r--s 00015000 00:2d 24906623                   /home/daan/lwjgl3/lwjgl-stb.jar
7ff8d0f72000-7ff8d0f73000 r--s 00031000 00:2d 24906633                   /home/daan/lwjgl3/lwjgl-par-natives-windows.jar
7ff8d0f73000-7ff8d0f74000 r--s 00004000 00:2d 24906618                   /home/daan/lwjgl3/lwjgl-par-natives-macos.jar
7ff8d0f74000-7ff8d0f75000 r--s 00005000 00:2d 24905606                   /home/daan/lwjgl3/lwjgl-par-natives-linux.jar
7ff8d0f75000-7ff8d0f76000 r--s 00002000 00:2d 24906617                   /home/daan/lwjgl3/lwjgl-par.jar
7ff8d0f76000-7ff8d0f77000 r--s 0002a000 00:2d 24906632                   /home/daan/lwjgl3/lwjgl-opengl-natives-windows.jar
7ff8d0f77000-7ff8d0f78000 r--s 0000b000 00:2d 24905605                   /home/daan/lwjgl3/lwjgl-opengl-natives-macos.jar
7ff8d0f78000-7ff8d0f79000 r--s 00016000 00:2d 24905578                   /home/daan/lwjgl3/lwjgl-opengl-natives-linux.jar
7ff8d0f79000-7ff8d0f83000 r--s 000be000 00:2d 24905603                   /home/daan/lwjgl3/lwjgl-opengl.jar
7ff8d0f83000-7ff8d0f84000 r--s 00104000 00:2d 24906646                   /home/daan/lwjgl3/lwjgl-openal-natives-windows.jar
7ff8d0f84000-7ff8d0f86000 r--s 00063000 00:2d 24906626                   /home/daan/lwjgl3/lwjgl-openal-natives-macos.jar
7ff8d0f86000-7ff8d0f88000 r--s 00011000 00:2d 24905573                   /home/daan/lwjgl3/lwjgl-openal.jar
7ff8d0f88000-7ff8d0f89000 ---p 00000000 00:00 0 
7ff8d0f89000-7ff8d1089000 rw-p 00000000 00:00 0 
7ff8d1089000-7ff8d108c000 ---p 00000000 00:00 0 
7ff8d108c000-7ff8d118a000 rw-p 00000000 00:00 0 
7ff8d118a000-7ff8d118d000 ---p 00000000 00:00 0 
7ff8d118d000-7ff8d128b000 rw-p 00000000 00:00 0 
7ff8d128b000-7ff8d128e000 ---p 00000000 00:00 0 
7ff8d128e000-7ff8d138c000 rw-p 00000000 00:00 0 
7ff8d138c000-7ff8d138f000 ---p 00000000 00:00 0 
7ff8d138f000-7ff8d148d000 rw-p 00000000 00:00 0 
7ff8d148d000-7ff8d1490000 ---p 00000000 00:00 0 
7ff8d1490000-7ff8d158e000 rw-p 00000000 00:00 0 
7ff8d158e000-7ff8d1f4e000 r--p 00000000 fd:01 20060977                   /usr/lib/locale/locale-archive
7ff8d1f4e000-7ff8d1f51000 ---p 00000000 00:00 0 
7ff8d1f51000-7ff8d204f000 rw-p 00000000 00:00 0 
7ff8d204f000-7ff8d2052000 ---p 00000000 00:00 0 
7ff8d2052000-7ff8d4000000 rw-p 00000000 00:00 0 
7ff8d4000000-7ff8d4021000 rw-p 00000000 00:00 0 
7ff8d4021000-7ff8d8000000 ---p 00000000 00:00 0 
7ff8d8000000-7ff8d8021000 rw-p 00000000 00:00 0 
7ff8d8021000-7ff8dc000000 ---p 00000000 00:00 0 
7ff8dc000000-7ff8dc021000 rw-p 00000000 00:00 0 
7ff8dc021000-7ff8e0000000 ---p 00000000 00:00 0 
7ff8e0000000-7ff8e0001000 r--s 00077000 00:2d 24905570                   /home/daan/lwjgl3/lwjgl-openal-natives-linux.jar
7ff8e0001000-7ff8e0002000 r--s 00040000 00:2d 24906630                   /home/daan/lwjgl3/lwjgl-nuklear-natives-windows.jar
7ff8e0002000-7ff8e0003000 r--s 0002d000 00:2d 24906620                   /home/daan/lwjgl3/lwjgl-nuklear-natives-macos.jar
7ff8e0003000-7ff8e0004000 r--s 00021000 00:2d 24905562                   /home/daan/lwjgl3/lwjgl-nuklear-natives-linux.jar
7ff8e0004000-7ff8e000a000 r--s 0005a000 00:2d 24905568                   /home/daan/lwjgl3/lwjgl-nuklear.jar
7ff8e000a000-7ff8e000b000 r--s 0001f000 00:2d 24905565                   /home/daan/lwjgl3/lwjgl-nfd-natives-windows.jar
7ff8e000b000-7ff8e000c000 r--s 00001000 00:2d 24905555                   /home/daan/lwjgl3/lwjgl-nfd-natives-macos.jar
7ff8e000c000-7ff8e000d000 r--s 00001000 00:2d 24905554                   /home/daan/lwjgl3/lwjgl-nfd-natives-linux.jar
7ff8e000d000-7ff8e000e000 r--s 00001000 00:2d 24905557                   /home/daan/lwjgl3/lwjgl-nfd.jar
7ff8e000e000-7ff8e0010000 r--s 00037000 00:2d 24906647                   /home/daan/lwjgl3/lwjgl-natives-windows.jar
7ff8e0010000-7ff8e0011000 r--s 00008000 00:2d 24906644                   /home/daan/lwjgl3/lwjgl-natives-macos.jar
7ff8e0011000-7ff8e0012000 r--s 00012000 00:2d 24906639                   /home/daan/lwjgl3/lwjgl-natives-linux.jar
7ff8e0012000-7ff8e0013000 r--s 0005d000 00:2d 24906597                   /home/daan/lwjgl3/lwjgl-nanovg-natives-windows.jar
7ff8e0013000-7ff8e0014000 r--s 0001d000 00:2d 24905564                   /home/daan/lwjgl3/lwjgl-nanovg-natives-macos.jar
7ff8e0014000-7ff8e0015000 r--s 00021000 00:2d 24905549                   /home/daan/lwjgl3/lwjgl-nanovg-natives-linux.jar
7ff8e0015000-7ff8e0016000 r--s 00009000 00:2d 24905551                   /home/daan/lwjgl3/lwjgl-nanovg.jar
7ff8e0016000-7ff8e0017000 r--s 00030000 00:2d 24905577                   /home/daan/lwjgl3/lwjgl-jemalloc-natives-windows.jar
7ff8e0017000-7ff8e0018000 r--s 00017000 00:2d 24905569                   /home/daan/lwjgl3/lwjgl-jemalloc-natives-macos.jar
7ff8e0018000-7ff8e0019000 r--s 0001f000 00:2d 24905543                   /home/daan/lwjgl3/lwjgl-jemalloc-natives-linux.jar
7ff8e0019000-7ff8e001b000 r--s 00008000 00:2d 24905545                   /home/daan/lwjgl3/lwjgl-jemalloc.jar
7ff8e001b000-7ff8e001c000 r--s 0003c000 00:2d 24905576                   /home/daan/lwjgl3/lwjgl-glfw-natives-windows.jar
7ff8e001c000-7ff8e0020000 r--s 00017000 00:2d 24905540                   /home/daan/lwjgl3/lwjgl-glfw.jar
7ff8e0020000-7ff8e0024000 r--s 00042000 00:2d 24906641                   /home/daan/lwjgl3/lwjgl.jar
7ff8e0024000-7ff8e0029000 r--s 0003b000 fd:01 20186076                   /usr/lib/jvm/java-8-openjdk-amd64/jre/lib/ext/sunjce_provider.jar
7ff8e0029000-7ff8e0033000 r--s 00116000 fd:01 20185952                   /usr/lib/jvm/java-8-openjdk-amd64/jre/lib/ext/localedata.jar
7ff8e0033000-7ff8e004e000 r--s 001d6000 fd:01 20185732                   /usr/lib/jvm/java-8-openjdk-amd64/jre/lib/ext/nashorn.jar
7ff8e004e000-7ff8e0052000 r--s 00037000 fd:01 20185991                   /usr/lib/jvm/java-8-openjdk-amd64/jre/lib/ext/sunpkcs11.jar
7ff8e0052000-7ff8e006d000 r--s 00394000 fd:01 20185556                   /usr/lib/jvm/java-8-openjdk-amd64/jre/lib/ext/cldrdata.jar
7ff8e006d000-7ff8e006e000 ---p 00000000 00:00 0 
7ff8e006e000-7ff8e1000000 rw-p 00000000 00:00 0 
7ff8e1000000-7ff8e1270000 rwxp 00000000 00:00 0 
7ff8e1270000-7ff8f0000000 ---p 00000000 00:00 0 
7ff8f0000000-7ff8f02ff000 rw-p 00000000 00:00 0 
7ff8f02ff000-7ff8f4000000 ---p 00000000 00:00 0 
7ff8f4000000-7ff8f4001000 r--s 0000d000 00:2d 24905563                   /home/daan/lwjgl3/lwjgl-glfw-natives-macos.jar
7ff8f4001000-7ff8f4003000 r--s 00001000 fd:01 20186002                   /usr/lib/jvm/java-8-openjdk-amd64/jre/lib/ext/dnsns.jar
7ff8f4003000-7ff8f4125000 rw-p 00000000 00:00 0 
7ff8f4125000-7ff8f42f3000 r--s 03c13000 fd:01 20185503                   /usr/lib/jvm/java-8-openjdk-amd64/jre/lib/rt.jar
7ff8f42f3000-7ff8f4829000 rw-p 00000000 00:00 0 
7ff8f4829000-7ff8f4b69000 ---p 00000000 00:00 0 
7ff8f4b69000-7ff8f4d54000 rw-p 00000000 00:00 0 
7ff8f4d54000-7ff8f4d55000 ---p 00000000 00:00 0 
7ff8f4d55000-7ff8f4e55000 rw-p 00000000 00:00 0 
7ff8f4e55000-7ff8f4e56000 ---p 00000000 00:00 0 
7ff8f4e56000-7ff8f4f56000 rw-p 00000000 00:00 0 
7ff8f4f56000-7ff8f4f57000 ---p 00000000 00:00 0 
7ff8f4f57000-7ff8f5057000 rw-p 00000000 00:00 0 
7ff8f5057000-7ff8f5058000 ---p 00000000 00:00 0 
7ff8f5058000-7ff8f516d000 rw-p 00000000 00:00 0 
7ff8f516d000-7ff8f52a0000 ---p 00000000 00:00 0 
7ff8f52a0000-7ff8f52b5000 rw-p 00000000 00:00 0 
7ff8f52b5000-7ff8f53e7000 ---p 00000000 00:00 0 
7ff8f53e7000-7ff8f53f2000 rw-p 00000000 00:00 0 
7ff8f53f2000-7ff8f548b000 ---p 00000000 00:00 0 
7ff8f548b000-7ff8f5496000 rw-p 00000000 00:00 0 
7ff8f5496000-7ff8f584c000 ---p 00000000 00:00 0 
7ff8f584c000-7ff8f5854000 r-xp 00000000 fd:01 20187678                   /usr/lib/jvm/java-8-openjdk-amd64/jre/lib/amd64/libzip.so
7ff8f5854000-7ff8f5a53000 ---p 00008000 fd:01 20187678                   /usr/lib/jvm/java-8-openjdk-amd64/jre/lib/amd64/libzip.so
7ff8f5a53000-7ff8f5a54000 r--p 00007000 fd:01 20187678                   /usr/lib/jvm/java-8-openjdk-amd64/jre/lib/amd64/libzip.so
7ff8f5a54000-7ff8f5a55000 rw-p 00008000 fd:01 20187678                   /usr/lib/jvm/java-8-openjdk-amd64/jre/lib/amd64/libzip.so
7ff8f5a55000-7ff8f5a60000 r-xp 00000000 fd:01 14946857                   /lib/x86_64-linux-gnu/libnss_files-2.23.so
7ff8f5a60000-7ff8f5c5f000 ---p 0000b000 fd:01 14946857                   /lib/x86_64-linux-gnu/libnss_files-2.23.so
7ff8f5c5f000-7ff8f5c60000 r--p 0000a000 fd:01 14946857                   /lib/x86_64-linux-gnu/libnss_files-2.23.so
7ff8f5c60000-7ff8f5c61000 rw-p 0000b000 fd:01 14946857                   /lib/x86_64-linux-gnu/libnss_files-2.23.so
7ff8f5c61000-7ff8f5c67000 rw-p 00000000 00:00 0 
7ff8f5c67000-7ff8f5c72000 r-xp 00000000 fd:01 14946867                   /lib/x86_64-linux-gnu/libnss_nis-2.23.so
7ff8f5c72000-7ff8f5e71000 ---p 0000b000 fd:01 14946867                   /lib/x86_64-linux-gnu/libnss_nis-2.23.so
7ff8f5e71000-7ff8f5e72000 r--p 0000a000 fd:01 14946867                   /lib/x86_64-linux-gnu/libnss_nis-2.23.so
7ff8f5e72000-7ff8f5e73000 rw-p 0000b000 fd:01 14946867                   /lib/x86_64-linux-gnu/libnss_nis-2.23.so
7ff8f5e73000-7ff8f5e89000 r-xp 00000000 fd:01 14946851                   /lib/x86_64-linux-gnu/libnsl-2.23.so
7ff8f5e89000-7ff8f6088000 ---p 00016000 fd:01 14946851                   /lib/x86_64-linux-gnu/libnsl-2.23.so
7ff8f6088000-7ff8f6089000 r--p 00015000 fd:01 14946851                   /lib/x86_64-linux-gnu/libnsl-2.23.so
7ff8f6089000-7ff8f608a000 rw-p 00016000 fd:01 14946851                   /lib/x86_64-linux-gnu/libnsl-2.23.so
7ff8f608a000-7ff8f608c000 rw-p 00000000 00:00 0 
7ff8f608c000-7ff8f6094000 r-xp 00000000 fd:01 14946853                   /lib/x86_64-linux-gnu/libnss_compat-2.23.so
7ff8f6094000-7ff8f6293000 ---p 00008000 fd:01 14946853                   /lib/x86_64-linux-gnu/libnss_compat-2.23.so
7ff8f6293000-7ff8f6294000 r--p 00007000 fd:01 14946853                   /lib/x86_64-linux-gnu/libnss_compat-2.23.so
7ff8f6294000-7ff8f6295000 rw-p 00008000 fd:01 14946853                   /lib/x86_64-linux-gnu/libnss_compat-2.23.so
7ff8f6295000-7ff8f62c2000 r-xp 00000000 fd:01 20187695                   /usr/lib/jvm/java-8-openjdk-amd64/jre/lib/amd64/libjava.so
7ff8f62c2000-7ff8f64c1000 ---p 0002d000 fd:01 20187695                   /usr/lib/jvm/java-8-openjdk-amd64/jre/lib/amd64/libjava.so
7ff8f64c1000-7ff8f64c2000 r--p 0002c000 fd:01 20187695                   /usr/lib/jvm/java-8-openjdk-amd64/jre/lib/amd64/libjava.so
7ff8f64c2000-7ff8f64c4000 rw-p 0002d000 fd:01 20187695                   /usr/lib/jvm/java-8-openjdk-amd64/jre/lib/amd64/libjava.so
7ff8f64c4000-7ff8f64d3000 r-xp 00000000 fd:01 20187203                   /usr/lib/jvm/java-8-openjdk-amd64/jre/lib/amd64/libverify.so
7ff8f64d3000-7ff8f66d2000 ---p 0000f000 fd:01 20187203                   /usr/lib/jvm/java-8-openjdk-amd64/jre/lib/amd64/libverify.so
7ff8f66d2000-7ff8f66d4000 r--p 0000e000 fd:01 20187203                   /usr/lib/jvm/java-8-openjdk-amd64/jre/lib/amd64/libverify.so
7ff8f66d4000-7ff8f66d5000 rw-p 00010000 fd:01 20187203                   /usr/lib/jvm/java-8-openjdk-amd64/jre/lib/amd64/libverify.so
7ff8f66d5000-7ff8f66dc000 r-xp 00000000 fd:01 14946912                   /lib/x86_64-linux-gnu/librt-2.23.so
7ff8f66dc000-7ff8f68db000 ---p 00007000 fd:01 14946912                   /lib/x86_64-linux-gnu/librt-2.23.so
7ff8f68db000-7ff8f68dc000 r--p 00006000 fd:01 14946912                   /lib/x86_64-linux-gnu/librt-2.23.so
7ff8f68dc000-7ff8f68dd000 rw-p 00007000 fd:01 14946912                   /lib/x86_64-linux-gnu/librt-2.23.so
7ff8f68dd000-7ff8f68f3000 r-xp 00000000 fd:01 14946796                   /lib/x86_64-linux-gnu/libgcc_s.so.1
7ff8f68f3000-7ff8f6af2000 ---p 00016000 fd:01 14946796                   /lib/x86_64-linux-gnu/libgcc_s.so.1
7ff8f6af2000-7ff8f6af3000 rw-p 00015000 fd:01 14946796                   /lib/x86_64-linux-gnu/libgcc_s.so.1
7ff8f6af3000-7ff8f6bfb000 r-xp 00000000 fd:01 14946828                   /lib/x86_64-linux-gnu/libm-2.23.so
7ff8f6bfb000-7ff8f6dfa000 ---p 00108000 fd:01 14946828                   /lib/x86_64-linux-gnu/libm-2.23.so
7ff8f6dfa000-7ff8f6dfb000 r--p 00107000 fd:01 14946828                   /lib/x86_64-linux-gnu/libm-2.23.so
7ff8f6dfb000-7ff8f6dfc000 rw-p 00108000 fd:01 14946828                   /lib/x86_64-linux-gnu/libm-2.23.so
7ff8f6dfc000-7ff8f6f6e000 r-xp 00000000 fd:01 20055626                   /usr/lib/x86_64-linux-gnu/libstdc++.so.6.0.21
7ff8f6f6e000-7ff8f716e000 ---p 00172000 fd:01 20055626                   /usr/lib/x86_64-linux-gnu/libstdc++.so.6.0.21
7ff8f716e000-7ff8f7178000 r--p 00172000 fd:01 20055626                   /usr/lib/x86_64-linux-gnu/libstdc++.so.6.0.21
7ff8f7178000-7ff8f717a000 rw-p 0017c000 fd:01 20055626                   /usr/lib/x86_64-linux-gnu/libstdc++.so.6.0.21
7ff8f717a000-7ff8f717e000 rw-p 00000000 00:00 0 
7ff8f717e000-7ff8f7dd2000 r-xp 00000000 fd:01 20187676                   /usr/lib/jvm/java-8-openjdk-amd64/jre/lib/amd64/server/libjvm.so
7ff8f7dd2000-7ff8f7fd2000 ---p 00c54000 fd:01 20187676                   /usr/lib/jvm/java-8-openjdk-amd64/jre/lib/amd64/server/libjvm.so
7ff8f7fd2000-7ff8f8065000 r--p 00c54000 fd:01 20187676                   /usr/lib/jvm/java-8-openjdk-amd64/jre/lib/amd64/server/libjvm.so
7ff8f8065000-7ff8f808e000 rw-p 00ce7000 fd:01 20187676                   /usr/lib/jvm/java-8-openjdk-amd64/jre/lib/amd64/server/libjvm.so
7ff8f808e000-7ff8f80be000 rw-p 00000000 00:00 0 
7ff8f80be000-7ff8f80d6000 r-xp 00000000 fd:01 14946904                   /lib/x86_64-linux-gnu/libpthread-2.23.so
7ff8f80d6000-7ff8f82d5000 ---p 00018000 fd:01 14946904                   /lib/x86_64-linux-gnu/libpthread-2.23.so
7ff8f82d5000-7ff8f82d6000 r--p 00017000 fd:01 14946904                   /lib/x86_64-linux-gnu/libpthread-2.23.so
7ff8f82d6000-7ff8f82d7000 rw-p 00018000 fd:01 14946904                   /lib/x86_64-linux-gnu/libpthread-2.23.so
7ff8f82d7000-7ff8f82db000 rw-p 00000000 00:00 0 
7ff8f82db000-7ff8f82de000 r-xp 00000000 fd:01 14946782                   /lib/x86_64-linux-gnu/libdl-2.23.so
7ff8f82de000-7ff8f84dd000 ---p 00003000 fd:01 14946782                   /lib/x86_64-linux-gnu/libdl-2.23.so
7ff8f84dd000-7ff8f84de000 r--p 00002000 fd:01 14946782                   /lib/x86_64-linux-gnu/libdl-2.23.so
7ff8f84de000-7ff8f84df000 rw-p 00003000 fd:01 14946782                   /lib/x86_64-linux-gnu/libdl-2.23.so
7ff8f84df000-7ff8f84f8000 r-xp 00000000 fd:01 14946949                   /lib/x86_64-linux-gnu/libz.so.1.2.8
7ff8f84f8000-7ff8f86f7000 ---p 00019000 fd:01 14946949                   /lib/x86_64-linux-gnu/libz.so.1.2.8
7ff8f86f7000-7ff8f86f8000 r--p 00018000 fd:01 14946949                   /lib/x86_64-linux-gnu/libz.so.1.2.8
7ff8f86f8000-7ff8f86f9000 rw-p 00019000 fd:01 14946949                   /lib/x86_64-linux-gnu/libz.so.1.2.8
7ff8f86f9000-7ff8f88b9000 r-xp 00000000 fd:01 14946758                   /lib/x86_64-linux-gnu/libc-2.23.so
7ff8f88b9000-7ff8f8ab9000 ---p 001c0000 fd:01 14946758                   /lib/x86_64-linux-gnu/libc-2.23.so
7ff8f8ab9000-7ff8f8abd000 r--p 001c0000 fd:01 14946758                   /lib/x86_64-linux-gnu/libc-2.23.so
7ff8f8abd000-7ff8f8abf000 rw-p 001c4000 fd:01 14946758                   /lib/x86_64-linux-gnu/libc-2.23.so
7ff8f8abf000-7ff8f8ac3000 rw-p 00000000 00:00 0 
7ff8f8ac3000-7ff8f8ad0000 r-xp 00000000 fd:01 20187201                   /usr/lib/jvm/java-8-openjdk-amd64/jre/lib/amd64/jli/libjli.so
7ff8f8ad0000-7ff8f8cd0000 ---p 0000d000 fd:01 20187201                   /usr/lib/jvm/java-8-openjdk-amd64/jre/lib/amd64/jli/libjli.so
7ff8f8cd0000-7ff8f8cd1000 r--p 0000d000 fd:01 20187201                   /usr/lib/jvm/java-8-openjdk-amd64/jre/lib/amd64/jli/libjli.so
7ff8f8cd1000-7ff8f8cd2000 rw-p 0000e000 fd:01 20187201                   /usr/lib/jvm/java-8-openjdk-amd64/jre/lib/amd64/jli/libjli.so
7ff8f8cd2000-7ff8f8cf8000 r-xp 00000000 fd:01 14946730                   /lib/x86_64-linux-gnu/ld-2.23.so
7ff8f8cf8000-7ff8f8cf9000 r--s 00011000 00:2d 24905538                   /home/daan/lwjgl3/lwjgl-glfw-natives-linux.jar
7ff8f8cf9000-7ff8f8cfb000 r--s 00008000 fd:01 20186090                   /usr/lib/jvm/java-8-openjdk-amd64/jre/lib/ext/sunec.jar
7ff8f8cfb000-7ff8f8cfe000 r--s 0000f000 fd:01 20186087                   /usr/lib/jvm/java-8-openjdk-amd64/jre/lib/ext/icedtea-sound.jar
7ff8f8cfe000-7ff8f8dcf000 rw-p 00000000 00:00 0 
7ff8f8dcf000-7ff8f8dd2000 ---p 00000000 00:00 0 
7ff8f8dd2000-7ff8f8ed5000 rw-p 00000000 00:00 0 
7ff8f8ed5000-7ff8f8ed6000 r--s 0000a000 fd:01 20186064                   /usr/lib/jvm/java-8-openjdk-amd64/jre/lib/ext/jaccess.jar
7ff8f8ed6000-7ff8f8ed7000 r--s 00010000 fd:01 20187194                   /usr/lib/jvm/java-8-openjdk-amd64/jre/lib/ext/zipfs.jar
7ff8f8ed7000-7ff8f8eeb000 rw-p 00000000 00:00 0 
7ff8f8eeb000-7ff8f8ef3000 rw-s 00000000 fd:01 7602217                    /tmp/hsperfdata_root/12280
7ff8f8ef3000-7ff8f8ef4000 rw-p 00000000 00:00 0 
7ff8f8ef4000-7ff8f8ef5000 r--p 00000000 00:00 0 
7ff8f8ef5000-7ff8f8ef7000 rw-p 00000000 00:00 0 
7ff8f8ef7000-7ff8f8ef8000 r--p 00025000 fd:01 14946730                   /lib/x86_64-linux-gnu/ld-2.23.so
7ff8f8ef8000-7ff8f8ef9000 rw-p 00026000 fd:01 14946730                   /lib/x86_64-linux-gnu/ld-2.23.so
7ff8f8ef9000-7ff8f8efa000 rw-p 00000000 00:00 0 
7ffe86306000-7ffe86328000 rw-p 00000000 00:00 0                          [stack]
7ffe863ce000-7ffe863d0000 r--p 00000000 00:00 0                          [vvar]
7ffe863d0000-7ffe863d2000 r-xp 00000000 00:00 0                          [vdso]
ffffffffff600000-ffffffffff601000 r-xp 00000000 00:00 0                  [vsyscall]

VM Arguments:
jvm_args: -Dfile.encoding=UTF-8 
java_command: Main
java_class_path (initial): /home/daan/lwjgl3/lwjgl.jar:/home/daan/lwjgl3/lwjgl-glfw.jar:/home/daan/lwjgl3/lwjgl-glfw-natives-linux.jar:/home/daan/lwjgl3/lwjgl-glfw-natives-macos.jar:/home/daan/lwjgl3/lwjgl-glfw-natives-windows.jar:/home/daan/lwjgl3/lwjgl-jemalloc.jar:/home/daan/lwjgl3/lwjgl-jemalloc-natives-linux.jar:/home/daan/lwjgl3/lwjgl-jemalloc-natives-macos.jar:/home/daan/lwjgl3/lwjgl-jemalloc-natives-windows.jar:/home/daan/lwjgl3/lwjgl-nanovg.jar:/home/daan/lwjgl3/lwjgl-nanovg-natives-linux.jar:/home/daan/lwjgl3/lwjgl-nanovg-natives-macos.jar:/home/daan/lwjgl3/lwjgl-nanovg-natives-windows.jar:/home/daan/lwjgl3/lwjgl-natives-linux.jar:/home/daan/lwjgl3/lwjgl-natives-macos.jar:/home/daan/lwjgl3/lwjgl-natives-windows.jar:/home/daan/lwjgl3/lwjgl-nfd.jar:/home/daan/lwjgl3/lwjgl-nfd-natives-linux.jar:/home/daan/lwjgl3/lwjgl-nfd-natives-macos.jar:/home/daan/lwjgl3/lwjgl-nfd-natives-windows.jar:/home/daan/lwjgl3/lwjgl-nuklear.jar:/home/daan/lwjgl3/lwjgl-nuklear-natives-linux.jar:/home/daan/lwjgl3/lwjgl-nuklear-natives-macos.jar:/home/daan/lwjgl3/lwjgl-nuklear-natives-windows.jar:/home/daan/lwjgl3/lwjgl-openal.jar:/home/daan/lwjgl3/lwjgl-openal-natives-linux.jar:/home/daan/lwjgl3/lwjgl-openal-natives-macos.jar:/home/daan/lwjgl3/lwjgl-openal-natives-windows.jar:/home/daan/lwjgl3/lwjgl-opengl.jar:/home/daan/lwjgl3/lwjgl-opengl-natives-linux.jar:/home/daan/lwjgl3/lwjgl-opengl-natives-macos.jar:/home/daan/lwjgl3/lwjgl-opengl-natives-windows.jar:/home/daan/lwjgl3/lwjgl-par.jar:/home/daan/lwjgl3/lwjgl-par-natives-linux.jar:/home/daan/lwjgl3/lwjgl-par-natives-macos.jar:/home/daan/lwjgl3/lwjgl-par-natives-windows.jar:/home/daan/lwjgl3/lwjgl-stb.jar:/home/daan/lwjgl3/lwjgl-stb-natives-linux.jar:/home/daan/lwjgl3/lwjgl-stb-natives-macos.jar:/home/daan/lwjgl3/lwjgl-stb-natives-windows.jar:/home/daan/lwjgl3/lwjgl-tinyfd.jar:/home/daan/lwjgl3/lwjgl-tinyfd-natives-linux.jar:/home/daan/lwjgl3/lwjgl-tinyfd-natives-macos.jar:/home/daan/lwjgl3/lwjgl-tinyfd-natives-windows.jar:/home/d
Launcher Type: SUN_STANDARD

Environment Variables:
PATH=/usr/local/sbin:/usr/local/bin:/usr/sbin:/usr/bin:/sbin:/bin:/snap/bin
USERNAME=root
SHELL=/bin/bash
DISPLAY=:1

Signal Handlers:
SIGSEGV: [libjvm.so+0xa6ad10], sa_mask[0]=11111111011111111101111111111110, sa_flags=SA_RESTART|SA_SIGINFO
SIGBUS: [libjvm.so+0xa6ad10], sa_mask[0]=11111111011111111101111111111110, sa_flags=SA_RESTART|SA_SIGINFO
SIGFPE: [libjvm.so+0x8b3bc0], sa_mask[0]=11111111011111111101111111111110, sa_flags=SA_RESTART|SA_SIGINFO
SIGPIPE: [libjvm.so+0x8b3bc0], sa_mask[0]=11111111011111111101111111111110, sa_flags=SA_RESTART|SA_SIGINFO
SIGXFSZ: [libjvm.so+0x8b3bc0], sa_mask[0]=11111111011111111101111111111110, sa_flags=SA_RESTART|SA_SIGINFO
SIGILL: [libjvm.so+0x8b3bc0], sa_mask[0]=11111111011111111101111111111110, sa_flags=SA_RESTART|SA_SIGINFO
SIGUSR1: SIG_DFL, sa_mask[0]=00000000000000000000000000000000, sa_flags=none
SIGUSR2: [libjvm.so+0x8b3a70], sa_mask[0]=00100000000000000000000000000000, sa_flags=SA_RESTART|SA_SIGINFO
SIGHUP: [libjvm.so+0x8b3f40], sa_mask[0]=11111111011111111101111111111110, sa_flags=SA_RESTART|SA_SIGINFO
SIGINT: [libjvm.so+0x8b3f40], sa_mask[0]=11111111011111111101111111111110, sa_flags=SA_RESTART|SA_SIGINFO
SIGTERM: [libjvm.so+0x8b3f40], sa_mask[0]=11111111011111111101111111111110, sa_flags=SA_RESTART|SA_SIGINFO
SIGQUIT: [libjvm.so+0x8b3f40], sa_mask[0]=11111111011111111101111111111110, sa_flags=SA_RESTART|SA_SIGINFO


---------------  S Y S T E M  ---------------

OS:DISTRIB_ID=Ubuntu
DISTRIB_RELEASE=16.04
DISTRIB_CODENAME=xenial
DISTRIB_DESCRIPTION="Ubuntu 16.04.3 LTS"

uname:Linux 4.10.0-37-generic #41~16.04.1-Ubuntu SMP Fri Oct 6 22:42:59 UTC 2017 x86_64
libc:glibc 2.23 NPTL 2.23 
rlimit: STACK 8192k, CORE 0k, NPROC 15312, NOFILE 1048576, AS infinity
load average:0,50 0,31 0,33

/proc/meminfo:
MemTotal:        4021440 kB
MemFree:          200212 kB
MemAvailable:     930016 kB
Buffers:           54432 kB
Cached:           861232 kB
SwapCached:          604 kB
Active:          2563620 kB
Inactive:         929532 kB
Active(anon):    2090264 kB
Inactive(anon):   524548 kB
Active(file):     473356 kB
Inactive(file):   404984 kB
Unevictable:          16 kB
Mlocked:              16 kB
SwapTotal:       4173308 kB
SwapFree:        4166648 kB
Dirty:               328 kB
Writeback:             0 kB
AnonPages:       2355588 kB
Mapped:           364460 kB
Shmem:             37324 kB
Slab:             168556 kB
SReclaimable:     118340 kB
SUnreclaim:        50216 kB
KernelStack:       10704 kB
PageTables:        39988 kB
NFS_Unstable:          0 kB
Bounce:                0 kB
WritebackTmp:          0 kB
CommitLimit:     6184028 kB
Committed_AS:    6095548 kB
VmallocTotal:   34359738367 kB
VmallocUsed:           0 kB
VmallocChunk:          0 kB
HardwareCorrupted:     0 kB
AnonHugePages:    989184 kB
ShmemHugePages:        0 kB
ShmemPmdMapped:        0 kB
CmaTotal:              0 kB
CmaFree:               0 kB
HugePages_Total:       0
HugePages_Free:        0
HugePages_Rsvd:        0
HugePages_Surp:        0
Hugepagesize:       2048 kB
DirectMap4k:      397312 kB
DirectMap2M:     3774464 kB


CPU:total 4 (initial active 4) (4 cores per cpu, 1 threads per core) family 6 model 42 stepping 7, cmov, cx8, fxsr, mmx, sse, sse2, sse3, ssse3, sse4.1, sse4.2, popcnt, avx, aes, clmul, tsc, tscinvbit

/proc/cpuinfo:
processor	: 0
vendor_id	: GenuineIntel
cpu family	: 6
model		: 42
model name	: Intel(R) Core(TM) i5-2400S CPU @ 2.50GHz
stepping	: 7
microcode	: 0x1a
cpu MHz		: 2662.963
cache size	: 6144 KB
physical id	: 0
siblings	: 4
core id		: 0
cpu cores	: 4
apicid		: 0
initial apicid	: 0
fpu		: yes
fpu_exception	: yes
cpuid level	: 13
wp		: yes
flags		: fpu vme de pse tsc msr pae mce cx8 apic sep mtrr pge mca cmov pat pse36 clflush dts acpi mmx fxsr sse sse2 ss ht tm pbe syscall nx rdtscp lm constant_tsc arch_perfmon pebs bts rep_good nopl xtopology nonstop_tsc aperfmperf pni pclmulqdq dtes64 monitor ds_cpl vmx smx est tm2 ssse3 cx16 xtpr pdcm pcid sse4_1 sse4_2 x2apic popcnt tsc_deadline_timer aes xsave avx lahf_lm tpr_shadow vnmi flexpriority ept vpid xsaveopt dtherm ida arat pln pts
bugs		:
bogomips	: 4988.99
clflush size	: 64
cache_alignment	: 64
address sizes	: 36 bits physical, 48 bits virtual
power management:

processor	: 1
vendor_id	: GenuineIntel
cpu family	: 6
model		: 42
model name	: Intel(R) Core(TM) i5-2400S CPU @ 2.50GHz
stepping	: 7
microcode	: 0x1a
cpu MHz		: 2730.865
cache size	: 6144 KB
physical id	: 0
siblings	: 4
core id		: 1
cpu cores	: 4
apicid		: 2
initial apicid	: 2
fpu		: yes
fpu_exception	: yes
cpuid level	: 13
wp		: yes
flags		: fpu vme de pse tsc msr pae mce cx8 apic sep mtrr pge mca cmov pat pse36 clflush dts acpi mmx fxsr sse sse2 ss ht tm pbe syscall nx rdtscp lm constant_tsc arch_perfmon pebs bts rep_good nopl xtopology nonstop_tsc aperfmperf pni pclmulqdq dtes64 monitor ds_cpl vmx smx est tm2 ssse3 cx16 xtpr pdcm pcid sse4_1 sse4_2 x2apic popcnt tsc_deadline_timer aes xsave avx lahf_lm tpr_shadow vnmi flexpriority ept vpid xsaveopt dtherm ida arat pln pts
bugs		:
bogomips	: 4988.99
clflush size	: 64
cache_alignment	: 64
address sizes	: 36 bits physical, 48 bits virtual
power management:

processor	: 2
vendor_id	: GenuineIntel
cpu family	: 6
model		: 42
model name	: Intel(R) Core(TM) i5-2400S CPU @ 2.50GHz
stepping	: 7
microcode	: 0x1a
cpu MHz		: 2643.432
cache size	: 6144 KB
physical id	: 0
siblings	: 4
core id		: 2
cpu cores	: 4
apicid		: 4
initial apicid	: 4
fpu		: yes
fpu_exception	: yes
cpuid level	: 13
wp		: yes
flags		: fpu vme de pse tsc msr pae mce cx8 apic sep mtrr pge mca cmov pat pse36 clflush dts acpi mmx fxsr sse sse2 ss ht tm pbe syscall nx rdtscp lm constant_tsc arch_perfmon pebs bts rep_good nopl xtopology nonstop_tsc aperfmperf pni pclmulqdq dtes64 monitor ds_cpl vmx smx est tm2 ssse3 cx16 xtpr pdcm pcid sse4_1 sse4_2 x2apic popcnt tsc_deadline_timer aes xsave avx lahf_lm tpr_shadow vnmi flexpriority ept vpid xsaveopt dtherm ida arat pln pts
bugs		:
bogomips	: 4988.99
clflush size	: 64
cache_alignment	: 64
address sizes	: 36 bits physical, 48 bits virtual
power management:

processor	: 3
vendor_id	: GenuineIntel
cpu family	: 6
model		: 42
model name	: Intel(R) Core(TM) i5-2400S CPU @ 2.50GHz
stepping	: 7
microcode	: 0x1a
cpu MHz		: 2686.920
cache size	: 6144 KB
physical id	: 0
siblings	: 4
core id		: 3
cpu cores	: 4
apicid		: 6
initial apicid	: 6
fpu		: yes
fpu_exception	: yes
cpuid level	: 13
wp		: yes
flags		: fpu vme de pse tsc msr pae mce cx8 apic sep mtrr pge mca cmov pat pse36 clflush dts acpi mmx fxsr sse sse2 ss ht tm pbe syscall nx rdtscp lm constant_tsc arch_perfmon pebs bts rep_good nopl xtopology nonstop_tsc aperfmperf pni pclmulqdq dtes64 monitor ds_cpl vmx smx est tm2 ssse3 cx16 xtpr pdcm pcid sse4_1 sse4_2 x2apic popcnt tsc_deadline_timer aes xsave avx lahf_lm tpr_shadow vnmi flexpriority ept vpid xsaveopt dtherm ida arat pln pts
bugs		:
bogomips	: 4988.99
clflush size	: 64
cache_alignment	: 64
address sizes	: 36 bits physical, 48 bits virtual
power management:



Memory: 4k page, physical 4021440k(200212k free), swap 4173308k(4166648k free)

vm_info: OpenJDK 64-Bit Server VM (25.131-b11) for linux-amd64 JRE (1.8.0_131-8u131-b11-2ubuntu1.16.04.3-b11), built on Jul 28 2017 01:23:32 by "buildd" with gcc 5.4.0 20160609

time: Wed Oct 11 15:30:49 2017
elapsed time: 0 seconds (0d 0h 0m 0s)

